[0.015s] Invoking command in '/home/ana/robot_ws/build/firebot': CMAKE_PREFIX_PATH=${CMAKE_PREFIX_PATH}:/opt/ros/humble /usr/bin/cmake /home/ana/robot_ws/src/firebot -DCMAKE_INSTALL_PREFIX=/home/ana/robot_ws/install/firebot
[0.031s] -- Found ament_cmake: 1.3.11 (/opt/ros/humble/share/ament_cmake/cmake)
[0.197s] -- Found rclcpp: 16.0.11 (/opt/ros/humble/share/rclcpp/cmake)
[0.237s] -- Found rosidl_generator_c: 3.1.6 (/opt/ros/humble/share/rosidl_generator_c/cmake)
[0.240s] -- Found rosidl_adapter: 3.1.6 (/opt/ros/humble/share/rosidl_adapter/cmake)
[0.249s] -- Found rosidl_generator_cpp: 3.1.6 (/opt/ros/humble/share/rosidl_generator_cpp/cmake)
[0.263s] -- Using all available rosidl_typesupport_c: rosidl_typesupport_fastrtps_c;rosidl_typesupport_introspection_c
[0.280s] -- Using all available rosidl_typesupport_cpp: rosidl_typesupport_fastrtps_cpp;rosidl_typesupport_introspection_cpp
[0.347s] -- Found rmw_implementation_cmake: 6.1.2 (/opt/ros/humble/share/rmw_implementation_cmake/cmake)
[0.349s] -- Found rmw_fastrtps_cpp: 6.2.7 (/opt/ros/humble/share/rmw_fastrtps_cpp/cmake)
[0.522s] -- Using RMW implementation 'rmw_fastrtps_cpp' as default
[0.583s] -- Found rclpy: 3.3.15 (/opt/ros/humble/share/rclpy/cmake)
[0.583s] -- Found sensor_msgs: 4.2.4 (/opt/ros/humble/share/sensor_msgs/cmake)
[0.619s] -- Found rosidl_default_generators: 1.2.0 (/opt/ros/humble/share/rosidl_default_generators/cmake)
[0.954s] -- Found ament_cmake_ros: 0.10.0 (/opt/ros/humble/share/ament_cmake_ros/cmake)
[1.352s] -- Using all available rosidl_typesupport_c: rosidl_typesupport_fastrtps_c;rosidl_typesupport_introspection_c
[1.514s] -- Using all available rosidl_typesupport_cpp: rosidl_typesupport_fastrtps_cpp;rosidl_typesupport_introspection_cpp
[1.543s] -- Found python_cmake_module: 0.10.0 (/opt/ros/humble/share/python_cmake_module/cmake)
[1.577s] -- Using PYTHON_EXECUTABLE: /usr/bin/python3
[1.577s] -- Using PYTHON_INCLUDE_DIRS: /usr/include/python3.10
[1.577s] -- Using PYTHON_LIBRARIES: /usr/lib/x86_64-linux-gnu/libpython3.10.so
[1.599s] [31mCMake Error at /opt/ros/humble/share/ament_cmake_python/cmake/ament_python_install_package.cmake:122 (add_custom_target):
[1.600s]   add_custom_target cannot create target "ament_cmake_python_copy_firebot"
[1.600s]   because another target with the same name already exists.  The existing
[1.600s]   target is a custom target created in source directory
[1.600s]   "/home/ana/robot_ws/src/firebot".  See documentation for policy CMP0002 for
[1.600s]   more details.
[1.600s] Call Stack (most recent call first):
[1.600s]   /opt/ros/humble/share/ament_cmake_python/cmake/ament_python_install_package.cmake:39 (_ament_cmake_python_install_package)
[1.600s]   CMakeLists.txt:57 (ament_python_install_package)
[1.600s] 
[1.600s] [0m
[1.600s] [31mCMake Error at /opt/ros/humble/share/ament_cmake_python/cmake/ament_python_install_package.cmake:141 (add_custom_target):
[1.600s]   add_custom_target cannot create target
[1.600s]   "ament_cmake_python_build_firebot_egg" because another target with the same
[1.600s]   name already exists.  The existing target is a custom target created in
[1.601s]   source directory "/home/ana/robot_ws/src/firebot".  See documentation for
[1.601s]   policy CMP0002 for more details.
[1.601s] Call Stack (most recent call first):
[1.601s]   /opt/ros/humble/share/ament_cmake_python/cmake/ament_python_install_package.cmake:39 (_ament_cmake_python_install_package)
[1.601s]   CMakeLists.txt:57 (ament_python_install_package)
[1.601s] 
[1.601s] [0m
[1.605s] -- Configuring incomplete, errors occurred!
[1.606s] See also "/home/ana/robot_ws/build/firebot/CMakeFiles/CMakeOutput.log".
[1.620s] Invoked command in '/home/ana/robot_ws/build/firebot' returned '1': CMAKE_PREFIX_PATH=${CMAKE_PREFIX_PATH}:/opt/ros/humble /usr/bin/cmake /home/ana/robot_ws/src/firebot -DCMAKE_INSTALL_PREFIX=/home/ana/robot_ws/install/firebot
