[2.245s] Invoking command in '/home/ana/robot_ws/build/firebot_py': PYTHONPATH=/home/ana/robot_ws/build/firebot_py/prefix_override:/usr/lib/python3/dist-packages/colcon_core/task/python/colcon_distutils_commands:/home/ana/robot_ws/install/firebot_py/lib/python3.10/site-packages:${PYTHONPATH} /usr/bin/python3 -W ignore:setup.py install is deprecated -W ignore:easy_install command is deprecated setup.py develop --editable --build-directory /home/ana/robot_ws/build/firebot_py/build --no-deps symlink_data
[3.085s] running develop
[3.551s] running egg_info
[3.551s] creating firebot_py.egg-info
[3.552s] writing firebot_py.egg-info/PKG-INFO
[3.553s] writing dependency_links to firebot_py.egg-info/dependency_links.txt
[3.553s] writing entry points to firebot_py.egg-info/entry_points.txt
[3.554s] writing requirements to firebot_py.egg-info/requires.txt
[3.554s] writing top-level names to firebot_py.egg-info/top_level.txt
[3.555s] writing manifest file 'firebot_py.egg-info/SOURCES.txt'
[3.566s] reading manifest file 'firebot_py.egg-info/SOURCES.txt'
[3.566s] writing manifest file 'firebot_py.egg-info/SOURCES.txt'
[3.569s] running build_ext
[3.570s] Creating /home/ana/robot_ws/install/firebot_py/lib/python3.10/site-packages/firebot-py.egg-link (link to .)
[3.574s] Installing lidar_node script to /home/ana/robot_ws/install/firebot_py/lib/firebot_py
[3.575s] Installing navigation_control script to /home/ana/robot_ws/install/firebot_py/lib/firebot_py
[3.576s] Installing random_nav_node script to /home/ana/robot_ws/install/firebot_py/lib/firebot_py
[3.576s] Installing slam_mapping script to /home/ana/robot_ws/install/firebot_py/lib/firebot_py
[3.576s] Installing thermal_camera script to /home/ana/robot_ws/install/firebot_py/lib/firebot_py
[3.576s] Installing twist_stamper script to /home/ana/robot_ws/install/firebot_py/lib/firebot_py
[3.577s] 
[3.579s] Installed /home/ana/robot_ws/build/firebot_py
[3.579s] running symlink_data
[3.580s] creating /home/ana/robot_ws/install/firebot_py/share/ament_index
[3.580s] creating /home/ana/robot_ws/install/firebot_py/share/ament_index/resource_index
[3.581s] creating /home/ana/robot_ws/install/firebot_py/share/ament_index/resource_index/packages
[3.582s] symbolically linking /home/ana/robot_ws/build/firebot_py/resource/firebot_py -> /home/ana/robot_ws/install/firebot_py/share/ament_index/resource_index/packages
[3.582s] symbolically linking /home/ana/robot_ws/build/firebot_py/package.xml -> /home/ana/robot_ws/install/firebot_py/share/firebot_py
[3.583s] symbolically linking /home/ana/robot_ws/build/firebot_py/launch/firebot.launch.py -> /home/ana/robot_ws/install/firebot_py/share/firebot_py
[3.583s] symbolically linking /home/ana/robot_ws/build/firebot_py/launch/firebot_map_saver.launch.py -> /home/ana/robot_ws/install/firebot_py/share/firebot_py
[3.584s] symbolically linking /home/ana/robot_ws/build/firebot_py/launch/firebot_nav2.launch.py -> /home/ana/robot_ws/install/firebot_py/share/firebot_py
[3.584s] symbolically linking /home/ana/robot_ws/build/firebot_py/config/twist_mux.yaml -> /home/ana/robot_ws/install/firebot_py/share/firebot_py
[3.585s] symbolically linking /home/ana/robot_ws/build/firebot_py/config/nav2_params.yaml -> /home/ana/robot_ws/install/firebot_py/share/firebot_py
[3.585s] symbolically linking /home/ana/robot_ws/build/firebot_py/config/mapper_params_online_async.yaml -> /home/ana/robot_ws/install/firebot_py/share/firebot_py
[3.585s] symbolically linking /home/ana/robot_ws/build/firebot_py/config/diffbot_controllers.yaml -> /home/ana/robot_ws/install/firebot_py/share/firebot_py
[3.585s] symbolically linking /home/ana/robot_ws/build/firebot_py/config/display.rviz -> /home/ana/robot_ws/install/firebot_py/share/firebot_py
[3.718s] Invoked command in '/home/ana/robot_ws/build/firebot_py' returned '0': PYTHONPATH=/home/ana/robot_ws/build/firebot_py/prefix_override:/usr/lib/python3/dist-packages/colcon_core/task/python/colcon_distutils_commands:/home/ana/robot_ws/install/firebot_py/lib/python3.10/site-packages:${PYTHONPATH} /usr/bin/python3 -W ignore:setup.py install is deprecated -W ignore:easy_install command is deprecated setup.py develop --editable --build-directory /home/ana/robot_ws/build/firebot_py/build --no-deps symlink_data
