[1.295s] Invoking command in '/home/ana/robot_ws/build/serial': CMAKE_PREFIX_PATH=${CMAKE_PREFIX_PATH}:/home/ana/robot_ws/install/py_pubsub:/home/ana/robot_ws/install/firebot_py:/opt/ros/humble /usr/bin/cmake /home/ana/robot_ws/src/serial -DAMENT_CMAKE_SYMLINK_INSTALL=1 -DCMAKE_INSTALL_PREFIX=/home/ana/robot_ws/install/serial
[1.416s] -- The C compiler identification is GNU 11.4.0
[1.585s] -- The CXX compiler identification is GNU 11.4.0
[1.617s] -- Detecting C compiler ABI info
[1.801s] -- Detecting C compiler ABI info - done
[1.826s] -- Check for working C compiler: /usr/bin/cc - skipped
[1.827s] -- Detecting C compile features
[1.827s] -- Detecting C compile features - done
[1.836s] -- Detecting CXX compiler ABI info
[2.075s] -- Detecting CXX compiler ABI info - done
[2.103s] -- Check for working CXX compiler: /usr/bin/c++ - skipped
[2.104s] -- Detecting CXX compile features
[2.105s] -- Detecting CXX compile features - done
[2.117s] -- Found ament_cmake: 1.3.11 (/opt/ros/humble/share/ament_cmake/cmake)
[2.743s] -- Found Python3: /usr/bin/python3 (found version "3.10.12") found components: Interpreter 
[2.941s] -- Override CMake install command with custom implementation using symlinks instead of copying resources
[3.068s] -- Found ament_cmake_gtest: 1.3.11 (/opt/ros/humble/share/ament_cmake_gtest/cmake)
[3.096s] -- Found Boost: /usr/lib/x86_64-linux-gnu/cmake/Boost-1.74.0/BoostConfig.cmake (found version "1.74.0")  
[3.104s] -- Found gtest sources under '/opt/ros/humble/src/gtest_vendor': C++ tests using 'Google Test' will be built
[3.114s] -- Looking for pthread.h
[3.305s] -- Looking for pthread.h - found
[3.306s] -- Performing Test CMAKE_HAVE_LIBC_PTHREAD
[3.520s] -- Performing Test CMAKE_HAVE_LIBC_PTHREAD - Success
[3.524s] -- Found Threads: TRUE  
[3.740s] -- Configuring done
[3.764s] -- Generating done
[3.772s] -- Build files have been written to: /home/ana/robot_ws/build/serial
[3.782s] Invoked command in '/home/ana/robot_ws/build/serial' returned '0': CMAKE_PREFIX_PATH=${CMAKE_PREFIX_PATH}:/home/ana/robot_ws/install/py_pubsub:/home/ana/robot_ws/install/firebot_py:/opt/ros/humble /usr/bin/cmake /home/ana/robot_ws/src/serial -DAMENT_CMAKE_SYMLINK_INSTALL=1 -DCMAKE_INSTALL_PREFIX=/home/ana/robot_ws/install/serial
[3.787s] Invoking command in '/home/ana/robot_ws/build/serial': CMAKE_PREFIX_PATH=${CMAKE_PREFIX_PATH}:/home/ana/robot_ws/install/py_pubsub:/home/ana/robot_ws/install/firebot_py:/opt/ros/humble /usr/bin/cmake --build /home/ana/robot_ws/build/serial -- -j20 -l20
[3.909s] [  7%] [32mBuilding CXX object gtest/CMakeFiles/gtest_main.dir/src/gtest_main.cc.o[0m
[3.910s] [ 14%] [32mBuilding CXX object CMakeFiles/serial.dir/src/impl/list_ports/list_ports_linux.cc.o[0m
[3.910s] [ 21%] [32mBuilding CXX object CMakeFiles/serial.dir/src/serial.cc.o[0m
[3.914s] [ 28%] [32mBuilding CXX object CMakeFiles/serial.dir/src/impl/unix.cc.o[0m
[3.933s] [ 35%] [32mBuilding CXX object gtest/CMakeFiles/gtest.dir/src/gtest-all.cc.o[0m
[5.917s] [ 42%] [32m[1mLinking CXX static library libserial.a[0m
[6.054s] [ 42%] Built target serial
[6.150s] [ 50%] [32mBuilding CXX object CMakeFiles/serial_example.dir/examples/serial_example.cc.o[0m
[6.961s] [ 57%] [32m[1mLinking CXX static library libgtest_main.a[0m
[7.194s] [ 57%] Built target gtest_main
[8.558s] [ 64%] [32m[1mLinking CXX executable serial_example[0m
[9.197s] [ 64%] Built target serial_example
[15.099s] [ 71%] [32m[1mLinking CXX static library libgtest.a[0m
[15.232s] [ 71%] Built target gtest
[15.287s] [ 78%] [32mBuilding CXX object tests/CMakeFiles/serial-test.dir/unix_serial_tests.cc.o[0m
[15.288s] [ 85%] [32mBuilding CXX object tests/CMakeFiles/serial-test-timer.dir/unit/unix_timer_tests.cc.o[0m
[17.886s] [ 92%] [32m[1mLinking CXX executable serial-test-timer[0m
[18.348s] [ 92%] Built target serial-test-timer
[18.821s] In file included from [01m[K/usr/include/boost/bind.hpp:30[m[K,
[18.821s]                  from [01m[K/home/ana/robot_ws/src/serial/tests/unix_serial_tests.cc:23[m[K:
[18.821s] [01m[K/usr/include/boost/bind.hpp:36:1:[m[K [01;36m[Knote: [m[K‘[01m[K#pragma message: The practice of declaring the Bind placeholders (_1, _2, ...) in the global namespace is deprecated. Please use <boost/bind/bind.hpp> + using namespace boost::placeholders, or define BOOST_BIND_GLOBAL_PLACEHOLDERS to retain the current behavior.[m[K’
[18.822s]    36 | [01;36m[KBOOST_PRAGMA_MESSAGE[m[K(
[18.822s]       | [01;36m[K^~~~~~~~~~~~~~~~~~~~[m[K
[19.431s] [100%] [32m[1mLinking CXX executable serial-test[0m
[19.822s] [100%] Built target serial-test
[19.856s] Invoked command in '/home/ana/robot_ws/build/serial' returned '0': CMAKE_PREFIX_PATH=${CMAKE_PREFIX_PATH}:/home/ana/robot_ws/install/py_pubsub:/home/ana/robot_ws/install/firebot_py:/opt/ros/humble /usr/bin/cmake --build /home/ana/robot_ws/build/serial -- -j20 -l20
[19.861s] Invoking command in '/home/ana/robot_ws/build/serial': CMAKE_PREFIX_PATH=${CMAKE_PREFIX_PATH}:/home/ana/robot_ws/install/py_pubsub:/home/ana/robot_ws/install/firebot_py:/opt/ros/humble /usr/bin/cmake --install /home/ana/robot_ws/build/serial
[19.881s] -- Install configuration: ""
[19.882s] -- Execute custom install script
[19.883s] -- Symlinking: /home/ana/robot_ws/install/serial/lib/libserial.a
[19.906s] -- Symlinking: /home/ana/robot_ws/install/serial/include/serial/serial.h
[19.927s] -- Symlinking: /home/ana/robot_ws/install/serial/include/serial/v8stdint.h
[19.944s] -- Symlinking: /home/ana/robot_ws/install/serial/share/serial/environment/library_path.sh
[19.969s] -- Symlinking: /home/ana/robot_ws/install/serial/share/serial/environment/library_path.dsv
[19.996s] -- Symlinking: /home/ana/robot_ws/install/serial/share/ament_index/resource_index/package_run_dependencies/serial
[20.021s] -- Symlinking: /home/ana/robot_ws/install/serial/share/ament_index/resource_index/parent_prefix_path/serial
[20.049s] -- Symlinking: /home/ana/robot_ws/install/serial/share/serial/environment/ament_prefix_path.sh
[20.075s] -- Symlinking: /home/ana/robot_ws/install/serial/share/serial/environment/ament_prefix_path.dsv
[20.097s] -- Symlinking: /home/ana/robot_ws/install/serial/share/serial/environment/path.sh
[20.122s] -- Symlinking: /home/ana/robot_ws/install/serial/share/serial/environment/path.dsv
[20.151s] -- Symlinking: /home/ana/robot_ws/install/serial/share/serial/local_setup.bash
[20.176s] -- Symlinking: /home/ana/robot_ws/install/serial/share/serial/local_setup.sh
[20.204s] -- Symlinking: /home/ana/robot_ws/install/serial/share/serial/local_setup.zsh
[20.226s] -- Symlinking: /home/ana/robot_ws/install/serial/share/serial/local_setup.dsv
[20.248s] -- Symlinking: /home/ana/robot_ws/install/serial/share/serial/package.dsv
[20.274s] -- Symlinking: /home/ana/robot_ws/install/serial/share/ament_index/resource_index/packages/serial
[20.297s] -- Symlinking: /home/ana/robot_ws/install/serial/share/serial/cmake/ament_cmake_export_include_directories-extras.cmake
[20.321s] -- Symlinking: /home/ana/robot_ws/install/serial/share/serial/cmake/ament_cmake_export_libraries-extras.cmake
[20.348s] -- Symlinking: /home/ana/robot_ws/install/serial/share/serial/cmake/serialConfig.cmake
[20.374s] -- Symlinking: /home/ana/robot_ws/install/serial/share/serial/cmake/serialConfig-version.cmake
[20.401s] -- Symlinking: /home/ana/robot_ws/install/serial/share/serial/package.xml
[20.431s] Invoked command in '/home/ana/robot_ws/build/serial' returned '0': CMAKE_PREFIX_PATH=${CMAKE_PREFIX_PATH}:/home/ana/robot_ws/install/py_pubsub:/home/ana/robot_ws/install/firebot_py:/opt/ros/humble /usr/bin/cmake --install /home/ana/robot_ws/build/serial
