[0.063s] Invoking command in '/home/ana/robot_ws/build/firebot_description': CMAKE_PREFIX_PATH=${CMAKE_PREFIX_PATH}:/opt/ros/humble /usr/bin/cmake --build /home/ana/robot_ws/build/firebot_description -- -j20 -l20
[0.804s] Invoked command in '/home/ana/robot_ws/build/firebot_description' returned '0': CMAKE_PREFIX_PATH=${CMAKE_PREFIX_PATH}:/opt/ros/humble /usr/bin/cmake --build /home/ana/robot_ws/build/firebot_description -- -j20 -l20
[0.821s] Invoking command in '/home/ana/robot_ws/build/firebot_description': CMAKE_PREFIX_PATH=${CMAKE_PREFIX_PATH}:/opt/ros/humble /usr/bin/cmake --install /home/ana/robot_ws/build/firebot_description
[0.843s] -- Install configuration: ""
[0.843s] -- Execute custom install script
[0.845s] -- Up-to-date symlink: /home/ana/robot_ws/install/firebot_description/share/firebot_description/launch/robot_state_publisher.launch.py
[0.846s] -- Up-to-date symlink: /home/ana/robot_ws/install/firebot_description/share/firebot_description/urdf/gazebo_control.xacro
[0.847s] -- Up-to-date symlink: /home/ana/robot_ws/install/firebot_description/share/firebot_description/urdf/inertial_macros.xacro
[0.848s] -- Up-to-date symlink: /home/ana/robot_ws/install/firebot_description/share/firebot_description/urdf/robot.urdf.xacro
[0.848s] -- Up-to-date symlink: /home/ana/robot_ws/install/firebot_description/share/firebot_description/urdf/robot_core.xacro
[0.848s] -- Up-to-date symlink: /home/ana/robot_ws/install/firebot_description/share/firebot_description/urdf/ros2_control.xacro
[0.850s] -- Up-to-date symlink: /home/ana/robot_ws/install/firebot_description/share/ament_index/resource_index/package_run_dependencies/firebot_description
[0.851s] -- Up-to-date symlink: /home/ana/robot_ws/install/firebot_description/share/ament_index/resource_index/parent_prefix_path/firebot_description
[0.851s] -- Up-to-date symlink: /home/ana/robot_ws/install/firebot_description/share/firebot_description/environment/ament_prefix_path.sh
[0.851s] -- Up-to-date symlink: /home/ana/robot_ws/install/firebot_description/share/firebot_description/environment/ament_prefix_path.dsv
[0.852s] -- Up-to-date symlink: /home/ana/robot_ws/install/firebot_description/share/firebot_description/environment/path.sh
[0.854s] -- Up-to-date symlink: /home/ana/robot_ws/install/firebot_description/share/firebot_description/environment/path.dsv
[0.855s] -- Up-to-date symlink: /home/ana/robot_ws/install/firebot_description/share/firebot_description/local_setup.bash
[0.859s] -- Up-to-date symlink: /home/ana/robot_ws/install/firebot_description/share/firebot_description/local_setup.sh
[0.860s] -- Up-to-date symlink: /home/ana/robot_ws/install/firebot_description/share/firebot_description/local_setup.zsh
[0.863s] -- Up-to-date symlink: /home/ana/robot_ws/install/firebot_description/share/firebot_description/local_setup.dsv
[0.863s] -- Symlinking: /home/ana/robot_ws/install/firebot_description/share/firebot_description/package.dsv
[0.879s] -- Up-to-date symlink: /home/ana/robot_ws/install/firebot_description/share/ament_index/resource_index/packages/firebot_description
[0.880s] -- Up-to-date symlink: /home/ana/robot_ws/install/firebot_description/share/firebot_description/cmake/firebot_descriptionConfig.cmake
[0.881s] -- Up-to-date symlink: /home/ana/robot_ws/install/firebot_description/share/firebot_description/cmake/firebot_descriptionConfig-version.cmake
[0.882s] -- Up-to-date symlink: /home/ana/robot_ws/install/firebot_description/share/firebot_description/package.xml
[0.891s] Invoked command in '/home/ana/robot_ws/build/firebot_description' returned '0': CMAKE_PREFIX_PATH=${CMAKE_PREFIX_PATH}:/opt/ros/humble /usr/bin/cmake --install /home/ana/robot_ws/build/firebot_description
