[0.984s] Invoking command in '/home/ana/robot_ws/build/ros2_control_demo_example_2': CMAKE_PREFIX_PATH=${CMAKE_PREFIX_PATH}:/opt/ros/humble:/home/ana/robot_ws/install/py_pubsub:/home/ana/robot_ws/install/firebot_py /usr/bin/cmake /home/ana/robot_ws/src/example_2 -DAMENT_CMAKE_SYMLINK_INSTALL=1 -DCMAKE_INSTALL_PREFIX=/home/ana/robot_ws/install/ros2_control_demo_example_2
[1.150s] -- The CXX compiler identification is GNU 11.4.0
[1.172s] -- Detecting CXX compiler ABI info
[1.385s] -- Detecting CXX compiler ABI info - done
[1.411s] -- Check for working CXX compiler: /usr/bin/c++ - skipped
[1.412s] -- Detecting CXX compile features
[1.413s] -- Detecting CXX compile features - done
[1.428s] -- Found ament_cmake: 1.3.11 (/opt/ros/humble/share/ament_cmake/cmake)
[1.895s] -- Found Python3: /usr/bin/python3 (found version "3.10.12") found components: Interpreter 
[2.122s] -- Override CMake install command with custom implementation using symlinks instead of copying resources
[2.230s] -- Found hardware_interface: 2.48.0 (/opt/ros/humble/share/hardware_interface/cmake)
[2.362s] -- Found rosidl_generator_c: 3.1.6 (/opt/ros/humble/share/rosidl_generator_c/cmake)
[2.379s] -- Found rosidl_adapter: 3.1.6 (/opt/ros/humble/share/rosidl_adapter/cmake)
[2.404s] -- Found rosidl_generator_cpp: 3.1.6 (/opt/ros/humble/share/rosidl_generator_cpp/cmake)
[2.439s] -- Using all available rosidl_typesupport_c: rosidl_typesupport_fastrtps_c;rosidl_typesupport_introspection_c
[2.488s] -- Using all available rosidl_typesupport_cpp: rosidl_typesupport_fastrtps_cpp;rosidl_typesupport_introspection_cpp
[3.212s] -- Found rmw_implementation_cmake: 6.1.2 (/opt/ros/humble/share/rmw_implementation_cmake/cmake)
[3.220s] -- Found rmw_fastrtps_cpp: 6.2.7 (/opt/ros/humble/share/rmw_fastrtps_cpp/cmake)
[3.283s] -- Found TinyXML2 via Config file: TinyXML2_DIR-NOTFOUND
[3.414s] -- Found OpenSSL: /usr/lib/x86_64-linux-gnu/libcrypto.so (found version "3.0.2")  
[3.422s] -- Found TinyXML2 via Config file: TinyXML2_DIR-NOTFOUND
[3.463s] -- Found FastRTPS: /opt/ros/humble/include  
[3.471s] -- Found TinyXML2 via Config file: TinyXML2_DIR-NOTFOUND
[3.495s] -- Found TinyXML2 via Config file: TinyXML2_DIR-NOTFOUND
[3.527s] -- Using RMW implementation 'rmw_fastrtps_cpp' as default
[3.571s] -- Looking for C++ include pthread.h
[4.005s] -- Looking for C++ include pthread.h - found
[4.006s] -- Performing Test CMAKE_HAVE_LIBC_PTHREAD
[4.382s] -- Performing Test CMAKE_HAVE_LIBC_PTHREAD - Success
[4.385s] -- Found Threads: TRUE  
[4.564s] -- Found ament_cmake_pytest: 1.3.11 (/opt/ros/humble/share/ament_cmake_pytest/cmake)
[11.164s] -- Configuring done
[11.232s] -- Generating done
[11.244s] -- Build files have been written to: /home/ana/robot_ws/build/ros2_control_demo_example_2
[11.269s] Invoked command in '/home/ana/robot_ws/build/ros2_control_demo_example_2' returned '0': CMAKE_PREFIX_PATH=${CMAKE_PREFIX_PATH}:/opt/ros/humble:/home/ana/robot_ws/install/py_pubsub:/home/ana/robot_ws/install/firebot_py /usr/bin/cmake /home/ana/robot_ws/src/example_2 -DAMENT_CMAKE_SYMLINK_INSTALL=1 -DCMAKE_INSTALL_PREFIX=/home/ana/robot_ws/install/ros2_control_demo_example_2
[11.274s] Invoking command in '/home/ana/robot_ws/build/ros2_control_demo_example_2': CMAKE_PREFIX_PATH=${CMAKE_PREFIX_PATH}:/opt/ros/humble:/home/ana/robot_ws/install/py_pubsub:/home/ana/robot_ws/install/firebot_py /usr/bin/cmake --build /home/ana/robot_ws/build/ros2_control_demo_example_2 -- -j20 -l20
[11.438s] [ 50%] [32mBuilding CXX object CMakeFiles/ros2_control_demo_example_2.dir/hardware/diffbot_system.cpp.o[0m
[19.444s] [100%] [32m[1mLinking CXX shared library libros2_control_demo_example_2.so[0m
[19.797s] [100%] Built target ros2_control_demo_example_2
[19.821s] Invoked command in '/home/ana/robot_ws/build/ros2_control_demo_example_2' returned '0': CMAKE_PREFIX_PATH=${CMAKE_PREFIX_PATH}:/opt/ros/humble:/home/ana/robot_ws/install/py_pubsub:/home/ana/robot_ws/install/firebot_py /usr/bin/cmake --build /home/ana/robot_ws/build/ros2_control_demo_example_2 -- -j20 -l20
[19.824s] Invoking command in '/home/ana/robot_ws/build/ros2_control_demo_example_2': CMAKE_PREFIX_PATH=${CMAKE_PREFIX_PATH}:/opt/ros/humble:/home/ana/robot_ws/install/py_pubsub:/home/ana/robot_ws/install/firebot_py /usr/bin/cmake --install /home/ana/robot_ws/build/ros2_control_demo_example_2
[19.840s] -- Install configuration: ""
[19.841s] -- Execute custom install script
[19.841s] -- Symlinking: /home/ana/robot_ws/install/ros2_control_demo_example_2/share/ros2_control_demo_example_2//ros2_control_demo_example_2.xml
[19.859s] -- Symlinking: /home/ana/robot_ws/install/ros2_control_demo_example_2/include/ros2_control_demo_example_2/ros2_control_demo_example_2/arduino_comms.hpp
[19.877s] -- Symlinking: /home/ana/robot_ws/install/ros2_control_demo_example_2/include/ros2_control_demo_example_2/ros2_control_demo_example_2/diffbot_system.hpp
[19.893s] -- Symlinking: /home/ana/robot_ws/install/ros2_control_demo_example_2/include/ros2_control_demo_example_2/ros2_control_demo_example_2/wheel.hpp
[19.913s] -- Symlinking: /home/ana/robot_ws/install/ros2_control_demo_example_2/share/ros2_control_demo_example_2/launch/view_robot.launch.py
[19.933s] -- Symlinking: /home/ana/robot_ws/install/ros2_control_demo_example_2/share/ros2_control_demo_example_2/ros2_control/diffbot.ros2_control.xacro
[19.948s] -- Symlinking: /home/ana/robot_ws/install/ros2_control_demo_example_2/share/ros2_control_demo_example_2/urdf/diffbot.urdf.xacro
[19.965s] -- Symlinking: /home/ana/robot_ws/install/ros2_control_demo_example_2/share/ros2_control_demo_example_2/launch/diffbot.launch.py
[19.981s] -- Symlinking: /home/ana/robot_ws/install/ros2_control_demo_example_2/share/ros2_control_demo_example_2/config/diffbot_controllers.yaml
[19.999s] -- Symlinking: /home/ana/robot_ws/install/ros2_control_demo_example_2/share/ros2_control_demo_example_2/environment/library_path.sh
[20.015s] -- Symlinking: /home/ana/robot_ws/install/ros2_control_demo_example_2/share/ros2_control_demo_example_2/environment/library_path.dsv
[20.033s] -- Symlinking: /home/ana/robot_ws/install/ros2_control_demo_example_2/share/ament_index/resource_index/package_run_dependencies/ros2_control_demo_example_2
[20.049s] -- Symlinking: /home/ana/robot_ws/install/ros2_control_demo_example_2/share/ament_index/resource_index/parent_prefix_path/ros2_control_demo_example_2
[20.065s] -- Symlinking: /home/ana/robot_ws/install/ros2_control_demo_example_2/share/ros2_control_demo_example_2/environment/ament_prefix_path.sh
[20.082s] -- Symlinking: /home/ana/robot_ws/install/ros2_control_demo_example_2/share/ros2_control_demo_example_2/environment/ament_prefix_path.dsv
[20.101s] -- Symlinking: /home/ana/robot_ws/install/ros2_control_demo_example_2/share/ros2_control_demo_example_2/environment/path.sh
[20.114s] -- Symlinking: /home/ana/robot_ws/install/ros2_control_demo_example_2/share/ros2_control_demo_example_2/environment/path.dsv
[20.130s] -- Symlinking: /home/ana/robot_ws/install/ros2_control_demo_example_2/share/ros2_control_demo_example_2/local_setup.bash
[20.145s] -- Symlinking: /home/ana/robot_ws/install/ros2_control_demo_example_2/share/ros2_control_demo_example_2/local_setup.sh
[20.161s] -- Symlinking: /home/ana/robot_ws/install/ros2_control_demo_example_2/share/ros2_control_demo_example_2/local_setup.zsh
[20.178s] -- Symlinking: /home/ana/robot_ws/install/ros2_control_demo_example_2/share/ros2_control_demo_example_2/local_setup.dsv
[20.193s] -- Symlinking: /home/ana/robot_ws/install/ros2_control_demo_example_2/share/ros2_control_demo_example_2/package.dsv
[20.206s] -- Symlinking: /home/ana/robot_ws/install/ros2_control_demo_example_2/share/ament_index/resource_index/packages/ros2_control_demo_example_2
[20.225s] -- Symlinking: /home/ana/robot_ws/install/ros2_control_demo_example_2/share/ament_index/resource_index/hardware_interface__pluginlib__plugin/ros2_control_demo_example_2
[20.240s] -- Symlinking: /home/ana/robot_ws/install/ros2_control_demo_example_2/share/ros2_control_demo_example_2/cmake/ament_cmake_export_targets-extras.cmake
[20.257s] -- Symlinking: /home/ana/robot_ws/install/ros2_control_demo_example_2/share/ros2_control_demo_example_2/cmake/ament_cmake_export_dependencies-extras.cmake
[20.274s] -- Symlinking: /home/ana/robot_ws/install/ros2_control_demo_example_2/share/ros2_control_demo_example_2/cmake/ros2_control_demo_example_2Config.cmake
[20.292s] -- Symlinking: /home/ana/robot_ws/install/ros2_control_demo_example_2/share/ros2_control_demo_example_2/cmake/ros2_control_demo_example_2Config-version.cmake
[20.308s] -- Symlinking: /home/ana/robot_ws/install/ros2_control_demo_example_2/share/ros2_control_demo_example_2/package.xml
[20.329s] -- Installing: /home/ana/robot_ws/install/ros2_control_demo_example_2/lib/libros2_control_demo_example_2.so
[20.332s] -- Set runtime path of "/home/ana/robot_ws/install/ros2_control_demo_example_2/lib/libros2_control_demo_example_2.so" to ""
[20.332s] -- Installing: /home/ana/robot_ws/install/ros2_control_demo_example_2/share/ros2_control_demo_example_2/cmake/export_ros2_control_demo_example_2Export.cmake
[20.333s] -- Installing: /home/ana/robot_ws/install/ros2_control_demo_example_2/share/ros2_control_demo_example_2/cmake/export_ros2_control_demo_example_2Export-noconfig.cmake
[20.338s] Invoked command in '/home/ana/robot_ws/build/ros2_control_demo_example_2' returned '0': CMAKE_PREFIX_PATH=${CMAKE_PREFIX_PATH}:/opt/ros/humble:/home/ana/robot_ws/install/py_pubsub:/home/ana/robot_ws/install/firebot_py /usr/bin/cmake --install /home/ana/robot_ws/build/ros2_control_demo_example_2
