[1.692s] Invoking command in '/home/ana/robot_ws/build/firebot_py': PYTHONPATH=/home/ana/robot_ws/build/firebot_py/prefix_override:/usr/lib/python3/dist-packages/colcon_core/task/python/colcon_distutils_commands:/home/ana/robot_ws/install/firebot_py/lib/python3.10/site-packages:${PYTHONPATH} /usr/bin/python3 -W ignore:setup.py install is deprecated -W ignore:easy_install command is deprecated setup.py develop --editable --build-directory /home/ana/robot_ws/build/firebot_py/build --no-deps symlink_data
[2.122s] running develop
[2.360s] running egg_info
[2.360s] writing firebot_py.egg-info/PKG-INFO
[2.361s] writing dependency_links to firebot_py.egg-info/dependency_links.txt
[2.361s] writing entry points to firebot_py.egg-info/entry_points.txt
[2.361s] writing requirements to firebot_py.egg-info/requires.txt
[2.362s] writing top-level names to firebot_py.egg-info/top_level.txt
[2.366s] reading manifest file 'firebot_py.egg-info/SOURCES.txt'
[2.367s] writing manifest file 'firebot_py.egg-info/SOURCES.txt'
[2.370s] running build_ext
[2.371s] Creating /home/ana/robot_ws/install/firebot_py/lib/python3.10/site-packages/firebot-py.egg-link (link to .)
[2.373s] Installing lidar_node script to /home/ana/robot_ws/install/firebot_py/lib/firebot_py
[2.373s] Installing navigation_control script to /home/ana/robot_ws/install/firebot_py/lib/firebot_py
[2.373s] Installing random_nav_node script to /home/ana/robot_ws/install/firebot_py/lib/firebot_py
[2.374s] Installing slam_mapping script to /home/ana/robot_ws/install/firebot_py/lib/firebot_py
[2.374s] Installing thermal_camera script to /home/ana/robot_ws/install/firebot_py/lib/firebot_py
[2.374s] Installing twist_stamper script to /home/ana/robot_ws/install/firebot_py/lib/firebot_py
[2.374s] 
[2.374s] Installed /home/ana/robot_ws/build/firebot_py
[2.374s] running symlink_data
[2.443s] Invoked command in '/home/ana/robot_ws/build/firebot_py' returned '0': PYTHONPATH=/home/ana/robot_ws/build/firebot_py/prefix_override:/usr/lib/python3/dist-packages/colcon_core/task/python/colcon_distutils_commands:/home/ana/robot_ws/install/firebot_py/lib/python3.10/site-packages:${PYTHONPATH} /usr/bin/python3 -W ignore:setup.py install is deprecated -W ignore:easy_install command is deprecated setup.py develop --editable --build-directory /home/ana/robot_ws/build/firebot_py/build --no-deps symlink_data
