[0.047s] Invoking command in '/home/ana/robot_ws/build/firebot_cpp': CMAKE_PREFIX_PATH=/opt/ros/humble /usr/bin/cmake --build /home/ana/robot_ws/build/firebot_cpp -- -j20 -l20
[0.789s] -- Found ament_cmake: 1.3.11 (/opt/ros/humble/share/ament_cmake/cmake)
[0.790s] -- Override CMake install command with custom implementation using symlinks instead of copying resources
[0.790s] -- Found rclcpp: 16.0.11 (/opt/ros/humble/share/rclcpp/cmake)
[0.790s] -- Found rosidl_generator_c: 3.1.6 (/opt/ros/humble/share/rosidl_generator_c/cmake)
[0.790s] -- Found rosidl_adapter: 3.1.6 (/opt/ros/humble/share/rosidl_adapter/cmake)
[0.790s] -- Found rosidl_generator_cpp: 3.1.6 (/opt/ros/humble/share/rosidl_generator_cpp/cmake)
[0.790s] -- Using all available rosidl_typesupport_c: rosidl_typesupport_fastrtps_c;rosidl_typesupport_introspection_c
[0.790s] -- Using all available rosidl_typesupport_cpp: rosidl_typesupport_fastrtps_cpp;rosidl_typesupport_introspection_cpp
[0.790s] -- Found rmw_implementation_cmake: 6.1.2 (/opt/ros/humble/share/rmw_implementation_cmake/cmake)
[0.790s] -- Found rmw_fastrtps_cpp: 6.2.7 (/opt/ros/humble/share/rmw_fastrtps_cpp/cmake)
[0.790s] -- Using RMW implementation 'rmw_fastrtps_cpp' as default
[0.790s] -- Found sensor_msgs: 4.2.4 (/opt/ros/humble/share/sensor_msgs/cmake)
[0.791s] -- Found ament_lint_auto: 0.12.11 (/opt/ros/humble/share/ament_lint_auto/cmake)
[0.898s] -- Added test 'cppcheck' to perform static code analysis on C / C++ code
[0.898s] -- Configured cppcheck include dirs: 
[0.898s] -- Configured cppcheck exclude dirs and/or files: 
[0.899s] -- Added test 'lint_cmake' to check CMake code style
[0.900s] -- Added test 'uncrustify' to check C / C++ code style
[0.900s] -- Configured uncrustify additional arguments: 
[0.901s] -- Added test 'xmllint' to check XML markup files
[0.902s] -- Configuring done
[0.908s] -- Generating done
[0.912s] -- Build files have been written to: /home/ana/robot_ws/build/firebot_cpp
[1.222s] Invoked command in '/home/ana/robot_ws/build/firebot_cpp' returned '0': CMAKE_PREFIX_PATH=/opt/ros/humble /usr/bin/cmake --build /home/ana/robot_ws/build/firebot_cpp -- -j20 -l20
[1.228s] Invoking command in '/home/ana/robot_ws/build/firebot_cpp': CMAKE_PREFIX_PATH=/opt/ros/humble /usr/bin/cmake --install /home/ana/robot_ws/build/firebot_cpp
[1.242s] -- Install configuration: ""
[1.242s] -- Execute custom install script
[1.243s] -- Up-to-date symlink: /home/ana/robot_ws/install/firebot_cpp/share/ament_index/resource_index/package_run_dependencies/firebot_cpp
[1.243s] -- Up-to-date symlink: /home/ana/robot_ws/install/firebot_cpp/share/ament_index/resource_index/parent_prefix_path/firebot_cpp
[1.243s] -- Up-to-date symlink: /home/ana/robot_ws/install/firebot_cpp/share/firebot_cpp/environment/ament_prefix_path.sh
[1.244s] -- Up-to-date symlink: /home/ana/robot_ws/install/firebot_cpp/share/firebot_cpp/environment/ament_prefix_path.dsv
[1.244s] -- Up-to-date symlink: /home/ana/robot_ws/install/firebot_cpp/share/firebot_cpp/environment/path.sh
[1.244s] -- Up-to-date symlink: /home/ana/robot_ws/install/firebot_cpp/share/firebot_cpp/environment/path.dsv
[1.244s] -- Up-to-date symlink: /home/ana/robot_ws/install/firebot_cpp/share/firebot_cpp/local_setup.bash
[1.244s] -- Up-to-date symlink: /home/ana/robot_ws/install/firebot_cpp/share/firebot_cpp/local_setup.sh
[1.245s] -- Up-to-date symlink: /home/ana/robot_ws/install/firebot_cpp/share/firebot_cpp/local_setup.zsh
[1.245s] -- Up-to-date symlink: /home/ana/robot_ws/install/firebot_cpp/share/firebot_cpp/local_setup.dsv
[1.245s] -- Symlinking: /home/ana/robot_ws/install/firebot_cpp/share/firebot_cpp/package.dsv
[1.256s] -- Up-to-date symlink: /home/ana/robot_ws/install/firebot_cpp/share/ament_index/resource_index/packages/firebot_cpp
[1.256s] -- Up-to-date symlink: /home/ana/robot_ws/install/firebot_cpp/share/firebot_cpp/cmake/firebot_cppConfig.cmake
[1.257s] -- Up-to-date symlink: /home/ana/robot_ws/install/firebot_cpp/share/firebot_cpp/cmake/firebot_cppConfig-version.cmake
[1.257s] -- Up-to-date symlink: /home/ana/robot_ws/install/firebot_cpp/share/firebot_cpp/package.xml
[1.286s] Invoked command in '/home/ana/robot_ws/build/firebot_cpp' returned '0': CMAKE_PREFIX_PATH=/opt/ros/humble /usr/bin/cmake --install /home/ana/robot_ws/build/firebot_cpp
