[0.073s] Invoking command in '/home/ana/robot_ws/build/articubot_one': CMAKE_PREFIX_PATH=${CMAKE_PREFIX_PATH}:/opt/ros/humble:/home/ana/robot_ws/install/py_pubsub:/home/ana/robot_ws/install/firebot_py /usr/bin/cmake --build /home/ana/robot_ws/build/articubot_one -- -j20 -l20
[0.893s] Invoked command in '/home/ana/robot_ws/build/articubot_one' returned '0': CMAKE_PREFIX_PATH=${CMAKE_PREFIX_PATH}:/opt/ros/humble:/home/ana/robot_ws/install/py_pubsub:/home/ana/robot_ws/install/firebot_py /usr/bin/cmake --build /home/ana/robot_ws/build/articubot_one -- -j20 -l20
[0.915s] Invoking command in '/home/ana/robot_ws/build/articubot_one': CMAKE_PREFIX_PATH=${CMAKE_PREFIX_PATH}:/opt/ros/humble:/home/ana/robot_ws/install/py_pubsub:/home/ana/robot_ws/install/firebot_py /usr/bin/cmake --install /home/ana/robot_ws/build/articubot_one
[0.946s] -- Install configuration: ""
[0.950s] -- Execute custom install script
[0.955s] -- Up-to-date symlink: /home/ana/robot_ws/install/articubot_one/share/articubot_one/config/ball_tracker_params_robot.yaml
[0.958s] -- Up-to-date symlink: /home/ana/robot_ws/install/articubot_one/share/articubot_one/config/ball_tracker_params_sim.yaml
[0.960s] -- Up-to-date symlink: /home/ana/robot_ws/install/articubot_one/share/articubot_one/config/drive_bot.rviz
[0.960s] -- Up-to-date symlink: /home/ana/robot_ws/install/articubot_one/share/articubot_one/config/empty.yaml
[0.961s] -- Up-to-date symlink: /home/ana/robot_ws/install/articubot_one/share/articubot_one/config/gaz_ros2_ctl_use_sim.yaml
[0.961s] -- Up-to-date symlink: /home/ana/robot_ws/install/articubot_one/share/articubot_one/config/gazebo_params.yaml
[0.962s] -- Up-to-date symlink: /home/ana/robot_ws/install/articubot_one/share/articubot_one/config/joystick.yaml
[0.962s] -- Up-to-date symlink: /home/ana/robot_ws/install/articubot_one/share/articubot_one/config/main.rviz
[0.962s] -- Up-to-date symlink: /home/ana/robot_ws/install/articubot_one/share/articubot_one/config/map.rviz
[0.962s] -- Up-to-date symlink: /home/ana/robot_ws/install/articubot_one/share/articubot_one/config/mapper_params_online_async.yaml
[0.962s] -- Up-to-date symlink: /home/ana/robot_ws/install/articubot_one/share/articubot_one/config/my_controllers.yaml
[0.962s] -- Up-to-date symlink: /home/ana/robot_ws/install/articubot_one/share/articubot_one/config/nav2_params.yaml
[0.963s] -- Up-to-date symlink: /home/ana/robot_ws/install/articubot_one/share/articubot_one/config/twist_mux.yaml
[0.963s] -- Up-to-date symlink: /home/ana/robot_ws/install/articubot_one/share/articubot_one/config/view_bot.rviz
[0.963s] -- Up-to-date symlink: /home/ana/robot_ws/install/articubot_one/share/articubot_one/description/camera.xacro
[0.963s] -- Up-to-date symlink: /home/ana/robot_ws/install/articubot_one/share/articubot_one/description/depth_camera.xacro
[0.964s] -- Up-to-date symlink: /home/ana/robot_ws/install/articubot_one/share/articubot_one/description/face.xacro
[0.964s] -- Up-to-date symlink: /home/ana/robot_ws/install/articubot_one/share/articubot_one/description/gazebo_control.xacro
[0.964s] -- Up-to-date symlink: /home/ana/robot_ws/install/articubot_one/share/articubot_one/description/inertial_macros.xacro
[0.964s] -- Up-to-date symlink: /home/ana/robot_ws/install/articubot_one/share/articubot_one/description/lidar.xacro
[0.965s] -- Up-to-date symlink: /home/ana/robot_ws/install/articubot_one/share/articubot_one/description/robot.urdf.xacro
[0.969s] -- Up-to-date symlink: /home/ana/robot_ws/install/articubot_one/share/articubot_one/description/robot_core.xacro
[0.970s] -- Up-to-date symlink: /home/ana/robot_ws/install/articubot_one/share/articubot_one/description/ros2_control.xacro
[0.970s] -- Up-to-date symlink: /home/ana/robot_ws/install/articubot_one/share/articubot_one/launch/ball_tracker.launch.py
[0.970s] -- Up-to-date symlink: /home/ana/robot_ws/install/articubot_one/share/articubot_one/launch/camera.launch.py
[0.970s] -- Up-to-date symlink: /home/ana/robot_ws/install/articubot_one/share/articubot_one/launch/joystick.launch.py
[0.970s] -- Up-to-date symlink: /home/ana/robot_ws/install/articubot_one/share/articubot_one/launch/launch_robot.launch.py
[0.971s] -- Up-to-date symlink: /home/ana/robot_ws/install/articubot_one/share/articubot_one/launch/launch_sim.launch.py
[0.971s] -- Up-to-date symlink: /home/ana/robot_ws/install/articubot_one/share/articubot_one/launch/localization_launch.py
[0.971s] -- Up-to-date symlink: /home/ana/robot_ws/install/articubot_one/share/articubot_one/launch/navigation_launch.py
[0.971s] -- Up-to-date symlink: /home/ana/robot_ws/install/articubot_one/share/articubot_one/launch/online_async_launch.py
[0.971s] -- Up-to-date symlink: /home/ana/robot_ws/install/articubot_one/share/articubot_one/launch/rplidar.launch.py
[0.971s] -- Up-to-date symlink: /home/ana/robot_ws/install/articubot_one/share/articubot_one/launch/rsp.launch.py
[0.972s] -- Up-to-date symlink: /home/ana/robot_ws/install/articubot_one/share/articubot_one/worlds/empty.world
[0.972s] -- Up-to-date symlink: /home/ana/robot_ws/install/articubot_one/share/articubot_one/worlds/obstacles.world
[0.973s] -- Up-to-date symlink: /home/ana/robot_ws/install/articubot_one/share/ament_index/resource_index/package_run_dependencies/articubot_one
[0.973s] -- Up-to-date symlink: /home/ana/robot_ws/install/articubot_one/share/ament_index/resource_index/parent_prefix_path/articubot_one
[0.973s] -- Up-to-date symlink: /home/ana/robot_ws/install/articubot_one/share/articubot_one/environment/ament_prefix_path.sh
[0.973s] -- Up-to-date symlink: /home/ana/robot_ws/install/articubot_one/share/articubot_one/environment/ament_prefix_path.dsv
[0.973s] -- Up-to-date symlink: /home/ana/robot_ws/install/articubot_one/share/articubot_one/environment/path.sh
[0.973s] -- Up-to-date symlink: /home/ana/robot_ws/install/articubot_one/share/articubot_one/environment/path.dsv
[0.974s] -- Up-to-date symlink: /home/ana/robot_ws/install/articubot_one/share/articubot_one/local_setup.bash
[0.974s] -- Up-to-date symlink: /home/ana/robot_ws/install/articubot_one/share/articubot_one/local_setup.sh
[0.974s] -- Up-to-date symlink: /home/ana/robot_ws/install/articubot_one/share/articubot_one/local_setup.zsh
[0.974s] -- Up-to-date symlink: /home/ana/robot_ws/install/articubot_one/share/articubot_one/local_setup.dsv
[0.974s] -- Symlinking: /home/ana/robot_ws/install/articubot_one/share/articubot_one/package.dsv
[0.990s] -- Up-to-date symlink: /home/ana/robot_ws/install/articubot_one/share/ament_index/resource_index/packages/articubot_one
[0.990s] -- Up-to-date symlink: /home/ana/robot_ws/install/articubot_one/share/articubot_one/cmake/articubot_oneConfig.cmake
[0.991s] -- Up-to-date symlink: /home/ana/robot_ws/install/articubot_one/share/articubot_one/cmake/articubot_oneConfig-version.cmake
[0.991s] -- Up-to-date symlink: /home/ana/robot_ws/install/articubot_one/share/articubot_one/package.xml
[1.089s] Invoked command in '/home/ana/robot_ws/build/articubot_one' returned '0': CMAKE_PREFIX_PATH=${CMAKE_PREFIX_PATH}:/opt/ros/humble:/home/ana/robot_ws/install/py_pubsub:/home/ana/robot_ws/install/firebot_py /usr/bin/cmake --install /home/ana/robot_ws/build/articubot_one
