[0.077s] Invoking command in '/home/ana/robot_ws/build/firebot_description': CMAKE_PREFIX_PATH=${CMAKE_PREFIX_PATH}:/opt/ros/humble:/home/ana/robot_ws/install/py_pubsub:/home/ana/robot_ws/install/firebot_py /usr/bin/cmake --build /home/ana/robot_ws/build/firebot_description -- -j20 -l20
[0.997s] Invoked command in '/home/ana/robot_ws/build/firebot_description' returned '0': CMAKE_PREFIX_PATH=${CMAKE_PREFIX_PATH}:/opt/ros/humble:/home/ana/robot_ws/install/py_pubsub:/home/ana/robot_ws/install/firebot_py /usr/bin/cmake --build /home/ana/robot_ws/build/firebot_description -- -j20 -l20
[1.000s] Invoking command in '/home/ana/robot_ws/build/firebot_description': CMAKE_PREFIX_PATH=${CMAKE_PREFIX_PATH}:/opt/ros/humble:/home/ana/robot_ws/install/py_pubsub:/home/ana/robot_ws/install/firebot_py /usr/bin/cmake --install /home/ana/robot_ws/build/firebot_description
[1.034s] -- Install configuration: ""
[1.034s] -- Execute custom install script
[1.034s] -- Up-to-date symlink: /home/ana/robot_ws/install/firebot_description/share/firebot_description/launch/robot_state_publisher.launch.py
[1.034s] -- Up-to-date symlink: /home/ana/robot_ws/install/firebot_description/share/firebot_description/urdf/gazebo_control.xacro
[1.034s] -- Up-to-date symlink: /home/ana/robot_ws/install/firebot_description/share/firebot_description/urdf/inertial_macros.xacro
[1.035s] -- Up-to-date symlink: /home/ana/robot_ws/install/firebot_description/share/firebot_description/urdf/lidar.xacro
[1.035s] -- Up-to-date symlink: /home/ana/robot_ws/install/firebot_description/share/firebot_description/urdf/robot.urdf.xacro
[1.035s] -- Up-to-date symlink: /home/ana/robot_ws/install/firebot_description/share/firebot_description/urdf/robot_core.xacro
[1.035s] -- Up-to-date symlink: /home/ana/robot_ws/install/firebot_description/share/firebot_description/urdf/ros2_control.xacro
[1.035s] -- Up-to-date symlink: /home/ana/robot_ws/install/firebot_description/share/ament_index/resource_index/package_run_dependencies/firebot_description
[1.035s] -- Up-to-date symlink: /home/ana/robot_ws/install/firebot_description/share/ament_index/resource_index/parent_prefix_path/firebot_description
[1.035s] -- Up-to-date symlink: /home/ana/robot_ws/install/firebot_description/share/firebot_description/environment/ament_prefix_path.sh
[1.036s] -- Up-to-date symlink: /home/ana/robot_ws/install/firebot_description/share/firebot_description/environment/ament_prefix_path.dsv
[1.036s] -- Up-to-date symlink: /home/ana/robot_ws/install/firebot_description/share/firebot_description/environment/path.sh
[1.036s] -- Up-to-date symlink: /home/ana/robot_ws/install/firebot_description/share/firebot_description/environment/path.dsv
[1.036s] -- Up-to-date symlink: /home/ana/robot_ws/install/firebot_description/share/firebot_description/local_setup.bash
[1.036s] -- Up-to-date symlink: /home/ana/robot_ws/install/firebot_description/share/firebot_description/local_setup.sh
[1.036s] -- Up-to-date symlink: /home/ana/robot_ws/install/firebot_description/share/firebot_description/local_setup.zsh
[1.036s] -- Up-to-date symlink: /home/ana/robot_ws/install/firebot_description/share/firebot_description/local_setup.dsv
[1.036s] -- Symlinking: /home/ana/robot_ws/install/firebot_description/share/firebot_description/package.dsv
[1.053s] -- Up-to-date symlink: /home/ana/robot_ws/install/firebot_description/share/ament_index/resource_index/packages/firebot_description
[1.055s] -- Up-to-date symlink: /home/ana/robot_ws/install/firebot_description/share/firebot_description/cmake/firebot_descriptionConfig.cmake
[1.055s] -- Up-to-date symlink: /home/ana/robot_ws/install/firebot_description/share/firebot_description/cmake/firebot_descriptionConfig-version.cmake
[1.057s] -- Up-to-date symlink: /home/ana/robot_ws/install/firebot_description/share/firebot_description/package.xml
[1.146s] Invoked command in '/home/ana/robot_ws/build/firebot_description' returned '0': CMAKE_PREFIX_PATH=${CMAKE_PREFIX_PATH}:/opt/ros/humble:/home/ana/robot_ws/install/py_pubsub:/home/ana/robot_ws/install/firebot_py /usr/bin/cmake --install /home/ana/robot_ws/build/firebot_description
