[0.086s] Invoking command in '/home/ana/robot_ws/build/articubot_one': CMAKE_PREFIX_PATH=${CMAKE_PREFIX_PATH}:/home/ana/robot_ws/install/py_pubsub:/home/ana/robot_ws/install/firebot_py:/opt/ros/humble /usr/bin/cmake /home/ana/robot_ws/src/articubot_one -DAMENT_CMAKE_SYMLINK_INSTALL=1 -DCMAKE_INSTALL_PREFIX=/home/ana/robot_ws/install/articubot_one
[1.360s] -- The C compiler identification is GNU 11.4.0
[1.361s] -- The CXX compiler identification is GNU 11.4.0
[1.363s] -- Detecting C compiler ABI info
[1.363s] -- Detecting C compiler ABI info - done
[1.363s] -- Check for working C compiler: /usr/bin/cc - skipped
[1.363s] -- Detecting C compile features
[1.364s] -- Detecting C compile features - done
[1.364s] -- Detecting CXX compiler ABI info
[1.364s] -- Detecting CXX compiler ABI info - done
[1.364s] -- Check for working CXX compiler: /usr/bin/c++ - skipped
[1.365s] -- Detecting CXX compile features
[1.365s] -- Detecting CXX compile features - done
[1.365s] -- Found ament_cmake: 1.3.11 (/opt/ros/humble/share/ament_cmake/cmake)
[1.365s] -- Found Python3: /usr/bin/python3 (found version "3.10.12") found components: Interpreter 
[1.366s] -- Override CMake install command with custom implementation using symlinks instead of copying resources
[1.367s] -- Found ament_lint_auto: 0.12.11 (/opt/ros/humble/share/ament_lint_auto/cmake)
[1.603s] -- Added test 'copyright' to check source files copyright and LICENSE
[1.614s] -- Added test 'flake8' to check Python code syntax and style conventions
[1.617s] -- Added test 'lint_cmake' to check CMake code style
[1.621s] -- Added test 'pep257' to check Python code against some of the docstring style conventions in PEP 257
[1.638s] -- Added test 'xmllint' to check XML markup files
[1.640s] -- Configuring done
[1.647s] -- Generating done
[1.653s] -- Build files have been written to: /home/ana/robot_ws/build/articubot_one
[1.676s] Invoked command in '/home/ana/robot_ws/build/articubot_one' returned '0': CMAKE_PREFIX_PATH=${CMAKE_PREFIX_PATH}:/home/ana/robot_ws/install/py_pubsub:/home/ana/robot_ws/install/firebot_py:/opt/ros/humble /usr/bin/cmake /home/ana/robot_ws/src/articubot_one -DAMENT_CMAKE_SYMLINK_INSTALL=1 -DCMAKE_INSTALL_PREFIX=/home/ana/robot_ws/install/articubot_one
[1.678s] Invoking command in '/home/ana/robot_ws/build/articubot_one': CMAKE_PREFIX_PATH=${CMAKE_PREFIX_PATH}:/home/ana/robot_ws/install/py_pubsub:/home/ana/robot_ws/install/firebot_py:/opt/ros/humble /usr/bin/cmake --build /home/ana/robot_ws/build/articubot_one -- -j20 -l20
[1.774s] Invoked command in '/home/ana/robot_ws/build/articubot_one' returned '0': CMAKE_PREFIX_PATH=${CMAKE_PREFIX_PATH}:/home/ana/robot_ws/install/py_pubsub:/home/ana/robot_ws/install/firebot_py:/opt/ros/humble /usr/bin/cmake --build /home/ana/robot_ws/build/articubot_one -- -j20 -l20
[1.806s] Invoking command in '/home/ana/robot_ws/build/articubot_one': CMAKE_PREFIX_PATH=${CMAKE_PREFIX_PATH}:/home/ana/robot_ws/install/py_pubsub:/home/ana/robot_ws/install/firebot_py:/opt/ros/humble /usr/bin/cmake --install /home/ana/robot_ws/build/articubot_one
[1.824s] -- Install configuration: ""
[1.825s] -- Execute custom install script
[1.825s] -- Symlinking: /home/ana/robot_ws/install/articubot_one/share/articubot_one/config/ball_tracker_params_robot.yaml
[1.845s] -- Symlinking: /home/ana/robot_ws/install/articubot_one/share/articubot_one/config/ball_tracker_params_sim.yaml
[1.866s] -- Symlinking: /home/ana/robot_ws/install/articubot_one/share/articubot_one/config/drive_bot.rviz
[1.887s] -- Symlinking: /home/ana/robot_ws/install/articubot_one/share/articubot_one/config/empty.yaml
[1.907s] -- Symlinking: /home/ana/robot_ws/install/articubot_one/share/articubot_one/config/gaz_ros2_ctl_use_sim.yaml
[1.928s] -- Symlinking: /home/ana/robot_ws/install/articubot_one/share/articubot_one/config/gazebo_params.yaml
[1.954s] -- Symlinking: /home/ana/robot_ws/install/articubot_one/share/articubot_one/config/joystick.yaml
[1.978s] -- Symlinking: /home/ana/robot_ws/install/articubot_one/share/articubot_one/config/main.rviz
[1.999s] -- Symlinking: /home/ana/robot_ws/install/articubot_one/share/articubot_one/config/map.rviz
[2.020s] -- Symlinking: /home/ana/robot_ws/install/articubot_one/share/articubot_one/config/mapper_params_online_async.yaml
[2.048s] -- Symlinking: /home/ana/robot_ws/install/articubot_one/share/articubot_one/config/my_controllers.yaml
[2.077s] -- Symlinking: /home/ana/robot_ws/install/articubot_one/share/articubot_one/config/nav2_params.yaml
[2.106s] -- Symlinking: /home/ana/robot_ws/install/articubot_one/share/articubot_one/config/twist_mux.yaml
[2.135s] -- Symlinking: /home/ana/robot_ws/install/articubot_one/share/articubot_one/config/view_bot.rviz
[2.164s] -- Symlinking: /home/ana/robot_ws/install/articubot_one/share/articubot_one/description/camera.xacro
[2.196s] -- Symlinking: /home/ana/robot_ws/install/articubot_one/share/articubot_one/description/depth_camera.xacro
[2.226s] -- Symlinking: /home/ana/robot_ws/install/articubot_one/share/articubot_one/description/face.xacro
[2.258s] -- Symlinking: /home/ana/robot_ws/install/articubot_one/share/articubot_one/description/gazebo_control.xacro
[2.290s] -- Symlinking: /home/ana/robot_ws/install/articubot_one/share/articubot_one/description/inertial_macros.xacro
[2.320s] -- Symlinking: /home/ana/robot_ws/install/articubot_one/share/articubot_one/description/lidar.xacro
[2.348s] -- Symlinking: /home/ana/robot_ws/install/articubot_one/share/articubot_one/description/robot.urdf.xacro
[2.380s] -- Symlinking: /home/ana/robot_ws/install/articubot_one/share/articubot_one/description/robot_core.xacro
[2.412s] -- Symlinking: /home/ana/robot_ws/install/articubot_one/share/articubot_one/description/ros2_control.xacro
[2.448s] -- Symlinking: /home/ana/robot_ws/install/articubot_one/share/articubot_one/launch/ball_tracker.launch.py
[2.478s] -- Symlinking: /home/ana/robot_ws/install/articubot_one/share/articubot_one/launch/camera.launch.py
[2.508s] -- Symlinking: /home/ana/robot_ws/install/articubot_one/share/articubot_one/launch/joystick.launch.py
[2.526s] -- Symlinking: /home/ana/robot_ws/install/articubot_one/share/articubot_one/launch/launch_robot.launch.py
[2.552s] -- Symlinking: /home/ana/robot_ws/install/articubot_one/share/articubot_one/launch/launch_sim.launch.py
[2.584s] -- Symlinking: /home/ana/robot_ws/install/articubot_one/share/articubot_one/launch/localization_launch.py
[2.617s] -- Symlinking: /home/ana/robot_ws/install/articubot_one/share/articubot_one/launch/navigation_launch.py
[2.650s] -- Symlinking: /home/ana/robot_ws/install/articubot_one/share/articubot_one/launch/online_async_launch.py
[2.678s] -- Symlinking: /home/ana/robot_ws/install/articubot_one/share/articubot_one/launch/rplidar.launch.py
[2.703s] -- Symlinking: /home/ana/robot_ws/install/articubot_one/share/articubot_one/launch/rsp.launch.py
[2.738s] -- Symlinking: /home/ana/robot_ws/install/articubot_one/share/articubot_one/worlds/empty.world
[2.776s] -- Symlinking: /home/ana/robot_ws/install/articubot_one/share/articubot_one/worlds/obstacles.world
[2.805s] -- Symlinking: /home/ana/robot_ws/install/articubot_one/share/ament_index/resource_index/package_run_dependencies/articubot_one
[2.830s] -- Symlinking: /home/ana/robot_ws/install/articubot_one/share/ament_index/resource_index/parent_prefix_path/articubot_one
[2.856s] -- Symlinking: /home/ana/robot_ws/install/articubot_one/share/articubot_one/environment/ament_prefix_path.sh
[2.880s] -- Symlinking: /home/ana/robot_ws/install/articubot_one/share/articubot_one/environment/ament_prefix_path.dsv
[2.902s] -- Symlinking: /home/ana/robot_ws/install/articubot_one/share/articubot_one/environment/path.sh
[2.924s] -- Symlinking: /home/ana/robot_ws/install/articubot_one/share/articubot_one/environment/path.dsv
[2.945s] -- Symlinking: /home/ana/robot_ws/install/articubot_one/share/articubot_one/local_setup.bash
[2.979s] -- Symlinking: /home/ana/robot_ws/install/articubot_one/share/articubot_one/local_setup.sh
[3.001s] -- Symlinking: /home/ana/robot_ws/install/articubot_one/share/articubot_one/local_setup.zsh
[3.029s] -- Symlinking: /home/ana/robot_ws/install/articubot_one/share/articubot_one/local_setup.dsv
[3.050s] -- Symlinking: /home/ana/robot_ws/install/articubot_one/share/articubot_one/package.dsv
[3.076s] -- Symlinking: /home/ana/robot_ws/install/articubot_one/share/ament_index/resource_index/packages/articubot_one
[3.098s] -- Symlinking: /home/ana/robot_ws/install/articubot_one/share/articubot_one/cmake/articubot_oneConfig.cmake
[3.120s] -- Symlinking: /home/ana/robot_ws/install/articubot_one/share/articubot_one/cmake/articubot_oneConfig-version.cmake
[3.151s] -- Symlinking: /home/ana/robot_ws/install/articubot_one/share/articubot_one/package.xml
[3.211s] Invoked command in '/home/ana/robot_ws/build/articubot_one' returned '0': CMAKE_PREFIX_PATH=${CMAKE_PREFIX_PATH}:/home/ana/robot_ws/install/py_pubsub:/home/ana/robot_ws/install/firebot_py:/opt/ros/humble /usr/bin/cmake --install /home/ana/robot_ws/build/articubot_one
