-- Found ament_cmake: 1.3.11 (/opt/ros/humble/share/ament_cmake/cmake)
-- Found rclcpp: 16.0.11 (/opt/ros/humble/share/rclcpp/cmake)
-- Found rosidl_generator_c: 3.1.6 (/opt/ros/humble/share/rosidl_generator_c/cmake)
-- Found rosidl_adapter: 3.1.6 (/opt/ros/humble/share/rosidl_adapter/cmake)
-- Found rosidl_generator_cpp: 3.1.6 (/opt/ros/humble/share/rosidl_generator_cpp/cmake)
-- Using all available rosidl_typesupport_c: rosidl_typesupport_fastrtps_c;rosidl_typesupport_introspection_c
-- Using all available rosidl_typesupport_cpp: rosidl_typesupport_fastrtps_cpp;rosidl_typesupport_introspection_cpp
-- Found rmw_implementation_cmake: 6.1.2 (/opt/ros/humble/share/rmw_implementation_cmake/cmake)
-- Found rmw_fastrtps_cpp: 6.2.7 (/opt/ros/humble/share/rmw_fastrtps_cpp/cmake)
-- Using RMW implementation 'rmw_fastrtps_cpp' as default
-- Found rclpy: 3.3.15 (/opt/ros/humble/share/rclpy/cmake)
-- Found sensor_msgs: 4.2.4 (/opt/ros/humble/share/sensor_msgs/cmake)
-- Found rosidl_default_generators: 1.2.0 (/opt/ros/humble/share/rosidl_default_generators/cmake)
-- Found ament_cmake_ros: 0.10.0 (/opt/ros/humble/share/ament_cmake_ros/cmake)
-- Using all available rosidl_typesupport_c: rosidl_typesupport_fastrtps_c;rosidl_typesupport_introspection_c
-- Using all available rosidl_typesupport_cpp: rosidl_typesupport_fastrtps_cpp;rosidl_typesupport_introspection_cpp
-- Found python_cmake_module: 0.10.0 (/opt/ros/humble/share/python_cmake_module/cmake)
-- Using PYTHON_EXECUTABLE: /usr/bin/python3
-- Using PYTHON_INCLUDE_DIRS: /usr/include/python3.10
-- Using PYTHON_LIBRARIES: /usr/lib/x86_64-linux-gnu/libpython3.10.so
-- Configuring done
-- Generating done
-- Build files have been written to: /home/ana/robot_ws/build/firebot
[  1%] [34m[1mGenerating C code for ROS interfaces[0m
[  3%] [32mBuilding CXX object CMakeFiles/motor_controller.dir/src/motor_controller.cpp.o[0m
[  5%] [34m[1mGenerating C++ code for ROS interfaces[0m
[  7%] [32mBuilding CXX object CMakeFiles/lidar_node.dir/src/lidar_node.cpp.o[0m
[  9%] [32mBuilding CXX object CMakeFiles/tf_broadcaster.dir/src/tf_broadcaster.cpp.o[0m
[ 10%] [32mBuilding CXX object CMakeFiles/odometry_publisher.dir/src/odometry_publisher.cpp.o[0m
[ 10%] Built target ament_cmake_python_copy_firebot_py
[ 10%] Built target ament_cmake_python_copy_firebot
running egg_info
creating firebot_py.egg-info
writing firebot_py.egg-info/PKG-INFO
writing dependency_links to firebot_py.egg-info/dependency_links.txt
writing top-level names to firebot_py.egg-info/top_level.txt
writing manifest file 'firebot_py.egg-info/SOURCES.txt'
reading manifest file 'firebot_py.egg-info/SOURCES.txt'
writing manifest file 'firebot_py.egg-info/SOURCES.txt'
running egg_info
creating firebot.egg-info
writing firebot.egg-info/PKG-INFO
writing dependency_links to firebot.egg-info/dependency_links.txt
writing top-level names to firebot.egg-info/top_level.txt
writing manifest file 'firebot.egg-info/SOURCES.txt'
reading manifest file 'firebot.egg-info/SOURCES.txt'
writing manifest file 'firebot.egg-info/SOURCES.txt'
[ 10%] Built target ament_cmake_python_build_firebot_py_egg
[ 10%] Built target ament_cmake_python_build_firebot_egg
[ 10%] Built target firebot__cpp
[ 12%] [34m[1mGenerating C++ type support for eProsima Fast-RTPS[0m
[ 14%] [34m[1mGenerating C++ type support dispatch for ROS interfaces[0m
[ 16%] [34m[1mGenerating C++ introspection for ROS interfaces[0m
[ 21%] [32mBuilding C object CMakeFiles/firebot__rosidl_generator_c.dir/rosidl_generator_c/firebot/msg/detail/motor_command__functions.c.o[0m
[ 21%] [32mBuilding C object CMakeFiles/firebot__rosidl_generator_c.dir/rosidl_generator_c/firebot/msg/detail/encoder_data__functions.c.o[0m
[ 21%] [32mBuilding C object CMakeFiles/firebot__rosidl_generator_c.dir/rosidl_generator_c/firebot/srv/detail/set_pid_params__functions.c.o[0m
[ 23%] [32m[1mLinking C shared library libfirebot__rosidl_generator_c.so[0m
[ 23%] Built target firebot__rosidl_generator_c
[ 25%] [34m[1mGenerating C type support for eProsima Fast-RTPS[0m
[ 27%] [34m[1mGenerating C introspection for ROS interfaces[0m
[ 29%] [34m[1mGenerating C type support dispatch for ROS interfaces[0m
[ 30%] [32mBuilding CXX object CMakeFiles/firebot__rosidl_typesupport_cpp.dir/rosidl_typesupport_cpp/firebot/srv/set_pid_params__type_support.cpp.o[0m
[ 32%] [32mBuilding CXX object CMakeFiles/firebot__rosidl_typesupport_cpp.dir/rosidl_typesupport_cpp/firebot/msg/encoder_data__type_support.cpp.o[0m
[ 34%] [32mBuilding CXX object CMakeFiles/firebot__rosidl_typesupport_cpp.dir/rosidl_typesupport_cpp/firebot/msg/motor_command__type_support.cpp.o[0m
[ 36%] [32mBuilding CXX object CMakeFiles/firebot__rosidl_typesupport_introspection_cpp.dir/rosidl_typesupport_introspection_cpp/firebot/msg/detail/motor_command__type_support.cpp.o[0m
[ 40%] [32mBuilding CXX object CMakeFiles/firebot__rosidl_typesupport_introspection_cpp.dir/rosidl_typesupport_introspection_cpp/firebot/msg/detail/encoder_data__type_support.cpp.o[0m
[ 40%] [32mBuilding CXX object CMakeFiles/firebot__rosidl_typesupport_introspection_cpp.dir/rosidl_typesupport_introspection_cpp/firebot/srv/detail/set_pid_params__type_support.cpp.o[0m
[ 41%] [32mBuilding CXX object CMakeFiles/firebot__rosidl_typesupport_fastrtps_cpp.dir/rosidl_typesupport_fastrtps_cpp/firebot/msg/detail/dds_fastrtps/encoder_data__type_support.cpp.o[0m
[ 43%] [32mBuilding CXX object CMakeFiles/firebot__rosidl_typesupport_fastrtps_cpp.dir/rosidl_typesupport_fastrtps_cpp/firebot/srv/detail/dds_fastrtps/set_pid_params__type_support.cpp.o[0m
[ 45%] [32mBuilding CXX object CMakeFiles/firebot__rosidl_typesupport_fastrtps_cpp.dir/rosidl_typesupport_fastrtps_cpp/firebot/msg/detail/dds_fastrtps/motor_command__type_support.cpp.o[0m
[ 47%] [32mBuilding CXX object CMakeFiles/firebot__rosidl_typesupport_fastrtps_c.dir/rosidl_typesupport_fastrtps_c/firebot/msg/detail/motor_command__type_support_c.cpp.o[0m
[ 49%] [32mBuilding CXX object CMakeFiles/firebot__rosidl_typesupport_fastrtps_c.dir/rosidl_typesupport_fastrtps_c/firebot/msg/detail/encoder_data__type_support_c.cpp.o[0m
[ 50%] [32mBuilding CXX object CMakeFiles/firebot__rosidl_typesupport_fastrtps_c.dir/rosidl_typesupport_fastrtps_c/firebot/srv/detail/set_pid_params__type_support_c.cpp.o[0m
[ 52%] [32mBuilding CXX object CMakeFiles/firebot__rosidl_typesupport_c.dir/rosidl_typesupport_c/firebot/msg/encoder_data__type_support.cpp.o[0m
[ 54%] [32mBuilding CXX object CMakeFiles/firebot__rosidl_typesupport_c.dir/rosidl_typesupport_c/firebot/msg/motor_command__type_support.cpp.o[0m
[ 56%] [32mBuilding CXX object CMakeFiles/firebot__rosidl_typesupport_c.dir/rosidl_typesupport_c/firebot/srv/set_pid_params__type_support.cpp.o[0m
[ 58%] [32mBuilding C object CMakeFiles/firebot__rosidl_typesupport_introspection_c.dir/rosidl_typesupport_introspection_c/firebot/msg/detail/motor_command__type_support.c.o[0m
[ 60%] [32mBuilding C object CMakeFiles/firebot__rosidl_typesupport_introspection_c.dir/rosidl_typesupport_introspection_c/firebot/msg/detail/encoder_data__type_support.c.o[0m
[ 61%] [32mBuilding C object CMakeFiles/firebot__rosidl_typesupport_introspection_c.dir/rosidl_typesupport_introspection_c/firebot/srv/detail/set_pid_params__type_support.c.o[0m
[ 63%] [32m[1mLinking CXX shared library libfirebot__rosidl_typesupport_c.so[0m
[ 65%] [32m[1mLinking CXX shared library libfirebot__rosidl_typesupport_cpp.so[0m
[ 67%] [32m[1mLinking C shared library libfirebot__rosidl_typesupport_introspection_c.so[0m
[ 67%] Built target firebot__rosidl_typesupport_c
[ 67%] Built target firebot__rosidl_typesupport_introspection_c
[ 67%] Built target firebot__rosidl_typesupport_cpp
[ 69%] [32m[1mLinking CXX shared library libfirebot__rosidl_typesupport_introspection_cpp.so[0m
[ 69%] Built target firebot__rosidl_typesupport_introspection_cpp
[ 70%] [32m[1mLinking CXX shared library libfirebot__rosidl_typesupport_fastrtps_c.so[0m
[ 72%] [32m[1mLinking CXX shared library libfirebot__rosidl_typesupport_fastrtps_cpp.so[0m
[ 72%] Built target firebot__rosidl_typesupport_fastrtps_c
[ 72%] Built target firebot__rosidl_typesupport_fastrtps_cpp
[ 72%] Built target firebot
[ 74%] [34m[1mGenerating Python code for ROS interfaces[0m
[ 74%] Built target firebot__py
[ 76%] [32mBuilding C object CMakeFiles/firebot__rosidl_generator_py.dir/rosidl_generator_py/firebot/msg/_encoder_data_s.c.o[0m
[ 78%] [32mBuilding C object CMakeFiles/firebot__rosidl_generator_py.dir/rosidl_generator_py/firebot/msg/_motor_command_s.c.o[0m
[ 80%] [32mBuilding C object CMakeFiles/firebot__rosidl_generator_py.dir/rosidl_generator_py/firebot/srv/_set_pid_params_s.c.o[0m
[ 81%] [32m[1mLinking C shared library rosidl_generator_py/firebot/libfirebot__rosidl_generator_py.so[0m
[ 81%] Built target firebot__rosidl_generator_py
[ 83%] [32mBuilding C object CMakeFiles/firebot__rosidl_typesupport_c__pyext.dir/rosidl_generator_py/firebot/_firebot_s.ep.rosidl_typesupport_c.c.o[0m
[ 85%] [32mBuilding C object CMakeFiles/firebot__rosidl_typesupport_fastrtps_c__pyext.dir/rosidl_generator_py/firebot/_firebot_s.ep.rosidl_typesupport_fastrtps_c.c.o[0m
[ 87%] [32mBuilding C object CMakeFiles/firebot__rosidl_typesupport_introspection_c__pyext.dir/rosidl_generator_py/firebot/_firebot_s.ep.rosidl_typesupport_introspection_c.c.o[0m
[ 89%] [32m[1mLinking C shared library rosidl_generator_py/firebot/firebot_s__rosidl_typesupport_c.cpython-310-x86_64-linux-gnu.so[0m
[ 90%] [32m[1mLinking C shared library rosidl_generator_py/firebot/firebot_s__rosidl_typesupport_introspection_c.cpython-310-x86_64-linux-gnu.so[0m
[ 92%] [32m[1mLinking C shared library rosidl_generator_py/firebot/firebot_s__rosidl_typesupport_fastrtps_c.cpython-310-x86_64-linux-gnu.so[0m
[ 92%] Built target firebot__rosidl_typesupport_c__pyext
[ 92%] Built target firebot__rosidl_typesupport_introspection_c__pyext
[ 92%] Built target firebot__rosidl_typesupport_fastrtps_c__pyext
[ 94%] [32m[1mLinking CXX executable tf_broadcaster[0m
[ 96%] [32m[1mLinking CXX executable motor_controller[0m
[ 96%] Built target tf_broadcaster
[ 96%] Built target motor_controller
[ 98%] [32m[1mLinking CXX executable odometry_publisher[0m
[ 98%] Built target odometry_publisher
[100%] [32m[1mLinking CXX executable lidar_node[0m
[100%] Built target lidar_node
-- Install configuration: ""
-- Installing: /home/ana/robot_ws/install/firebot/share/ament_index/resource_index/rosidl_interfaces/firebot
-- Installing: /home/ana/robot_ws/install/firebot/include/firebot/firebot
-- Installing: /home/ana/robot_ws/install/firebot/include/firebot/firebot/srv
-- Installing: /home/ana/robot_ws/install/firebot/include/firebot/firebot/srv/set_pid_params.h
-- Installing: /home/ana/robot_ws/install/firebot/include/firebot/firebot/srv/detail
-- Installing: /home/ana/robot_ws/install/firebot/include/firebot/firebot/srv/detail/set_pid_params__struct.h
-- Installing: /home/ana/robot_ws/install/firebot/include/firebot/firebot/srv/detail/set_pid_params__type_support.h
-- Installing: /home/ana/robot_ws/install/firebot/include/firebot/firebot/srv/detail/set_pid_params__functions.h
-- Installing: /home/ana/robot_ws/install/firebot/include/firebot/firebot/srv/detail/set_pid_params__functions.c
-- Installing: /home/ana/robot_ws/install/firebot/include/firebot/firebot/msg
-- Installing: /home/ana/robot_ws/install/firebot/include/firebot/firebot/msg/rosidl_generator_c__visibility_control.h
-- Installing: /home/ana/robot_ws/install/firebot/include/firebot/firebot/msg/motor_command.h
-- Installing: /home/ana/robot_ws/install/firebot/include/firebot/firebot/msg/encoder_data.h
-- Installing: /home/ana/robot_ws/install/firebot/include/firebot/firebot/msg/detail
-- Installing: /home/ana/robot_ws/install/firebot/include/firebot/firebot/msg/detail/motor_command__struct.h
-- Installing: /home/ana/robot_ws/install/firebot/include/firebot/firebot/msg/detail/motor_command__functions.h
-- Installing: /home/ana/robot_ws/install/firebot/include/firebot/firebot/msg/detail/encoder_data__functions.c
-- Installing: /home/ana/robot_ws/install/firebot/include/firebot/firebot/msg/detail/encoder_data__type_support.h
-- Installing: /home/ana/robot_ws/install/firebot/include/firebot/firebot/msg/detail/motor_command__type_support.h
-- Installing: /home/ana/robot_ws/install/firebot/include/firebot/firebot/msg/detail/encoder_data__struct.h
-- Installing: /home/ana/robot_ws/install/firebot/include/firebot/firebot/msg/detail/motor_command__functions.c
-- Installing: /home/ana/robot_ws/install/firebot/include/firebot/firebot/msg/detail/encoder_data__functions.h
-- Installing: /home/ana/robot_ws/install/firebot/share/firebot/environment/library_path.sh
-- Installing: /home/ana/robot_ws/install/firebot/share/firebot/environment/library_path.dsv
-- Installing: /home/ana/robot_ws/install/firebot/lib/libfirebot__rosidl_generator_c.so
-- Set runtime path of "/home/ana/robot_ws/install/firebot/lib/libfirebot__rosidl_generator_c.so" to ""
-- Up-to-date: /home/ana/robot_ws/install/firebot/include/firebot/firebot
-- Up-to-date: /home/ana/robot_ws/install/firebot/include/firebot/firebot/srv
-- Up-to-date: /home/ana/robot_ws/install/firebot/include/firebot/firebot/srv/detail
-- Installing: /home/ana/robot_ws/install/firebot/include/firebot/firebot/srv/detail/set_pid_params__rosidl_typesupport_fastrtps_c.h
-- Up-to-date: /home/ana/robot_ws/install/firebot/include/firebot/firebot/msg
-- Installing: /home/ana/robot_ws/install/firebot/include/firebot/firebot/msg/rosidl_typesupport_fastrtps_c__visibility_control.h
-- Up-to-date: /home/ana/robot_ws/install/firebot/include/firebot/firebot/msg/detail
-- Installing: /home/ana/robot_ws/install/firebot/include/firebot/firebot/msg/detail/motor_command__rosidl_typesupport_fastrtps_c.h
-- Installing: /home/ana/robot_ws/install/firebot/include/firebot/firebot/msg/detail/encoder_data__rosidl_typesupport_fastrtps_c.h
-- Installing: /home/ana/robot_ws/install/firebot/lib/libfirebot__rosidl_typesupport_fastrtps_c.so
-- Set runtime path of "/home/ana/robot_ws/install/firebot/lib/libfirebot__rosidl_typesupport_fastrtps_c.so" to ""
-- Up-to-date: /home/ana/robot_ws/install/firebot/include/firebot/firebot
-- Up-to-date: /home/ana/robot_ws/install/firebot/include/firebot/firebot/srv
-- Installing: /home/ana/robot_ws/install/firebot/include/firebot/firebot/srv/set_pid_params.hpp
-- Up-to-date: /home/ana/robot_ws/install/firebot/include/firebot/firebot/srv/detail
-- Installing: /home/ana/robot_ws/install/firebot/include/firebot/firebot/srv/detail/set_pid_params__struct.hpp
-- Installing: /home/ana/robot_ws/install/firebot/include/firebot/firebot/srv/detail/set_pid_params__builder.hpp
-- Installing: /home/ana/robot_ws/install/firebot/include/firebot/firebot/srv/detail/set_pid_params__traits.hpp
-- Installing: /home/ana/robot_ws/install/firebot/include/firebot/firebot/srv/detail/set_pid_params__type_support.hpp
-- Up-to-date: /home/ana/robot_ws/install/firebot/include/firebot/firebot/msg
-- Installing: /home/ana/robot_ws/install/firebot/include/firebot/firebot/msg/encoder_data.hpp
-- Installing: /home/ana/robot_ws/install/firebot/include/firebot/firebot/msg/rosidl_generator_cpp__visibility_control.hpp
-- Installing: /home/ana/robot_ws/install/firebot/include/firebot/firebot/msg/motor_command.hpp
-- Up-to-date: /home/ana/robot_ws/install/firebot/include/firebot/firebot/msg/detail
-- Installing: /home/ana/robot_ws/install/firebot/include/firebot/firebot/msg/detail/motor_command__traits.hpp
-- Installing: /home/ana/robot_ws/install/firebot/include/firebot/firebot/msg/detail/motor_command__struct.hpp
-- Installing: /home/ana/robot_ws/install/firebot/include/firebot/firebot/msg/detail/encoder_data__struct.hpp
-- Installing: /home/ana/robot_ws/install/firebot/include/firebot/firebot/msg/detail/encoder_data__builder.hpp
-- Installing: /home/ana/robot_ws/install/firebot/include/firebot/firebot/msg/detail/motor_command__type_support.hpp
-- Installing: /home/ana/robot_ws/install/firebot/include/firebot/firebot/msg/detail/encoder_data__traits.hpp
-- Installing: /home/ana/robot_ws/install/firebot/include/firebot/firebot/msg/detail/motor_command__builder.hpp
-- Installing: /home/ana/robot_ws/install/firebot/include/firebot/firebot/msg/detail/encoder_data__type_support.hpp
-- Up-to-date: /home/ana/robot_ws/install/firebot/include/firebot/firebot
-- Up-to-date: /home/ana/robot_ws/install/firebot/include/firebot/firebot/srv
-- Up-to-date: /home/ana/robot_ws/install/firebot/include/firebot/firebot/srv/detail
-- Installing: /home/ana/robot_ws/install/firebot/include/firebot/firebot/srv/detail/set_pid_params__rosidl_typesupport_fastrtps_cpp.hpp
-- Installing: /home/ana/robot_ws/install/firebot/include/firebot/firebot/srv/detail/dds_fastrtps
-- Up-to-date: /home/ana/robot_ws/install/firebot/include/firebot/firebot/msg
-- Up-to-date: /home/ana/robot_ws/install/firebot/include/firebot/firebot/msg/detail
-- Installing: /home/ana/robot_ws/install/firebot/include/firebot/firebot/msg/detail/encoder_data__rosidl_typesupport_fastrtps_cpp.hpp
-- Installing: /home/ana/robot_ws/install/firebot/include/firebot/firebot/msg/detail/motor_command__rosidl_typesupport_fastrtps_cpp.hpp
-- Installing: /home/ana/robot_ws/install/firebot/include/firebot/firebot/msg/detail/dds_fastrtps
-- Installing: /home/ana/robot_ws/install/firebot/include/firebot/firebot/msg/rosidl_typesupport_fastrtps_cpp__visibility_control.h
-- Installing: /home/ana/robot_ws/install/firebot/lib/libfirebot__rosidl_typesupport_fastrtps_cpp.so
-- Set runtime path of "/home/ana/robot_ws/install/firebot/lib/libfirebot__rosidl_typesupport_fastrtps_cpp.so" to ""
-- Up-to-date: /home/ana/robot_ws/install/firebot/include/firebot/firebot
-- Up-to-date: /home/ana/robot_ws/install/firebot/include/firebot/firebot/srv
-- Up-to-date: /home/ana/robot_ws/install/firebot/include/firebot/firebot/srv/detail
-- Installing: /home/ana/robot_ws/install/firebot/include/firebot/firebot/srv/detail/set_pid_params__rosidl_typesupport_introspection_c.h
-- Installing: /home/ana/robot_ws/install/firebot/include/firebot/firebot/srv/detail/set_pid_params__type_support.c
-- Up-to-date: /home/ana/robot_ws/install/firebot/include/firebot/firebot/msg
-- Installing: /home/ana/robot_ws/install/firebot/include/firebot/firebot/msg/rosidl_typesupport_introspection_c__visibility_control.h
-- Up-to-date: /home/ana/robot_ws/install/firebot/include/firebot/firebot/msg/detail
-- Installing: /home/ana/robot_ws/install/firebot/include/firebot/firebot/msg/detail/motor_command__rosidl_typesupport_introspection_c.h
-- Installing: /home/ana/robot_ws/install/firebot/include/firebot/firebot/msg/detail/motor_command__type_support.c
-- Installing: /home/ana/robot_ws/install/firebot/include/firebot/firebot/msg/detail/encoder_data__type_support.c
-- Installing: /home/ana/robot_ws/install/firebot/include/firebot/firebot/msg/detail/encoder_data__rosidl_typesupport_introspection_c.h
-- Installing: /home/ana/robot_ws/install/firebot/lib/libfirebot__rosidl_typesupport_introspection_c.so
-- Set runtime path of "/home/ana/robot_ws/install/firebot/lib/libfirebot__rosidl_typesupport_introspection_c.so" to ""
-- Installing: /home/ana/robot_ws/install/firebot/lib/libfirebot__rosidl_typesupport_c.so
-- Set runtime path of "/home/ana/robot_ws/install/firebot/lib/libfirebot__rosidl_typesupport_c.so" to ""
-- Up-to-date: /home/ana/robot_ws/install/firebot/include/firebot/firebot
-- Up-to-date: /home/ana/robot_ws/install/firebot/include/firebot/firebot/srv
-- Up-to-date: /home/ana/robot_ws/install/firebot/include/firebot/firebot/srv/detail
-- Installing: /home/ana/robot_ws/install/firebot/include/firebot/firebot/srv/detail/set_pid_params__rosidl_typesupport_introspection_cpp.hpp
-- Installing: /home/ana/robot_ws/install/firebot/include/firebot/firebot/srv/detail/set_pid_params__type_support.cpp
-- Up-to-date: /home/ana/robot_ws/install/firebot/include/firebot/firebot/msg
-- Up-to-date: /home/ana/robot_ws/install/firebot/include/firebot/firebot/msg/detail
-- Installing: /home/ana/robot_ws/install/firebot/include/firebot/firebot/msg/detail/motor_command__type_support.cpp
-- Installing: /home/ana/robot_ws/install/firebot/include/firebot/firebot/msg/detail/encoder_data__rosidl_typesupport_introspection_cpp.hpp
-- Installing: /home/ana/robot_ws/install/firebot/include/firebot/firebot/msg/detail/encoder_data__type_support.cpp
-- Installing: /home/ana/robot_ws/install/firebot/include/firebot/firebot/msg/detail/motor_command__rosidl_typesupport_introspection_cpp.hpp
-- Installing: /home/ana/robot_ws/install/firebot/lib/libfirebot__rosidl_typesupport_introspection_cpp.so
-- Set runtime path of "/home/ana/robot_ws/install/firebot/lib/libfirebot__rosidl_typesupport_introspection_cpp.so" to ""
-- Installing: /home/ana/robot_ws/install/firebot/lib/libfirebot__rosidl_typesupport_cpp.so
-- Set runtime path of "/home/ana/robot_ws/install/firebot/lib/libfirebot__rosidl_typesupport_cpp.so" to ""
-- Installing: /home/ana/robot_ws/install/firebot/share/firebot/environment/pythonpath.sh
-- Installing: /home/ana/robot_ws/install/firebot/share/firebot/environment/pythonpath.dsv
-- Installing: /home/ana/robot_ws/install/firebot/local/lib/python3.10/dist-packages/firebot-0.0.1-py3.10.egg-info
-- Installing: /home/ana/robot_ws/install/firebot/local/lib/python3.10/dist-packages/firebot-0.0.1-py3.10.egg-info/SOURCES.txt
-- Installing: /home/ana/robot_ws/install/firebot/local/lib/python3.10/dist-packages/firebot-0.0.1-py3.10.egg-info/dependency_links.txt
-- Installing: /home/ana/robot_ws/install/firebot/local/lib/python3.10/dist-packages/firebot-0.0.1-py3.10.egg-info/PKG-INFO
-- Installing: /home/ana/robot_ws/install/firebot/local/lib/python3.10/dist-packages/firebot-0.0.1-py3.10.egg-info/top_level.txt
-- Installing: /home/ana/robot_ws/install/firebot/local/lib/python3.10/dist-packages/firebot
-- Installing: /home/ana/robot_ws/install/firebot/local/lib/python3.10/dist-packages/firebot/firebot_s__rosidl_typesupport_c.cpython-310-x86_64-linux-gnu.so
-- Installing: /home/ana/robot_ws/install/firebot/local/lib/python3.10/dist-packages/firebot/_firebot_s.ep.rosidl_typesupport_introspection_c.c
-- Installing: /home/ana/robot_ws/install/firebot/local/lib/python3.10/dist-packages/firebot/__init__.py
-- Installing: /home/ana/robot_ws/install/firebot/local/lib/python3.10/dist-packages/firebot/libfirebot__rosidl_generator_py.so
-- Installing: /home/ana/robot_ws/install/firebot/local/lib/python3.10/dist-packages/firebot/srv
-- Installing: /home/ana/robot_ws/install/firebot/local/lib/python3.10/dist-packages/firebot/srv/__init__.py
-- Installing: /home/ana/robot_ws/install/firebot/local/lib/python3.10/dist-packages/firebot/srv/_set_pid_params_s.c
-- Installing: /home/ana/robot_ws/install/firebot/local/lib/python3.10/dist-packages/firebot/srv/_set_pid_params.py
-- Installing: /home/ana/robot_ws/install/firebot/local/lib/python3.10/dist-packages/firebot/firebot_s__rosidl_typesupport_introspection_c.cpython-310-x86_64-linux-gnu.so
-- Installing: /home/ana/robot_ws/install/firebot/local/lib/python3.10/dist-packages/firebot/_firebot_s.ep.rosidl_typesupport_fastrtps_c.c
-- Installing: /home/ana/robot_ws/install/firebot/local/lib/python3.10/dist-packages/firebot/_firebot_s.ep.rosidl_typesupport_c.c
-- Installing: /home/ana/robot_ws/install/firebot/local/lib/python3.10/dist-packages/firebot/firebot_s__rosidl_typesupport_fastrtps_c.cpython-310-x86_64-linux-gnu.so
-- Installing: /home/ana/robot_ws/install/firebot/local/lib/python3.10/dist-packages/firebot/msg
-- Installing: /home/ana/robot_ws/install/firebot/local/lib/python3.10/dist-packages/firebot/msg/__init__.py
-- Installing: /home/ana/robot_ws/install/firebot/local/lib/python3.10/dist-packages/firebot/msg/_motor_command.py
-- Installing: /home/ana/robot_ws/install/firebot/local/lib/python3.10/dist-packages/firebot/msg/_encoder_data.py
-- Installing: /home/ana/robot_ws/install/firebot/local/lib/python3.10/dist-packages/firebot/msg/_encoder_data_s.c
-- Installing: /home/ana/robot_ws/install/firebot/local/lib/python3.10/dist-packages/firebot/msg/_motor_command_s.c
Listing '/home/ana/robot_ws/install/firebot/local/lib/python3.10/dist-packages/firebot'...
Compiling '/home/ana/robot_ws/install/firebot/local/lib/python3.10/dist-packages/firebot/__init__.py'...
Listing '/home/ana/robot_ws/install/firebot/local/lib/python3.10/dist-packages/firebot/msg'...
Compiling '/home/ana/robot_ws/install/firebot/local/lib/python3.10/dist-packages/firebot/msg/__init__.py'...
Compiling '/home/ana/robot_ws/install/firebot/local/lib/python3.10/dist-packages/firebot/msg/_encoder_data.py'...
Compiling '/home/ana/robot_ws/install/firebot/local/lib/python3.10/dist-packages/firebot/msg/_motor_command.py'...
Listing '/home/ana/robot_ws/install/firebot/local/lib/python3.10/dist-packages/firebot/srv'...
Compiling '/home/ana/robot_ws/install/firebot/local/lib/python3.10/dist-packages/firebot/srv/__init__.py'...
Compiling '/home/ana/robot_ws/install/firebot/local/lib/python3.10/dist-packages/firebot/srv/_set_pid_params.py'...
-- Installing: /home/ana/robot_ws/install/firebot/local/lib/python3.10/dist-packages/firebot/firebot_s__rosidl_typesupport_fastrtps_c.cpython-310-x86_64-linux-gnu.so
-- Set runtime path of "/home/ana/robot_ws/install/firebot/local/lib/python3.10/dist-packages/firebot/firebot_s__rosidl_typesupport_fastrtps_c.cpython-310-x86_64-linux-gnu.so" to ""
-- Installing: /home/ana/robot_ws/install/firebot/local/lib/python3.10/dist-packages/firebot/firebot_s__rosidl_typesupport_introspection_c.cpython-310-x86_64-linux-gnu.so
-- Set runtime path of "/home/ana/robot_ws/install/firebot/local/lib/python3.10/dist-packages/firebot/firebot_s__rosidl_typesupport_introspection_c.cpython-310-x86_64-linux-gnu.so" to ""
-- Installing: /home/ana/robot_ws/install/firebot/local/lib/python3.10/dist-packages/firebot/firebot_s__rosidl_typesupport_c.cpython-310-x86_64-linux-gnu.so
-- Set runtime path of "/home/ana/robot_ws/install/firebot/local/lib/python3.10/dist-packages/firebot/firebot_s__rosidl_typesupport_c.cpython-310-x86_64-linux-gnu.so" to ""
-- Installing: /home/ana/robot_ws/install/firebot/lib/libfirebot__rosidl_generator_py.so
-- Set runtime path of "/home/ana/robot_ws/install/firebot/lib/libfirebot__rosidl_generator_py.so" to ""
-- Installing: /home/ana/robot_ws/install/firebot/share/firebot/msg/EncoderData.idl
-- Installing: /home/ana/robot_ws/install/firebot/share/firebot/msg/MotorCommand.idl
-- Installing: /home/ana/robot_ws/install/firebot/share/firebot/srv/SetPIDParams.idl
-- Installing: /home/ana/robot_ws/install/firebot/share/firebot/msg/EncoderData.msg
-- Installing: /home/ana/robot_ws/install/firebot/share/firebot/msg/MotorCommand.msg
-- Installing: /home/ana/robot_ws/install/firebot/share/firebot/srv/SetPIDParams.srv
-- Installing: /home/ana/robot_ws/install/firebot/share/firebot/srv/SetPIDParams_Request.msg
-- Installing: /home/ana/robot_ws/install/firebot/share/firebot/srv/SetPIDParams_Response.msg
-- Installing: /home/ana/robot_ws/install/firebot/lib/firebot/lidar_node
-- Set runtime path of "/home/ana/robot_ws/install/firebot/lib/firebot/lidar_node" to ""
-- Installing: /home/ana/robot_ws/install/firebot/lib/firebot/motor_controller
-- Set runtime path of "/home/ana/robot_ws/install/firebot/lib/firebot/motor_controller" to ""
-- Installing: /home/ana/robot_ws/install/firebot/lib/firebot/odometry_publisher
-- Set runtime path of "/home/ana/robot_ws/install/firebot/lib/firebot/odometry_publisher" to ""
-- Installing: /home/ana/robot_ws/install/firebot/lib/firebot/tf_broadcaster
-- Set runtime path of "/home/ana/robot_ws/install/firebot/lib/firebot/tf_broadcaster" to ""
-- Installing: /home/ana/robot_ws/install/firebot/local/lib/python3.10/dist-packages/firebot_py-0.0.1-py3.10.egg-info
-- Installing: /home/ana/robot_ws/install/firebot/local/lib/python3.10/dist-packages/firebot_py-0.0.1-py3.10.egg-info/SOURCES.txt
-- Installing: /home/ana/robot_ws/install/firebot/local/lib/python3.10/dist-packages/firebot_py-0.0.1-py3.10.egg-info/dependency_links.txt
-- Installing: /home/ana/robot_ws/install/firebot/local/lib/python3.10/dist-packages/firebot_py-0.0.1-py3.10.egg-info/PKG-INFO
-- Installing: /home/ana/robot_ws/install/firebot/local/lib/python3.10/dist-packages/firebot_py-0.0.1-py3.10.egg-info/top_level.txt
-- Installing: /home/ana/robot_ws/install/firebot/local/lib/python3.10/dist-packages/firebot_py
-- Installing: /home/ana/robot_ws/install/firebot/local/lib/python3.10/dist-packages/firebot_py/navigation_control.py
-- Installing: /home/ana/robot_ws/install/firebot/local/lib/python3.10/dist-packages/firebot_py/serial_bridge.py
-- Installing: /home/ana/robot_ws/install/firebot/local/lib/python3.10/dist-packages/firebot_py/slam_mapping.py
-- Installing: /home/ana/robot_ws/install/firebot/local/lib/python3.10/dist-packages/firebot_py/__init__.py
-- Installing: /home/ana/robot_ws/install/firebot/local/lib/python3.10/dist-packages/firebot_py/lidar_processing.py
-- Installing: /home/ana/robot_ws/install/firebot/local/lib/python3.10/dist-packages/firebot_py/thermal_camera.py
Listing '/home/ana/robot_ws/install/firebot/local/lib/python3.10/dist-packages/firebot_py'...
Compiling '/home/ana/robot_ws/install/firebot/local/lib/python3.10/dist-packages/firebot_py/__init__.py'...
Compiling '/home/ana/robot_ws/install/firebot/local/lib/python3.10/dist-packages/firebot_py/lidar_processing.py'...
Compiling '/home/ana/robot_ws/install/firebot/local/lib/python3.10/dist-packages/firebot_py/navigation_control.py'...
Compiling '/home/ana/robot_ws/install/firebot/local/lib/python3.10/dist-packages/firebot_py/serial_bridge.py'...
Compiling '/home/ana/robot_ws/install/firebot/local/lib/python3.10/dist-packages/firebot_py/slam_mapping.py'...
Compiling '/home/ana/robot_ws/install/firebot/local/lib/python3.10/dist-packages/firebot_py/thermal_camera.py'...
-- Installing: /home/ana/robot_ws/install/firebot/share/firebot/launch
-- Installing: /home/ana/robot_ws/install/firebot/share/firebot/launch/motor_control.launch.py
-- Installing: /home/ana/robot_ws/install/firebot/share/firebot/launch/serial_bridge.launch.py
-- Installing: /home/ana/robot_ws/install/firebot/share/firebot/launch/thermal.launch.py
-- Installing: /home/ana/robot_ws/install/firebot/share/firebot/launch/thermal_camera.launch.py
-- Installing: /home/ana/robot_ws/install/firebot/share/firebot/launch/bringup.launch.py
-- Installing: /home/ana/robot_ws/install/firebot/share/firebot/launch/lidar.launch.py
-- Installing: /home/ana/robot_ws/install/firebot/share/firebot/launch/navigation.launch.py
-- Installing: /home/ana/robot_ws/install/firebot/share/firebot/launch/slam.launch.py
-- Installing: /home/ana/robot_ws/install/firebot/share/firebot/config
-- Installing: /home/ana/robot_ws/install/firebot/share/firebot/config/serial_config.yaml
-- Installing: /home/ana/robot_ws/install/firebot/share/firebot/config/lidar_config.yaml
-- Installing: /home/ana/robot_ws/install/firebot/share/firebot/config/nav2_params.yaml
-- Installing: /home/ana/robot_ws/install/firebot/share/firebot/config/motor_controller.yaml
-- Installing: /home/ana/robot_ws/install/firebot/share/firebot/config/thermal_camera.yaml
-- Installing: /home/ana/robot_ws/install/firebot/share/firebot/config/slam_params.yaml
-- Installing: /home/ana/robot_ws/install/firebot/share/firebot/config/robot_description.urdf
-- Installing: /home/ana/robot_ws/install/firebot/share/ament_index/resource_index/package_run_dependencies/firebot
-- Installing: /home/ana/robot_ws/install/firebot/share/ament_index/resource_index/parent_prefix_path/firebot
-- Installing: /home/ana/robot_ws/install/firebot/share/firebot/environment/ament_prefix_path.sh
-- Installing: /home/ana/robot_ws/install/firebot/share/firebot/environment/ament_prefix_path.dsv
-- Installing: /home/ana/robot_ws/install/firebot/share/firebot/environment/path.sh
-- Installing: /home/ana/robot_ws/install/firebot/share/firebot/environment/path.dsv
-- Installing: /home/ana/robot_ws/install/firebot/share/firebot/local_setup.bash
-- Installing: /home/ana/robot_ws/install/firebot/share/firebot/local_setup.sh
-- Installing: /home/ana/robot_ws/install/firebot/share/firebot/local_setup.zsh
-- Installing: /home/ana/robot_ws/install/firebot/share/firebot/local_setup.dsv
-- Installing: /home/ana/robot_ws/install/firebot/share/firebot/package.dsv
-- Installing: /home/ana/robot_ws/install/firebot/share/ament_index/resource_index/packages/firebot
-- Installing: /home/ana/robot_ws/install/firebot/share/firebot/cmake/export_firebot__rosidl_generator_cExport.cmake
-- Installing: /home/ana/robot_ws/install/firebot/share/firebot/cmake/export_firebot__rosidl_generator_cExport-noconfig.cmake
-- Installing: /home/ana/robot_ws/install/firebot/share/firebot/cmake/export_firebot__rosidl_typesupport_fastrtps_cExport.cmake
-- Installing: /home/ana/robot_ws/install/firebot/share/firebot/cmake/export_firebot__rosidl_typesupport_fastrtps_cExport-noconfig.cmake
-- Installing: /home/ana/robot_ws/install/firebot/share/firebot/cmake/export_firebot__rosidl_generator_cppExport.cmake
-- Installing: /home/ana/robot_ws/install/firebot/share/firebot/cmake/export_firebot__rosidl_typesupport_fastrtps_cppExport.cmake
-- Installing: /home/ana/robot_ws/install/firebot/share/firebot/cmake/export_firebot__rosidl_typesupport_fastrtps_cppExport-noconfig.cmake
-- Installing: /home/ana/robot_ws/install/firebot/share/firebot/cmake/firebot__rosidl_typesupport_introspection_cExport.cmake
-- Installing: /home/ana/robot_ws/install/firebot/share/firebot/cmake/firebot__rosidl_typesupport_introspection_cExport-noconfig.cmake
-- Installing: /home/ana/robot_ws/install/firebot/share/firebot/cmake/firebot__rosidl_typesupport_cExport.cmake
-- Installing: /home/ana/robot_ws/install/firebot/share/firebot/cmake/firebot__rosidl_typesupport_cExport-noconfig.cmake
-- Installing: /home/ana/robot_ws/install/firebot/share/firebot/cmake/firebot__rosidl_typesupport_introspection_cppExport.cmake
-- Installing: /home/ana/robot_ws/install/firebot/share/firebot/cmake/firebot__rosidl_typesupport_introspection_cppExport-noconfig.cmake
-- Installing: /home/ana/robot_ws/install/firebot/share/firebot/cmake/firebot__rosidl_typesupport_cppExport.cmake
-- Installing: /home/ana/robot_ws/install/firebot/share/firebot/cmake/firebot__rosidl_typesupport_cppExport-noconfig.cmake
-- Installing: /home/ana/robot_ws/install/firebot/share/firebot/cmake/export_firebot__rosidl_generator_pyExport.cmake
-- Installing: /home/ana/robot_ws/install/firebot/share/firebot/cmake/export_firebot__rosidl_generator_pyExport-noconfig.cmake
-- Installing: /home/ana/robot_ws/install/firebot/share/firebot/cmake/rosidl_cmake-extras.cmake
-- Installing: /home/ana/robot_ws/install/firebot/share/firebot/cmake/ament_cmake_export_include_directories-extras.cmake
-- Installing: /home/ana/robot_ws/install/firebot/share/firebot/cmake/ament_cmake_export_libraries-extras.cmake
-- Installing: /home/ana/robot_ws/install/firebot/share/firebot/cmake/ament_cmake_export_targets-extras.cmake
-- Installing: /home/ana/robot_ws/install/firebot/share/firebot/cmake/rosidl_cmake_export_typesupport_targets-extras.cmake
-- Installing: /home/ana/robot_ws/install/firebot/share/firebot/cmake/ament_cmake_export_dependencies-extras.cmake
-- Installing: /home/ana/robot_ws/install/firebot/share/firebot/cmake/rosidl_cmake_export_typesupport_libraries-extras.cmake
-- Installing: /home/ana/robot_ws/install/firebot/share/firebot/cmake/firebotConfig.cmake
-- Installing: /home/ana/robot_ws/install/firebot/share/firebot/cmake/firebotConfig-version.cmake
-- Installing: /home/ana/robot_ws/install/firebot/share/firebot/package.xml
