[0.013s] Invoking command in '/home/ana/robot_ws/build/firebot': CMAKE_PREFIX_PATH=${CMAKE_PREFIX_PATH}:/opt/ros/humble /usr/bin/cmake /home/ana/robot_ws/src/firebot -DCMAKE_INSTALL_PREFIX=/home/ana/robot_ws/install/firebot
[0.030s] -- Found ament_cmake: 1.3.11 (/opt/ros/humble/share/ament_cmake/cmake)
[0.199s] -- Found rclcpp: 16.0.11 (/opt/ros/humble/share/rclcpp/cmake)
[0.241s] -- Found rosidl_generator_c: 3.1.6 (/opt/ros/humble/share/rosidl_generator_c/cmake)
[0.245s] -- Found rosidl_adapter: 3.1.6 (/opt/ros/humble/share/rosidl_adapter/cmake)
[0.252s] -- Found rosidl_generator_cpp: 3.1.6 (/opt/ros/humble/share/rosidl_generator_cpp/cmake)
[0.265s] -- Using all available rosidl_typesupport_c: rosidl_typesupport_fastrtps_c;rosidl_typesupport_introspection_c
[0.282s] -- Using all available rosidl_typesupport_cpp: rosidl_typesupport_fastrtps_cpp;rosidl_typesupport_introspection_cpp
[0.332s] -- Found rmw_implementation_cmake: 6.1.2 (/opt/ros/humble/share/rmw_implementation_cmake/cmake)
[0.334s] -- Found rmw_fastrtps_cpp: 6.2.7 (/opt/ros/humble/share/rmw_fastrtps_cpp/cmake)
[0.476s] -- Using RMW implementation 'rmw_fastrtps_cpp' as default
[0.538s] -- Found rclpy: 3.3.15 (/opt/ros/humble/share/rclpy/cmake)
[0.538s] -- Found sensor_msgs: 4.2.4 (/opt/ros/humble/share/sensor_msgs/cmake)
[0.574s] -- Found rosidl_default_generators: 1.2.0 (/opt/ros/humble/share/rosidl_default_generators/cmake)
[0.918s] -- Found ament_cmake_ros: 0.10.0 (/opt/ros/humble/share/ament_cmake_ros/cmake)
[1.302s] -- Using all available rosidl_typesupport_c: rosidl_typesupport_fastrtps_c;rosidl_typesupport_introspection_c
[1.468s] -- Using all available rosidl_typesupport_cpp: rosidl_typesupport_fastrtps_cpp;rosidl_typesupport_introspection_cpp
[1.499s] -- Found python_cmake_module: 0.10.0 (/opt/ros/humble/share/python_cmake_module/cmake)
[1.533s] -- Using PYTHON_EXECUTABLE: /usr/bin/python3
[1.533s] -- Using PYTHON_INCLUDE_DIRS: /usr/include/python3.10
[1.533s] -- Using PYTHON_LIBRARIES: /usr/lib/x86_64-linux-gnu/libpython3.10.so
[1.561s] -- Configuring done
[1.618s] -- Generating done
[1.641s] -- Build files have been written to: /home/ana/robot_ws/build/firebot
[1.654s] Invoked command in '/home/ana/robot_ws/build/firebot' returned '0': CMAKE_PREFIX_PATH=${CMAKE_PREFIX_PATH}:/opt/ros/humble /usr/bin/cmake /home/ana/robot_ws/src/firebot -DCMAKE_INSTALL_PREFIX=/home/ana/robot_ws/install/firebot
[1.657s] Invoking command in '/home/ana/robot_ws/build/firebot': CMAKE_PREFIX_PATH=${CMAKE_PREFIX_PATH}:/opt/ros/humble /usr/bin/cmake --build /home/ana/robot_ws/build/firebot -- -j20 -l20
[1.721s] [  1%] [34m[1mGenerating C code for ROS interfaces[0m
[1.738s] [  3%] [32mBuilding CXX object CMakeFiles/motor_controller.dir/src/motor_controller.cpp.o[0m
[1.741s] [  5%] [34m[1mGenerating C++ code for ROS interfaces[0m
[1.742s] [  7%] [32mBuilding CXX object CMakeFiles/lidar_node.dir/src/lidar_node.cpp.o[0m
[1.743s] [  9%] [32mBuilding CXX object CMakeFiles/tf_broadcaster.dir/src/tf_broadcaster.cpp.o[0m
[1.745s] [ 10%] [32mBuilding CXX object CMakeFiles/odometry_publisher.dir/src/odometry_publisher.cpp.o[0m
[1.755s] [ 10%] Built target ament_cmake_python_copy_firebot_py
[1.763s] [ 10%] Built target ament_cmake_python_copy_firebot
[2.295s] running egg_info
[2.297s] creating firebot_py.egg-info
[2.297s] writing firebot_py.egg-info/PKG-INFO
[2.298s] writing dependency_links to firebot_py.egg-info/dependency_links.txt
[2.298s] writing top-level names to firebot_py.egg-info/top_level.txt
[2.299s] writing manifest file 'firebot_py.egg-info/SOURCES.txt'
[2.305s] reading manifest file 'firebot_py.egg-info/SOURCES.txt'
[2.306s] writing manifest file 'firebot_py.egg-info/SOURCES.txt'
[2.323s] running egg_info
[2.324s] creating firebot.egg-info
[2.325s] writing firebot.egg-info/PKG-INFO
[2.325s] writing dependency_links to firebot.egg-info/dependency_links.txt
[2.325s] writing top-level names to firebot.egg-info/top_level.txt
[2.326s] writing manifest file 'firebot.egg-info/SOURCES.txt'
[2.329s] reading manifest file 'firebot.egg-info/SOURCES.txt'
[2.330s] writing manifest file 'firebot.egg-info/SOURCES.txt'
[2.383s] [ 10%] Built target ament_cmake_python_build_firebot_py_egg
[2.414s] [ 10%] Built target ament_cmake_python_build_firebot_egg
[2.546s] [ 10%] Built target firebot__cpp
[2.571s] [ 12%] [34m[1mGenerating C++ type support for eProsima Fast-RTPS[0m
[2.574s] [ 14%] [34m[1mGenerating C++ type support dispatch for ROS interfaces[0m
[2.575s] [ 16%] [34m[1mGenerating C++ introspection for ROS interfaces[0m
[2.688s] [ 21%] [32mBuilding C object CMakeFiles/firebot__rosidl_generator_c.dir/rosidl_generator_c/firebot/msg/detail/motor_command__functions.c.o[0m
[2.688s] [ 21%] [32mBuilding C object CMakeFiles/firebot__rosidl_generator_c.dir/rosidl_generator_c/firebot/msg/detail/encoder_data__functions.c.o[0m
[2.688s] [ 21%] [32mBuilding C object CMakeFiles/firebot__rosidl_generator_c.dir/rosidl_generator_c/firebot/srv/detail/set_pid_params__functions.c.o[0m
[2.872s] [ 23%] [32m[1mLinking C shared library libfirebot__rosidl_generator_c.so[0m
[2.978s] [ 23%] Built target firebot__rosidl_generator_c
[3.005s] [ 25%] [34m[1mGenerating C type support for eProsima Fast-RTPS[0m
[3.006s] [ 27%] [34m[1mGenerating C introspection for ROS interfaces[0m
[3.008s] [ 29%] [34m[1mGenerating C type support dispatch for ROS interfaces[0m
[3.248s] [ 30%] [32mBuilding CXX object CMakeFiles/firebot__rosidl_typesupport_cpp.dir/rosidl_typesupport_cpp/firebot/srv/set_pid_params__type_support.cpp.o[0m
[3.253s] [ 32%] [32mBuilding CXX object CMakeFiles/firebot__rosidl_typesupport_cpp.dir/rosidl_typesupport_cpp/firebot/msg/encoder_data__type_support.cpp.o[0m
[3.255s] [ 34%] [32mBuilding CXX object CMakeFiles/firebot__rosidl_typesupport_cpp.dir/rosidl_typesupport_cpp/firebot/msg/motor_command__type_support.cpp.o[0m
[3.345s] [ 36%] [32mBuilding CXX object CMakeFiles/firebot__rosidl_typesupport_introspection_cpp.dir/rosidl_typesupport_introspection_cpp/firebot/msg/detail/motor_command__type_support.cpp.o[0m
[3.350s] [ 40%] [32mBuilding CXX object CMakeFiles/firebot__rosidl_typesupport_introspection_cpp.dir/rosidl_typesupport_introspection_cpp/firebot/msg/detail/encoder_data__type_support.cpp.o[0m
[3.351s] [ 40%] [32mBuilding CXX object CMakeFiles/firebot__rosidl_typesupport_introspection_cpp.dir/rosidl_typesupport_introspection_cpp/firebot/srv/detail/set_pid_params__type_support.cpp.o[0m
[3.609s] [ 41%] [32mBuilding CXX object CMakeFiles/firebot__rosidl_typesupport_fastrtps_cpp.dir/rosidl_typesupport_fastrtps_cpp/firebot/msg/detail/dds_fastrtps/encoder_data__type_support.cpp.o[0m
[3.609s] [ 43%] [32mBuilding CXX object CMakeFiles/firebot__rosidl_typesupport_fastrtps_cpp.dir/rosidl_typesupport_fastrtps_cpp/firebot/srv/detail/dds_fastrtps/set_pid_params__type_support.cpp.o[0m
[3.611s] [ 45%] [32mBuilding CXX object CMakeFiles/firebot__rosidl_typesupport_fastrtps_cpp.dir/rosidl_typesupport_fastrtps_cpp/firebot/msg/detail/dds_fastrtps/motor_command__type_support.cpp.o[0m
[4.032s] [ 47%] [32mBuilding CXX object CMakeFiles/firebot__rosidl_typesupport_fastrtps_c.dir/rosidl_typesupport_fastrtps_c/firebot/msg/detail/motor_command__type_support_c.cpp.o[0m
[4.033s] [ 49%] [32mBuilding CXX object CMakeFiles/firebot__rosidl_typesupport_fastrtps_c.dir/rosidl_typesupport_fastrtps_c/firebot/msg/detail/encoder_data__type_support_c.cpp.o[0m
[4.033s] [ 50%] [32mBuilding CXX object CMakeFiles/firebot__rosidl_typesupport_fastrtps_c.dir/rosidl_typesupport_fastrtps_c/firebot/srv/detail/set_pid_params__type_support_c.cpp.o[0m
[4.042s] [ 52%] [32mBuilding CXX object CMakeFiles/firebot__rosidl_typesupport_c.dir/rosidl_typesupport_c/firebot/msg/encoder_data__type_support.cpp.o[0m
[4.043s] [ 54%] [32mBuilding CXX object CMakeFiles/firebot__rosidl_typesupport_c.dir/rosidl_typesupport_c/firebot/msg/motor_command__type_support.cpp.o[0m
[4.043s] [ 56%] [32mBuilding CXX object CMakeFiles/firebot__rosidl_typesupport_c.dir/rosidl_typesupport_c/firebot/srv/set_pid_params__type_support.cpp.o[0m
[4.162s] [ 58%] [32mBuilding C object CMakeFiles/firebot__rosidl_typesupport_introspection_c.dir/rosidl_typesupport_introspection_c/firebot/msg/detail/motor_command__type_support.c.o[0m
[4.164s] [ 60%] [32mBuilding C object CMakeFiles/firebot__rosidl_typesupport_introspection_c.dir/rosidl_typesupport_introspection_c/firebot/msg/detail/encoder_data__type_support.c.o[0m
[4.173s] [ 61%] [32mBuilding C object CMakeFiles/firebot__rosidl_typesupport_introspection_c.dir/rosidl_typesupport_introspection_c/firebot/srv/detail/set_pid_params__type_support.c.o[0m
[4.184s] [ 63%] [32m[1mLinking CXX shared library libfirebot__rosidl_typesupport_c.so[0m
[4.279s] [ 65%] [32m[1mLinking CXX shared library libfirebot__rosidl_typesupport_cpp.so[0m
[4.298s] [ 67%] [32m[1mLinking C shared library libfirebot__rosidl_typesupport_introspection_c.so[0m
[4.323s] [ 67%] Built target firebot__rosidl_typesupport_c
[4.382s] [ 67%] Built target firebot__rosidl_typesupport_introspection_c
[4.385s] [ 67%] Built target firebot__rosidl_typesupport_cpp
[4.825s] [ 69%] [32m[1mLinking CXX shared library libfirebot__rosidl_typesupport_introspection_cpp.so[0m
[5.005s] [ 69%] Built target firebot__rosidl_typesupport_introspection_cpp
[5.157s] [ 70%] [32m[1mLinking CXX shared library libfirebot__rosidl_typesupport_fastrtps_c.so[0m
[5.288s] [ 72%] [32m[1mLinking CXX shared library libfirebot__rosidl_typesupport_fastrtps_cpp.so[0m
[5.384s] [ 72%] Built target firebot__rosidl_typesupport_fastrtps_c
[5.497s] [ 72%] Built target firebot__rosidl_typesupport_fastrtps_cpp
[5.552s] [ 72%] Built target firebot
[5.599s] [ 74%] [34m[1mGenerating Python code for ROS interfaces[0m
[6.543s] [ 74%] Built target firebot__py
[6.597s] [ 76%] [32mBuilding C object CMakeFiles/firebot__rosidl_generator_py.dir/rosidl_generator_py/firebot/msg/_encoder_data_s.c.o[0m
[6.601s] [ 78%] [32mBuilding C object CMakeFiles/firebot__rosidl_generator_py.dir/rosidl_generator_py/firebot/msg/_motor_command_s.c.o[0m
[6.604s] [ 80%] [32mBuilding C object CMakeFiles/firebot__rosidl_generator_py.dir/rosidl_generator_py/firebot/srv/_set_pid_params_s.c.o[0m
[6.837s] [ 81%] [32m[1mLinking C shared library rosidl_generator_py/firebot/libfirebot__rosidl_generator_py.so[0m
[6.943s] [ 81%] Built target firebot__rosidl_generator_py
[6.994s] [ 83%] [32mBuilding C object CMakeFiles/firebot__rosidl_typesupport_c__pyext.dir/rosidl_generator_py/firebot/_firebot_s.ep.rosidl_typesupport_c.c.o[0m
[6.999s] [ 85%] [32mBuilding C object CMakeFiles/firebot__rosidl_typesupport_fastrtps_c__pyext.dir/rosidl_generator_py/firebot/_firebot_s.ep.rosidl_typesupport_fastrtps_c.c.o[0m
[7.001s] [ 87%] [32mBuilding C object CMakeFiles/firebot__rosidl_typesupport_introspection_c__pyext.dir/rosidl_generator_py/firebot/_firebot_s.ep.rosidl_typesupport_introspection_c.c.o[0m
[7.209s] [ 89%] [32m[1mLinking C shared library rosidl_generator_py/firebot/firebot_s__rosidl_typesupport_c.cpython-310-x86_64-linux-gnu.so[0m
[7.216s] [ 90%] [32m[1mLinking C shared library rosidl_generator_py/firebot/firebot_s__rosidl_typesupport_introspection_c.cpython-310-x86_64-linux-gnu.so[0m
[7.279s] [ 92%] [32m[1mLinking C shared library rosidl_generator_py/firebot/firebot_s__rosidl_typesupport_fastrtps_c.cpython-310-x86_64-linux-gnu.so[0m
[7.289s] [ 92%] Built target firebot__rosidl_typesupport_c__pyext
[7.303s] [ 92%] Built target firebot__rosidl_typesupport_introspection_c__pyext
[7.361s] [ 92%] Built target firebot__rosidl_typesupport_fastrtps_c__pyext
[7.974s] [ 94%] [32m[1mLinking CXX executable tf_broadcaster[0m
[7.987s] [ 96%] [32m[1mLinking CXX executable motor_controller[0m
[8.161s] [ 96%] Built target tf_broadcaster
[8.170s] [ 96%] Built target motor_controller
[8.281s] [ 98%] [32m[1mLinking CXX executable odometry_publisher[0m
[8.444s] [ 98%] Built target odometry_publisher
[8.536s] [100%] [32m[1mLinking CXX executable lidar_node[0m
[8.676s] [100%] Built target lidar_node
[8.693s] Invoked command in '/home/ana/robot_ws/build/firebot' returned '0': CMAKE_PREFIX_PATH=${CMAKE_PREFIX_PATH}:/opt/ros/humble /usr/bin/cmake --build /home/ana/robot_ws/build/firebot -- -j20 -l20
[8.708s] Invoking command in '/home/ana/robot_ws/build/firebot': CMAKE_PREFIX_PATH=${CMAKE_PREFIX_PATH}:/opt/ros/humble /usr/bin/cmake --install /home/ana/robot_ws/build/firebot
[8.719s] -- Install configuration: ""
[8.719s] -- Installing: /home/ana/robot_ws/install/firebot/share/ament_index/resource_index/rosidl_interfaces/firebot
[8.719s] -- Installing: /home/ana/robot_ws/install/firebot/include/firebot/firebot
[8.720s] -- Installing: /home/ana/robot_ws/install/firebot/include/firebot/firebot/srv
[8.720s] -- Installing: /home/ana/robot_ws/install/firebot/include/firebot/firebot/srv/set_pid_params.h
[8.720s] -- Installing: /home/ana/robot_ws/install/firebot/include/firebot/firebot/srv/detail
[8.720s] -- Installing: /home/ana/robot_ws/install/firebot/include/firebot/firebot/srv/detail/set_pid_params__struct.h
[8.720s] -- Installing: /home/ana/robot_ws/install/firebot/include/firebot/firebot/srv/detail/set_pid_params__type_support.h
[8.720s] -- Installing: /home/ana/robot_ws/install/firebot/include/firebot/firebot/srv/detail/set_pid_params__functions.h
[8.721s] -- Installing: /home/ana/robot_ws/install/firebot/include/firebot/firebot/srv/detail/set_pid_params__functions.c
[8.721s] -- Installing: /home/ana/robot_ws/install/firebot/include/firebot/firebot/msg
[8.721s] -- Installing: /home/ana/robot_ws/install/firebot/include/firebot/firebot/msg/rosidl_generator_c__visibility_control.h
[8.721s] -- Installing: /home/ana/robot_ws/install/firebot/include/firebot/firebot/msg/motor_command.h
[8.721s] -- Installing: /home/ana/robot_ws/install/firebot/include/firebot/firebot/msg/encoder_data.h
[8.721s] -- Installing: /home/ana/robot_ws/install/firebot/include/firebot/firebot/msg/detail
[8.721s] -- Installing: /home/ana/robot_ws/install/firebot/include/firebot/firebot/msg/detail/motor_command__struct.h
[8.721s] -- Installing: /home/ana/robot_ws/install/firebot/include/firebot/firebot/msg/detail/motor_command__functions.h
[8.721s] -- Installing: /home/ana/robot_ws/install/firebot/include/firebot/firebot/msg/detail/encoder_data__functions.c
[8.722s] -- Installing: /home/ana/robot_ws/install/firebot/include/firebot/firebot/msg/detail/encoder_data__type_support.h
[8.722s] -- Installing: /home/ana/robot_ws/install/firebot/include/firebot/firebot/msg/detail/motor_command__type_support.h
[8.722s] -- Installing: /home/ana/robot_ws/install/firebot/include/firebot/firebot/msg/detail/encoder_data__struct.h
[8.722s] -- Installing: /home/ana/robot_ws/install/firebot/include/firebot/firebot/msg/detail/motor_command__functions.c
[8.722s] -- Installing: /home/ana/robot_ws/install/firebot/include/firebot/firebot/msg/detail/encoder_data__functions.h
[8.722s] -- Installing: /home/ana/robot_ws/install/firebot/share/firebot/environment/library_path.sh
[8.722s] -- Installing: /home/ana/robot_ws/install/firebot/share/firebot/environment/library_path.dsv
[8.722s] -- Installing: /home/ana/robot_ws/install/firebot/lib/libfirebot__rosidl_generator_c.so
[8.723s] -- Set runtime path of "/home/ana/robot_ws/install/firebot/lib/libfirebot__rosidl_generator_c.so" to ""
[8.723s] -- Up-to-date: /home/ana/robot_ws/install/firebot/include/firebot/firebot
[8.723s] -- Up-to-date: /home/ana/robot_ws/install/firebot/include/firebot/firebot/srv
[8.723s] -- Up-to-date: /home/ana/robot_ws/install/firebot/include/firebot/firebot/srv/detail
[8.723s] -- Installing: /home/ana/robot_ws/install/firebot/include/firebot/firebot/srv/detail/set_pid_params__rosidl_typesupport_fastrtps_c.h
[8.723s] -- Up-to-date: /home/ana/robot_ws/install/firebot/include/firebot/firebot/msg
[8.723s] -- Installing: /home/ana/robot_ws/install/firebot/include/firebot/firebot/msg/rosidl_typesupport_fastrtps_c__visibility_control.h
[8.723s] -- Up-to-date: /home/ana/robot_ws/install/firebot/include/firebot/firebot/msg/detail
[8.723s] -- Installing: /home/ana/robot_ws/install/firebot/include/firebot/firebot/msg/detail/motor_command__rosidl_typesupport_fastrtps_c.h
[8.723s] -- Installing: /home/ana/robot_ws/install/firebot/include/firebot/firebot/msg/detail/encoder_data__rosidl_typesupport_fastrtps_c.h
[8.724s] -- Installing: /home/ana/robot_ws/install/firebot/lib/libfirebot__rosidl_typesupport_fastrtps_c.so
[8.724s] -- Set runtime path of "/home/ana/robot_ws/install/firebot/lib/libfirebot__rosidl_typesupport_fastrtps_c.so" to ""
[8.724s] -- Up-to-date: /home/ana/robot_ws/install/firebot/include/firebot/firebot
[8.724s] -- Up-to-date: /home/ana/robot_ws/install/firebot/include/firebot/firebot/srv
[8.724s] -- Installing: /home/ana/robot_ws/install/firebot/include/firebot/firebot/srv/set_pid_params.hpp
[8.724s] -- Up-to-date: /home/ana/robot_ws/install/firebot/include/firebot/firebot/srv/detail
[8.724s] -- Installing: /home/ana/robot_ws/install/firebot/include/firebot/firebot/srv/detail/set_pid_params__struct.hpp
[8.724s] -- Installing: /home/ana/robot_ws/install/firebot/include/firebot/firebot/srv/detail/set_pid_params__builder.hpp
[8.724s] -- Installing: /home/ana/robot_ws/install/firebot/include/firebot/firebot/srv/detail/set_pid_params__traits.hpp
[8.724s] -- Installing: /home/ana/robot_ws/install/firebot/include/firebot/firebot/srv/detail/set_pid_params__type_support.hpp
[8.725s] -- Up-to-date: /home/ana/robot_ws/install/firebot/include/firebot/firebot/msg
[8.725s] -- Installing: /home/ana/robot_ws/install/firebot/include/firebot/firebot/msg/encoder_data.hpp
[8.725s] -- Installing: /home/ana/robot_ws/install/firebot/include/firebot/firebot/msg/rosidl_generator_cpp__visibility_control.hpp
[8.725s] -- Installing: /home/ana/robot_ws/install/firebot/include/firebot/firebot/msg/motor_command.hpp
[8.725s] -- Up-to-date: /home/ana/robot_ws/install/firebot/include/firebot/firebot/msg/detail
[8.725s] -- Installing: /home/ana/robot_ws/install/firebot/include/firebot/firebot/msg/detail/motor_command__traits.hpp
[8.725s] -- Installing: /home/ana/robot_ws/install/firebot/include/firebot/firebot/msg/detail/motor_command__struct.hpp
[8.725s] -- Installing: /home/ana/robot_ws/install/firebot/include/firebot/firebot/msg/detail/encoder_data__struct.hpp
[8.725s] -- Installing: /home/ana/robot_ws/install/firebot/include/firebot/firebot/msg/detail/encoder_data__builder.hpp
[8.725s] -- Installing: /home/ana/robot_ws/install/firebot/include/firebot/firebot/msg/detail/motor_command__type_support.hpp
[8.726s] -- Installing: /home/ana/robot_ws/install/firebot/include/firebot/firebot/msg/detail/encoder_data__traits.hpp
[8.726s] -- Installing: /home/ana/robot_ws/install/firebot/include/firebot/firebot/msg/detail/motor_command__builder.hpp
[8.726s] -- Installing: /home/ana/robot_ws/install/firebot/include/firebot/firebot/msg/detail/encoder_data__type_support.hpp
[8.726s] -- Up-to-date: /home/ana/robot_ws/install/firebot/include/firebot/firebot
[8.726s] -- Up-to-date: /home/ana/robot_ws/install/firebot/include/firebot/firebot/srv
[8.726s] -- Up-to-date: /home/ana/robot_ws/install/firebot/include/firebot/firebot/srv/detail
[8.726s] -- Installing: /home/ana/robot_ws/install/firebot/include/firebot/firebot/srv/detail/set_pid_params__rosidl_typesupport_fastrtps_cpp.hpp
[8.726s] -- Installing: /home/ana/robot_ws/install/firebot/include/firebot/firebot/srv/detail/dds_fastrtps
[8.726s] -- Up-to-date: /home/ana/robot_ws/install/firebot/include/firebot/firebot/msg
[8.726s] -- Up-to-date: /home/ana/robot_ws/install/firebot/include/firebot/firebot/msg/detail
[8.726s] -- Installing: /home/ana/robot_ws/install/firebot/include/firebot/firebot/msg/detail/encoder_data__rosidl_typesupport_fastrtps_cpp.hpp
[8.727s] -- Installing: /home/ana/robot_ws/install/firebot/include/firebot/firebot/msg/detail/motor_command__rosidl_typesupport_fastrtps_cpp.hpp
[8.727s] -- Installing: /home/ana/robot_ws/install/firebot/include/firebot/firebot/msg/detail/dds_fastrtps
[8.727s] -- Installing: /home/ana/robot_ws/install/firebot/include/firebot/firebot/msg/rosidl_typesupport_fastrtps_cpp__visibility_control.h
[8.727s] -- Installing: /home/ana/robot_ws/install/firebot/lib/libfirebot__rosidl_typesupport_fastrtps_cpp.so
[8.727s] -- Set runtime path of "/home/ana/robot_ws/install/firebot/lib/libfirebot__rosidl_typesupport_fastrtps_cpp.so" to ""
[8.727s] -- Up-to-date: /home/ana/robot_ws/install/firebot/include/firebot/firebot
[8.727s] -- Up-to-date: /home/ana/robot_ws/install/firebot/include/firebot/firebot/srv
[8.727s] -- Up-to-date: /home/ana/robot_ws/install/firebot/include/firebot/firebot/srv/detail
[8.727s] -- Installing: /home/ana/robot_ws/install/firebot/include/firebot/firebot/srv/detail/set_pid_params__rosidl_typesupport_introspection_c.h
[8.727s] -- Installing: /home/ana/robot_ws/install/firebot/include/firebot/firebot/srv/detail/set_pid_params__type_support.c
[8.728s] -- Up-to-date: /home/ana/robot_ws/install/firebot/include/firebot/firebot/msg
[8.728s] -- Installing: /home/ana/robot_ws/install/firebot/include/firebot/firebot/msg/rosidl_typesupport_introspection_c__visibility_control.h
[8.728s] -- Up-to-date: /home/ana/robot_ws/install/firebot/include/firebot/firebot/msg/detail
[8.728s] -- Installing: /home/ana/robot_ws/install/firebot/include/firebot/firebot/msg/detail/motor_command__rosidl_typesupport_introspection_c.h
[8.728s] -- Installing: /home/ana/robot_ws/install/firebot/include/firebot/firebot/msg/detail/motor_command__type_support.c
[8.728s] -- Installing: /home/ana/robot_ws/install/firebot/include/firebot/firebot/msg/detail/encoder_data__type_support.c
[8.728s] -- Installing: /home/ana/robot_ws/install/firebot/include/firebot/firebot/msg/detail/encoder_data__rosidl_typesupport_introspection_c.h
[8.728s] -- Installing: /home/ana/robot_ws/install/firebot/lib/libfirebot__rosidl_typesupport_introspection_c.so
[8.728s] -- Set runtime path of "/home/ana/robot_ws/install/firebot/lib/libfirebot__rosidl_typesupport_introspection_c.so" to ""
[8.728s] -- Installing: /home/ana/robot_ws/install/firebot/lib/libfirebot__rosidl_typesupport_c.so
[8.728s] -- Set runtime path of "/home/ana/robot_ws/install/firebot/lib/libfirebot__rosidl_typesupport_c.so" to ""
[8.729s] -- Up-to-date: /home/ana/robot_ws/install/firebot/include/firebot/firebot
[8.729s] -- Up-to-date: /home/ana/robot_ws/install/firebot/include/firebot/firebot/srv
[8.729s] -- Up-to-date: /home/ana/robot_ws/install/firebot/include/firebot/firebot/srv/detail
[8.729s] -- Installing: /home/ana/robot_ws/install/firebot/include/firebot/firebot/srv/detail/set_pid_params__rosidl_typesupport_introspection_cpp.hpp
[8.729s] -- Installing: /home/ana/robot_ws/install/firebot/include/firebot/firebot/srv/detail/set_pid_params__type_support.cpp
[8.729s] -- Up-to-date: /home/ana/robot_ws/install/firebot/include/firebot/firebot/msg
[8.729s] -- Up-to-date: /home/ana/robot_ws/install/firebot/include/firebot/firebot/msg/detail
[8.729s] -- Installing: /home/ana/robot_ws/install/firebot/include/firebot/firebot/msg/detail/motor_command__type_support.cpp
[8.729s] -- Installing: /home/ana/robot_ws/install/firebot/include/firebot/firebot/msg/detail/encoder_data__rosidl_typesupport_introspection_cpp.hpp
[8.729s] -- Installing: /home/ana/robot_ws/install/firebot/include/firebot/firebot/msg/detail/encoder_data__type_support.cpp
[8.730s] -- Installing: /home/ana/robot_ws/install/firebot/include/firebot/firebot/msg/detail/motor_command__rosidl_typesupport_introspection_cpp.hpp
[8.730s] -- Installing: /home/ana/robot_ws/install/firebot/lib/libfirebot__rosidl_typesupport_introspection_cpp.so
[8.730s] -- Set runtime path of "/home/ana/robot_ws/install/firebot/lib/libfirebot__rosidl_typesupport_introspection_cpp.so" to ""
[8.730s] -- Installing: /home/ana/robot_ws/install/firebot/lib/libfirebot__rosidl_typesupport_cpp.so
[8.730s] -- Set runtime path of "/home/ana/robot_ws/install/firebot/lib/libfirebot__rosidl_typesupport_cpp.so" to ""
[8.730s] -- Installing: /home/ana/robot_ws/install/firebot/share/firebot/environment/pythonpath.sh
[8.730s] -- Installing: /home/ana/robot_ws/install/firebot/share/firebot/environment/pythonpath.dsv
[8.730s] -- Installing: /home/ana/robot_ws/install/firebot/local/lib/python3.10/dist-packages/firebot-0.0.1-py3.10.egg-info
[8.730s] -- Installing: /home/ana/robot_ws/install/firebot/local/lib/python3.10/dist-packages/firebot-0.0.1-py3.10.egg-info/SOURCES.txt
[8.730s] -- Installing: /home/ana/robot_ws/install/firebot/local/lib/python3.10/dist-packages/firebot-0.0.1-py3.10.egg-info/dependency_links.txt
[8.730s] -- Installing: /home/ana/robot_ws/install/firebot/local/lib/python3.10/dist-packages/firebot-0.0.1-py3.10.egg-info/PKG-INFO
[8.730s] -- Installing: /home/ana/robot_ws/install/firebot/local/lib/python3.10/dist-packages/firebot-0.0.1-py3.10.egg-info/top_level.txt
[8.731s] -- Installing: /home/ana/robot_ws/install/firebot/local/lib/python3.10/dist-packages/firebot
[8.731s] -- Installing: /home/ana/robot_ws/install/firebot/local/lib/python3.10/dist-packages/firebot/firebot_s__rosidl_typesupport_c.cpython-310-x86_64-linux-gnu.so
[8.731s] -- Installing: /home/ana/robot_ws/install/firebot/local/lib/python3.10/dist-packages/firebot/_firebot_s.ep.rosidl_typesupport_introspection_c.c
[8.731s] -- Installing: /home/ana/robot_ws/install/firebot/local/lib/python3.10/dist-packages/firebot/__init__.py
[8.731s] -- Installing: /home/ana/robot_ws/install/firebot/local/lib/python3.10/dist-packages/firebot/libfirebot__rosidl_generator_py.so
[8.731s] -- Installing: /home/ana/robot_ws/install/firebot/local/lib/python3.10/dist-packages/firebot/srv
[8.731s] -- Installing: /home/ana/robot_ws/install/firebot/local/lib/python3.10/dist-packages/firebot/srv/__init__.py
[8.731s] -- Installing: /home/ana/robot_ws/install/firebot/local/lib/python3.10/dist-packages/firebot/srv/_set_pid_params_s.c
[8.731s] -- Installing: /home/ana/robot_ws/install/firebot/local/lib/python3.10/dist-packages/firebot/srv/_set_pid_params.py
[8.731s] -- Installing: /home/ana/robot_ws/install/firebot/local/lib/python3.10/dist-packages/firebot/firebot_s__rosidl_typesupport_introspection_c.cpython-310-x86_64-linux-gnu.so
[8.731s] -- Installing: /home/ana/robot_ws/install/firebot/local/lib/python3.10/dist-packages/firebot/_firebot_s.ep.rosidl_typesupport_fastrtps_c.c
[8.731s] -- Installing: /home/ana/robot_ws/install/firebot/local/lib/python3.10/dist-packages/firebot/_firebot_s.ep.rosidl_typesupport_c.c
[8.732s] -- Installing: /home/ana/robot_ws/install/firebot/local/lib/python3.10/dist-packages/firebot/firebot_s__rosidl_typesupport_fastrtps_c.cpython-310-x86_64-linux-gnu.so
[8.732s] -- Installing: /home/ana/robot_ws/install/firebot/local/lib/python3.10/dist-packages/firebot/msg
[8.732s] -- Installing: /home/ana/robot_ws/install/firebot/local/lib/python3.10/dist-packages/firebot/msg/__init__.py
[8.732s] -- Installing: /home/ana/robot_ws/install/firebot/local/lib/python3.10/dist-packages/firebot/msg/_motor_command.py
[8.732s] -- Installing: /home/ana/robot_ws/install/firebot/local/lib/python3.10/dist-packages/firebot/msg/_encoder_data.py
[8.732s] -- Installing: /home/ana/robot_ws/install/firebot/local/lib/python3.10/dist-packages/firebot/msg/_encoder_data_s.c
[8.732s] -- Installing: /home/ana/robot_ws/install/firebot/local/lib/python3.10/dist-packages/firebot/msg/_motor_command_s.c
[8.786s] Listing '/home/ana/robot_ws/install/firebot/local/lib/python3.10/dist-packages/firebot'...
[8.787s] Compiling '/home/ana/robot_ws/install/firebot/local/lib/python3.10/dist-packages/firebot/__init__.py'...
[8.787s] Listing '/home/ana/robot_ws/install/firebot/local/lib/python3.10/dist-packages/firebot/msg'...
[8.787s] Compiling '/home/ana/robot_ws/install/firebot/local/lib/python3.10/dist-packages/firebot/msg/__init__.py'...
[8.787s] Compiling '/home/ana/robot_ws/install/firebot/local/lib/python3.10/dist-packages/firebot/msg/_encoder_data.py'...
[8.787s] Compiling '/home/ana/robot_ws/install/firebot/local/lib/python3.10/dist-packages/firebot/msg/_motor_command.py'...
[8.787s] Listing '/home/ana/robot_ws/install/firebot/local/lib/python3.10/dist-packages/firebot/srv'...
[8.787s] Compiling '/home/ana/robot_ws/install/firebot/local/lib/python3.10/dist-packages/firebot/srv/__init__.py'...
[8.787s] Compiling '/home/ana/robot_ws/install/firebot/local/lib/python3.10/dist-packages/firebot/srv/_set_pid_params.py'...
[8.794s] -- Installing: /home/ana/robot_ws/install/firebot/local/lib/python3.10/dist-packages/firebot/firebot_s__rosidl_typesupport_fastrtps_c.cpython-310-x86_64-linux-gnu.so
[8.795s] -- Set runtime path of "/home/ana/robot_ws/install/firebot/local/lib/python3.10/dist-packages/firebot/firebot_s__rosidl_typesupport_fastrtps_c.cpython-310-x86_64-linux-gnu.so" to ""
[8.795s] -- Installing: /home/ana/robot_ws/install/firebot/local/lib/python3.10/dist-packages/firebot/firebot_s__rosidl_typesupport_introspection_c.cpython-310-x86_64-linux-gnu.so
[8.795s] -- Set runtime path of "/home/ana/robot_ws/install/firebot/local/lib/python3.10/dist-packages/firebot/firebot_s__rosidl_typesupport_introspection_c.cpython-310-x86_64-linux-gnu.so" to ""
[8.796s] -- Installing: /home/ana/robot_ws/install/firebot/local/lib/python3.10/dist-packages/firebot/firebot_s__rosidl_typesupport_c.cpython-310-x86_64-linux-gnu.so
[8.796s] -- Set runtime path of "/home/ana/robot_ws/install/firebot/local/lib/python3.10/dist-packages/firebot/firebot_s__rosidl_typesupport_c.cpython-310-x86_64-linux-gnu.so" to ""
[8.796s] -- Installing: /home/ana/robot_ws/install/firebot/lib/libfirebot__rosidl_generator_py.so
[8.796s] -- Set runtime path of "/home/ana/robot_ws/install/firebot/lib/libfirebot__rosidl_generator_py.so" to ""
[8.796s] -- Installing: /home/ana/robot_ws/install/firebot/share/firebot/msg/EncoderData.idl
[8.796s] -- Installing: /home/ana/robot_ws/install/firebot/share/firebot/msg/MotorCommand.idl
[8.796s] -- Installing: /home/ana/robot_ws/install/firebot/share/firebot/srv/SetPIDParams.idl
[8.796s] -- Installing: /home/ana/robot_ws/install/firebot/share/firebot/msg/EncoderData.msg
[8.796s] -- Installing: /home/ana/robot_ws/install/firebot/share/firebot/msg/MotorCommand.msg
[8.797s] -- Installing: /home/ana/robot_ws/install/firebot/share/firebot/srv/SetPIDParams.srv
[8.797s] -- Installing: /home/ana/robot_ws/install/firebot/share/firebot/srv/SetPIDParams_Request.msg
[8.797s] -- Installing: /home/ana/robot_ws/install/firebot/share/firebot/srv/SetPIDParams_Response.msg
[8.797s] -- Installing: /home/ana/robot_ws/install/firebot/lib/firebot/lidar_node
[8.797s] -- Set runtime path of "/home/ana/robot_ws/install/firebot/lib/firebot/lidar_node" to ""
[8.797s] -- Installing: /home/ana/robot_ws/install/firebot/lib/firebot/motor_controller
[8.797s] -- Set runtime path of "/home/ana/robot_ws/install/firebot/lib/firebot/motor_controller" to ""
[8.797s] -- Installing: /home/ana/robot_ws/install/firebot/lib/firebot/odometry_publisher
[8.798s] -- Set runtime path of "/home/ana/robot_ws/install/firebot/lib/firebot/odometry_publisher" to ""
[8.798s] -- Installing: /home/ana/robot_ws/install/firebot/lib/firebot/tf_broadcaster
[8.798s] -- Set runtime path of "/home/ana/robot_ws/install/firebot/lib/firebot/tf_broadcaster" to ""
[8.798s] -- Installing: /home/ana/robot_ws/install/firebot/local/lib/python3.10/dist-packages/firebot_py-0.0.1-py3.10.egg-info
[8.798s] -- Installing: /home/ana/robot_ws/install/firebot/local/lib/python3.10/dist-packages/firebot_py-0.0.1-py3.10.egg-info/SOURCES.txt
[8.798s] -- Installing: /home/ana/robot_ws/install/firebot/local/lib/python3.10/dist-packages/firebot_py-0.0.1-py3.10.egg-info/dependency_links.txt
[8.799s] -- Installing: /home/ana/robot_ws/install/firebot/local/lib/python3.10/dist-packages/firebot_py-0.0.1-py3.10.egg-info/PKG-INFO
[8.799s] -- Installing: /home/ana/robot_ws/install/firebot/local/lib/python3.10/dist-packages/firebot_py-0.0.1-py3.10.egg-info/top_level.txt
[8.799s] -- Installing: /home/ana/robot_ws/install/firebot/local/lib/python3.10/dist-packages/firebot_py
[8.799s] -- Installing: /home/ana/robot_ws/install/firebot/local/lib/python3.10/dist-packages/firebot_py/navigation_control.py
[8.799s] -- Installing: /home/ana/robot_ws/install/firebot/local/lib/python3.10/dist-packages/firebot_py/serial_bridge.py
[8.799s] -- Installing: /home/ana/robot_ws/install/firebot/local/lib/python3.10/dist-packages/firebot_py/slam_mapping.py
[8.799s] -- Installing: /home/ana/robot_ws/install/firebot/local/lib/python3.10/dist-packages/firebot_py/__init__.py
[8.799s] -- Installing: /home/ana/robot_ws/install/firebot/local/lib/python3.10/dist-packages/firebot_py/lidar_processing.py
[8.799s] -- Installing: /home/ana/robot_ws/install/firebot/local/lib/python3.10/dist-packages/firebot_py/thermal_camera.py
[8.847s] Listing '/home/ana/robot_ws/install/firebot/local/lib/python3.10/dist-packages/firebot_py'...
[8.847s] Compiling '/home/ana/robot_ws/install/firebot/local/lib/python3.10/dist-packages/firebot_py/__init__.py'...
[8.847s] Compiling '/home/ana/robot_ws/install/firebot/local/lib/python3.10/dist-packages/firebot_py/lidar_processing.py'...
[8.847s] Compiling '/home/ana/robot_ws/install/firebot/local/lib/python3.10/dist-packages/firebot_py/navigation_control.py'...
[8.847s] Compiling '/home/ana/robot_ws/install/firebot/local/lib/python3.10/dist-packages/firebot_py/serial_bridge.py'...
[8.847s] Compiling '/home/ana/robot_ws/install/firebot/local/lib/python3.10/dist-packages/firebot_py/slam_mapping.py'...
[8.848s] Compiling '/home/ana/robot_ws/install/firebot/local/lib/python3.10/dist-packages/firebot_py/thermal_camera.py'...
[8.856s] -- Installing: /home/ana/robot_ws/install/firebot/share/firebot/launch
[8.856s] -- Installing: /home/ana/robot_ws/install/firebot/share/firebot/launch/motor_control.launch.py
[8.856s] -- Installing: /home/ana/robot_ws/install/firebot/share/firebot/launch/serial_bridge.launch.py
[8.856s] -- Installing: /home/ana/robot_ws/install/firebot/share/firebot/launch/thermal.launch.py
[8.856s] -- Installing: /home/ana/robot_ws/install/firebot/share/firebot/launch/thermal_camera.launch.py
[8.856s] -- Installing: /home/ana/robot_ws/install/firebot/share/firebot/launch/bringup.launch.py
[8.856s] -- Installing: /home/ana/robot_ws/install/firebot/share/firebot/launch/lidar.launch.py
[8.856s] -- Installing: /home/ana/robot_ws/install/firebot/share/firebot/launch/navigation.launch.py
[8.856s] -- Installing: /home/ana/robot_ws/install/firebot/share/firebot/launch/slam.launch.py
[8.856s] -- Installing: /home/ana/robot_ws/install/firebot/share/firebot/config
[8.856s] -- Installing: /home/ana/robot_ws/install/firebot/share/firebot/config/serial_config.yaml
[8.857s] -- Installing: /home/ana/robot_ws/install/firebot/share/firebot/config/lidar_config.yaml
[8.857s] -- Installing: /home/ana/robot_ws/install/firebot/share/firebot/config/nav2_params.yaml
[8.857s] -- Installing: /home/ana/robot_ws/install/firebot/share/firebot/config/motor_controller.yaml
[8.857s] -- Installing: /home/ana/robot_ws/install/firebot/share/firebot/config/thermal_camera.yaml
[8.857s] -- Installing: /home/ana/robot_ws/install/firebot/share/firebot/config/slam_params.yaml
[8.857s] -- Installing: /home/ana/robot_ws/install/firebot/share/firebot/config/robot_description.urdf
[8.857s] -- Installing: /home/ana/robot_ws/install/firebot/share/ament_index/resource_index/package_run_dependencies/firebot
[8.857s] -- Installing: /home/ana/robot_ws/install/firebot/share/ament_index/resource_index/parent_prefix_path/firebot
[8.857s] -- Installing: /home/ana/robot_ws/install/firebot/share/firebot/environment/ament_prefix_path.sh
[8.858s] -- Installing: /home/ana/robot_ws/install/firebot/share/firebot/environment/ament_prefix_path.dsv
[8.858s] -- Installing: /home/ana/robot_ws/install/firebot/share/firebot/environment/path.sh
[8.858s] -- Installing: /home/ana/robot_ws/install/firebot/share/firebot/environment/path.dsv
[8.858s] -- Installing: /home/ana/robot_ws/install/firebot/share/firebot/local_setup.bash
[8.858s] -- Installing: /home/ana/robot_ws/install/firebot/share/firebot/local_setup.sh
[8.858s] -- Installing: /home/ana/robot_ws/install/firebot/share/firebot/local_setup.zsh
[8.858s] -- Installing: /home/ana/robot_ws/install/firebot/share/firebot/local_setup.dsv
[8.858s] -- Installing: /home/ana/robot_ws/install/firebot/share/firebot/package.dsv
[8.858s] -- Installing: /home/ana/robot_ws/install/firebot/share/ament_index/resource_index/packages/firebot
[8.858s] -- Installing: /home/ana/robot_ws/install/firebot/share/firebot/cmake/export_firebot__rosidl_generator_cExport.cmake
[8.858s] -- Installing: /home/ana/robot_ws/install/firebot/share/firebot/cmake/export_firebot__rosidl_generator_cExport-noconfig.cmake
[8.858s] -- Installing: /home/ana/robot_ws/install/firebot/share/firebot/cmake/export_firebot__rosidl_typesupport_fastrtps_cExport.cmake
[8.859s] -- Installing: /home/ana/robot_ws/install/firebot/share/firebot/cmake/export_firebot__rosidl_typesupport_fastrtps_cExport-noconfig.cmake
[8.859s] -- Installing: /home/ana/robot_ws/install/firebot/share/firebot/cmake/export_firebot__rosidl_generator_cppExport.cmake
[8.859s] -- Installing: /home/ana/robot_ws/install/firebot/share/firebot/cmake/export_firebot__rosidl_typesupport_fastrtps_cppExport.cmake
[8.859s] -- Installing: /home/ana/robot_ws/install/firebot/share/firebot/cmake/export_firebot__rosidl_typesupport_fastrtps_cppExport-noconfig.cmake
[8.859s] -- Installing: /home/ana/robot_ws/install/firebot/share/firebot/cmake/firebot__rosidl_typesupport_introspection_cExport.cmake
[8.859s] -- Installing: /home/ana/robot_ws/install/firebot/share/firebot/cmake/firebot__rosidl_typesupport_introspection_cExport-noconfig.cmake
[8.859s] -- Installing: /home/ana/robot_ws/install/firebot/share/firebot/cmake/firebot__rosidl_typesupport_cExport.cmake
[8.859s] -- Installing: /home/ana/robot_ws/install/firebot/share/firebot/cmake/firebot__rosidl_typesupport_cExport-noconfig.cmake
[8.859s] -- Installing: /home/ana/robot_ws/install/firebot/share/firebot/cmake/firebot__rosidl_typesupport_introspection_cppExport.cmake
[8.859s] -- Installing: /home/ana/robot_ws/install/firebot/share/firebot/cmake/firebot__rosidl_typesupport_introspection_cppExport-noconfig.cmake
[8.859s] -- Installing: /home/ana/robot_ws/install/firebot/share/firebot/cmake/firebot__rosidl_typesupport_cppExport.cmake
[8.859s] -- Installing: /home/ana/robot_ws/install/firebot/share/firebot/cmake/firebot__rosidl_typesupport_cppExport-noconfig.cmake
[8.860s] -- Installing: /home/ana/robot_ws/install/firebot/share/firebot/cmake/export_firebot__rosidl_generator_pyExport.cmake
[8.860s] -- Installing: /home/ana/robot_ws/install/firebot/share/firebot/cmake/export_firebot__rosidl_generator_pyExport-noconfig.cmake
[8.860s] -- Installing: /home/ana/robot_ws/install/firebot/share/firebot/cmake/rosidl_cmake-extras.cmake
[8.860s] -- Installing: /home/ana/robot_ws/install/firebot/share/firebot/cmake/ament_cmake_export_include_directories-extras.cmake
[8.860s] -- Installing: /home/ana/robot_ws/install/firebot/share/firebot/cmake/ament_cmake_export_libraries-extras.cmake
[8.860s] -- Installing: /home/ana/robot_ws/install/firebot/share/firebot/cmake/ament_cmake_export_targets-extras.cmake
[8.860s] -- Installing: /home/ana/robot_ws/install/firebot/share/firebot/cmake/rosidl_cmake_export_typesupport_targets-extras.cmake
[8.860s] -- Installing: /home/ana/robot_ws/install/firebot/share/firebot/cmake/ament_cmake_export_dependencies-extras.cmake
[8.860s] -- Installing: /home/ana/robot_ws/install/firebot/share/firebot/cmake/rosidl_cmake_export_typesupport_libraries-extras.cmake
[8.860s] -- Installing: /home/ana/robot_ws/install/firebot/share/firebot/cmake/firebotConfig.cmake
[8.860s] -- Installing: /home/ana/robot_ws/install/firebot/share/firebot/cmake/firebotConfig-version.cmake
[8.861s] -- Installing: /home/ana/robot_ws/install/firebot/share/firebot/package.xml
[8.864s] Invoked command in '/home/ana/robot_ws/build/firebot' returned '0': CMAKE_PREFIX_PATH=${CMAKE_PREFIX_PATH}:/opt/ros/humble /usr/bin/cmake --install /home/ana/robot_ws/build/firebot
