[0.118s] DEBUG:colcon:Command line arguments: ['/usr/bin/colcon', 'build', '--symlink-install']
[0.118s] DEBUG:colcon:Parsed command line arguments: Namespace(log_base=None, log_level=None, verb_name='build', build_base='build', install_base='install', merge_install=False, symlink_install=True, test_result_base=None, continue_on_error=False, executor='parallel', parallel_workers=20, event_handlers=None, ignore_user_meta=False, metas=['./colcon.meta'], base_paths=['.'], packages_ignore=None, packages_ignore_regex=None, paths=None, packages_up_to=None, packages_up_to_regex=None, packages_above=None, packages_above_and_dependencies=None, packages_above_depth=None, packages_select_by_dep=None, packages_skip_by_dep=None, packages_skip_up_to=None, packages_select_build_failed=False, packages_skip_build_finished=False, packages_select_test_failures=False, packages_skip_test_passed=False, packages_select=None, packages_skip=None, packages_select_regex=None, packages_skip_regex=None, packages_start=None, packages_end=None, allow_overriding=[], cmake_args=None, cmake_target=None, cmake_target_skip_unavailable=False, cmake_clean_cache=False, cmake_clean_first=False, cmake_force_configure=False, ament_cmake_args=None, catkin_cmake_args=None, catkin_skip_building_tests=False, mixin_files=None, mixin=None, verb_parser=<colcon_mixin.mixin.mixin_argument.MixinArgumentDecorator object at 0x7f5e2c76ba30>, verb_extension=<colcon_core.verb.build.BuildVerb object at 0x7f5e2c76b580>, main=<bound method BuildVerb.main of <colcon_core.verb.build.BuildVerb object at 0x7f5e2c76b580>>, mixin_verb=('build',))
[0.286s] Level 1:colcon.colcon_core.package_discovery:discover_packages(colcon_meta) check parameters
[0.286s] Level 1:colcon.colcon_core.package_discovery:discover_packages(recursive) check parameters
[0.286s] Level 1:colcon.colcon_core.package_discovery:discover_packages(ignore) check parameters
[0.287s] Level 1:colcon.colcon_core.package_discovery:discover_packages(path) check parameters
[0.287s] Level 1:colcon.colcon_core.package_discovery:discover_packages(colcon_meta) discover
[0.287s] Level 1:colcon.colcon_core.package_discovery:discover_packages(recursive) discover
[0.287s] INFO:colcon.colcon_core.package_discovery:Crawling recursively for packages in '/home/ana/robot_ws'
[0.287s] Level 1:colcon.colcon_core.package_identification:_identify(.) by extensions ['ignore', 'ignore_ament_install']
[0.287s] Level 1:colcon.colcon_core.package_identification:_identify(.) by extension 'ignore'
[0.287s] Level 1:colcon.colcon_core.package_identification:_identify(.) by extension 'ignore_ament_install'
[0.287s] Level 1:colcon.colcon_core.package_identification:_identify(.) by extensions ['colcon_pkg']
[0.287s] Level 1:colcon.colcon_core.package_identification:_identify(.) by extension 'colcon_pkg'
[0.287s] Level 1:colcon.colcon_core.package_identification:_identify(.) by extensions ['colcon_meta']
[0.287s] Level 1:colcon.colcon_core.package_identification:_identify(.) by extension 'colcon_meta'
[0.287s] Level 1:colcon.colcon_core.package_identification:_identify(.) by extensions ['ros']
[0.287s] Level 1:colcon.colcon_core.package_identification:_identify(.) by extension 'ros'
[0.299s] Level 1:colcon.colcon_core.package_identification:_identify(.) by extensions ['cmake', 'python']
[0.299s] Level 1:colcon.colcon_core.package_identification:_identify(.) by extension 'cmake'
[0.299s] Level 1:colcon.colcon_core.package_identification:_identify(.) by extension 'python'
[0.299s] Level 1:colcon.colcon_core.package_identification:_identify(.) by extensions ['python_setup_py']
[0.299s] Level 1:colcon.colcon_core.package_identification:_identify(.) by extension 'python_setup_py'
[0.299s] Level 1:colcon.colcon_core.package_identification:_identify(build) by extensions ['ignore', 'ignore_ament_install']
[0.300s] Level 1:colcon.colcon_core.package_identification:_identify(build) by extension 'ignore'
[0.300s] Level 1:colcon.colcon_core.package_identification:_identify(build) ignored
[0.300s] Level 1:colcon.colcon_core.package_identification:_identify(install) by extensions ['ignore', 'ignore_ament_install']
[0.300s] Level 1:colcon.colcon_core.package_identification:_identify(install) by extension 'ignore'
[0.300s] Level 1:colcon.colcon_core.package_identification:_identify(install) ignored
[0.300s] Level 1:colcon.colcon_core.package_identification:_identify(log) by extensions ['ignore', 'ignore_ament_install']
[0.300s] Level 1:colcon.colcon_core.package_identification:_identify(log) by extension 'ignore'
[0.300s] Level 1:colcon.colcon_core.package_identification:_identify(log) ignored
[0.300s] Level 1:colcon.colcon_core.package_identification:_identify(src) by extensions ['ignore', 'ignore_ament_install']
[0.300s] Level 1:colcon.colcon_core.package_identification:_identify(src) by extension 'ignore'
[0.300s] Level 1:colcon.colcon_core.package_identification:_identify(src) by extension 'ignore_ament_install'
[0.300s] Level 1:colcon.colcon_core.package_identification:_identify(src) by extensions ['colcon_pkg']
[0.300s] Level 1:colcon.colcon_core.package_identification:_identify(src) by extension 'colcon_pkg'
[0.300s] Level 1:colcon.colcon_core.package_identification:_identify(src) by extensions ['colcon_meta']
[0.300s] Level 1:colcon.colcon_core.package_identification:_identify(src) by extension 'colcon_meta'
[0.300s] Level 1:colcon.colcon_core.package_identification:_identify(src) by extensions ['ros']
[0.300s] Level 1:colcon.colcon_core.package_identification:_identify(src) by extension 'ros'
[0.301s] Level 1:colcon.colcon_core.package_identification:_identify(src) by extensions ['cmake', 'python']
[0.301s] Level 1:colcon.colcon_core.package_identification:_identify(src) by extension 'cmake'
[0.301s] Level 1:colcon.colcon_core.package_identification:_identify(src) by extension 'python'
[0.301s] Level 1:colcon.colcon_core.package_identification:_identify(src) by extensions ['python_setup_py']
[0.301s] Level 1:colcon.colcon_core.package_identification:_identify(src) by extension 'python_setup_py'
[0.301s] Level 1:colcon.colcon_core.package_identification:_identify(src/ROSArduinoBridge) by extensions ['ignore', 'ignore_ament_install']
[0.301s] Level 1:colcon.colcon_core.package_identification:_identify(src/ROSArduinoBridge) by extension 'ignore'
[0.301s] Level 1:colcon.colcon_core.package_identification:_identify(src/ROSArduinoBridge) by extension 'ignore_ament_install'
[0.301s] Level 1:colcon.colcon_core.package_identification:_identify(src/ROSArduinoBridge) by extensions ['colcon_pkg']
[0.301s] Level 1:colcon.colcon_core.package_identification:_identify(src/ROSArduinoBridge) by extension 'colcon_pkg'
[0.301s] Level 1:colcon.colcon_core.package_identification:_identify(src/ROSArduinoBridge) by extensions ['colcon_meta']
[0.301s] Level 1:colcon.colcon_core.package_identification:_identify(src/ROSArduinoBridge) by extension 'colcon_meta'
[0.301s] Level 1:colcon.colcon_core.package_identification:_identify(src/ROSArduinoBridge) by extensions ['ros']
[0.301s] Level 1:colcon.colcon_core.package_identification:_identify(src/ROSArduinoBridge) by extension 'ros'
[0.301s] Level 1:colcon.colcon_core.package_identification:_identify(src/ROSArduinoBridge) by extensions ['cmake', 'python']
[0.301s] Level 1:colcon.colcon_core.package_identification:_identify(src/ROSArduinoBridge) by extension 'cmake'
[0.301s] Level 1:colcon.colcon_core.package_identification:_identify(src/ROSArduinoBridge) by extension 'python'
[0.301s] Level 1:colcon.colcon_core.package_identification:_identify(src/ROSArduinoBridge) by extensions ['python_setup_py']
[0.301s] Level 1:colcon.colcon_core.package_identification:_identify(src/ROSArduinoBridge) by extension 'python_setup_py'
[0.301s] Level 1:colcon.colcon_core.package_identification:_identify(src/articubot_one) by extensions ['ignore', 'ignore_ament_install']
[0.301s] Level 1:colcon.colcon_core.package_identification:_identify(src/articubot_one) by extension 'ignore'
[0.301s] Level 1:colcon.colcon_core.package_identification:_identify(src/articubot_one) by extension 'ignore_ament_install'
[0.301s] Level 1:colcon.colcon_core.package_identification:_identify(src/articubot_one) by extensions ['colcon_pkg']
[0.302s] Level 1:colcon.colcon_core.package_identification:_identify(src/articubot_one) by extension 'colcon_pkg'
[0.302s] Level 1:colcon.colcon_core.package_identification:_identify(src/articubot_one) by extensions ['colcon_meta']
[0.302s] Level 1:colcon.colcon_core.package_identification:_identify(src/articubot_one) by extension 'colcon_meta'
[0.302s] Level 1:colcon.colcon_core.package_identification:_identify(src/articubot_one) by extensions ['ros']
[0.302s] Level 1:colcon.colcon_core.package_identification:_identify(src/articubot_one) by extension 'ros'
[0.304s] DEBUG:colcon.colcon_core.package_identification:Package 'src/articubot_one' with type 'ros.ament_cmake' and name 'articubot_one'
[0.305s] Level 1:colcon.colcon_core.package_identification:_identify(src/example_2) by extensions ['ignore', 'ignore_ament_install']
[0.305s] Level 1:colcon.colcon_core.package_identification:_identify(src/example_2) by extension 'ignore'
[0.305s] Level 1:colcon.colcon_core.package_identification:_identify(src/example_2) by extension 'ignore_ament_install'
[0.305s] Level 1:colcon.colcon_core.package_identification:_identify(src/example_2) by extensions ['colcon_pkg']
[0.305s] Level 1:colcon.colcon_core.package_identification:_identify(src/example_2) by extension 'colcon_pkg'
[0.305s] Level 1:colcon.colcon_core.package_identification:_identify(src/example_2) by extensions ['colcon_meta']
[0.305s] Level 1:colcon.colcon_core.package_identification:_identify(src/example_2) by extension 'colcon_meta'
[0.305s] Level 1:colcon.colcon_core.package_identification:_identify(src/example_2) by extensions ['ros']
[0.305s] Level 1:colcon.colcon_core.package_identification:_identify(src/example_2) by extension 'ros'
[0.306s] DEBUG:colcon.colcon_core.package_identification:Package 'src/example_2' with type 'ros.ament_cmake' and name 'ros2_control_demo_example_2'
[0.306s] Level 1:colcon.colcon_core.package_identification:_identify(src/firebot_cpp) by extensions ['ignore', 'ignore_ament_install']
[0.306s] Level 1:colcon.colcon_core.package_identification:_identify(src/firebot_cpp) by extension 'ignore'
[0.307s] Level 1:colcon.colcon_core.package_identification:_identify(src/firebot_cpp) by extension 'ignore_ament_install'
[0.307s] Level 1:colcon.colcon_core.package_identification:_identify(src/firebot_cpp) by extensions ['colcon_pkg']
[0.307s] Level 1:colcon.colcon_core.package_identification:_identify(src/firebot_cpp) by extension 'colcon_pkg'
[0.307s] Level 1:colcon.colcon_core.package_identification:_identify(src/firebot_cpp) by extensions ['colcon_meta']
[0.307s] Level 1:colcon.colcon_core.package_identification:_identify(src/firebot_cpp) by extension 'colcon_meta'
[0.307s] Level 1:colcon.colcon_core.package_identification:_identify(src/firebot_cpp) by extensions ['ros']
[0.307s] Level 1:colcon.colcon_core.package_identification:_identify(src/firebot_cpp) by extension 'ros'
[0.308s] DEBUG:colcon.colcon_core.package_identification:Package 'src/firebot_cpp' with type 'ros.ament_cmake' and name 'firebot_cpp'
[0.308s] Level 1:colcon.colcon_core.package_identification:_identify(src/firebot_description) by extensions ['ignore', 'ignore_ament_install']
[0.308s] Level 1:colcon.colcon_core.package_identification:_identify(src/firebot_description) by extension 'ignore'
[0.308s] Level 1:colcon.colcon_core.package_identification:_identify(src/firebot_description) by extension 'ignore_ament_install'
[0.308s] Level 1:colcon.colcon_core.package_identification:_identify(src/firebot_description) by extensions ['colcon_pkg']
[0.308s] Level 1:colcon.colcon_core.package_identification:_identify(src/firebot_description) by extension 'colcon_pkg'
[0.308s] Level 1:colcon.colcon_core.package_identification:_identify(src/firebot_description) by extensions ['colcon_meta']
[0.308s] Level 1:colcon.colcon_core.package_identification:_identify(src/firebot_description) by extension 'colcon_meta'
[0.308s] Level 1:colcon.colcon_core.package_identification:_identify(src/firebot_description) by extensions ['ros']
[0.308s] Level 1:colcon.colcon_core.package_identification:_identify(src/firebot_description) by extension 'ros'
[0.309s] DEBUG:colcon.colcon_core.package_identification:Package 'src/firebot_description' with type 'ros.ament_cmake' and name 'firebot_description'
[0.309s] Level 1:colcon.colcon_core.package_identification:_identify(src/firebot_py) by extensions ['ignore', 'ignore_ament_install']
[0.309s] Level 1:colcon.colcon_core.package_identification:_identify(src/firebot_py) by extension 'ignore'
[0.309s] Level 1:colcon.colcon_core.package_identification:_identify(src/firebot_py) by extension 'ignore_ament_install'
[0.309s] Level 1:colcon.colcon_core.package_identification:_identify(src/firebot_py) by extensions ['colcon_pkg']
[0.309s] Level 1:colcon.colcon_core.package_identification:_identify(src/firebot_py) by extension 'colcon_pkg'
[0.309s] Level 1:colcon.colcon_core.package_identification:_identify(src/firebot_py) by extensions ['colcon_meta']
[0.309s] Level 1:colcon.colcon_core.package_identification:_identify(src/firebot_py) by extension 'colcon_meta'
[0.309s] Level 1:colcon.colcon_core.package_identification:_identify(src/firebot_py) by extensions ['ros']
[0.309s] Level 1:colcon.colcon_core.package_identification:_identify(src/firebot_py) by extension 'ros'
[0.311s] DEBUG:colcon.colcon_core.package_identification:Package 'src/firebot_py' with type 'ros.ament_python' and name 'firebot_py'
[0.312s] Level 1:colcon.colcon_core.package_identification:_identify(src/py_pubsub) by extensions ['ignore', 'ignore_ament_install']
[0.312s] Level 1:colcon.colcon_core.package_identification:_identify(src/py_pubsub) by extension 'ignore'
[0.312s] Level 1:colcon.colcon_core.package_identification:_identify(src/py_pubsub) by extension 'ignore_ament_install'
[0.312s] Level 1:colcon.colcon_core.package_identification:_identify(src/py_pubsub) by extensions ['colcon_pkg']
[0.312s] Level 1:colcon.colcon_core.package_identification:_identify(src/py_pubsub) by extension 'colcon_pkg'
[0.312s] Level 1:colcon.colcon_core.package_identification:_identify(src/py_pubsub) by extensions ['colcon_meta']
[0.312s] Level 1:colcon.colcon_core.package_identification:_identify(src/py_pubsub) by extension 'colcon_meta'
[0.312s] Level 1:colcon.colcon_core.package_identification:_identify(src/py_pubsub) by extensions ['ros']
[0.312s] Level 1:colcon.colcon_core.package_identification:_identify(src/py_pubsub) by extension 'ros'
[0.313s] DEBUG:colcon.colcon_core.package_identification:Package 'src/py_pubsub' with type 'ros.ament_python' and name 'py_pubsub'
[0.313s] Level 1:colcon.colcon_core.package_identification:_identify(src/rplidar_ros) by extensions ['ignore', 'ignore_ament_install']
[0.313s] Level 1:colcon.colcon_core.package_identification:_identify(src/rplidar_ros) by extension 'ignore'
[0.313s] Level 1:colcon.colcon_core.package_identification:_identify(src/rplidar_ros) by extension 'ignore_ament_install'
[0.313s] Level 1:colcon.colcon_core.package_identification:_identify(src/rplidar_ros) by extensions ['colcon_pkg']
[0.313s] Level 1:colcon.colcon_core.package_identification:_identify(src/rplidar_ros) by extension 'colcon_pkg'
[0.313s] Level 1:colcon.colcon_core.package_identification:_identify(src/rplidar_ros) by extensions ['colcon_meta']
[0.313s] Level 1:colcon.colcon_core.package_identification:_identify(src/rplidar_ros) by extension 'colcon_meta'
[0.313s] Level 1:colcon.colcon_core.package_identification:_identify(src/rplidar_ros) by extensions ['ros']
[0.313s] Level 1:colcon.colcon_core.package_identification:_identify(src/rplidar_ros) by extension 'ros'
[0.314s] DEBUG:colcon.colcon_core.package_identification:Package 'src/rplidar_ros' with type 'ros.ament_cmake' and name 'rplidar_ros'
[0.314s] Level 1:colcon.colcon_core.package_identification:_identify(src/serial) by extensions ['ignore', 'ignore_ament_install']
[0.314s] Level 1:colcon.colcon_core.package_identification:_identify(src/serial) by extension 'ignore'
[0.314s] Level 1:colcon.colcon_core.package_identification:_identify(src/serial) by extension 'ignore_ament_install'
[0.314s] Level 1:colcon.colcon_core.package_identification:_identify(src/serial) by extensions ['colcon_pkg']
[0.314s] Level 1:colcon.colcon_core.package_identification:_identify(src/serial) by extension 'colcon_pkg'
[0.314s] Level 1:colcon.colcon_core.package_identification:_identify(src/serial) by extensions ['colcon_meta']
[0.314s] Level 1:colcon.colcon_core.package_identification:_identify(src/serial) by extension 'colcon_meta'
[0.314s] Level 1:colcon.colcon_core.package_identification:_identify(src/serial) by extensions ['ros']
[0.314s] Level 1:colcon.colcon_core.package_identification:_identify(src/serial) by extension 'ros'
[0.314s] Level 1:colcon.colcon_core.package_identification:_identify(src/serial) by extensions ['cmake', 'python']
[0.314s] Level 1:colcon.colcon_core.package_identification:_identify(src/serial) by extension 'cmake'
[0.314s] Level 1:colcon.colcon_core.package_identification:_identify(src/serial) by extension 'python'
[0.314s] Level 1:colcon.colcon_core.package_identification:_identify(src/serial) by extensions ['python_setup_py']
[0.314s] Level 1:colcon.colcon_core.package_identification:_identify(src/serial) by extension 'python_setup_py'
[0.315s] Level 1:colcon.colcon_core.package_identification:_identify(src/test_package) by extensions ['ignore', 'ignore_ament_install']
[0.315s] Level 1:colcon.colcon_core.package_identification:_identify(src/test_package) by extension 'ignore'
[0.315s] Level 1:colcon.colcon_core.package_identification:_identify(src/test_package) by extension 'ignore_ament_install'
[0.315s] Level 1:colcon.colcon_core.package_identification:_identify(src/test_package) by extensions ['colcon_pkg']
[0.315s] Level 1:colcon.colcon_core.package_identification:_identify(src/test_package) by extension 'colcon_pkg'
[0.315s] Level 1:colcon.colcon_core.package_identification:_identify(src/test_package) by extensions ['colcon_meta']
[0.315s] Level 1:colcon.colcon_core.package_identification:_identify(src/test_package) by extension 'colcon_meta'
[0.315s] Level 1:colcon.colcon_core.package_identification:_identify(src/test_package) by extensions ['ros']
[0.315s] Level 1:colcon.colcon_core.package_identification:_identify(src/test_package) by extension 'ros'
[0.315s] DEBUG:colcon.colcon_core.package_identification:Package 'src/test_package' with type 'ros.ament_cmake' and name 'test_package'
[0.316s] Level 1:colcon.colcon_core.package_identification:_identify(src/thermal_camera) by extensions ['ignore', 'ignore_ament_install']
[0.316s] Level 1:colcon.colcon_core.package_identification:_identify(src/thermal_camera) by extension 'ignore'
[0.316s] Level 1:colcon.colcon_core.package_identification:_identify(src/thermal_camera) by extension 'ignore_ament_install'
[0.316s] Level 1:colcon.colcon_core.package_identification:_identify(src/thermal_camera) by extensions ['colcon_pkg']
[0.316s] Level 1:colcon.colcon_core.package_identification:_identify(src/thermal_camera) by extension 'colcon_pkg'
[0.316s] Level 1:colcon.colcon_core.package_identification:_identify(src/thermal_camera) by extensions ['colcon_meta']
[0.316s] Level 1:colcon.colcon_core.package_identification:_identify(src/thermal_camera) by extension 'colcon_meta'
[0.316s] Level 1:colcon.colcon_core.package_identification:_identify(src/thermal_camera) by extensions ['ros']
[0.316s] Level 1:colcon.colcon_core.package_identification:_identify(src/thermal_camera) by extension 'ros'
[0.317s] DEBUG:colcon.colcon_core.package_identification:Package 'src/thermal_camera' with type 'ros.ament_python' and name 'thermal_camera'
[0.317s] Level 1:colcon.colcon_core.package_discovery:discover_packages(recursive) using defaults
[0.317s] Level 1:colcon.colcon_core.package_discovery:discover_packages(ignore) discover
[0.317s] Level 1:colcon.colcon_core.package_discovery:discover_packages(ignore) using defaults
[0.317s] Level 1:colcon.colcon_core.package_discovery:discover_packages(path) discover
[0.317s] Level 1:colcon.colcon_core.package_discovery:discover_packages(path) using defaults
[0.354s] Level 1:colcon.colcon_core.package_discovery:discover_packages(prefix_path) check parameters
[0.354s] Level 1:colcon.colcon_core.package_discovery:discover_packages(prefix_path) discover
[0.356s] DEBUG:colcon.colcon_installed_package_information.package_discovery:Found 10 installed packages in /home/ana/robot_ws/install
[0.358s] DEBUG:colcon.colcon_installed_package_information.package_discovery:Found 422 installed packages in /opt/ros/humble
[0.360s] Level 1:colcon.colcon_core.package_discovery:discover_packages(prefix_path) using defaults
[0.407s] Level 5:colcon.colcon_core.verb:set package 'articubot_one' build argument 'cmake_args' from command line to 'None'
[0.407s] Level 5:colcon.colcon_core.verb:set package 'articubot_one' build argument 'cmake_target' from command line to 'None'
[0.407s] Level 5:colcon.colcon_core.verb:set package 'articubot_one' build argument 'cmake_target_skip_unavailable' from command line to 'False'
[0.407s] Level 5:colcon.colcon_core.verb:set package 'articubot_one' build argument 'cmake_clean_cache' from command line to 'False'
[0.407s] Level 5:colcon.colcon_core.verb:set package 'articubot_one' build argument 'cmake_clean_first' from command line to 'False'
[0.407s] Level 5:colcon.colcon_core.verb:set package 'articubot_one' build argument 'cmake_force_configure' from command line to 'False'
[0.407s] Level 5:colcon.colcon_core.verb:set package 'articubot_one' build argument 'ament_cmake_args' from command line to 'None'
[0.407s] Level 5:colcon.colcon_core.verb:set package 'articubot_one' build argument 'catkin_cmake_args' from command line to 'None'
[0.407s] Level 5:colcon.colcon_core.verb:set package 'articubot_one' build argument 'catkin_skip_building_tests' from command line to 'False'
[0.407s] DEBUG:colcon.colcon_core.verb:Building package 'articubot_one' with the following arguments: {'ament_cmake_args': None, 'build_base': '/home/ana/robot_ws/build/articubot_one', 'catkin_cmake_args': None, 'catkin_skip_building_tests': False, 'cmake_args': None, 'cmake_clean_cache': False, 'cmake_clean_first': False, 'cmake_force_configure': False, 'cmake_target': None, 'cmake_target_skip_unavailable': False, 'install_base': '/home/ana/robot_ws/install/articubot_one', 'merge_install': False, 'path': '/home/ana/robot_ws/src/articubot_one', 'symlink_install': True, 'test_result_base': None}
[0.408s] Level 5:colcon.colcon_core.verb:set package 'firebot_cpp' build argument 'cmake_args' from command line to 'None'
[0.408s] Level 5:colcon.colcon_core.verb:set package 'firebot_cpp' build argument 'cmake_target' from command line to 'None'
[0.408s] Level 5:colcon.colcon_core.verb:set package 'firebot_cpp' build argument 'cmake_target_skip_unavailable' from command line to 'False'
[0.408s] Level 5:colcon.colcon_core.verb:set package 'firebot_cpp' build argument 'cmake_clean_cache' from command line to 'False'
[0.408s] Level 5:colcon.colcon_core.verb:set package 'firebot_cpp' build argument 'cmake_clean_first' from command line to 'False'
[0.408s] Level 5:colcon.colcon_core.verb:set package 'firebot_cpp' build argument 'cmake_force_configure' from command line to 'False'
[0.408s] Level 5:colcon.colcon_core.verb:set package 'firebot_cpp' build argument 'ament_cmake_args' from command line to 'None'
[0.408s] Level 5:colcon.colcon_core.verb:set package 'firebot_cpp' build argument 'catkin_cmake_args' from command line to 'None'
[0.408s] Level 5:colcon.colcon_core.verb:set package 'firebot_cpp' build argument 'catkin_skip_building_tests' from command line to 'False'
[0.408s] DEBUG:colcon.colcon_core.verb:Building package 'firebot_cpp' with the following arguments: {'ament_cmake_args': None, 'build_base': '/home/ana/robot_ws/build/firebot_cpp', 'catkin_cmake_args': None, 'catkin_skip_building_tests': False, 'cmake_args': None, 'cmake_clean_cache': False, 'cmake_clean_first': False, 'cmake_force_configure': False, 'cmake_target': None, 'cmake_target_skip_unavailable': False, 'install_base': '/home/ana/robot_ws/install/firebot_cpp', 'merge_install': False, 'path': '/home/ana/robot_ws/src/firebot_cpp', 'symlink_install': True, 'test_result_base': None}
[0.408s] Level 5:colcon.colcon_core.verb:set package 'firebot_description' build argument 'cmake_args' from command line to 'None'
[0.408s] Level 5:colcon.colcon_core.verb:set package 'firebot_description' build argument 'cmake_target' from command line to 'None'
[0.408s] Level 5:colcon.colcon_core.verb:set package 'firebot_description' build argument 'cmake_target_skip_unavailable' from command line to 'False'
[0.408s] Level 5:colcon.colcon_core.verb:set package 'firebot_description' build argument 'cmake_clean_cache' from command line to 'False'
[0.408s] Level 5:colcon.colcon_core.verb:set package 'firebot_description' build argument 'cmake_clean_first' from command line to 'False'
[0.408s] Level 5:colcon.colcon_core.verb:set package 'firebot_description' build argument 'cmake_force_configure' from command line to 'False'
[0.408s] Level 5:colcon.colcon_core.verb:set package 'firebot_description' build argument 'ament_cmake_args' from command line to 'None'
[0.408s] Level 5:colcon.colcon_core.verb:set package 'firebot_description' build argument 'catkin_cmake_args' from command line to 'None'
[0.408s] Level 5:colcon.colcon_core.verb:set package 'firebot_description' build argument 'catkin_skip_building_tests' from command line to 'False'
[0.409s] DEBUG:colcon.colcon_core.verb:Building package 'firebot_description' with the following arguments: {'ament_cmake_args': None, 'build_base': '/home/ana/robot_ws/build/firebot_description', 'catkin_cmake_args': None, 'catkin_skip_building_tests': False, 'cmake_args': None, 'cmake_clean_cache': False, 'cmake_clean_first': False, 'cmake_force_configure': False, 'cmake_target': None, 'cmake_target_skip_unavailable': False, 'install_base': '/home/ana/robot_ws/install/firebot_description', 'merge_install': False, 'path': '/home/ana/robot_ws/src/firebot_description', 'symlink_install': True, 'test_result_base': None}
[0.409s] Level 5:colcon.colcon_core.verb:set package 'firebot_py' build argument 'cmake_args' from command line to 'None'
[0.409s] Level 5:colcon.colcon_core.verb:set package 'firebot_py' build argument 'cmake_target' from command line to 'None'
[0.409s] Level 5:colcon.colcon_core.verb:set package 'firebot_py' build argument 'cmake_target_skip_unavailable' from command line to 'False'
[0.409s] Level 5:colcon.colcon_core.verb:set package 'firebot_py' build argument 'cmake_clean_cache' from command line to 'False'
[0.409s] Level 5:colcon.colcon_core.verb:set package 'firebot_py' build argument 'cmake_clean_first' from command line to 'False'
[0.409s] Level 5:colcon.colcon_core.verb:set package 'firebot_py' build argument 'cmake_force_configure' from command line to 'False'
[0.409s] Level 5:colcon.colcon_core.verb:set package 'firebot_py' build argument 'ament_cmake_args' from command line to 'None'
[0.409s] Level 5:colcon.colcon_core.verb:set package 'firebot_py' build argument 'catkin_cmake_args' from command line to 'None'
[0.409s] Level 5:colcon.colcon_core.verb:set package 'firebot_py' build argument 'catkin_skip_building_tests' from command line to 'False'
[0.409s] DEBUG:colcon.colcon_core.verb:Building package 'firebot_py' with the following arguments: {'ament_cmake_args': None, 'build_base': '/home/ana/robot_ws/build/firebot_py', 'catkin_cmake_args': None, 'catkin_skip_building_tests': False, 'cmake_args': None, 'cmake_clean_cache': False, 'cmake_clean_first': False, 'cmake_force_configure': False, 'cmake_target': None, 'cmake_target_skip_unavailable': False, 'install_base': '/home/ana/robot_ws/install/firebot_py', 'merge_install': False, 'path': '/home/ana/robot_ws/src/firebot_py', 'symlink_install': True, 'test_result_base': None}
[0.409s] Level 5:colcon.colcon_core.verb:set package 'py_pubsub' build argument 'cmake_args' from command line to 'None'
[0.409s] Level 5:colcon.colcon_core.verb:set package 'py_pubsub' build argument 'cmake_target' from command line to 'None'
[0.409s] Level 5:colcon.colcon_core.verb:set package 'py_pubsub' build argument 'cmake_target_skip_unavailable' from command line to 'False'
[0.409s] Level 5:colcon.colcon_core.verb:set package 'py_pubsub' build argument 'cmake_clean_cache' from command line to 'False'
[0.409s] Level 5:colcon.colcon_core.verb:set package 'py_pubsub' build argument 'cmake_clean_first' from command line to 'False'
[0.409s] Level 5:colcon.colcon_core.verb:set package 'py_pubsub' build argument 'cmake_force_configure' from command line to 'False'
[0.409s] Level 5:colcon.colcon_core.verb:set package 'py_pubsub' build argument 'ament_cmake_args' from command line to 'None'
[0.410s] Level 5:colcon.colcon_core.verb:set package 'py_pubsub' build argument 'catkin_cmake_args' from command line to 'None'
[0.410s] Level 5:colcon.colcon_core.verb:set package 'py_pubsub' build argument 'catkin_skip_building_tests' from command line to 'False'
[0.410s] DEBUG:colcon.colcon_core.verb:Building package 'py_pubsub' with the following arguments: {'ament_cmake_args': None, 'build_base': '/home/ana/robot_ws/build/py_pubsub', 'catkin_cmake_args': None, 'catkin_skip_building_tests': False, 'cmake_args': None, 'cmake_clean_cache': False, 'cmake_clean_first': False, 'cmake_force_configure': False, 'cmake_target': None, 'cmake_target_skip_unavailable': False, 'install_base': '/home/ana/robot_ws/install/py_pubsub', 'merge_install': False, 'path': '/home/ana/robot_ws/src/py_pubsub', 'symlink_install': True, 'test_result_base': None}
[0.410s] Level 5:colcon.colcon_core.verb:set package 'ros2_control_demo_example_2' build argument 'cmake_args' from command line to 'None'
[0.410s] Level 5:colcon.colcon_core.verb:set package 'ros2_control_demo_example_2' build argument 'cmake_target' from command line to 'None'
[0.410s] Level 5:colcon.colcon_core.verb:set package 'ros2_control_demo_example_2' build argument 'cmake_target_skip_unavailable' from command line to 'False'
[0.410s] Level 5:colcon.colcon_core.verb:set package 'ros2_control_demo_example_2' build argument 'cmake_clean_cache' from command line to 'False'
[0.410s] Level 5:colcon.colcon_core.verb:set package 'ros2_control_demo_example_2' build argument 'cmake_clean_first' from command line to 'False'
[0.410s] Level 5:colcon.colcon_core.verb:set package 'ros2_control_demo_example_2' build argument 'cmake_force_configure' from command line to 'False'
[0.410s] Level 5:colcon.colcon_core.verb:set package 'ros2_control_demo_example_2' build argument 'ament_cmake_args' from command line to 'None'
[0.410s] Level 5:colcon.colcon_core.verb:set package 'ros2_control_demo_example_2' build argument 'catkin_cmake_args' from command line to 'None'
[0.410s] Level 5:colcon.colcon_core.verb:set package 'ros2_control_demo_example_2' build argument 'catkin_skip_building_tests' from command line to 'False'
[0.410s] DEBUG:colcon.colcon_core.verb:Building package 'ros2_control_demo_example_2' with the following arguments: {'ament_cmake_args': None, 'build_base': '/home/ana/robot_ws/build/ros2_control_demo_example_2', 'catkin_cmake_args': None, 'catkin_skip_building_tests': False, 'cmake_args': None, 'cmake_clean_cache': False, 'cmake_clean_first': False, 'cmake_force_configure': False, 'cmake_target': None, 'cmake_target_skip_unavailable': False, 'install_base': '/home/ana/robot_ws/install/ros2_control_demo_example_2', 'merge_install': False, 'path': '/home/ana/robot_ws/src/example_2', 'symlink_install': True, 'test_result_base': None}
[0.410s] Level 5:colcon.colcon_core.verb:set package 'rplidar_ros' build argument 'cmake_args' from command line to 'None'
[0.410s] Level 5:colcon.colcon_core.verb:set package 'rplidar_ros' build argument 'cmake_target' from command line to 'None'
[0.410s] Level 5:colcon.colcon_core.verb:set package 'rplidar_ros' build argument 'cmake_target_skip_unavailable' from command line to 'False'
[0.410s] Level 5:colcon.colcon_core.verb:set package 'rplidar_ros' build argument 'cmake_clean_cache' from command line to 'False'
[0.410s] Level 5:colcon.colcon_core.verb:set package 'rplidar_ros' build argument 'cmake_clean_first' from command line to 'False'
[0.410s] Level 5:colcon.colcon_core.verb:set package 'rplidar_ros' build argument 'cmake_force_configure' from command line to 'False'
[0.411s] Level 5:colcon.colcon_core.verb:set package 'rplidar_ros' build argument 'ament_cmake_args' from command line to 'None'
[0.411s] Level 5:colcon.colcon_core.verb:set package 'rplidar_ros' build argument 'catkin_cmake_args' from command line to 'None'
[0.411s] Level 5:colcon.colcon_core.verb:set package 'rplidar_ros' build argument 'catkin_skip_building_tests' from command line to 'False'
[0.411s] DEBUG:colcon.colcon_core.verb:Building package 'rplidar_ros' with the following arguments: {'ament_cmake_args': None, 'build_base': '/home/ana/robot_ws/build/rplidar_ros', 'catkin_cmake_args': None, 'catkin_skip_building_tests': False, 'cmake_args': None, 'cmake_clean_cache': False, 'cmake_clean_first': False, 'cmake_force_configure': False, 'cmake_target': None, 'cmake_target_skip_unavailable': False, 'install_base': '/home/ana/robot_ws/install/rplidar_ros', 'merge_install': False, 'path': '/home/ana/robot_ws/src/rplidar_ros', 'symlink_install': True, 'test_result_base': None}
[0.411s] Level 5:colcon.colcon_core.verb:set package 'test_package' build argument 'cmake_args' from command line to 'None'
[0.411s] Level 5:colcon.colcon_core.verb:set package 'test_package' build argument 'cmake_target' from command line to 'None'
[0.411s] Level 5:colcon.colcon_core.verb:set package 'test_package' build argument 'cmake_target_skip_unavailable' from command line to 'False'
[0.411s] Level 5:colcon.colcon_core.verb:set package 'test_package' build argument 'cmake_clean_cache' from command line to 'False'
[0.411s] Level 5:colcon.colcon_core.verb:set package 'test_package' build argument 'cmake_clean_first' from command line to 'False'
[0.411s] Level 5:colcon.colcon_core.verb:set package 'test_package' build argument 'cmake_force_configure' from command line to 'False'
[0.411s] Level 5:colcon.colcon_core.verb:set package 'test_package' build argument 'ament_cmake_args' from command line to 'None'
[0.411s] Level 5:colcon.colcon_core.verb:set package 'test_package' build argument 'catkin_cmake_args' from command line to 'None'
[0.411s] Level 5:colcon.colcon_core.verb:set package 'test_package' build argument 'catkin_skip_building_tests' from command line to 'False'
[0.411s] DEBUG:colcon.colcon_core.verb:Building package 'test_package' with the following arguments: {'ament_cmake_args': None, 'build_base': '/home/ana/robot_ws/build/test_package', 'catkin_cmake_args': None, 'catkin_skip_building_tests': False, 'cmake_args': None, 'cmake_clean_cache': False, 'cmake_clean_first': False, 'cmake_force_configure': False, 'cmake_target': None, 'cmake_target_skip_unavailable': False, 'install_base': '/home/ana/robot_ws/install/test_package', 'merge_install': False, 'path': '/home/ana/robot_ws/src/test_package', 'symlink_install': True, 'test_result_base': None}
[0.411s] Level 5:colcon.colcon_core.verb:set package 'thermal_camera' build argument 'cmake_args' from command line to 'None'
[0.411s] Level 5:colcon.colcon_core.verb:set package 'thermal_camera' build argument 'cmake_target' from command line to 'None'
[0.411s] Level 5:colcon.colcon_core.verb:set package 'thermal_camera' build argument 'cmake_target_skip_unavailable' from command line to 'False'
[0.411s] Level 5:colcon.colcon_core.verb:set package 'thermal_camera' build argument 'cmake_clean_cache' from command line to 'False'
[0.412s] Level 5:colcon.colcon_core.verb:set package 'thermal_camera' build argument 'cmake_clean_first' from command line to 'False'
[0.412s] Level 5:colcon.colcon_core.verb:set package 'thermal_camera' build argument 'cmake_force_configure' from command line to 'False'
[0.412s] Level 5:colcon.colcon_core.verb:set package 'thermal_camera' build argument 'ament_cmake_args' from command line to 'None'
[0.412s] Level 5:colcon.colcon_core.verb:set package 'thermal_camera' build argument 'catkin_cmake_args' from command line to 'None'
[0.412s] Level 5:colcon.colcon_core.verb:set package 'thermal_camera' build argument 'catkin_skip_building_tests' from command line to 'False'
[0.412s] DEBUG:colcon.colcon_core.verb:Building package 'thermal_camera' with the following arguments: {'ament_cmake_args': None, 'build_base': '/home/ana/robot_ws/build/thermal_camera', 'catkin_cmake_args': None, 'catkin_skip_building_tests': False, 'cmake_args': None, 'cmake_clean_cache': False, 'cmake_clean_first': False, 'cmake_force_configure': False, 'cmake_target': None, 'cmake_target_skip_unavailable': False, 'install_base': '/home/ana/robot_ws/install/thermal_camera', 'merge_install': False, 'path': '/home/ana/robot_ws/src/thermal_camera', 'symlink_install': True, 'test_result_base': None}
[0.412s] INFO:colcon.colcon_core.executor:Executing jobs using 'parallel' executor
[0.413s] DEBUG:colcon.colcon_parallel_executor.executor.parallel:run_until_complete
[0.413s] INFO:colcon.colcon_ros.task.ament_cmake.build:Building ROS package in '/home/ana/robot_ws/src/articubot_one' with build type 'ament_cmake'
[0.414s] INFO:colcon.colcon_cmake.task.cmake.build:Building CMake package in '/home/ana/robot_ws/src/articubot_one'
[0.417s] INFO:colcon.colcon_core.plugin_system:Skipping extension 'colcon_core.shell.bat': Not used on non-Windows systems
[0.418s] INFO:colcon.colcon_core.shell:Skip shell extension 'powershell' for command environment: Not usable outside of PowerShell
[0.418s] DEBUG:colcon.colcon_core.shell:Skip shell extension 'dsv' for command environment
[0.422s] INFO:colcon.colcon_ros.task.ament_cmake.build:Building ROS package in '/home/ana/robot_ws/src/firebot_cpp' with build type 'ament_cmake'
[0.422s] INFO:colcon.colcon_cmake.task.cmake.build:Building CMake package in '/home/ana/robot_ws/src/firebot_cpp'
[0.423s] INFO:colcon.colcon_core.shell:Skip shell extension 'powershell' for command environment: Not usable outside of PowerShell
[0.423s] DEBUG:colcon.colcon_core.shell:Skip shell extension 'dsv' for command environment
[0.427s] INFO:colcon.colcon_ros.task.ament_cmake.build:Building ROS package in '/home/ana/robot_ws/src/firebot_description' with build type 'ament_cmake'
[0.427s] INFO:colcon.colcon_cmake.task.cmake.build:Building CMake package in '/home/ana/robot_ws/src/firebot_description'
[0.428s] INFO:colcon.colcon_core.shell:Skip shell extension 'powershell' for command environment: Not usable outside of PowerShell
[0.428s] DEBUG:colcon.colcon_core.shell:Skip shell extension 'dsv' for command environment
[0.434s] INFO:colcon.colcon_ros.task.ament_python.build:Building ROS package in '/home/ana/robot_ws/src/firebot_py' with build type 'ament_python'
[0.434s] Level 1:colcon.colcon_core.shell:create_environment_hook('firebot_py', 'ament_prefix_path')
[0.435s] INFO:colcon.colcon_core.shell:Creating environment hook '/home/ana/robot_ws/install/firebot_py/share/firebot_py/hook/ament_prefix_path.ps1'
[0.436s] INFO:colcon.colcon_core.shell:Creating environment descriptor '/home/ana/robot_ws/install/firebot_py/share/firebot_py/hook/ament_prefix_path.dsv'
[0.436s] INFO:colcon.colcon_core.shell:Creating environment hook '/home/ana/robot_ws/install/firebot_py/share/firebot_py/hook/ament_prefix_path.sh'
[0.438s] INFO:colcon.colcon_core.shell:Skip shell extension 'powershell' for command environment: Not usable outside of PowerShell
[0.438s] DEBUG:colcon.colcon_core.shell:Skip shell extension 'dsv' for command environment
[0.442s] INFO:colcon.colcon_ros.task.ament_python.build:Building ROS package in '/home/ana/robot_ws/src/py_pubsub' with build type 'ament_python'
[0.443s] Level 1:colcon.colcon_core.shell:create_environment_hook('py_pubsub', 'ament_prefix_path')
[0.443s] INFO:colcon.colcon_core.shell:Creating environment hook '/home/ana/robot_ws/install/py_pubsub/share/py_pubsub/hook/ament_prefix_path.ps1'
[0.444s] INFO:colcon.colcon_core.shell:Creating environment descriptor '/home/ana/robot_ws/install/py_pubsub/share/py_pubsub/hook/ament_prefix_path.dsv'
[0.444s] INFO:colcon.colcon_core.shell:Creating environment hook '/home/ana/robot_ws/install/py_pubsub/share/py_pubsub/hook/ament_prefix_path.sh'
[0.445s] INFO:colcon.colcon_core.shell:Skip shell extension 'powershell' for command environment: Not usable outside of PowerShell
[0.445s] DEBUG:colcon.colcon_core.shell:Skip shell extension 'dsv' for command environment
[0.450s] INFO:colcon.colcon_ros.task.ament_cmake.build:Building ROS package in '/home/ana/robot_ws/src/example_2' with build type 'ament_cmake'
[0.450s] INFO:colcon.colcon_cmake.task.cmake.build:Building CMake package in '/home/ana/robot_ws/src/example_2'
[0.450s] INFO:colcon.colcon_core.shell:Skip shell extension 'powershell' for command environment: Not usable outside of PowerShell
[0.451s] DEBUG:colcon.colcon_core.shell:Skip shell extension 'dsv' for command environment
[0.456s] INFO:colcon.colcon_ros.task.ament_cmake.build:Building ROS package in '/home/ana/robot_ws/src/rplidar_ros' with build type 'ament_cmake'
[0.456s] INFO:colcon.colcon_cmake.task.cmake.build:Building CMake package in '/home/ana/robot_ws/src/rplidar_ros'
[0.456s] INFO:colcon.colcon_core.shell:Skip shell extension 'powershell' for command environment: Not usable outside of PowerShell
[0.457s] DEBUG:colcon.colcon_core.shell:Skip shell extension 'dsv' for command environment
[0.462s] INFO:colcon.colcon_ros.task.ament_cmake.build:Building ROS package in '/home/ana/robot_ws/src/test_package' with build type 'ament_cmake'
[0.462s] INFO:colcon.colcon_cmake.task.cmake.build:Building CMake package in '/home/ana/robot_ws/src/test_package'
[0.463s] INFO:colcon.colcon_core.shell:Skip shell extension 'powershell' for command environment: Not usable outside of PowerShell
[0.463s] DEBUG:colcon.colcon_core.shell:Skip shell extension 'dsv' for command environment
[0.468s] INFO:colcon.colcon_ros.task.ament_python.build:Building ROS package in '/home/ana/robot_ws/src/thermal_camera' with build type 'ament_python'
[0.469s] Level 1:colcon.colcon_core.shell:create_environment_hook('thermal_camera', 'ament_prefix_path')
[0.469s] INFO:colcon.colcon_core.shell:Creating environment hook '/home/ana/robot_ws/install/thermal_camera/share/thermal_camera/hook/ament_prefix_path.ps1'
[0.470s] INFO:colcon.colcon_core.shell:Creating environment descriptor '/home/ana/robot_ws/install/thermal_camera/share/thermal_camera/hook/ament_prefix_path.dsv'
[0.470s] INFO:colcon.colcon_core.shell:Creating environment hook '/home/ana/robot_ws/install/thermal_camera/share/thermal_camera/hook/ament_prefix_path.sh'
[0.471s] INFO:colcon.colcon_core.shell:Skip shell extension 'powershell' for command environment: Not usable outside of PowerShell
[0.471s] DEBUG:colcon.colcon_core.shell:Skip shell extension 'dsv' for command environment
[0.485s] DEBUG:colcon.colcon_core.event_handler.log_command:Invoking command in '/home/ana/robot_ws/build/articubot_one': CMAKE_PREFIX_PATH=${CMAKE_PREFIX_PATH}:/home/ana/robot_ws/install/thermal_camera:/home/ana/robot_ws/install/py_pubsub:/home/ana/robot_ws/install/firebot_py:/opt/ros/humble /usr/bin/cmake --build /home/ana/robot_ws/build/articubot_one -- -j20 -l20
[0.490s] DEBUG:colcon.colcon_core.event_handler.log_command:Invoking command in '/home/ana/robot_ws/build/firebot_cpp': CMAKE_PREFIX_PATH=${CMAKE_PREFIX_PATH}:/home/ana/robot_ws/install/thermal_camera:/home/ana/robot_ws/install/py_pubsub:/home/ana/robot_ws/install/firebot_py:/opt/ros/humble /usr/bin/cmake --build /home/ana/robot_ws/build/firebot_cpp -- -j20 -l20
[0.495s] DEBUG:colcon.colcon_core.event_handler.log_command:Invoking command in '/home/ana/robot_ws/build/firebot_description': CMAKE_PREFIX_PATH=${CMAKE_PREFIX_PATH}:/home/ana/robot_ws/install/thermal_camera:/home/ana/robot_ws/install/py_pubsub:/home/ana/robot_ws/install/firebot_py:/opt/ros/humble /usr/bin/cmake --build /home/ana/robot_ws/build/firebot_description -- -j20 -l20
[0.928s] INFO:colcon.colcon_core.task.python.build:Building Python package in '/home/ana/robot_ws/src/firebot_py'
[0.928s] INFO:colcon.colcon_core.shell:Skip shell extension 'powershell' for command environment: Not usable outside of PowerShell
[0.929s] DEBUG:colcon.colcon_core.shell:Skip shell extension 'dsv' for command environment
[1.239s] INFO:colcon.colcon_core.task.python.build:Building Python package in '/home/ana/robot_ws/src/py_pubsub'
[1.239s] INFO:colcon.colcon_core.shell:Skip shell extension 'powershell' for command environment: Not usable outside of PowerShell
[1.239s] DEBUG:colcon.colcon_core.shell:Skip shell extension 'dsv' for command environment
[1.249s] DEBUG:colcon.colcon_core.event_handler.log_command:Invoking command in '/home/ana/robot_ws/build/ros2_control_demo_example_2': CMAKE_PREFIX_PATH=${CMAKE_PREFIX_PATH}:/home/ana/robot_ws/install/thermal_camera:/home/ana/robot_ws/install/py_pubsub:/home/ana/robot_ws/install/firebot_py:/opt/ros/humble /usr/bin/cmake --build /home/ana/robot_ws/build/ros2_control_demo_example_2 -- -j20 -l20
[1.252s] DEBUG:colcon.colcon_core.event_handler.log_command:Invoking command in '/home/ana/robot_ws/build/rplidar_ros': CMAKE_PREFIX_PATH=${CMAKE_PREFIX_PATH}:/home/ana/robot_ws/install/thermal_camera:/home/ana/robot_ws/install/py_pubsub:/home/ana/robot_ws/install/firebot_py:/opt/ros/humble /usr/bin/cmake --build /home/ana/robot_ws/build/rplidar_ros -- -j20 -l20
[1.270s] DEBUG:colcon.colcon_core.event_handler.log_command:Invoking command in '/home/ana/robot_ws/build/test_package': CMAKE_PREFIX_PATH=${CMAKE_PREFIX_PATH}:/home/ana/robot_ws/install/thermal_camera:/home/ana/robot_ws/install/py_pubsub:/home/ana/robot_ws/install/firebot_py:/opt/ros/humble /usr/bin/cmake --build /home/ana/robot_ws/build/test_package -- -j20 -l20
[1.646s] INFO:colcon.colcon_core.task.python.build:Building Python package in '/home/ana/robot_ws/src/thermal_camera'
[1.647s] INFO:colcon.colcon_core.shell:Skip shell extension 'powershell' for command environment: Not usable outside of PowerShell
[1.647s] DEBUG:colcon.colcon_core.shell:Skip shell extension 'dsv' for command environment
[1.659s] DEBUG:colcon.colcon_core.event_handler.log_command:Invoked command in '/home/ana/robot_ws/build/firebot_description' returned '0': CMAKE_PREFIX_PATH=${CMAKE_PREFIX_PATH}:/home/ana/robot_ws/install/thermal_camera:/home/ana/robot_ws/install/py_pubsub:/home/ana/robot_ws/install/firebot_py:/opt/ros/humble /usr/bin/cmake --build /home/ana/robot_ws/build/firebot_description -- -j20 -l20
[1.676s] DEBUG:colcon.colcon_core.event_handler.log_command:Invoking command in '/home/ana/robot_ws/build/firebot_description': CMAKE_PREFIX_PATH=${CMAKE_PREFIX_PATH}:/home/ana/robot_ws/install/thermal_camera:/home/ana/robot_ws/install/py_pubsub:/home/ana/robot_ws/install/firebot_py:/opt/ros/humble /usr/bin/cmake --install /home/ana/robot_ws/build/firebot_description
[1.678s] DEBUG:colcon.colcon_core.event_handler.log_command:Invoked command in '/home/ana/robot_ws/build/firebot_cpp' returned '0': CMAKE_PREFIX_PATH=${CMAKE_PREFIX_PATH}:/home/ana/robot_ws/install/thermal_camera:/home/ana/robot_ws/install/py_pubsub:/home/ana/robot_ws/install/firebot_py:/opt/ros/humble /usr/bin/cmake --build /home/ana/robot_ws/build/firebot_cpp -- -j20 -l20
[1.679s] DEBUG:colcon.colcon_core.event_handler.log_command:Invoking command in '/home/ana/robot_ws/build/firebot_cpp': CMAKE_PREFIX_PATH=${CMAKE_PREFIX_PATH}:/home/ana/robot_ws/install/thermal_camera:/home/ana/robot_ws/install/py_pubsub:/home/ana/robot_ws/install/firebot_py:/opt/ros/humble /usr/bin/cmake --install /home/ana/robot_ws/build/firebot_cpp
[1.679s] DEBUG:colcon.colcon_core.event_handler.log_command:Invoked command in '/home/ana/robot_ws/build/articubot_one' returned '0': CMAKE_PREFIX_PATH=${CMAKE_PREFIX_PATH}:/home/ana/robot_ws/install/thermal_camera:/home/ana/robot_ws/install/py_pubsub:/home/ana/robot_ws/install/firebot_py:/opt/ros/humble /usr/bin/cmake --build /home/ana/robot_ws/build/articubot_one -- -j20 -l20
[1.681s] DEBUG:colcon.colcon_core.event_handler.log_command:Invoking command in '/home/ana/robot_ws/build/articubot_one': CMAKE_PREFIX_PATH=${CMAKE_PREFIX_PATH}:/home/ana/robot_ws/install/thermal_camera:/home/ana/robot_ws/install/py_pubsub:/home/ana/robot_ws/install/firebot_py:/opt/ros/humble /usr/bin/cmake --install /home/ana/robot_ws/build/articubot_one
[1.684s] DEBUG:colcon.colcon_core.event_handler.log_command:Invoked command in '/home/ana/robot_ws/build/test_package' returned '0': CMAKE_PREFIX_PATH=${CMAKE_PREFIX_PATH}:/home/ana/robot_ws/install/thermal_camera:/home/ana/robot_ws/install/py_pubsub:/home/ana/robot_ws/install/firebot_py:/opt/ros/humble /usr/bin/cmake --build /home/ana/robot_ws/build/test_package -- -j20 -l20
[1.686s] DEBUG:colcon.colcon_core.event_handler.log_command:Invoking command in '/home/ana/robot_ws/build/test_package': CMAKE_PREFIX_PATH=${CMAKE_PREFIX_PATH}:/home/ana/robot_ws/install/thermal_camera:/home/ana/robot_ws/install/py_pubsub:/home/ana/robot_ws/install/firebot_py:/opt/ros/humble /usr/bin/cmake --install /home/ana/robot_ws/build/test_package
[1.687s] DEBUG:colcon.colcon_core.event_handler.log_command:Invoked command in '/home/ana/robot_ws/build/rplidar_ros' returned '0': CMAKE_PREFIX_PATH=${CMAKE_PREFIX_PATH}:/home/ana/robot_ws/install/thermal_camera:/home/ana/robot_ws/install/py_pubsub:/home/ana/robot_ws/install/firebot_py:/opt/ros/humble /usr/bin/cmake --build /home/ana/robot_ws/build/rplidar_ros -- -j20 -l20
[1.688s] DEBUG:colcon.colcon_core.event_handler.log_command:Invoking command in '/home/ana/robot_ws/build/rplidar_ros': CMAKE_PREFIX_PATH=${CMAKE_PREFIX_PATH}:/home/ana/robot_ws/install/thermal_camera:/home/ana/robot_ws/install/py_pubsub:/home/ana/robot_ws/install/firebot_py:/opt/ros/humble /usr/bin/cmake --install /home/ana/robot_ws/build/rplidar_ros
[1.721s] Level 1:colcon.colcon_core.environment:create_environment_scripts_only(firebot_description)
[1.730s] DEBUG:colcon.colcon_core.event_handler.log_command:Invoked command in '/home/ana/robot_ws/build/firebot_description' returned '0': CMAKE_PREFIX_PATH=${CMAKE_PREFIX_PATH}:/home/ana/robot_ws/install/thermal_camera:/home/ana/robot_ws/install/py_pubsub:/home/ana/robot_ws/install/firebot_py:/opt/ros/humble /usr/bin/cmake --install /home/ana/robot_ws/build/firebot_description
[1.736s] Level 1:colcon.colcon_core.environment:checking '/home/ana/robot_ws/install/firebot_description' for CMake module files
[1.737s] Level 1:colcon.colcon_core.environment:checking '/home/ana/robot_ws/install/firebot_description' for CMake config files
[1.738s] Level 1:colcon.colcon_core.shell:create_environment_hook('firebot_description', 'cmake_prefix_path')
[1.738s] INFO:colcon.colcon_core.shell:Creating environment hook '/home/ana/robot_ws/install/firebot_description/share/firebot_description/hook/cmake_prefix_path.ps1'
[1.739s] INFO:colcon.colcon_core.shell:Creating environment descriptor '/home/ana/robot_ws/install/firebot_description/share/firebot_description/hook/cmake_prefix_path.dsv'
[1.739s] INFO:colcon.colcon_core.shell:Creating environment hook '/home/ana/robot_ws/install/firebot_description/share/firebot_description/hook/cmake_prefix_path.sh'
[1.741s] Level 1:colcon.colcon_core.environment:checking '/home/ana/robot_ws/install/firebot_description/bin'
[1.741s] Level 1:colcon.colcon_core.environment:checking '/home/ana/robot_ws/install/firebot_description/lib/pkgconfig/firebot_description.pc'
[1.741s] Level 1:colcon.colcon_core.environment:checking '/home/ana/robot_ws/install/firebot_description/lib/python3.10/site-packages'
[1.742s] Level 1:colcon.colcon_core.environment:checking '/home/ana/robot_ws/install/firebot_description/bin'
[1.742s] INFO:colcon.colcon_core.shell:Creating package script '/home/ana/robot_ws/install/firebot_description/share/firebot_description/package.ps1'
[1.744s] INFO:colcon.colcon_core.shell:Creating package descriptor '/home/ana/robot_ws/install/firebot_description/share/firebot_description/package.dsv'
[1.744s] INFO:colcon.colcon_core.shell:Creating package script '/home/ana/robot_ws/install/firebot_description/share/firebot_description/package.sh'
[1.746s] INFO:colcon.colcon_core.shell:Creating package script '/home/ana/robot_ws/install/firebot_description/share/firebot_description/package.bash'
[1.747s] INFO:colcon.colcon_core.shell:Creating package script '/home/ana/robot_ws/install/firebot_description/share/firebot_description/package.zsh'
[1.748s] Level 1:colcon.colcon_core.environment:create_file_with_runtime_dependencies(/home/ana/robot_ws/install/firebot_description/share/colcon-core/packages/firebot_description)
[1.749s] Level 1:colcon.colcon_core.environment:create_environment_scripts_only(firebot_description)
[1.749s] Level 1:colcon.colcon_core.environment:checking '/home/ana/robot_ws/install/firebot_description' for CMake module files
[1.750s] Level 1:colcon.colcon_core.environment:checking '/home/ana/robot_ws/install/firebot_description' for CMake config files
[1.750s] Level 1:colcon.colcon_core.shell:create_environment_hook('firebot_description', 'cmake_prefix_path')
[1.751s] INFO:colcon.colcon_core.shell:Creating environment hook '/home/ana/robot_ws/install/firebot_description/share/firebot_description/hook/cmake_prefix_path.ps1'
[1.751s] INFO:colcon.colcon_core.shell:Creating environment descriptor '/home/ana/robot_ws/install/firebot_description/share/firebot_description/hook/cmake_prefix_path.dsv'
[1.752s] INFO:colcon.colcon_core.shell:Creating environment hook '/home/ana/robot_ws/install/firebot_description/share/firebot_description/hook/cmake_prefix_path.sh'
[1.753s] Level 1:colcon.colcon_core.environment:checking '/home/ana/robot_ws/install/firebot_description/bin'
[1.753s] Level 1:colcon.colcon_core.environment:checking '/home/ana/robot_ws/install/firebot_description/lib/pkgconfig/firebot_description.pc'
[1.753s] Level 1:colcon.colcon_core.environment:checking '/home/ana/robot_ws/install/firebot_description/lib/python3.10/site-packages'
[1.754s] Level 1:colcon.colcon_core.environment:checking '/home/ana/robot_ws/install/firebot_description/bin'
[1.754s] INFO:colcon.colcon_core.shell:Creating package script '/home/ana/robot_ws/install/firebot_description/share/firebot_description/package.ps1'
[1.755s] INFO:colcon.colcon_core.shell:Creating package descriptor '/home/ana/robot_ws/install/firebot_description/share/firebot_description/package.dsv'
[1.756s] INFO:colcon.colcon_core.shell:Creating package script '/home/ana/robot_ws/install/firebot_description/share/firebot_description/package.sh'
[1.757s] INFO:colcon.colcon_core.shell:Creating package script '/home/ana/robot_ws/install/firebot_description/share/firebot_description/package.bash'
[1.757s] INFO:colcon.colcon_core.shell:Creating package script '/home/ana/robot_ws/install/firebot_description/share/firebot_description/package.zsh'
[1.758s] Level 1:colcon.colcon_core.environment:create_file_with_runtime_dependencies(/home/ana/robot_ws/install/firebot_description/share/colcon-core/packages/firebot_description)
[1.760s] Level 1:colcon.colcon_core.environment:create_environment_scripts_only(firebot_cpp)
[1.760s] Level 1:colcon.colcon_core.environment:checking '/home/ana/robot_ws/install/firebot_cpp' for CMake module files
[1.762s] DEBUG:colcon.colcon_core.event_handler.log_command:Invoked command in '/home/ana/robot_ws/build/firebot_cpp' returned '0': CMAKE_PREFIX_PATH=${CMAKE_PREFIX_PATH}:/home/ana/robot_ws/install/thermal_camera:/home/ana/robot_ws/install/py_pubsub:/home/ana/robot_ws/install/firebot_py:/opt/ros/humble /usr/bin/cmake --install /home/ana/robot_ws/build/firebot_cpp
[1.762s] Level 1:colcon.colcon_core.environment:checking '/home/ana/robot_ws/install/firebot_cpp' for CMake config files
[1.763s] Level 1:colcon.colcon_core.shell:create_environment_hook('firebot_cpp', 'cmake_prefix_path')
[1.763s] INFO:colcon.colcon_core.shell:Creating environment hook '/home/ana/robot_ws/install/firebot_cpp/share/firebot_cpp/hook/cmake_prefix_path.ps1'
[1.764s] INFO:colcon.colcon_core.shell:Creating environment descriptor '/home/ana/robot_ws/install/firebot_cpp/share/firebot_cpp/hook/cmake_prefix_path.dsv'
[1.764s] INFO:colcon.colcon_core.shell:Creating environment hook '/home/ana/robot_ws/install/firebot_cpp/share/firebot_cpp/hook/cmake_prefix_path.sh'
[1.765s] Level 1:colcon.colcon_core.environment:checking '/home/ana/robot_ws/install/firebot_cpp/bin'
[1.765s] Level 1:colcon.colcon_core.environment:checking '/home/ana/robot_ws/install/firebot_cpp/lib/pkgconfig/firebot_cpp.pc'
[1.766s] Level 1:colcon.colcon_core.environment:checking '/home/ana/robot_ws/install/firebot_cpp/lib/python3.10/site-packages'
[1.766s] Level 1:colcon.colcon_core.environment:checking '/home/ana/robot_ws/install/firebot_cpp/bin'
[1.766s] INFO:colcon.colcon_core.shell:Creating package script '/home/ana/robot_ws/install/firebot_cpp/share/firebot_cpp/package.ps1'
[1.767s] INFO:colcon.colcon_core.shell:Creating package descriptor '/home/ana/robot_ws/install/firebot_cpp/share/firebot_cpp/package.dsv'
[1.768s] INFO:colcon.colcon_core.shell:Creating package script '/home/ana/robot_ws/install/firebot_cpp/share/firebot_cpp/package.sh'
[1.768s] INFO:colcon.colcon_core.shell:Creating package script '/home/ana/robot_ws/install/firebot_cpp/share/firebot_cpp/package.bash'
[1.769s] INFO:colcon.colcon_core.shell:Creating package script '/home/ana/robot_ws/install/firebot_cpp/share/firebot_cpp/package.zsh'
[1.769s] Level 1:colcon.colcon_core.environment:create_file_with_runtime_dependencies(/home/ana/robot_ws/install/firebot_cpp/share/colcon-core/packages/firebot_cpp)
[1.770s] Level 1:colcon.colcon_core.environment:create_environment_scripts_only(firebot_cpp)
[1.771s] Level 1:colcon.colcon_core.environment:checking '/home/ana/robot_ws/install/firebot_cpp' for CMake module files
[1.772s] Level 1:colcon.colcon_core.environment:checking '/home/ana/robot_ws/install/firebot_cpp' for CMake config files
[1.772s] Level 1:colcon.colcon_core.shell:create_environment_hook('firebot_cpp', 'cmake_prefix_path')
[1.772s] INFO:colcon.colcon_core.shell:Creating environment hook '/home/ana/robot_ws/install/firebot_cpp/share/firebot_cpp/hook/cmake_prefix_path.ps1'
[1.773s] INFO:colcon.colcon_core.shell:Creating environment descriptor '/home/ana/robot_ws/install/firebot_cpp/share/firebot_cpp/hook/cmake_prefix_path.dsv'
[1.773s] INFO:colcon.colcon_core.shell:Creating environment hook '/home/ana/robot_ws/install/firebot_cpp/share/firebot_cpp/hook/cmake_prefix_path.sh'
[1.775s] Level 1:colcon.colcon_core.environment:checking '/home/ana/robot_ws/install/firebot_cpp/bin'
[1.775s] Level 1:colcon.colcon_core.environment:checking '/home/ana/robot_ws/install/firebot_cpp/lib/pkgconfig/firebot_cpp.pc'
[1.775s] Level 1:colcon.colcon_core.environment:checking '/home/ana/robot_ws/install/firebot_cpp/lib/python3.10/site-packages'
[1.776s] Level 1:colcon.colcon_core.environment:checking '/home/ana/robot_ws/install/firebot_cpp/bin'
[1.776s] INFO:colcon.colcon_core.shell:Creating package script '/home/ana/robot_ws/install/firebot_cpp/share/firebot_cpp/package.ps1'
[1.777s] INFO:colcon.colcon_core.shell:Creating package descriptor '/home/ana/robot_ws/install/firebot_cpp/share/firebot_cpp/package.dsv'
[1.778s] INFO:colcon.colcon_core.shell:Creating package script '/home/ana/robot_ws/install/firebot_cpp/share/firebot_cpp/package.sh'
[1.779s] INFO:colcon.colcon_core.shell:Creating package script '/home/ana/robot_ws/install/firebot_cpp/share/firebot_cpp/package.bash'
[1.780s] INFO:colcon.colcon_core.shell:Creating package script '/home/ana/robot_ws/install/firebot_cpp/share/firebot_cpp/package.zsh'
[1.780s] Level 1:colcon.colcon_core.environment:create_file_with_runtime_dependencies(/home/ana/robot_ws/install/firebot_cpp/share/colcon-core/packages/firebot_cpp)
[1.782s] Level 1:colcon.colcon_core.environment:create_environment_scripts_only(articubot_one)
[1.783s] Level 1:colcon.colcon_core.environment:checking '/home/ana/robot_ws/install/articubot_one' for CMake module files
[1.784s] DEBUG:colcon.colcon_core.event_handler.log_command:Invoked command in '/home/ana/robot_ws/build/articubot_one' returned '0': CMAKE_PREFIX_PATH=${CMAKE_PREFIX_PATH}:/home/ana/robot_ws/install/thermal_camera:/home/ana/robot_ws/install/py_pubsub:/home/ana/robot_ws/install/firebot_py:/opt/ros/humble /usr/bin/cmake --install /home/ana/robot_ws/build/articubot_one
[1.785s] Level 1:colcon.colcon_core.environment:checking '/home/ana/robot_ws/install/articubot_one' for CMake config files
[1.785s] Level 1:colcon.colcon_core.shell:create_environment_hook('articubot_one', 'cmake_prefix_path')
[1.785s] INFO:colcon.colcon_core.shell:Creating environment hook '/home/ana/robot_ws/install/articubot_one/share/articubot_one/hook/cmake_prefix_path.ps1'
[1.786s] INFO:colcon.colcon_core.shell:Creating environment descriptor '/home/ana/robot_ws/install/articubot_one/share/articubot_one/hook/cmake_prefix_path.dsv'
[1.787s] INFO:colcon.colcon_core.shell:Creating environment hook '/home/ana/robot_ws/install/articubot_one/share/articubot_one/hook/cmake_prefix_path.sh'
[1.788s] Level 1:colcon.colcon_core.environment:checking '/home/ana/robot_ws/install/articubot_one/bin'
[1.788s] Level 1:colcon.colcon_core.environment:checking '/home/ana/robot_ws/install/articubot_one/lib/pkgconfig/articubot_one.pc'
[1.788s] Level 1:colcon.colcon_core.environment:checking '/home/ana/robot_ws/install/articubot_one/lib/python3.10/site-packages'
[1.789s] Level 1:colcon.colcon_core.environment:checking '/home/ana/robot_ws/install/articubot_one/bin'
[1.789s] INFO:colcon.colcon_core.shell:Creating package script '/home/ana/robot_ws/install/articubot_one/share/articubot_one/package.ps1'
[1.790s] INFO:colcon.colcon_core.shell:Creating package descriptor '/home/ana/robot_ws/install/articubot_one/share/articubot_one/package.dsv'
[1.790s] INFO:colcon.colcon_core.shell:Creating package script '/home/ana/robot_ws/install/articubot_one/share/articubot_one/package.sh'
[1.791s] INFO:colcon.colcon_core.shell:Creating package script '/home/ana/robot_ws/install/articubot_one/share/articubot_one/package.bash'
[1.792s] INFO:colcon.colcon_core.shell:Creating package script '/home/ana/robot_ws/install/articubot_one/share/articubot_one/package.zsh'
[1.792s] Level 1:colcon.colcon_core.environment:create_file_with_runtime_dependencies(/home/ana/robot_ws/install/articubot_one/share/colcon-core/packages/articubot_one)
[1.793s] Level 1:colcon.colcon_core.environment:create_environment_scripts_only(articubot_one)
[1.793s] Level 1:colcon.colcon_core.environment:checking '/home/ana/robot_ws/install/articubot_one' for CMake module files
[1.794s] Level 1:colcon.colcon_core.environment:checking '/home/ana/robot_ws/install/articubot_one' for CMake config files
[1.794s] Level 1:colcon.colcon_core.shell:create_environment_hook('articubot_one', 'cmake_prefix_path')
[1.794s] INFO:colcon.colcon_core.shell:Creating environment hook '/home/ana/robot_ws/install/articubot_one/share/articubot_one/hook/cmake_prefix_path.ps1'
[1.795s] INFO:colcon.colcon_core.shell:Creating environment descriptor '/home/ana/robot_ws/install/articubot_one/share/articubot_one/hook/cmake_prefix_path.dsv'
[1.796s] INFO:colcon.colcon_core.shell:Creating environment hook '/home/ana/robot_ws/install/articubot_one/share/articubot_one/hook/cmake_prefix_path.sh'
[1.796s] Level 1:colcon.colcon_core.environment:checking '/home/ana/robot_ws/install/articubot_one/bin'
[1.796s] Level 1:colcon.colcon_core.environment:checking '/home/ana/robot_ws/install/articubot_one/lib/pkgconfig/articubot_one.pc'
[1.797s] Level 1:colcon.colcon_core.environment:checking '/home/ana/robot_ws/install/articubot_one/lib/python3.10/site-packages'
[1.797s] Level 1:colcon.colcon_core.environment:checking '/home/ana/robot_ws/install/articubot_one/bin'
[1.798s] INFO:colcon.colcon_core.shell:Creating package script '/home/ana/robot_ws/install/articubot_one/share/articubot_one/package.ps1'
[1.798s] INFO:colcon.colcon_core.shell:Creating package descriptor '/home/ana/robot_ws/install/articubot_one/share/articubot_one/package.dsv'
[1.799s] INFO:colcon.colcon_core.shell:Creating package script '/home/ana/robot_ws/install/articubot_one/share/articubot_one/package.sh'
[1.800s] INFO:colcon.colcon_core.shell:Creating package script '/home/ana/robot_ws/install/articubot_one/share/articubot_one/package.bash'
[1.800s] INFO:colcon.colcon_core.shell:Creating package script '/home/ana/robot_ws/install/articubot_one/share/articubot_one/package.zsh'
[1.801s] Level 1:colcon.colcon_core.environment:create_file_with_runtime_dependencies(/home/ana/robot_ws/install/articubot_one/share/colcon-core/packages/articubot_one)
[1.801s] Level 1:colcon.colcon_core.environment:create_environment_scripts_only(test_package)
[1.802s] Level 1:colcon.colcon_core.environment:checking '/home/ana/robot_ws/install/test_package' for CMake module files
[1.803s] DEBUG:colcon.colcon_core.event_handler.log_command:Invoked command in '/home/ana/robot_ws/build/test_package' returned '0': CMAKE_PREFIX_PATH=${CMAKE_PREFIX_PATH}:/home/ana/robot_ws/install/thermal_camera:/home/ana/robot_ws/install/py_pubsub:/home/ana/robot_ws/install/firebot_py:/opt/ros/humble /usr/bin/cmake --install /home/ana/robot_ws/build/test_package
[1.804s] Level 1:colcon.colcon_core.environment:checking '/home/ana/robot_ws/install/test_package' for CMake config files
[1.804s] Level 1:colcon.colcon_core.shell:create_environment_hook('test_package', 'cmake_prefix_path')
[1.804s] INFO:colcon.colcon_core.shell:Creating environment hook '/home/ana/robot_ws/install/test_package/share/test_package/hook/cmake_prefix_path.ps1'
[1.805s] INFO:colcon.colcon_core.shell:Creating environment descriptor '/home/ana/robot_ws/install/test_package/share/test_package/hook/cmake_prefix_path.dsv'
[1.806s] INFO:colcon.colcon_core.shell:Creating environment hook '/home/ana/robot_ws/install/test_package/share/test_package/hook/cmake_prefix_path.sh'
[1.807s] Level 1:colcon.colcon_core.environment:checking '/home/ana/robot_ws/install/test_package/lib'
[1.808s] Level 1:colcon.colcon_core.environment:checking '/home/ana/robot_ws/install/test_package/bin'
[1.808s] Level 1:colcon.colcon_core.environment:checking '/home/ana/robot_ws/install/test_package/lib/pkgconfig/test_package.pc'
[1.808s] Level 1:colcon.colcon_core.environment:checking '/home/ana/robot_ws/install/test_package/lib/python3.10/site-packages'
[1.808s] Level 1:colcon.colcon_core.environment:checking '/home/ana/robot_ws/install/test_package/bin'
[1.809s] INFO:colcon.colcon_core.shell:Creating package script '/home/ana/robot_ws/install/test_package/share/test_package/package.ps1'
[1.810s] INFO:colcon.colcon_core.shell:Creating package descriptor '/home/ana/robot_ws/install/test_package/share/test_package/package.dsv'
[1.810s] INFO:colcon.colcon_core.shell:Creating package script '/home/ana/robot_ws/install/test_package/share/test_package/package.sh'
[1.811s] INFO:colcon.colcon_core.shell:Creating package script '/home/ana/robot_ws/install/test_package/share/test_package/package.bash'
[1.812s] INFO:colcon.colcon_core.shell:Creating package script '/home/ana/robot_ws/install/test_package/share/test_package/package.zsh'
[1.812s] Level 1:colcon.colcon_core.environment:create_file_with_runtime_dependencies(/home/ana/robot_ws/install/test_package/share/colcon-core/packages/test_package)
[1.813s] Level 1:colcon.colcon_core.environment:create_environment_scripts_only(test_package)
[1.813s] Level 1:colcon.colcon_core.environment:checking '/home/ana/robot_ws/install/test_package' for CMake module files
[1.814s] Level 1:colcon.colcon_core.environment:checking '/home/ana/robot_ws/install/test_package' for CMake config files
[1.814s] Level 1:colcon.colcon_core.shell:create_environment_hook('test_package', 'cmake_prefix_path')
[1.815s] INFO:colcon.colcon_core.shell:Creating environment hook '/home/ana/robot_ws/install/test_package/share/test_package/hook/cmake_prefix_path.ps1'
[1.815s] INFO:colcon.colcon_core.shell:Creating environment descriptor '/home/ana/robot_ws/install/test_package/share/test_package/hook/cmake_prefix_path.dsv'
[1.816s] INFO:colcon.colcon_core.shell:Creating environment hook '/home/ana/robot_ws/install/test_package/share/test_package/hook/cmake_prefix_path.sh'
[1.817s] Level 1:colcon.colcon_core.environment:checking '/home/ana/robot_ws/install/test_package/lib'
[1.817s] Level 1:colcon.colcon_core.environment:checking '/home/ana/robot_ws/install/test_package/bin'
[1.817s] Level 1:colcon.colcon_core.environment:checking '/home/ana/robot_ws/install/test_package/lib/pkgconfig/test_package.pc'
[1.817s] Level 1:colcon.colcon_core.environment:checking '/home/ana/robot_ws/install/test_package/lib/python3.10/site-packages'
[1.817s] Level 1:colcon.colcon_core.environment:checking '/home/ana/robot_ws/install/test_package/bin'
[1.818s] INFO:colcon.colcon_core.shell:Creating package script '/home/ana/robot_ws/install/test_package/share/test_package/package.ps1'
[1.819s] INFO:colcon.colcon_core.shell:Creating package descriptor '/home/ana/robot_ws/install/test_package/share/test_package/package.dsv'
[1.819s] INFO:colcon.colcon_core.shell:Creating package script '/home/ana/robot_ws/install/test_package/share/test_package/package.sh'
[1.821s] INFO:colcon.colcon_core.shell:Creating package script '/home/ana/robot_ws/install/test_package/share/test_package/package.bash'
[1.821s] INFO:colcon.colcon_core.shell:Creating package script '/home/ana/robot_ws/install/test_package/share/test_package/package.zsh'
[1.822s] Level 1:colcon.colcon_core.environment:create_file_with_runtime_dependencies(/home/ana/robot_ws/install/test_package/share/colcon-core/packages/test_package)
[1.823s] Level 1:colcon.colcon_core.environment:create_environment_scripts_only(rplidar_ros)
[1.823s] Level 1:colcon.colcon_core.environment:checking '/home/ana/robot_ws/install/rplidar_ros' for CMake module files
[1.825s] DEBUG:colcon.colcon_core.event_handler.log_command:Invoked command in '/home/ana/robot_ws/build/rplidar_ros' returned '0': CMAKE_PREFIX_PATH=${CMAKE_PREFIX_PATH}:/home/ana/robot_ws/install/thermal_camera:/home/ana/robot_ws/install/py_pubsub:/home/ana/robot_ws/install/firebot_py:/opt/ros/humble /usr/bin/cmake --install /home/ana/robot_ws/build/rplidar_ros
[1.825s] Level 1:colcon.colcon_core.environment:checking '/home/ana/robot_ws/install/rplidar_ros' for CMake config files
[1.826s] Level 1:colcon.colcon_core.shell:create_environment_hook('rplidar_ros', 'cmake_prefix_path')
[1.826s] INFO:colcon.colcon_core.shell:Creating environment hook '/home/ana/robot_ws/install/rplidar_ros/share/rplidar_ros/hook/cmake_prefix_path.ps1'
[1.827s] INFO:colcon.colcon_core.shell:Creating environment descriptor '/home/ana/robot_ws/install/rplidar_ros/share/rplidar_ros/hook/cmake_prefix_path.dsv'
[1.827s] INFO:colcon.colcon_core.shell:Creating environment hook '/home/ana/robot_ws/install/rplidar_ros/share/rplidar_ros/hook/cmake_prefix_path.sh'
[1.828s] Level 1:colcon.colcon_core.environment:checking '/home/ana/robot_ws/install/rplidar_ros/lib'
[1.828s] Level 1:colcon.colcon_core.environment:checking '/home/ana/robot_ws/install/rplidar_ros/bin'
[1.828s] Level 1:colcon.colcon_core.environment:checking '/home/ana/robot_ws/install/rplidar_ros/lib/pkgconfig/rplidar_ros.pc'
[1.829s] Level 1:colcon.colcon_core.environment:checking '/home/ana/robot_ws/install/rplidar_ros/lib/python3.10/site-packages'
[1.829s] Level 1:colcon.colcon_core.environment:checking '/home/ana/robot_ws/install/rplidar_ros/bin'
[1.830s] INFO:colcon.colcon_core.shell:Creating package script '/home/ana/robot_ws/install/rplidar_ros/share/rplidar_ros/package.ps1'
[1.830s] INFO:colcon.colcon_core.shell:Creating package descriptor '/home/ana/robot_ws/install/rplidar_ros/share/rplidar_ros/package.dsv'
[1.831s] INFO:colcon.colcon_core.shell:Creating package script '/home/ana/robot_ws/install/rplidar_ros/share/rplidar_ros/package.sh'
[1.831s] INFO:colcon.colcon_core.shell:Creating package script '/home/ana/robot_ws/install/rplidar_ros/share/rplidar_ros/package.bash'
[1.832s] INFO:colcon.colcon_core.shell:Creating package script '/home/ana/robot_ws/install/rplidar_ros/share/rplidar_ros/package.zsh'
[1.832s] Level 1:colcon.colcon_core.environment:create_file_with_runtime_dependencies(/home/ana/robot_ws/install/rplidar_ros/share/colcon-core/packages/rplidar_ros)
[1.833s] Level 1:colcon.colcon_core.environment:create_environment_scripts_only(rplidar_ros)
[1.834s] Level 1:colcon.colcon_core.environment:checking '/home/ana/robot_ws/install/rplidar_ros' for CMake module files
[1.834s] Level 1:colcon.colcon_core.environment:checking '/home/ana/robot_ws/install/rplidar_ros' for CMake config files
[1.835s] Level 1:colcon.colcon_core.shell:create_environment_hook('rplidar_ros', 'cmake_prefix_path')
[1.835s] INFO:colcon.colcon_core.shell:Creating environment hook '/home/ana/robot_ws/install/rplidar_ros/share/rplidar_ros/hook/cmake_prefix_path.ps1'
[1.836s] INFO:colcon.colcon_core.shell:Creating environment descriptor '/home/ana/robot_ws/install/rplidar_ros/share/rplidar_ros/hook/cmake_prefix_path.dsv'
[1.836s] INFO:colcon.colcon_core.shell:Creating environment hook '/home/ana/robot_ws/install/rplidar_ros/share/rplidar_ros/hook/cmake_prefix_path.sh'
[1.837s] Level 1:colcon.colcon_core.environment:checking '/home/ana/robot_ws/install/rplidar_ros/lib'
[1.837s] Level 1:colcon.colcon_core.environment:checking '/home/ana/robot_ws/install/rplidar_ros/bin'
[1.838s] Level 1:colcon.colcon_core.environment:checking '/home/ana/robot_ws/install/rplidar_ros/lib/pkgconfig/rplidar_ros.pc'
[1.838s] Level 1:colcon.colcon_core.environment:checking '/home/ana/robot_ws/install/rplidar_ros/lib/python3.10/site-packages'
[1.838s] Level 1:colcon.colcon_core.environment:checking '/home/ana/robot_ws/install/rplidar_ros/bin'
[1.839s] INFO:colcon.colcon_core.shell:Creating package script '/home/ana/robot_ws/install/rplidar_ros/share/rplidar_ros/package.ps1'
[1.840s] INFO:colcon.colcon_core.shell:Creating package descriptor '/home/ana/robot_ws/install/rplidar_ros/share/rplidar_ros/package.dsv'
[1.841s] INFO:colcon.colcon_core.shell:Creating package script '/home/ana/robot_ws/install/rplidar_ros/share/rplidar_ros/package.sh'
[1.842s] INFO:colcon.colcon_core.shell:Creating package script '/home/ana/robot_ws/install/rplidar_ros/share/rplidar_ros/package.bash'
[1.842s] INFO:colcon.colcon_core.shell:Creating package script '/home/ana/robot_ws/install/rplidar_ros/share/rplidar_ros/package.zsh'
[1.843s] Level 1:colcon.colcon_core.environment:create_file_with_runtime_dependencies(/home/ana/robot_ws/install/rplidar_ros/share/colcon-core/packages/rplidar_ros)
[2.277s] DEBUG:colcon.colcon_core.event_handler.log_command:Invoking command in '/home/ana/robot_ws/build/py_pubsub': PYTHONPATH=/home/ana/robot_ws/build/py_pubsub/prefix_override:/usr/lib/python3/dist-packages/colcon_core/task/python/colcon_distutils_commands:/home/ana/robot_ws/install/py_pubsub/lib/python3.10/site-packages:${PYTHONPATH} /usr/bin/python3 -W ignore:setup.py install is deprecated -W ignore:easy_install command is deprecated setup.py develop --editable --build-directory /home/ana/robot_ws/build/py_pubsub/build --no-deps symlink_data
[2.280s] DEBUG:colcon.colcon_core.event_handler.log_command:Invoking command in '/home/ana/robot_ws/build/firebot_py': PYTHONPATH=/home/ana/robot_ws/build/firebot_py/prefix_override:/usr/lib/python3/dist-packages/colcon_core/task/python/colcon_distutils_commands:/home/ana/robot_ws/install/firebot_py/lib/python3.10/site-packages:${PYTHONPATH} /usr/bin/python3 -W ignore:setup.py install is deprecated -W ignore:easy_install command is deprecated setup.py develop --editable --build-directory /home/ana/robot_ws/build/firebot_py/build --no-deps symlink_data
[2.288s] DEBUG:colcon.colcon_core.event_handler.log_command:Invoking command in '/home/ana/robot_ws/build/thermal_camera': PYTHONPATH=/home/ana/robot_ws/build/thermal_camera/prefix_override:/usr/lib/python3/dist-packages/colcon_core/task/python/colcon_distutils_commands:/home/ana/robot_ws/install/thermal_camera/lib/python3.10/site-packages:${PYTHONPATH} /usr/bin/python3 -W ignore:setup.py install is deprecated -W ignore:easy_install command is deprecated setup.py develop --editable --build-directory /home/ana/robot_ws/build/thermal_camera/build --no-deps symlink_data
[2.985s] Level 1:colcon.colcon_core.shell:create_environment_hook('firebot_py', 'pythonpath_develop')
[2.986s] INFO:colcon.colcon_core.shell:Creating environment hook '/home/ana/robot_ws/build/firebot_py/share/firebot_py/hook/pythonpath_develop.ps1'
[2.987s] DEBUG:colcon.colcon_core.event_handler.log_command:Invoked command in '/home/ana/robot_ws/build/firebot_py' returned '0': PYTHONPATH=/home/ana/robot_ws/build/firebot_py/prefix_override:/usr/lib/python3/dist-packages/colcon_core/task/python/colcon_distutils_commands:/home/ana/robot_ws/install/firebot_py/lib/python3.10/site-packages:${PYTHONPATH} /usr/bin/python3 -W ignore:setup.py install is deprecated -W ignore:easy_install command is deprecated setup.py develop --editable --build-directory /home/ana/robot_ws/build/firebot_py/build --no-deps symlink_data
[2.988s] INFO:colcon.colcon_core.shell:Creating environment descriptor '/home/ana/robot_ws/build/firebot_py/share/firebot_py/hook/pythonpath_develop.dsv'
[2.989s] INFO:colcon.colcon_core.shell:Creating environment hook '/home/ana/robot_ws/build/firebot_py/share/firebot_py/hook/pythonpath_develop.sh'
[2.990s] Level 1:colcon.colcon_core.environment:checking '/home/ana/robot_ws/install/firebot_py' for CMake module files
[2.991s] Level 1:colcon.colcon_core.environment:checking '/home/ana/robot_ws/install/firebot_py' for CMake config files
[2.992s] Level 1:colcon.colcon_core.environment:checking '/home/ana/robot_ws/install/firebot_py/lib'
[2.992s] Level 1:colcon.colcon_core.environment:checking '/home/ana/robot_ws/install/firebot_py/bin'
[2.992s] Level 1:colcon.colcon_core.environment:checking '/home/ana/robot_ws/install/firebot_py/lib/pkgconfig/firebot_py.pc'
[2.992s] Level 1:colcon.colcon_core.environment:checking '/home/ana/robot_ws/install/firebot_py/lib/python3.10/site-packages'
[2.992s] Level 1:colcon.colcon_core.shell:create_environment_hook('firebot_py', 'pythonpath')
[2.993s] INFO:colcon.colcon_core.shell:Creating environment hook '/home/ana/robot_ws/install/firebot_py/share/firebot_py/hook/pythonpath.ps1'
[2.993s] INFO:colcon.colcon_core.shell:Creating environment descriptor '/home/ana/robot_ws/install/firebot_py/share/firebot_py/hook/pythonpath.dsv'
[2.994s] INFO:colcon.colcon_core.shell:Creating environment hook '/home/ana/robot_ws/install/firebot_py/share/firebot_py/hook/pythonpath.sh'
[2.995s] Level 1:colcon.colcon_core.environment:checking '/home/ana/robot_ws/install/firebot_py/bin'
[2.995s] Level 1:colcon.colcon_core.environment:create_environment_scripts_only(firebot_py)
[2.996s] INFO:colcon.colcon_core.shell:Creating package script '/home/ana/robot_ws/install/firebot_py/share/firebot_py/package.ps1'
[2.997s] INFO:colcon.colcon_core.shell:Creating package descriptor '/home/ana/robot_ws/install/firebot_py/share/firebot_py/package.dsv'
[2.997s] INFO:colcon.colcon_core.shell:Creating package script '/home/ana/robot_ws/install/firebot_py/share/firebot_py/package.sh'
[2.998s] INFO:colcon.colcon_core.shell:Creating package script '/home/ana/robot_ws/install/firebot_py/share/firebot_py/package.bash'
[2.999s] INFO:colcon.colcon_core.shell:Creating package script '/home/ana/robot_ws/install/firebot_py/share/firebot_py/package.zsh'
[2.999s] Level 1:colcon.colcon_core.environment:create_file_with_runtime_dependencies(/home/ana/robot_ws/install/firebot_py/share/colcon-core/packages/firebot_py)
[3.001s] Level 1:colcon.colcon_core.shell:create_environment_hook('thermal_camera', 'pythonpath_develop')
[3.002s] INFO:colcon.colcon_core.shell:Creating environment hook '/home/ana/robot_ws/build/thermal_camera/share/thermal_camera/hook/pythonpath_develop.ps1'
[3.003s] DEBUG:colcon.colcon_core.event_handler.log_command:Invoked command in '/home/ana/robot_ws/build/thermal_camera' returned '0': PYTHONPATH=/home/ana/robot_ws/build/thermal_camera/prefix_override:/usr/lib/python3/dist-packages/colcon_core/task/python/colcon_distutils_commands:/home/ana/robot_ws/install/thermal_camera/lib/python3.10/site-packages:${PYTHONPATH} /usr/bin/python3 -W ignore:setup.py install is deprecated -W ignore:easy_install command is deprecated setup.py develop --editable --build-directory /home/ana/robot_ws/build/thermal_camera/build --no-deps symlink_data
[3.003s] INFO:colcon.colcon_core.shell:Creating environment descriptor '/home/ana/robot_ws/build/thermal_camera/share/thermal_camera/hook/pythonpath_develop.dsv'
[3.004s] INFO:colcon.colcon_core.shell:Creating environment hook '/home/ana/robot_ws/build/thermal_camera/share/thermal_camera/hook/pythonpath_develop.sh'
[3.005s] Level 1:colcon.colcon_core.environment:checking '/home/ana/robot_ws/install/thermal_camera' for CMake module files
[3.005s] Level 1:colcon.colcon_core.environment:checking '/home/ana/robot_ws/install/thermal_camera' for CMake config files
[3.006s] Level 1:colcon.colcon_core.environment:checking '/home/ana/robot_ws/install/thermal_camera/lib'
[3.006s] Level 1:colcon.colcon_core.environment:checking '/home/ana/robot_ws/install/thermal_camera/bin'
[3.006s] Level 1:colcon.colcon_core.environment:checking '/home/ana/robot_ws/install/thermal_camera/lib/pkgconfig/thermal_camera.pc'
[3.007s] Level 1:colcon.colcon_core.environment:checking '/home/ana/robot_ws/install/thermal_camera/lib/python3.10/site-packages'
[3.007s] Level 1:colcon.colcon_core.shell:create_environment_hook('thermal_camera', 'pythonpath')
[3.007s] INFO:colcon.colcon_core.shell:Creating environment hook '/home/ana/robot_ws/install/thermal_camera/share/thermal_camera/hook/pythonpath.ps1'
[3.008s] INFO:colcon.colcon_core.shell:Creating environment descriptor '/home/ana/robot_ws/install/thermal_camera/share/thermal_camera/hook/pythonpath.dsv'
[3.008s] INFO:colcon.colcon_core.shell:Creating environment hook '/home/ana/robot_ws/install/thermal_camera/share/thermal_camera/hook/pythonpath.sh'
[3.009s] Level 1:colcon.colcon_core.environment:checking '/home/ana/robot_ws/install/thermal_camera/bin'
[3.009s] Level 1:colcon.colcon_core.environment:create_environment_scripts_only(thermal_camera)
[3.010s] INFO:colcon.colcon_core.shell:Creating package script '/home/ana/robot_ws/install/thermal_camera/share/thermal_camera/package.ps1'
[3.010s] INFO:colcon.colcon_core.shell:Creating package descriptor '/home/ana/robot_ws/install/thermal_camera/share/thermal_camera/package.dsv'
[3.011s] INFO:colcon.colcon_core.shell:Creating package script '/home/ana/robot_ws/install/thermal_camera/share/thermal_camera/package.sh'
[3.012s] INFO:colcon.colcon_core.shell:Creating package script '/home/ana/robot_ws/install/thermal_camera/share/thermal_camera/package.bash'
[3.012s] INFO:colcon.colcon_core.shell:Creating package script '/home/ana/robot_ws/install/thermal_camera/share/thermal_camera/package.zsh'
[3.013s] Level 1:colcon.colcon_core.environment:create_file_with_runtime_dependencies(/home/ana/robot_ws/install/thermal_camera/share/colcon-core/packages/thermal_camera)
[3.014s] Level 1:colcon.colcon_core.shell:create_environment_hook('py_pubsub', 'pythonpath_develop')
[3.015s] INFO:colcon.colcon_core.shell:Creating environment hook '/home/ana/robot_ws/build/py_pubsub/share/py_pubsub/hook/pythonpath_develop.ps1'
[3.016s] INFO:colcon.colcon_core.shell:Creating environment descriptor '/home/ana/robot_ws/build/py_pubsub/share/py_pubsub/hook/pythonpath_develop.dsv'
[3.016s] DEBUG:colcon.colcon_core.event_handler.log_command:Invoked command in '/home/ana/robot_ws/build/py_pubsub' returned '0': PYTHONPATH=/home/ana/robot_ws/build/py_pubsub/prefix_override:/usr/lib/python3/dist-packages/colcon_core/task/python/colcon_distutils_commands:/home/ana/robot_ws/install/py_pubsub/lib/python3.10/site-packages:${PYTHONPATH} /usr/bin/python3 -W ignore:setup.py install is deprecated -W ignore:easy_install command is deprecated setup.py develop --editable --build-directory /home/ana/robot_ws/build/py_pubsub/build --no-deps symlink_data
[3.016s] INFO:colcon.colcon_core.shell:Creating environment hook '/home/ana/robot_ws/build/py_pubsub/share/py_pubsub/hook/pythonpath_develop.sh'
[3.017s] Level 1:colcon.colcon_core.environment:checking '/home/ana/robot_ws/install/py_pubsub' for CMake module files
[3.018s] Level 1:colcon.colcon_core.environment:checking '/home/ana/robot_ws/install/py_pubsub' for CMake config files
[3.018s] Level 1:colcon.colcon_core.environment:checking '/home/ana/robot_ws/install/py_pubsub/lib'
[3.019s] Level 1:colcon.colcon_core.environment:checking '/home/ana/robot_ws/install/py_pubsub/bin'
[3.019s] Level 1:colcon.colcon_core.environment:checking '/home/ana/robot_ws/install/py_pubsub/lib/pkgconfig/py_pubsub.pc'
[3.019s] Level 1:colcon.colcon_core.environment:checking '/home/ana/robot_ws/install/py_pubsub/lib/python3.10/site-packages'
[3.019s] Level 1:colcon.colcon_core.shell:create_environment_hook('py_pubsub', 'pythonpath')
[3.019s] INFO:colcon.colcon_core.shell:Creating environment hook '/home/ana/robot_ws/install/py_pubsub/share/py_pubsub/hook/pythonpath.ps1'
[3.020s] INFO:colcon.colcon_core.shell:Creating environment descriptor '/home/ana/robot_ws/install/py_pubsub/share/py_pubsub/hook/pythonpath.dsv'
[3.020s] INFO:colcon.colcon_core.shell:Creating environment hook '/home/ana/robot_ws/install/py_pubsub/share/py_pubsub/hook/pythonpath.sh'
[3.021s] Level 1:colcon.colcon_core.environment:checking '/home/ana/robot_ws/install/py_pubsub/bin'
[3.022s] Level 1:colcon.colcon_core.environment:create_environment_scripts_only(py_pubsub)
[3.022s] INFO:colcon.colcon_core.shell:Creating package script '/home/ana/robot_ws/install/py_pubsub/share/py_pubsub/package.ps1'
[3.023s] INFO:colcon.colcon_core.shell:Creating package descriptor '/home/ana/robot_ws/install/py_pubsub/share/py_pubsub/package.dsv'
[3.024s] INFO:colcon.colcon_core.shell:Creating package script '/home/ana/robot_ws/install/py_pubsub/share/py_pubsub/package.sh'
[3.025s] INFO:colcon.colcon_core.shell:Creating package script '/home/ana/robot_ws/install/py_pubsub/share/py_pubsub/package.bash'
[3.025s] INFO:colcon.colcon_core.shell:Creating package script '/home/ana/robot_ws/install/py_pubsub/share/py_pubsub/package.zsh'
[3.026s] Level 1:colcon.colcon_core.environment:create_file_with_runtime_dependencies(/home/ana/robot_ws/install/py_pubsub/share/colcon-core/packages/py_pubsub)
[5.950s] DEBUG:colcon.colcon_core.event_handler.log_command:Invoked command in '/home/ana/robot_ws/build/ros2_control_demo_example_2' returned '0': CMAKE_PREFIX_PATH=${CMAKE_PREFIX_PATH}:/home/ana/robot_ws/install/thermal_camera:/home/ana/robot_ws/install/py_pubsub:/home/ana/robot_ws/install/firebot_py:/opt/ros/humble /usr/bin/cmake --build /home/ana/robot_ws/build/ros2_control_demo_example_2 -- -j20 -l20
[5.953s] DEBUG:colcon.colcon_core.event_handler.log_command:Invoking command in '/home/ana/robot_ws/build/ros2_control_demo_example_2': CMAKE_PREFIX_PATH=${CMAKE_PREFIX_PATH}:/home/ana/robot_ws/install/thermal_camera:/home/ana/robot_ws/install/py_pubsub:/home/ana/robot_ws/install/firebot_py:/opt/ros/humble /usr/bin/cmake --install /home/ana/robot_ws/build/ros2_control_demo_example_2
[5.997s] Level 1:colcon.colcon_core.environment:create_environment_scripts_only(ros2_control_demo_example_2)
[5.997s] Level 1:colcon.colcon_core.environment:checking '/home/ana/robot_ws/install/ros2_control_demo_example_2' for CMake module files
[5.998s] DEBUG:colcon.colcon_core.event_handler.log_command:Invoked command in '/home/ana/robot_ws/build/ros2_control_demo_example_2' returned '0': CMAKE_PREFIX_PATH=${CMAKE_PREFIX_PATH}:/home/ana/robot_ws/install/thermal_camera:/home/ana/robot_ws/install/py_pubsub:/home/ana/robot_ws/install/firebot_py:/opt/ros/humble /usr/bin/cmake --install /home/ana/robot_ws/build/ros2_control_demo_example_2
[5.999s] Level 1:colcon.colcon_core.environment:checking '/home/ana/robot_ws/install/ros2_control_demo_example_2' for CMake config files
[5.999s] Level 1:colcon.colcon_core.shell:create_environment_hook('ros2_control_demo_example_2', 'cmake_prefix_path')
[5.999s] INFO:colcon.colcon_core.shell:Creating environment hook '/home/ana/robot_ws/install/ros2_control_demo_example_2/share/ros2_control_demo_example_2/hook/cmake_prefix_path.ps1'
[6.000s] INFO:colcon.colcon_core.shell:Creating environment descriptor '/home/ana/robot_ws/install/ros2_control_demo_example_2/share/ros2_control_demo_example_2/hook/cmake_prefix_path.dsv'
[6.001s] INFO:colcon.colcon_core.shell:Creating environment hook '/home/ana/robot_ws/install/ros2_control_demo_example_2/share/ros2_control_demo_example_2/hook/cmake_prefix_path.sh'
[6.001s] Level 1:colcon.colcon_core.environment:checking '/home/ana/robot_ws/install/ros2_control_demo_example_2/lib'
[6.002s] Level 1:colcon.colcon_core.shell:create_environment_hook('ros2_control_demo_example_2', 'ld_library_path_lib')
[6.002s] INFO:colcon.colcon_core.shell:Creating environment hook '/home/ana/robot_ws/install/ros2_control_demo_example_2/share/ros2_control_demo_example_2/hook/ld_library_path_lib.ps1'
[6.002s] INFO:colcon.colcon_core.shell:Creating environment descriptor '/home/ana/robot_ws/install/ros2_control_demo_example_2/share/ros2_control_demo_example_2/hook/ld_library_path_lib.dsv'
[6.003s] INFO:colcon.colcon_core.shell:Creating environment hook '/home/ana/robot_ws/install/ros2_control_demo_example_2/share/ros2_control_demo_example_2/hook/ld_library_path_lib.sh'
[6.003s] Level 1:colcon.colcon_core.environment:checking '/home/ana/robot_ws/install/ros2_control_demo_example_2/bin'
[6.004s] Level 1:colcon.colcon_core.environment:checking '/home/ana/robot_ws/install/ros2_control_demo_example_2/lib/pkgconfig/ros2_control_demo_example_2.pc'
[6.004s] Level 1:colcon.colcon_core.environment:checking '/home/ana/robot_ws/install/ros2_control_demo_example_2/lib/python3.10/site-packages'
[6.004s] Level 1:colcon.colcon_core.environment:checking '/home/ana/robot_ws/install/ros2_control_demo_example_2/bin'
[6.005s] INFO:colcon.colcon_core.shell:Creating package script '/home/ana/robot_ws/install/ros2_control_demo_example_2/share/ros2_control_demo_example_2/package.ps1'
[6.006s] INFO:colcon.colcon_core.shell:Creating package descriptor '/home/ana/robot_ws/install/ros2_control_demo_example_2/share/ros2_control_demo_example_2/package.dsv'
[6.006s] INFO:colcon.colcon_core.shell:Creating package script '/home/ana/robot_ws/install/ros2_control_demo_example_2/share/ros2_control_demo_example_2/package.sh'
[6.007s] INFO:colcon.colcon_core.shell:Creating package script '/home/ana/robot_ws/install/ros2_control_demo_example_2/share/ros2_control_demo_example_2/package.bash'
[6.008s] INFO:colcon.colcon_core.shell:Creating package script '/home/ana/robot_ws/install/ros2_control_demo_example_2/share/ros2_control_demo_example_2/package.zsh'
[6.009s] Level 1:colcon.colcon_core.environment:create_file_with_runtime_dependencies(/home/ana/robot_ws/install/ros2_control_demo_example_2/share/colcon-core/packages/ros2_control_demo_example_2)
[6.010s] Level 1:colcon.colcon_core.environment:create_environment_scripts_only(ros2_control_demo_example_2)
[6.010s] Level 1:colcon.colcon_core.environment:checking '/home/ana/robot_ws/install/ros2_control_demo_example_2' for CMake module files
[6.011s] Level 1:colcon.colcon_core.environment:checking '/home/ana/robot_ws/install/ros2_control_demo_example_2' for CMake config files
[6.011s] Level 1:colcon.colcon_core.shell:create_environment_hook('ros2_control_demo_example_2', 'cmake_prefix_path')
[6.011s] INFO:colcon.colcon_core.shell:Creating environment hook '/home/ana/robot_ws/install/ros2_control_demo_example_2/share/ros2_control_demo_example_2/hook/cmake_prefix_path.ps1'
[6.012s] INFO:colcon.colcon_core.shell:Creating environment descriptor '/home/ana/robot_ws/install/ros2_control_demo_example_2/share/ros2_control_demo_example_2/hook/cmake_prefix_path.dsv'
[6.012s] INFO:colcon.colcon_core.shell:Creating environment hook '/home/ana/robot_ws/install/ros2_control_demo_example_2/share/ros2_control_demo_example_2/hook/cmake_prefix_path.sh'
[6.013s] Level 1:colcon.colcon_core.environment:checking '/home/ana/robot_ws/install/ros2_control_demo_example_2/lib'
[6.013s] Level 1:colcon.colcon_core.shell:create_environment_hook('ros2_control_demo_example_2', 'ld_library_path_lib')
[6.014s] INFO:colcon.colcon_core.shell:Creating environment hook '/home/ana/robot_ws/install/ros2_control_demo_example_2/share/ros2_control_demo_example_2/hook/ld_library_path_lib.ps1'
[6.014s] INFO:colcon.colcon_core.shell:Creating environment descriptor '/home/ana/robot_ws/install/ros2_control_demo_example_2/share/ros2_control_demo_example_2/hook/ld_library_path_lib.dsv'
[6.014s] INFO:colcon.colcon_core.shell:Creating environment hook '/home/ana/robot_ws/install/ros2_control_demo_example_2/share/ros2_control_demo_example_2/hook/ld_library_path_lib.sh'
[6.015s] Level 1:colcon.colcon_core.environment:checking '/home/ana/robot_ws/install/ros2_control_demo_example_2/bin'
[6.015s] Level 1:colcon.colcon_core.environment:checking '/home/ana/robot_ws/install/ros2_control_demo_example_2/lib/pkgconfig/ros2_control_demo_example_2.pc'
[6.015s] Level 1:colcon.colcon_core.environment:checking '/home/ana/robot_ws/install/ros2_control_demo_example_2/lib/python3.10/site-packages'
[6.016s] Level 1:colcon.colcon_core.environment:checking '/home/ana/robot_ws/install/ros2_control_demo_example_2/bin'
[6.016s] INFO:colcon.colcon_core.shell:Creating package script '/home/ana/robot_ws/install/ros2_control_demo_example_2/share/ros2_control_demo_example_2/package.ps1'
[6.017s] INFO:colcon.colcon_core.shell:Creating package descriptor '/home/ana/robot_ws/install/ros2_control_demo_example_2/share/ros2_control_demo_example_2/package.dsv'
[6.017s] INFO:colcon.colcon_core.shell:Creating package script '/home/ana/robot_ws/install/ros2_control_demo_example_2/share/ros2_control_demo_example_2/package.sh'
[6.018s] INFO:colcon.colcon_core.shell:Creating package script '/home/ana/robot_ws/install/ros2_control_demo_example_2/share/ros2_control_demo_example_2/package.bash'
[6.019s] INFO:colcon.colcon_core.shell:Creating package script '/home/ana/robot_ws/install/ros2_control_demo_example_2/share/ros2_control_demo_example_2/package.zsh'
[6.019s] Level 1:colcon.colcon_core.environment:create_file_with_runtime_dependencies(/home/ana/robot_ws/install/ros2_control_demo_example_2/share/colcon-core/packages/ros2_control_demo_example_2)
[6.019s] DEBUG:colcon.colcon_parallel_executor.executor.parallel:closing loop
[6.020s] DEBUG:colcon.colcon_parallel_executor.executor.parallel:loop closed
[6.020s] DEBUG:colcon.colcon_parallel_executor.executor.parallel:run_until_complete finished with '0'
[6.020s] DEBUG:colcon.colcon_core.event_reactor:joining thread
[6.030s] INFO:colcon.colcon_core.plugin_system:Skipping extension 'colcon_notification.desktop_notification.terminal_notifier': Not used on non-Darwin systems
[6.030s] INFO:colcon.colcon_core.plugin_system:Skipping extension 'colcon_notification.desktop_notification.win32': Not used on non-Windows systems
[6.030s] INFO:colcon.colcon_notification.desktop_notification:Sending desktop notification using 'notify2'
[6.056s] DEBUG:colcon.colcon_core.event_reactor:joined thread
[6.057s] INFO:colcon.colcon_core.shell:Creating prefix script '/home/ana/robot_ws/install/local_setup.ps1'
[6.058s] INFO:colcon.colcon_core.shell:Creating prefix util module '/home/ana/robot_ws/install/_local_setup_util_ps1.py'
[6.060s] INFO:colcon.colcon_core.shell:Creating prefix chain script '/home/ana/robot_ws/install/setup.ps1'
[6.062s] INFO:colcon.colcon_core.shell:Creating prefix script '/home/ana/robot_ws/install/local_setup.sh'
[6.063s] INFO:colcon.colcon_core.shell:Creating prefix util module '/home/ana/robot_ws/install/_local_setup_util_sh.py'
[6.064s] INFO:colcon.colcon_core.shell:Creating prefix chain script '/home/ana/robot_ws/install/setup.sh'
[6.067s] INFO:colcon.colcon_core.shell:Creating prefix script '/home/ana/robot_ws/install/local_setup.bash'
[6.068s] INFO:colcon.colcon_core.shell:Creating prefix chain script '/home/ana/robot_ws/install/setup.bash'
[6.070s] INFO:colcon.colcon_core.shell:Creating prefix script '/home/ana/robot_ws/install/local_setup.zsh'
[6.071s] INFO:colcon.colcon_core.shell:Creating prefix chain script '/home/ana/robot_ws/install/setup.zsh'
