[0.013s] Invoking command in '/home/ana/robot_ws/build/firebot': CMAKE_PREFIX_PATH=${CMAKE_PREFIX_PATH}:/opt/ros/humble /usr/bin/cmake /home/ana/robot_ws/src/firebot -DCMAKE_INSTALL_PREFIX=/home/ana/robot_ws/install/firebot
[0.031s] -- Found ament_cmake: 1.3.11 (/opt/ros/humble/share/ament_cmake/cmake)
[0.204s] -- Found rclcpp: 16.0.11 (/opt/ros/humble/share/rclcpp/cmake)
[0.245s] -- Found rosidl_generator_c: 3.1.6 (/opt/ros/humble/share/rosidl_generator_c/cmake)
[0.248s] -- Found rosidl_adapter: 3.1.6 (/opt/ros/humble/share/rosidl_adapter/cmake)
[0.256s] -- Found rosidl_generator_cpp: 3.1.6 (/opt/ros/humble/share/rosidl_generator_cpp/cmake)
[0.268s] -- Using all available rosidl_typesupport_c: rosidl_typesupport_fastrtps_c;rosidl_typesupport_introspection_c
[0.285s] -- Using all available rosidl_typesupport_cpp: rosidl_typesupport_fastrtps_cpp;rosidl_typesupport_introspection_cpp
[0.334s] -- Found rmw_implementation_cmake: 6.1.2 (/opt/ros/humble/share/rmw_implementation_cmake/cmake)
[0.336s] -- Found rmw_fastrtps_cpp: 6.2.7 (/opt/ros/humble/share/rmw_fastrtps_cpp/cmake)
[0.475s] -- Using RMW implementation 'rmw_fastrtps_cpp' as default
[0.539s] -- Found rclpy: 3.3.15 (/opt/ros/humble/share/rclpy/cmake)
[0.539s] -- Found sensor_msgs: 4.2.4 (/opt/ros/humble/share/sensor_msgs/cmake)
[0.572s] -- Found rosidl_default_generators: 1.2.0 (/opt/ros/humble/share/rosidl_default_generators/cmake)
[0.904s] -- Found ament_cmake_ros: 0.10.0 (/opt/ros/humble/share/ament_cmake_ros/cmake)
[1.297s] -- Using all available rosidl_typesupport_c: rosidl_typesupport_fastrtps_c;rosidl_typesupport_introspection_c
[1.470s] -- Using all available rosidl_typesupport_cpp: rosidl_typesupport_fastrtps_cpp;rosidl_typesupport_introspection_cpp
[1.503s] -- Found python_cmake_module: 0.10.0 (/opt/ros/humble/share/python_cmake_module/cmake)
[1.539s] -- Using PYTHON_EXECUTABLE: /usr/bin/python3
[1.539s] -- Using PYTHON_INCLUDE_DIRS: /usr/include/python3.10
[1.539s] -- Using PYTHON_LIBRARIES: /usr/lib/x86_64-linux-gnu/libpython3.10.so
[1.561s] [31mCMake Error at /opt/ros/humble/share/ament_cmake_python/cmake/ament_python_install_package.cmake:122 (add_custom_target):
[1.561s]   add_custom_target cannot create target "ament_cmake_python_copy_firebot"
[1.561s]   because another target with the same name already exists.  The existing
[1.562s]   target is a custom target created in source directory
[1.562s]   "/home/ana/robot_ws/src/firebot".  See documentation for policy CMP0002 for
[1.562s]   more details.
[1.562s] Call Stack (most recent call first):
[1.562s]   /opt/ros/humble/share/ament_cmake_python/cmake/ament_python_install_package.cmake:39 (_ament_cmake_python_install_package)
[1.562s]   CMakeLists.txt:57 (ament_python_install_package)
[1.562s] 
[1.562s] [0m
[1.563s] [31mCMake Error at /opt/ros/humble/share/ament_cmake_python/cmake/ament_python_install_package.cmake:141 (add_custom_target):
[1.563s]   add_custom_target cannot create target
[1.563s]   "ament_cmake_python_build_firebot_egg" because another target with the same
[1.563s]   name already exists.  The existing target is a custom target created in
[1.563s]   source directory "/home/ana/robot_ws/src/firebot".  See documentation for
[1.563s]   policy CMP0002 for more details.
[1.563s] Call Stack (most recent call first):
[1.563s]   /opt/ros/humble/share/ament_cmake_python/cmake/ament_python_install_package.cmake:39 (_ament_cmake_python_install_package)
[1.563s]   CMakeLists.txt:57 (ament_python_install_package)
[1.564s] 
[1.564s] [0m
[1.567s] -- Configuring incomplete, errors occurred!
[1.567s] See also "/home/ana/robot_ws/build/firebot/CMakeFiles/CMakeOutput.log".
[1.580s] Invoked command in '/home/ana/robot_ws/build/firebot' returned '1': CMAKE_PREFIX_PATH=${CMAKE_PREFIX_PATH}:/opt/ros/humble /usr/bin/cmake /home/ana/robot_ws/src/firebot -DCMAKE_INSTALL_PREFIX=/home/ana/robot_ws/install/firebot
