[0.763s] Invoking command in '/home/ana/robot_ws/build/serial': CMAKE_PREFIX_PATH=${CMAKE_PREFIX_PATH}:/opt/ros/humble /usr/bin/cmake --build /home/ana/robot_ws/build/serial -- -j20 -l20
[0.841s] [35m[1mConsolidate compiler generated dependencies of target gtest[0m
[0.847s] [35m[1mConsolidate compiler generated dependencies of target gtest_main[0m
[0.848s] [35m[1mConsolidate compiler generated dependencies of target serial[0m
[0.871s] [ 14%] Built target gtest
[0.881s] [ 42%] Built target serial
[0.882s] [ 57%] Built target gtest_main
[0.908s] [35m[1mConsolidate compiler generated dependencies of target serial-test-timer[0m
[0.909s] [35m[1mConsolidate compiler generated dependencies of target serial-test[0m
[0.910s] [35m[1mConsolidate compiler generated dependencies of target serial_example[0m
[0.941s] [ 71%] Built target serial-test-timer
[0.942s] [ 85%] Built target serial_example
[0.942s] [100%] Built target serial-test
[0.986s] Invoked command in '/home/ana/robot_ws/build/serial' returned '0': CMAKE_PREFIX_PATH=${CMAKE_PREFIX_PATH}:/opt/ros/humble /usr/bin/cmake --build /home/ana/robot_ws/build/serial -- -j20 -l20
[0.991s] Invoking command in '/home/ana/robot_ws/build/serial': CMAKE_PREFIX_PATH=${CMAKE_PREFIX_PATH}:/opt/ros/humble /usr/bin/cmake --install /home/ana/robot_ws/build/serial
[1.005s] -- Install configuration: ""
[1.007s] -- Execute custom install script
[1.008s] -- Up-to-date symlink: /home/ana/robot_ws/install/serial/lib/libserial.a
[1.008s] -- Up-to-date symlink: /home/ana/robot_ws/install/serial/include/serial/serial.h
[1.009s] -- Up-to-date symlink: /home/ana/robot_ws/install/serial/include/serial/v8stdint.h
[1.010s] -- Up-to-date symlink: /home/ana/robot_ws/install/serial/share/serial/environment/library_path.sh
[1.011s] -- Up-to-date symlink: /home/ana/robot_ws/install/serial/share/serial/environment/library_path.dsv
[1.013s] -- Up-to-date symlink: /home/ana/robot_ws/install/serial/share/ament_index/resource_index/package_run_dependencies/serial
[1.013s] -- Up-to-date symlink: /home/ana/robot_ws/install/serial/share/ament_index/resource_index/parent_prefix_path/serial
[1.014s] -- Up-to-date symlink: /home/ana/robot_ws/install/serial/share/serial/environment/ament_prefix_path.sh
[1.014s] -- Up-to-date symlink: /home/ana/robot_ws/install/serial/share/serial/environment/ament_prefix_path.dsv
[1.015s] -- Up-to-date symlink: /home/ana/robot_ws/install/serial/share/serial/environment/path.sh
[1.015s] -- Up-to-date symlink: /home/ana/robot_ws/install/serial/share/serial/environment/path.dsv
[1.015s] -- Up-to-date symlink: /home/ana/robot_ws/install/serial/share/serial/local_setup.bash
[1.015s] -- Up-to-date symlink: /home/ana/robot_ws/install/serial/share/serial/local_setup.sh
[1.015s] -- Up-to-date symlink: /home/ana/robot_ws/install/serial/share/serial/local_setup.zsh
[1.016s] -- Up-to-date symlink: /home/ana/robot_ws/install/serial/share/serial/local_setup.dsv
[1.016s] -- Symlinking: /home/ana/robot_ws/install/serial/share/serial/package.dsv
[1.034s] -- Up-to-date symlink: /home/ana/robot_ws/install/serial/share/ament_index/resource_index/packages/serial
[1.034s] -- Up-to-date symlink: /home/ana/robot_ws/install/serial/share/serial/cmake/ament_cmake_export_include_directories-extras.cmake
[1.034s] -- Up-to-date symlink: /home/ana/robot_ws/install/serial/share/serial/cmake/ament_cmake_export_libraries-extras.cmake
[1.035s] -- Up-to-date symlink: /home/ana/robot_ws/install/serial/share/serial/cmake/serialConfig.cmake
[1.036s] -- Up-to-date symlink: /home/ana/robot_ws/install/serial/share/serial/cmake/serialConfig-version.cmake
[1.037s] -- Up-to-date symlink: /home/ana/robot_ws/install/serial/share/serial/package.xml
[1.042s] Invoked command in '/home/ana/robot_ws/build/serial' returned '0': CMAKE_PREFIX_PATH=${CMAKE_PREFIX_PATH}:/opt/ros/humble /usr/bin/cmake --install /home/ana/robot_ws/build/serial
