[0.009s] Invoking command in '/home/ana/robot_ws/build/diffdrive_arduino': CMAKE_PREFIX_PATH=/opt/ros/humble /usr/bin/cmake /home/ana/robot_ws/src/diffdrive_arduino -DAMENT_CMAKE_SYMLINK_INSTALL=1 -DCMAKE_INSTALL_PREFIX=/home/ana/robot_ws/install/diffdrive_arduino
[0.021s] -- Found ament_cmake: 1.3.11 (/opt/ros/humble/share/ament_cmake/cmake)
[0.109s] -- Override CMake install command with custom implementation using symlinks instead of copying resources
[0.121s] -- Configuring incomplete, errors occurred!
[0.121s] See also "/home/ana/robot_ws/build/diffdrive_arduino/CMakeFiles/CMakeOutput.log".
[0.121s] [31mCMake Error at CMakeLists.txt:15 (find_package):
[0.121s]   By not providing "Findserial.cmake" in CMAKE_MODULE_PATH this project has
[0.121s]   asked CMake to find a package configuration file provided by "serial", but
[0.121s]   CMake did not find one.
[0.121s] 
[0.121s]   Could not find a package configuration file provided by "serial" with any
[0.121s]   of the following names:
[0.121s] 
[0.121s]     serialConfig.cmake
[0.121s]     serial-config.cmake
[0.121s] 
[0.122s]   Add the installation prefix of "serial" to CMAKE_PREFIX_PATH or set
[0.122s]   "serial_DIR" to a directory containing one of the above files.  If "serial"
[0.122s]   provides a separate development package or SDK, be sure it has been
[0.122s]   installed.
[0.122s] 
[0.122s] [0m
[0.124s] Invoked command in '/home/ana/robot_ws/build/diffdrive_arduino' returned '1': CMAKE_PREFIX_PATH=/opt/ros/humble /usr/bin/cmake /home/ana/robot_ws/src/diffdrive_arduino -DAMENT_CMAKE_SYMLINK_INSTALL=1 -DCMAKE_INSTALL_PREFIX=/home/ana/robot_ws/install/diffdrive_arduino
