[0.110s] DEBUG:colcon:Command line arguments: ['/usr/bin/colcon', 'build', '--symlink-install']
[0.110s] DEBUG:colcon:Parsed command line arguments: Namespace(log_base=None, log_level=None, verb_name='build', build_base='build', install_base='install', merge_install=False, symlink_install=True, test_result_base=None, continue_on_error=False, executor='parallel', parallel_workers=20, event_handlers=None, ignore_user_meta=False, metas=['./colcon.meta'], base_paths=['.'], packages_ignore=None, packages_ignore_regex=None, paths=None, packages_up_to=None, packages_up_to_regex=None, packages_above=None, packages_above_and_dependencies=None, packages_above_depth=None, packages_select_by_dep=None, packages_skip_by_dep=None, packages_skip_up_to=None, packages_select_build_failed=False, packages_skip_build_finished=False, packages_select_test_failures=False, packages_skip_test_passed=False, packages_select=None, packages_skip=None, packages_select_regex=None, packages_skip_regex=None, packages_start=None, packages_end=None, allow_overriding=[], cmake_args=None, cmake_target=None, cmake_target_skip_unavailable=False, cmake_clean_cache=False, cmake_clean_first=False, cmake_force_configure=False, ament_cmake_args=None, catkin_cmake_args=None, catkin_skip_building_tests=False, mixin_files=None, mixin=None, verb_parser=<colcon_mixin.mixin.mixin_argument.MixinArgumentDecorator object at 0x724df5a5d600>, verb_extension=<colcon_core.verb.build.BuildVerb object at 0x724df5a5d000>, main=<bound method BuildVerb.main of <colcon_core.verb.build.BuildVerb object at 0x724df5a5d000>>, mixin_verb=('build',))
[0.276s] Level 1:colcon.colcon_core.package_discovery:discover_packages(colcon_meta) check parameters
[0.276s] Level 1:colcon.colcon_core.package_discovery:discover_packages(recursive) check parameters
[0.276s] Level 1:colcon.colcon_core.package_discovery:discover_packages(ignore) check parameters
[0.276s] Level 1:colcon.colcon_core.package_discovery:discover_packages(path) check parameters
[0.276s] Level 1:colcon.colcon_core.package_discovery:discover_packages(colcon_meta) discover
[0.276s] Level 1:colcon.colcon_core.package_discovery:discover_packages(recursive) discover
[0.276s] INFO:colcon.colcon_core.package_discovery:Crawling recursively for packages in '/home/ana/robot_ws'
[0.276s] Level 1:colcon.colcon_core.package_identification:_identify(.) by extensions ['ignore', 'ignore_ament_install']
[0.276s] Level 1:colcon.colcon_core.package_identification:_identify(.) by extension 'ignore'
[0.276s] Level 1:colcon.colcon_core.package_identification:_identify(.) by extension 'ignore_ament_install'
[0.276s] Level 1:colcon.colcon_core.package_identification:_identify(.) by extensions ['colcon_pkg']
[0.276s] Level 1:colcon.colcon_core.package_identification:_identify(.) by extension 'colcon_pkg'
[0.276s] Level 1:colcon.colcon_core.package_identification:_identify(.) by extensions ['colcon_meta']
[0.276s] Level 1:colcon.colcon_core.package_identification:_identify(.) by extension 'colcon_meta'
[0.276s] Level 1:colcon.colcon_core.package_identification:_identify(.) by extensions ['ros']
[0.277s] Level 1:colcon.colcon_core.package_identification:_identify(.) by extension 'ros'
[0.289s] Level 1:colcon.colcon_core.package_identification:_identify(.) by extensions ['cmake', 'python']
[0.289s] Level 1:colcon.colcon_core.package_identification:_identify(.) by extension 'cmake'
[0.289s] Level 1:colcon.colcon_core.package_identification:_identify(.) by extension 'python'
[0.290s] Level 1:colcon.colcon_core.package_identification:_identify(.) by extensions ['python_setup_py']
[0.290s] Level 1:colcon.colcon_core.package_identification:_identify(.) by extension 'python_setup_py'
[0.290s] Level 1:colcon.colcon_core.package_identification:_identify(build) by extensions ['ignore', 'ignore_ament_install']
[0.290s] Level 1:colcon.colcon_core.package_identification:_identify(build) by extension 'ignore'
[0.290s] Level 1:colcon.colcon_core.package_identification:_identify(build) ignored
[0.290s] Level 1:colcon.colcon_core.package_identification:_identify(install) by extensions ['ignore', 'ignore_ament_install']
[0.290s] Level 1:colcon.colcon_core.package_identification:_identify(install) by extension 'ignore'
[0.290s] Level 1:colcon.colcon_core.package_identification:_identify(install) ignored
[0.290s] Level 1:colcon.colcon_core.package_identification:_identify(log) by extensions ['ignore', 'ignore_ament_install']
[0.290s] Level 1:colcon.colcon_core.package_identification:_identify(log) by extension 'ignore'
[0.290s] Level 1:colcon.colcon_core.package_identification:_identify(log) ignored
[0.290s] Level 1:colcon.colcon_core.package_identification:_identify(src) by extensions ['ignore', 'ignore_ament_install']
[0.290s] Level 1:colcon.colcon_core.package_identification:_identify(src) by extension 'ignore'
[0.290s] Level 1:colcon.colcon_core.package_identification:_identify(src) by extension 'ignore_ament_install'
[0.291s] Level 1:colcon.colcon_core.package_identification:_identify(src) by extensions ['colcon_pkg']
[0.291s] Level 1:colcon.colcon_core.package_identification:_identify(src) by extension 'colcon_pkg'
[0.291s] Level 1:colcon.colcon_core.package_identification:_identify(src) by extensions ['colcon_meta']
[0.291s] Level 1:colcon.colcon_core.package_identification:_identify(src) by extension 'colcon_meta'
[0.291s] Level 1:colcon.colcon_core.package_identification:_identify(src) by extensions ['ros']
[0.291s] Level 1:colcon.colcon_core.package_identification:_identify(src) by extension 'ros'
[0.291s] Level 1:colcon.colcon_core.package_identification:_identify(src) by extensions ['cmake', 'python']
[0.291s] Level 1:colcon.colcon_core.package_identification:_identify(src) by extension 'cmake'
[0.291s] Level 1:colcon.colcon_core.package_identification:_identify(src) by extension 'python'
[0.291s] Level 1:colcon.colcon_core.package_identification:_identify(src) by extensions ['python_setup_py']
[0.291s] Level 1:colcon.colcon_core.package_identification:_identify(src) by extension 'python_setup_py'
[0.291s] Level 1:colcon.colcon_core.package_identification:_identify(src/articubot_one) by extensions ['ignore', 'ignore_ament_install']
[0.291s] Level 1:colcon.colcon_core.package_identification:_identify(src/articubot_one) by extension 'ignore'
[0.291s] Level 1:colcon.colcon_core.package_identification:_identify(src/articubot_one) by extension 'ignore_ament_install'
[0.291s] Level 1:colcon.colcon_core.package_identification:_identify(src/articubot_one) by extensions ['colcon_pkg']
[0.291s] Level 1:colcon.colcon_core.package_identification:_identify(src/articubot_one) by extension 'colcon_pkg'
[0.291s] Level 1:colcon.colcon_core.package_identification:_identify(src/articubot_one) by extensions ['colcon_meta']
[0.291s] Level 1:colcon.colcon_core.package_identification:_identify(src/articubot_one) by extension 'colcon_meta'
[0.291s] Level 1:colcon.colcon_core.package_identification:_identify(src/articubot_one) by extensions ['ros']
[0.291s] Level 1:colcon.colcon_core.package_identification:_identify(src/articubot_one) by extension 'ros'
[0.294s] DEBUG:colcon.colcon_core.package_identification:Package 'src/articubot_one' with type 'ros.ament_cmake' and name 'articubot_one'
[0.294s] Level 1:colcon.colcon_core.package_identification:_identify(src/diffdrive_arduino) by extensions ['ignore', 'ignore_ament_install']
[0.294s] Level 1:colcon.colcon_core.package_identification:_identify(src/diffdrive_arduino) by extension 'ignore'
[0.294s] Level 1:colcon.colcon_core.package_identification:_identify(src/diffdrive_arduino) by extension 'ignore_ament_install'
[0.294s] Level 1:colcon.colcon_core.package_identification:_identify(src/diffdrive_arduino) by extensions ['colcon_pkg']
[0.294s] Level 1:colcon.colcon_core.package_identification:_identify(src/diffdrive_arduino) by extension 'colcon_pkg'
[0.295s] Level 1:colcon.colcon_core.package_identification:_identify(src/diffdrive_arduino) by extensions ['colcon_meta']
[0.295s] Level 1:colcon.colcon_core.package_identification:_identify(src/diffdrive_arduino) by extension 'colcon_meta'
[0.295s] Level 1:colcon.colcon_core.package_identification:_identify(src/diffdrive_arduino) by extensions ['ros']
[0.295s] Level 1:colcon.colcon_core.package_identification:_identify(src/diffdrive_arduino) by extension 'ros'
[0.296s] DEBUG:colcon.colcon_core.package_identification:Package 'src/diffdrive_arduino' with type 'ros.ament_cmake' and name 'diffdrive_arduino'
[0.296s] Level 1:colcon.colcon_core.package_identification:_identify(src/rplidar_ros) by extensions ['ignore', 'ignore_ament_install']
[0.296s] Level 1:colcon.colcon_core.package_identification:_identify(src/rplidar_ros) by extension 'ignore'
[0.296s] Level 1:colcon.colcon_core.package_identification:_identify(src/rplidar_ros) by extension 'ignore_ament_install'
[0.296s] Level 1:colcon.colcon_core.package_identification:_identify(src/rplidar_ros) by extensions ['colcon_pkg']
[0.296s] Level 1:colcon.colcon_core.package_identification:_identify(src/rplidar_ros) by extension 'colcon_pkg'
[0.296s] Level 1:colcon.colcon_core.package_identification:_identify(src/rplidar_ros) by extensions ['colcon_meta']
[0.296s] Level 1:colcon.colcon_core.package_identification:_identify(src/rplidar_ros) by extension 'colcon_meta'
[0.296s] Level 1:colcon.colcon_core.package_identification:_identify(src/rplidar_ros) by extensions ['ros']
[0.296s] Level 1:colcon.colcon_core.package_identification:_identify(src/rplidar_ros) by extension 'ros'
[0.297s] DEBUG:colcon.colcon_core.package_identification:Package 'src/rplidar_ros' with type 'ros.ament_cmake' and name 'rplidar_ros'
[0.297s] Level 1:colcon.colcon_core.package_discovery:discover_packages(recursive) using defaults
[0.297s] Level 1:colcon.colcon_core.package_discovery:discover_packages(ignore) discover
[0.297s] Level 1:colcon.colcon_core.package_discovery:discover_packages(ignore) using defaults
[0.297s] Level 1:colcon.colcon_core.package_discovery:discover_packages(path) discover
[0.297s] Level 1:colcon.colcon_core.package_discovery:discover_packages(path) using defaults
[0.331s] Level 1:colcon.colcon_core.package_discovery:discover_packages(prefix_path) check parameters
[0.332s] Level 1:colcon.colcon_core.package_discovery:discover_packages(prefix_path) discover
[0.333s] DEBUG:colcon.colcon_installed_package_information.package_discovery:Found 3 installed packages in /home/ana/robot_ws/install
[0.335s] DEBUG:colcon.colcon_installed_package_information.package_discovery:Found 419 installed packages in /opt/ros/humble
[0.338s] Level 1:colcon.colcon_core.package_discovery:discover_packages(prefix_path) using defaults
[0.395s] Level 5:colcon.colcon_core.verb:set package 'articubot_one' build argument 'cmake_args' from command line to 'None'
[0.395s] Level 5:colcon.colcon_core.verb:set package 'articubot_one' build argument 'cmake_target' from command line to 'None'
[0.395s] Level 5:colcon.colcon_core.verb:set package 'articubot_one' build argument 'cmake_target_skip_unavailable' from command line to 'False'
[0.395s] Level 5:colcon.colcon_core.verb:set package 'articubot_one' build argument 'cmake_clean_cache' from command line to 'False'
[0.395s] Level 5:colcon.colcon_core.verb:set package 'articubot_one' build argument 'cmake_clean_first' from command line to 'False'
[0.395s] Level 5:colcon.colcon_core.verb:set package 'articubot_one' build argument 'cmake_force_configure' from command line to 'False'
[0.395s] Level 5:colcon.colcon_core.verb:set package 'articubot_one' build argument 'ament_cmake_args' from command line to 'None'
[0.395s] Level 5:colcon.colcon_core.verb:set package 'articubot_one' build argument 'catkin_cmake_args' from command line to 'None'
[0.395s] Level 5:colcon.colcon_core.verb:set package 'articubot_one' build argument 'catkin_skip_building_tests' from command line to 'False'
[0.396s] DEBUG:colcon.colcon_core.verb:Building package 'articubot_one' with the following arguments: {'ament_cmake_args': None, 'build_base': '/home/ana/robot_ws/build/articubot_one', 'catkin_cmake_args': None, 'catkin_skip_building_tests': False, 'cmake_args': None, 'cmake_clean_cache': False, 'cmake_clean_first': False, 'cmake_force_configure': False, 'cmake_target': None, 'cmake_target_skip_unavailable': False, 'install_base': '/home/ana/robot_ws/install/articubot_one', 'merge_install': False, 'path': '/home/ana/robot_ws/src/articubot_one', 'symlink_install': True, 'test_result_base': None}
[0.396s] Level 5:colcon.colcon_core.verb:set package 'diffdrive_arduino' build argument 'cmake_args' from command line to 'None'
[0.396s] Level 5:colcon.colcon_core.verb:set package 'diffdrive_arduino' build argument 'cmake_target' from command line to 'None'
[0.396s] Level 5:colcon.colcon_core.verb:set package 'diffdrive_arduino' build argument 'cmake_target_skip_unavailable' from command line to 'False'
[0.396s] Level 5:colcon.colcon_core.verb:set package 'diffdrive_arduino' build argument 'cmake_clean_cache' from command line to 'False'
[0.396s] Level 5:colcon.colcon_core.verb:set package 'diffdrive_arduino' build argument 'cmake_clean_first' from command line to 'False'
[0.396s] Level 5:colcon.colcon_core.verb:set package 'diffdrive_arduino' build argument 'cmake_force_configure' from command line to 'False'
[0.396s] Level 5:colcon.colcon_core.verb:set package 'diffdrive_arduino' build argument 'ament_cmake_args' from command line to 'None'
[0.396s] Level 5:colcon.colcon_core.verb:set package 'diffdrive_arduino' build argument 'catkin_cmake_args' from command line to 'None'
[0.396s] Level 5:colcon.colcon_core.verb:set package 'diffdrive_arduino' build argument 'catkin_skip_building_tests' from command line to 'False'
[0.396s] DEBUG:colcon.colcon_core.verb:Building package 'diffdrive_arduino' with the following arguments: {'ament_cmake_args': None, 'build_base': '/home/ana/robot_ws/build/diffdrive_arduino', 'catkin_cmake_args': None, 'catkin_skip_building_tests': False, 'cmake_args': None, 'cmake_clean_cache': False, 'cmake_clean_first': False, 'cmake_force_configure': False, 'cmake_target': None, 'cmake_target_skip_unavailable': False, 'install_base': '/home/ana/robot_ws/install/diffdrive_arduino', 'merge_install': False, 'path': '/home/ana/robot_ws/src/diffdrive_arduino', 'symlink_install': True, 'test_result_base': None}
[0.396s] Level 5:colcon.colcon_core.verb:set package 'rplidar_ros' build argument 'cmake_args' from command line to 'None'
[0.397s] Level 5:colcon.colcon_core.verb:set package 'rplidar_ros' build argument 'cmake_target' from command line to 'None'
[0.397s] Level 5:colcon.colcon_core.verb:set package 'rplidar_ros' build argument 'cmake_target_skip_unavailable' from command line to 'False'
[0.397s] Level 5:colcon.colcon_core.verb:set package 'rplidar_ros' build argument 'cmake_clean_cache' from command line to 'False'
[0.397s] Level 5:colcon.colcon_core.verb:set package 'rplidar_ros' build argument 'cmake_clean_first' from command line to 'False'
[0.397s] Level 5:colcon.colcon_core.verb:set package 'rplidar_ros' build argument 'cmake_force_configure' from command line to 'False'
[0.397s] Level 5:colcon.colcon_core.verb:set package 'rplidar_ros' build argument 'ament_cmake_args' from command line to 'None'
[0.397s] Level 5:colcon.colcon_core.verb:set package 'rplidar_ros' build argument 'catkin_cmake_args' from command line to 'None'
[0.397s] Level 5:colcon.colcon_core.verb:set package 'rplidar_ros' build argument 'catkin_skip_building_tests' from command line to 'False'
[0.397s] DEBUG:colcon.colcon_core.verb:Building package 'rplidar_ros' with the following arguments: {'ament_cmake_args': None, 'build_base': '/home/ana/robot_ws/build/rplidar_ros', 'catkin_cmake_args': None, 'catkin_skip_building_tests': False, 'cmake_args': None, 'cmake_clean_cache': False, 'cmake_clean_first': False, 'cmake_force_configure': False, 'cmake_target': None, 'cmake_target_skip_unavailable': False, 'install_base': '/home/ana/robot_ws/install/rplidar_ros', 'merge_install': False, 'path': '/home/ana/robot_ws/src/rplidar_ros', 'symlink_install': True, 'test_result_base': None}
[0.397s] INFO:colcon.colcon_core.executor:Executing jobs using 'parallel' executor
[0.399s] DEBUG:colcon.colcon_parallel_executor.executor.parallel:run_until_complete
[0.399s] INFO:colcon.colcon_ros.task.ament_cmake.build:Building ROS package in '/home/ana/robot_ws/src/articubot_one' with build type 'ament_cmake'
[0.399s] INFO:colcon.colcon_cmake.task.cmake.build:Building CMake package in '/home/ana/robot_ws/src/articubot_one'
[0.401s] INFO:colcon.colcon_core.plugin_system:Skipping extension 'colcon_core.shell.bat': Not used on non-Windows systems
[0.401s] INFO:colcon.colcon_core.shell:Skip shell extension 'powershell' for command environment: Not usable outside of PowerShell
[0.401s] DEBUG:colcon.colcon_core.shell:Skip shell extension 'dsv' for command environment
[0.406s] INFO:colcon.colcon_ros.task.ament_cmake.build:Building ROS package in '/home/ana/robot_ws/src/diffdrive_arduino' with build type 'ament_cmake'
[0.407s] INFO:colcon.colcon_cmake.task.cmake.build:Building CMake package in '/home/ana/robot_ws/src/diffdrive_arduino'
[0.407s] INFO:colcon.colcon_core.shell:Skip shell extension 'powershell' for command environment: Not usable outside of PowerShell
[0.407s] DEBUG:colcon.colcon_core.shell:Skip shell extension 'dsv' for command environment
[0.412s] INFO:colcon.colcon_ros.task.ament_cmake.build:Building ROS package in '/home/ana/robot_ws/src/rplidar_ros' with build type 'ament_cmake'
[0.412s] INFO:colcon.colcon_cmake.task.cmake.build:Building CMake package in '/home/ana/robot_ws/src/rplidar_ros'
[0.412s] INFO:colcon.colcon_core.shell:Skip shell extension 'powershell' for command environment: Not usable outside of PowerShell
[0.412s] DEBUG:colcon.colcon_core.shell:Skip shell extension 'dsv' for command environment
[0.423s] DEBUG:colcon.colcon_core.event_handler.log_command:Invoking command in '/home/ana/robot_ws/build/articubot_one': CMAKE_PREFIX_PATH=/home/ana/robot_ws/install/articubot_one:/opt/ros/humble:/home/ana/robot_ws/install/rplidar_ros /usr/bin/cmake --build /home/ana/robot_ws/build/articubot_one -- -j20 -l20
[0.427s] DEBUG:colcon.colcon_core.event_handler.log_command:Invoking command in '/home/ana/robot_ws/build/diffdrive_arduino': CMAKE_PREFIX_PATH=/home/ana/robot_ws/install/articubot_one:/opt/ros/humble:/home/ana/robot_ws/install/rplidar_ros /usr/bin/cmake /home/ana/robot_ws/src/diffdrive_arduino -DAMENT_CMAKE_SYMLINK_INSTALL=1 -DCMAKE_INSTALL_PREFIX=/home/ana/robot_ws/install/diffdrive_arduino
[0.432s] DEBUG:colcon.colcon_core.event_handler.log_command:Invoking command in '/home/ana/robot_ws/build/rplidar_ros': CMAKE_PREFIX_PATH=/home/ana/robot_ws/install/articubot_one:/opt/ros/humble:/home/ana/robot_ws/install/rplidar_ros /usr/bin/cmake --build /home/ana/robot_ws/build/rplidar_ros -- -j20 -l20
[0.476s] DEBUG:colcon.colcon_core.event_handler.log_command:Invoked command in '/home/ana/robot_ws/build/articubot_one' returned '0': CMAKE_PREFIX_PATH=/home/ana/robot_ws/install/articubot_one:/opt/ros/humble:/home/ana/robot_ws/install/rplidar_ros /usr/bin/cmake --build /home/ana/robot_ws/build/articubot_one -- -j20 -l20
[0.492s] DEBUG:colcon.colcon_core.event_handler.log_command:Invoking command in '/home/ana/robot_ws/build/articubot_one': CMAKE_PREFIX_PATH=/home/ana/robot_ws/install/articubot_one:/opt/ros/humble:/home/ana/robot_ws/install/rplidar_ros /usr/bin/cmake --install /home/ana/robot_ws/build/articubot_one
[0.533s] Level 1:colcon.colcon_core.environment:create_environment_scripts_only(articubot_one)
[0.534s] DEBUG:colcon.colcon_core.event_handler.log_command:Invoked command in '/home/ana/robot_ws/build/articubot_one' returned '0': CMAKE_PREFIX_PATH=/home/ana/robot_ws/install/articubot_one:/opt/ros/humble:/home/ana/robot_ws/install/rplidar_ros /usr/bin/cmake --install /home/ana/robot_ws/build/articubot_one
[0.538s] Level 1:colcon.colcon_core.environment:checking '/home/ana/robot_ws/install/articubot_one' for CMake module files
[0.539s] Level 1:colcon.colcon_core.environment:checking '/home/ana/robot_ws/install/articubot_one' for CMake config files
[0.539s] Level 1:colcon.colcon_core.shell:create_environment_hook('articubot_one', 'cmake_prefix_path')
[0.540s] INFO:colcon.colcon_core.shell:Creating environment hook '/home/ana/robot_ws/install/articubot_one/share/articubot_one/hook/cmake_prefix_path.ps1'
[0.541s] INFO:colcon.colcon_core.shell:Creating environment descriptor '/home/ana/robot_ws/install/articubot_one/share/articubot_one/hook/cmake_prefix_path.dsv'
[0.542s] INFO:colcon.colcon_core.shell:Creating environment hook '/home/ana/robot_ws/install/articubot_one/share/articubot_one/hook/cmake_prefix_path.sh'
[0.543s] Level 1:colcon.colcon_core.environment:checking '/home/ana/robot_ws/install/articubot_one/bin'
[0.543s] Level 1:colcon.colcon_core.environment:checking '/home/ana/robot_ws/install/articubot_one/lib/pkgconfig/articubot_one.pc'
[0.544s] Level 1:colcon.colcon_core.environment:checking '/home/ana/robot_ws/install/articubot_one/lib/python3.10/site-packages'
[0.544s] Level 1:colcon.colcon_core.environment:checking '/home/ana/robot_ws/install/articubot_one/bin'
[0.545s] INFO:colcon.colcon_core.shell:Creating package script '/home/ana/robot_ws/install/articubot_one/share/articubot_one/package.ps1'
[0.546s] INFO:colcon.colcon_core.shell:Creating package descriptor '/home/ana/robot_ws/install/articubot_one/share/articubot_one/package.dsv'
[0.547s] INFO:colcon.colcon_core.shell:Creating package script '/home/ana/robot_ws/install/articubot_one/share/articubot_one/package.sh'
[0.548s] INFO:colcon.colcon_core.shell:Creating package script '/home/ana/robot_ws/install/articubot_one/share/articubot_one/package.bash'
[0.549s] INFO:colcon.colcon_core.shell:Creating package script '/home/ana/robot_ws/install/articubot_one/share/articubot_one/package.zsh'
[0.550s] Level 1:colcon.colcon_core.environment:create_file_with_runtime_dependencies(/home/ana/robot_ws/install/articubot_one/share/colcon-core/packages/articubot_one)
[0.551s] Level 1:colcon.colcon_core.environment:create_environment_scripts_only(articubot_one)
[0.551s] Level 1:colcon.colcon_core.environment:checking '/home/ana/robot_ws/install/articubot_one' for CMake module files
[0.552s] Level 1:colcon.colcon_core.environment:checking '/home/ana/robot_ws/install/articubot_one' for CMake config files
[0.552s] Level 1:colcon.colcon_core.shell:create_environment_hook('articubot_one', 'cmake_prefix_path')
[0.552s] INFO:colcon.colcon_core.shell:Creating environment hook '/home/ana/robot_ws/install/articubot_one/share/articubot_one/hook/cmake_prefix_path.ps1'
[0.553s] INFO:colcon.colcon_core.shell:Creating environment descriptor '/home/ana/robot_ws/install/articubot_one/share/articubot_one/hook/cmake_prefix_path.dsv'
[0.554s] INFO:colcon.colcon_core.shell:Creating environment hook '/home/ana/robot_ws/install/articubot_one/share/articubot_one/hook/cmake_prefix_path.sh'
[0.555s] Level 1:colcon.colcon_core.environment:checking '/home/ana/robot_ws/install/articubot_one/bin'
[0.555s] Level 1:colcon.colcon_core.environment:checking '/home/ana/robot_ws/install/articubot_one/lib/pkgconfig/articubot_one.pc'
[0.556s] Level 1:colcon.colcon_core.environment:checking '/home/ana/robot_ws/install/articubot_one/lib/python3.10/site-packages'
[0.556s] Level 1:colcon.colcon_core.environment:checking '/home/ana/robot_ws/install/articubot_one/bin'
[0.557s] INFO:colcon.colcon_core.shell:Creating package script '/home/ana/robot_ws/install/articubot_one/share/articubot_one/package.ps1'
[0.558s] INFO:colcon.colcon_core.shell:Creating package descriptor '/home/ana/robot_ws/install/articubot_one/share/articubot_one/package.dsv'
[0.558s] INFO:colcon.colcon_core.shell:Creating package script '/home/ana/robot_ws/install/articubot_one/share/articubot_one/package.sh'
[0.559s] INFO:colcon.colcon_core.shell:Creating package script '/home/ana/robot_ws/install/articubot_one/share/articubot_one/package.bash'
[0.560s] INFO:colcon.colcon_core.shell:Creating package script '/home/ana/robot_ws/install/articubot_one/share/articubot_one/package.zsh'
[0.560s] Level 1:colcon.colcon_core.environment:create_file_with_runtime_dependencies(/home/ana/robot_ws/install/articubot_one/share/colcon-core/packages/articubot_one)
[0.563s] DEBUG:colcon.colcon_core.event_handler.log_command:Invoked command in '/home/ana/robot_ws/build/rplidar_ros' returned '0': CMAKE_PREFIX_PATH=/home/ana/robot_ws/install/articubot_one:/opt/ros/humble:/home/ana/robot_ws/install/rplidar_ros /usr/bin/cmake --build /home/ana/robot_ws/build/rplidar_ros -- -j20 -l20
[0.564s] DEBUG:colcon.colcon_core.event_handler.log_command:Invoking command in '/home/ana/robot_ws/build/rplidar_ros': CMAKE_PREFIX_PATH=/home/ana/robot_ws/install/articubot_one:/opt/ros/humble:/home/ana/robot_ws/install/rplidar_ros /usr/bin/cmake --install /home/ana/robot_ws/build/rplidar_ros
[0.604s] Level 1:colcon.colcon_core.environment:create_environment_scripts_only(rplidar_ros)
[0.605s] Level 1:colcon.colcon_core.environment:checking '/home/ana/robot_ws/install/rplidar_ros' for CMake module files
[0.605s] DEBUG:colcon.colcon_core.event_handler.log_command:Invoked command in '/home/ana/robot_ws/build/rplidar_ros' returned '0': CMAKE_PREFIX_PATH=/home/ana/robot_ws/install/articubot_one:/opt/ros/humble:/home/ana/robot_ws/install/rplidar_ros /usr/bin/cmake --install /home/ana/robot_ws/build/rplidar_ros
[0.606s] Level 1:colcon.colcon_core.environment:checking '/home/ana/robot_ws/install/rplidar_ros' for CMake config files
[0.606s] Level 1:colcon.colcon_core.shell:create_environment_hook('rplidar_ros', 'cmake_prefix_path')
[0.607s] INFO:colcon.colcon_core.shell:Creating environment hook '/home/ana/robot_ws/install/rplidar_ros/share/rplidar_ros/hook/cmake_prefix_path.ps1'
[0.607s] INFO:colcon.colcon_core.shell:Creating environment descriptor '/home/ana/robot_ws/install/rplidar_ros/share/rplidar_ros/hook/cmake_prefix_path.dsv'
[0.608s] INFO:colcon.colcon_core.shell:Creating environment hook '/home/ana/robot_ws/install/rplidar_ros/share/rplidar_ros/hook/cmake_prefix_path.sh'
[0.609s] Level 1:colcon.colcon_core.environment:checking '/home/ana/robot_ws/install/rplidar_ros/lib'
[0.609s] Level 1:colcon.colcon_core.environment:checking '/home/ana/robot_ws/install/rplidar_ros/bin'
[0.609s] Level 1:colcon.colcon_core.environment:checking '/home/ana/robot_ws/install/rplidar_ros/lib/pkgconfig/rplidar_ros.pc'
[0.609s] Level 1:colcon.colcon_core.environment:checking '/home/ana/robot_ws/install/rplidar_ros/lib/python3.10/site-packages'
[0.610s] Level 1:colcon.colcon_core.environment:checking '/home/ana/robot_ws/install/rplidar_ros/bin'
[0.610s] INFO:colcon.colcon_core.shell:Creating package script '/home/ana/robot_ws/install/rplidar_ros/share/rplidar_ros/package.ps1'
[0.611s] INFO:colcon.colcon_core.shell:Creating package descriptor '/home/ana/robot_ws/install/rplidar_ros/share/rplidar_ros/package.dsv'
[0.611s] INFO:colcon.colcon_core.shell:Creating package script '/home/ana/robot_ws/install/rplidar_ros/share/rplidar_ros/package.sh'
[0.612s] INFO:colcon.colcon_core.shell:Creating package script '/home/ana/robot_ws/install/rplidar_ros/share/rplidar_ros/package.bash'
[0.612s] INFO:colcon.colcon_core.shell:Creating package script '/home/ana/robot_ws/install/rplidar_ros/share/rplidar_ros/package.zsh'
[0.612s] Level 1:colcon.colcon_core.environment:create_file_with_runtime_dependencies(/home/ana/robot_ws/install/rplidar_ros/share/colcon-core/packages/rplidar_ros)
[0.613s] Level 1:colcon.colcon_core.environment:create_environment_scripts_only(rplidar_ros)
[0.613s] Level 1:colcon.colcon_core.environment:checking '/home/ana/robot_ws/install/rplidar_ros' for CMake module files
[0.614s] Level 1:colcon.colcon_core.environment:checking '/home/ana/robot_ws/install/rplidar_ros' for CMake config files
[0.614s] Level 1:colcon.colcon_core.shell:create_environment_hook('rplidar_ros', 'cmake_prefix_path')
[0.615s] INFO:colcon.colcon_core.shell:Creating environment hook '/home/ana/robot_ws/install/rplidar_ros/share/rplidar_ros/hook/cmake_prefix_path.ps1'
[0.615s] INFO:colcon.colcon_core.shell:Creating environment descriptor '/home/ana/robot_ws/install/rplidar_ros/share/rplidar_ros/hook/cmake_prefix_path.dsv'
[0.615s] INFO:colcon.colcon_core.shell:Creating environment hook '/home/ana/robot_ws/install/rplidar_ros/share/rplidar_ros/hook/cmake_prefix_path.sh'
[0.616s] Level 1:colcon.colcon_core.environment:checking '/home/ana/robot_ws/install/rplidar_ros/lib'
[0.616s] Level 1:colcon.colcon_core.environment:checking '/home/ana/robot_ws/install/rplidar_ros/bin'
[0.616s] Level 1:colcon.colcon_core.environment:checking '/home/ana/robot_ws/install/rplidar_ros/lib/pkgconfig/rplidar_ros.pc'
[0.617s] Level 1:colcon.colcon_core.environment:checking '/home/ana/robot_ws/install/rplidar_ros/lib/python3.10/site-packages'
[0.617s] Level 1:colcon.colcon_core.environment:checking '/home/ana/robot_ws/install/rplidar_ros/bin'
[0.617s] INFO:colcon.colcon_core.shell:Creating package script '/home/ana/robot_ws/install/rplidar_ros/share/rplidar_ros/package.ps1'
[0.618s] INFO:colcon.colcon_core.shell:Creating package descriptor '/home/ana/robot_ws/install/rplidar_ros/share/rplidar_ros/package.dsv'
[0.619s] INFO:colcon.colcon_core.shell:Creating package script '/home/ana/robot_ws/install/rplidar_ros/share/rplidar_ros/package.sh'
[0.619s] INFO:colcon.colcon_core.shell:Creating package script '/home/ana/robot_ws/install/rplidar_ros/share/rplidar_ros/package.bash'
[0.620s] INFO:colcon.colcon_core.shell:Creating package script '/home/ana/robot_ws/install/rplidar_ros/share/rplidar_ros/package.zsh'
[0.620s] Level 1:colcon.colcon_core.environment:create_file_with_runtime_dependencies(/home/ana/robot_ws/install/rplidar_ros/share/colcon-core/packages/rplidar_ros)
[0.671s] DEBUG:colcon.colcon_core.event_handler.log_command:Invoked command in '/home/ana/robot_ws/build/diffdrive_arduino' returned '1': CMAKE_PREFIX_PATH=/home/ana/robot_ws/install/articubot_one:/opt/ros/humble:/home/ana/robot_ws/install/rplidar_ros /usr/bin/cmake /home/ana/robot_ws/src/diffdrive_arduino -DAMENT_CMAKE_SYMLINK_INSTALL=1 -DCMAKE_INSTALL_PREFIX=/home/ana/robot_ws/install/diffdrive_arduino
[0.689s] Level 1:colcon.colcon_core.environment:create_environment_scripts_only(diffdrive_arduino)
[0.690s] Level 1:colcon.colcon_core.environment:checking '/home/ana/robot_ws/install/diffdrive_arduino' for CMake module files
[0.690s] Level 1:colcon.colcon_core.environment:checking '/home/ana/robot_ws/install/diffdrive_arduino' for CMake config files
[0.691s] Level 1:colcon.colcon_core.environment:checking '/home/ana/robot_ws/install/diffdrive_arduino/bin'
[0.691s] Level 1:colcon.colcon_core.environment:checking '/home/ana/robot_ws/install/diffdrive_arduino/lib/pkgconfig/diffdrive_arduino.pc'
[0.691s] Level 1:colcon.colcon_core.environment:checking '/home/ana/robot_ws/install/diffdrive_arduino/lib/python3.10/site-packages'
[0.691s] Level 1:colcon.colcon_core.environment:checking '/home/ana/robot_ws/install/diffdrive_arduino/bin'
[0.692s] INFO:colcon.colcon_core.shell:Creating package script '/home/ana/robot_ws/install/diffdrive_arduino/share/diffdrive_arduino/package.ps1'
[0.692s] INFO:colcon.colcon_core.shell:Creating package descriptor '/home/ana/robot_ws/install/diffdrive_arduino/share/diffdrive_arduino/package.dsv'
[0.693s] INFO:colcon.colcon_core.shell:Creating package script '/home/ana/robot_ws/install/diffdrive_arduino/share/diffdrive_arduino/package.sh'
[0.693s] INFO:colcon.colcon_core.shell:Creating package script '/home/ana/robot_ws/install/diffdrive_arduino/share/diffdrive_arduino/package.bash'
[0.694s] INFO:colcon.colcon_core.shell:Creating package script '/home/ana/robot_ws/install/diffdrive_arduino/share/diffdrive_arduino/package.zsh'
[0.694s] Level 1:colcon.colcon_core.environment:create_file_with_runtime_dependencies(/home/ana/robot_ws/install/diffdrive_arduino/share/colcon-core/packages/diffdrive_arduino)
[0.704s] DEBUG:colcon.colcon_parallel_executor.executor.parallel:closing loop
[0.705s] DEBUG:colcon.colcon_parallel_executor.executor.parallel:loop closed
[0.705s] DEBUG:colcon.colcon_parallel_executor.executor.parallel:run_until_complete finished with '1'
[0.705s] DEBUG:colcon.colcon_core.event_reactor:joining thread
[0.713s] INFO:colcon.colcon_core.plugin_system:Skipping extension 'colcon_notification.desktop_notification.terminal_notifier': Not used on non-Darwin systems
[0.713s] INFO:colcon.colcon_core.plugin_system:Skipping extension 'colcon_notification.desktop_notification.win32': Not used on non-Windows systems
[0.713s] INFO:colcon.colcon_notification.desktop_notification:Sending desktop notification using 'notify2'
[0.730s] DEBUG:colcon.colcon_core.event_reactor:joined thread
[0.730s] INFO:colcon.colcon_core.shell:Creating prefix script '/home/ana/robot_ws/install/local_setup.ps1'
[0.732s] INFO:colcon.colcon_core.shell:Creating prefix util module '/home/ana/robot_ws/install/_local_setup_util_ps1.py'
[0.733s] INFO:colcon.colcon_core.shell:Creating prefix chain script '/home/ana/robot_ws/install/setup.ps1'
[0.735s] INFO:colcon.colcon_core.shell:Creating prefix script '/home/ana/robot_ws/install/local_setup.sh'
[0.736s] INFO:colcon.colcon_core.shell:Creating prefix util module '/home/ana/robot_ws/install/_local_setup_util_sh.py'
[0.737s] INFO:colcon.colcon_core.shell:Creating prefix chain script '/home/ana/robot_ws/install/setup.sh'
[0.738s] INFO:colcon.colcon_core.shell:Creating prefix script '/home/ana/robot_ws/install/local_setup.bash'
[0.739s] INFO:colcon.colcon_core.shell:Creating prefix chain script '/home/ana/robot_ws/install/setup.bash'
[0.740s] INFO:colcon.colcon_core.shell:Creating prefix script '/home/ana/robot_ws/install/local_setup.zsh'
[0.741s] INFO:colcon.colcon_core.shell:Creating prefix chain script '/home/ana/robot_ws/install/setup.zsh'
