[0.027s] Invoking command in '/home/ana/robot_ws/build/serial': CMAKE_PREFIX_PATH=/home/ana/robot_ws/install/serial:/opt/ros/humble:/home/ana/robot_ws/install/rplidar_ros:/home/ana/robot_ws/install/articubot_one /usr/bin/cmake --build /home/ana/robot_ws/build/serial -- -j20 -l20
[0.095s] [35m[1mConsolidate compiler generated dependencies of target gtest_main[0m
[0.095s] [35m[1mConsolidate compiler generated dependencies of target serial[0m
[0.097s] [35m[1mConsolidate compiler generated dependencies of target gtest[0m
[0.124s] [ 14%] Built target gtest_main
[0.124s] [ 42%] Built target serial
[0.132s] [ 57%] Built target gtest
[0.149s] [35m[1mConsolidate compiler generated dependencies of target serial_example[0m
[0.157s] [35m[1mConsolidate compiler generated dependencies of target serial-test-timer[0m
[0.158s] [35m[1mConsolidate compiler generated dependencies of target serial-test[0m
[0.176s] [ 71%] Built target serial_example
[0.185s] [ 85%] Built target serial-test-timer
[0.188s] [100%] Built target serial-test
[0.224s] Invoked command in '/home/ana/robot_ws/build/serial' returned '0': CMAKE_PREFIX_PATH=/home/ana/robot_ws/install/serial:/opt/ros/humble:/home/ana/robot_ws/install/rplidar_ros:/home/ana/robot_ws/install/articubot_one /usr/bin/cmake --build /home/ana/robot_ws/build/serial -- -j20 -l20
[0.228s] Invoking command in '/home/ana/robot_ws/build/serial': CMAKE_PREFIX_PATH=/home/ana/robot_ws/install/serial:/opt/ros/humble:/home/ana/robot_ws/install/rplidar_ros:/home/ana/robot_ws/install/articubot_one /usr/bin/cmake --install /home/ana/robot_ws/build/serial
[0.245s] -- Install configuration: ""
[0.246s] -- Execute custom install script
[0.246s] -- Up-to-date symlink: /home/ana/robot_ws/install/serial/lib/libserial.a
[0.246s] -- Up-to-date symlink: /home/ana/robot_ws/install/serial/include/serial/serial.h
[0.246s] -- Up-to-date symlink: /home/ana/robot_ws/install/serial/include/serial/v8stdint.h
[0.246s] -- Up-to-date symlink: /home/ana/robot_ws/install/serial/share/serial/environment/library_path.sh
[0.246s] -- Up-to-date symlink: /home/ana/robot_ws/install/serial/share/serial/environment/library_path.dsv
[0.247s] -- Up-to-date symlink: /home/ana/robot_ws/install/serial/share/ament_index/resource_index/package_run_dependencies/serial
[0.247s] -- Up-to-date symlink: /home/ana/robot_ws/install/serial/share/ament_index/resource_index/parent_prefix_path/serial
[0.247s] -- Up-to-date symlink: /home/ana/robot_ws/install/serial/share/serial/environment/ament_prefix_path.sh
[0.247s] -- Up-to-date symlink: /home/ana/robot_ws/install/serial/share/serial/environment/ament_prefix_path.dsv
[0.247s] -- Up-to-date symlink: /home/ana/robot_ws/install/serial/share/serial/environment/path.sh
[0.248s] -- Up-to-date symlink: /home/ana/robot_ws/install/serial/share/serial/environment/path.dsv
[0.248s] -- Up-to-date symlink: /home/ana/robot_ws/install/serial/share/serial/local_setup.bash
[0.248s] -- Up-to-date symlink: /home/ana/robot_ws/install/serial/share/serial/local_setup.sh
[0.248s] -- Up-to-date symlink: /home/ana/robot_ws/install/serial/share/serial/local_setup.zsh
[0.248s] -- Up-to-date symlink: /home/ana/robot_ws/install/serial/share/serial/local_setup.dsv
[0.248s] -- Symlinking: /home/ana/robot_ws/install/serial/share/serial/package.dsv
[0.264s] -- Up-to-date symlink: /home/ana/robot_ws/install/serial/share/ament_index/resource_index/packages/serial
[0.265s] -- Up-to-date symlink: /home/ana/robot_ws/install/serial/share/serial/cmake/ament_cmake_export_include_directories-extras.cmake
[0.266s] -- Up-to-date symlink: /home/ana/robot_ws/install/serial/share/serial/cmake/ament_cmake_export_libraries-extras.cmake
[0.267s] -- Up-to-date symlink: /home/ana/robot_ws/install/serial/share/serial/cmake/serialConfig.cmake
[0.267s] -- Up-to-date symlink: /home/ana/robot_ws/install/serial/share/serial/cmake/serialConfig-version.cmake
[0.267s] -- Up-to-date symlink: /home/ana/robot_ws/install/serial/share/serial/package.xml
[0.275s] Invoked command in '/home/ana/robot_ws/build/serial' returned '0': CMAKE_PREFIX_PATH=/home/ana/robot_ws/install/serial:/opt/ros/humble:/home/ana/robot_ws/install/rplidar_ros:/home/ana/robot_ws/install/articubot_one /usr/bin/cmake --install /home/ana/robot_ws/build/serial
