[0.702s] Invoking command in '/home/ana/robot_ws/build/ros2_control_demo_example_2': CMAKE_PREFIX_PATH=/opt/ros/humble /usr/bin/cmake --build /home/ana/robot_ws/build/ros2_control_demo_example_2 -- -j20 -l20
[0.764s] [35m[1mConsolidate compiler generated dependencies of target ros2_control_demo_example_2[0m
[0.794s] [100%] Built target ros2_control_demo_example_2
[1.098s] Invoked command in '/home/ana/robot_ws/build/ros2_control_demo_example_2' returned '0': CMAKE_PREFIX_PATH=/opt/ros/humble /usr/bin/cmake --build /home/ana/robot_ws/build/ros2_control_demo_example_2 -- -j20 -l20
[1.099s] Invoking command in '/home/ana/robot_ws/build/ros2_control_demo_example_2': CMAKE_PREFIX_PATH=/opt/ros/humble /usr/bin/cmake --install /home/ana/robot_ws/build/ros2_control_demo_example_2
[1.128s] -- Install configuration: ""
[1.128s] -- Execute custom install script
[1.128s] -- Up-to-date symlink: /home/ana/robot_ws/install/ros2_control_demo_example_2/share/ros2_control_demo_example_2//ros2_control_demo_example_2.xml
[1.128s] -- Up-to-date symlink: /home/ana/robot_ws/install/ros2_control_demo_example_2/include/ros2_control_demo_example_2/ros2_control_demo_example_2/arduino_comms.hpp
[1.129s] -- Up-to-date symlink: /home/ana/robot_ws/install/ros2_control_demo_example_2/include/ros2_control_demo_example_2/ros2_control_demo_example_2/diffbot_system.hpp
[1.129s] -- Up-to-date symlink: /home/ana/robot_ws/install/ros2_control_demo_example_2/include/ros2_control_demo_example_2/ros2_control_demo_example_2/wheel.hpp
[1.129s] -- Up-to-date symlink: /home/ana/robot_ws/install/ros2_control_demo_example_2/share/ros2_control_demo_example_2/launch/view_robot.launch.py
[1.129s] -- Up-to-date symlink: /home/ana/robot_ws/install/ros2_control_demo_example_2/share/ros2_control_demo_example_2/ros2_control/diffbot.ros2_control.xacro
[1.129s] -- Up-to-date symlink: /home/ana/robot_ws/install/ros2_control_demo_example_2/share/ros2_control_demo_example_2/urdf/diffbot.urdf.xacro
[1.129s] -- Up-to-date symlink: /home/ana/robot_ws/install/ros2_control_demo_example_2/share/ros2_control_demo_example_2/launch/diffbot.launch.py
[1.129s] -- Up-to-date symlink: /home/ana/robot_ws/install/ros2_control_demo_example_2/share/ros2_control_demo_example_2/config/diffbot_controllers.yaml
[1.129s] -- Up-to-date symlink: /home/ana/robot_ws/install/ros2_control_demo_example_2/share/ros2_control_demo_example_2/environment/library_path.sh
[1.129s] -- Up-to-date symlink: /home/ana/robot_ws/install/ros2_control_demo_example_2/share/ros2_control_demo_example_2/environment/library_path.dsv
[1.130s] -- Up-to-date symlink: /home/ana/robot_ws/install/ros2_control_demo_example_2/share/ament_index/resource_index/package_run_dependencies/ros2_control_demo_example_2
[1.131s] -- Up-to-date symlink: /home/ana/robot_ws/install/ros2_control_demo_example_2/share/ament_index/resource_index/parent_prefix_path/ros2_control_demo_example_2
[1.133s] -- Up-to-date symlink: /home/ana/robot_ws/install/ros2_control_demo_example_2/share/ros2_control_demo_example_2/environment/ament_prefix_path.sh
[1.133s] -- Up-to-date symlink: /home/ana/robot_ws/install/ros2_control_demo_example_2/share/ros2_control_demo_example_2/environment/ament_prefix_path.dsv
[1.134s] -- Up-to-date symlink: /home/ana/robot_ws/install/ros2_control_demo_example_2/share/ros2_control_demo_example_2/environment/path.sh
[1.134s] -- Up-to-date symlink: /home/ana/robot_ws/install/ros2_control_demo_example_2/share/ros2_control_demo_example_2/environment/path.dsv
[1.135s] -- Up-to-date symlink: /home/ana/robot_ws/install/ros2_control_demo_example_2/share/ros2_control_demo_example_2/local_setup.bash
[1.135s] -- Up-to-date symlink: /home/ana/robot_ws/install/ros2_control_demo_example_2/share/ros2_control_demo_example_2/local_setup.sh
[1.135s] -- Up-to-date symlink: /home/ana/robot_ws/install/ros2_control_demo_example_2/share/ros2_control_demo_example_2/local_setup.zsh
[1.135s] -- Up-to-date symlink: /home/ana/robot_ws/install/ros2_control_demo_example_2/share/ros2_control_demo_example_2/local_setup.dsv
[1.136s] -- Symlinking: /home/ana/robot_ws/install/ros2_control_demo_example_2/share/ros2_control_demo_example_2/package.dsv
[1.143s] -- Up-to-date symlink: /home/ana/robot_ws/install/ros2_control_demo_example_2/share/ament_index/resource_index/packages/ros2_control_demo_example_2
[1.144s] -- Up-to-date symlink: /home/ana/robot_ws/install/ros2_control_demo_example_2/share/ament_index/resource_index/hardware_interface__pluginlib__plugin/ros2_control_demo_example_2
[1.144s] -- Up-to-date symlink: /home/ana/robot_ws/install/ros2_control_demo_example_2/share/ros2_control_demo_example_2/cmake/ament_cmake_export_targets-extras.cmake
[1.145s] -- Up-to-date symlink: /home/ana/robot_ws/install/ros2_control_demo_example_2/share/ros2_control_demo_example_2/cmake/ament_cmake_export_dependencies-extras.cmake
[1.145s] -- Up-to-date symlink: /home/ana/robot_ws/install/ros2_control_demo_example_2/share/ros2_control_demo_example_2/cmake/ros2_control_demo_example_2Config.cmake
[1.145s] -- Up-to-date symlink: /home/ana/robot_ws/install/ros2_control_demo_example_2/share/ros2_control_demo_example_2/cmake/ros2_control_demo_example_2Config-version.cmake
[1.146s] -- Up-to-date symlink: /home/ana/robot_ws/install/ros2_control_demo_example_2/share/ros2_control_demo_example_2/package.xml
[1.146s] -- Up-to-date: /home/ana/robot_ws/install/ros2_control_demo_example_2/lib/libros2_control_demo_example_2.so
[1.146s] -- Up-to-date: /home/ana/robot_ws/install/ros2_control_demo_example_2/share/ros2_control_demo_example_2/cmake/export_ros2_control_demo_example_2Export.cmake
[1.146s] -- Up-to-date: /home/ana/robot_ws/install/ros2_control_demo_example_2/share/ros2_control_demo_example_2/cmake/export_ros2_control_demo_example_2Export-noconfig.cmake
[1.229s] Invoked command in '/home/ana/robot_ws/build/ros2_control_demo_example_2' returned '0': CMAKE_PREFIX_PATH=/opt/ros/humble /usr/bin/cmake --install /home/ana/robot_ws/build/ros2_control_demo_example_2
