[1.565s] Invoking command in '/home/ana/robot_ws/build/firebot_py': PYTHONPATH=/home/ana/robot_ws/build/firebot_py/prefix_override:/usr/lib/python3/dist-packages/colcon_core/task/python/colcon_distutils_commands:/home/ana/robot_ws/install/firebot_py/lib/python3.10/site-packages:${PYTHONPATH} /usr/bin/python3 -W ignore:setup.py install is deprecated -W ignore:easy_install command is deprecated setup.py develop --editable --build-directory /home/ana/robot_ws/build/firebot_py/build --no-deps symlink_data
[1.946s] running develop
[2.177s] running egg_info
[2.177s] writing firebot_py.egg-info/PKG-INFO
[2.178s] writing dependency_links to firebot_py.egg-info/dependency_links.txt
[2.178s] writing entry points to firebot_py.egg-info/entry_points.txt
[2.178s] writing requirements to firebot_py.egg-info/requires.txt
[2.178s] writing top-level names to firebot_py.egg-info/top_level.txt
[2.180s] reading manifest file 'firebot_py.egg-info/SOURCES.txt'
[2.182s] writing manifest file 'firebot_py.egg-info/SOURCES.txt'
[2.184s] running build_ext
[2.184s] Creating /home/ana/robot_ws/install/firebot_py/lib/python3.10/site-packages/firebot-py.egg-link (link to .)
[2.185s] Installing lidar_node script to /home/ana/robot_ws/install/firebot_py/lib/firebot_py
[2.186s] Installing lidar_processing script to /home/ana/robot_ws/install/firebot_py/lib/firebot_py
[2.186s] Installing navigation_control script to /home/ana/robot_ws/install/firebot_py/lib/firebot_py
[2.186s] Installing serial_bridge script to /home/ana/robot_ws/install/firebot_py/lib/firebot_py
[2.186s] Installing thermal_camera script to /home/ana/robot_ws/install/firebot_py/lib/firebot_py
[2.187s] 
[2.187s] Installed /home/ana/robot_ws/build/firebot_py
[2.187s] running symlink_data
[2.242s] Invoked command in '/home/ana/robot_ws/build/firebot_py' returned '0': PYTHONPATH=/home/ana/robot_ws/build/firebot_py/prefix_override:/usr/lib/python3/dist-packages/colcon_core/task/python/colcon_distutils_commands:/home/ana/robot_ws/install/firebot_py/lib/python3.10/site-packages:${PYTHONPATH} /usr/bin/python3 -W ignore:setup.py install is deprecated -W ignore:easy_install command is deprecated setup.py develop --editable --build-directory /home/ana/robot_ws/build/firebot_py/build --no-deps symlink_data
