[0.045s] Invoking command in '/home/ana/robot_ws/build/firebot_cpp': CMAKE_PREFIX_PATH=/opt/ros/humble /usr/bin/cmake --build /home/ana/robot_ws/build/firebot_cpp -- -j20 -l20
[1.052s] Invoked command in '/home/ana/robot_ws/build/firebot_cpp' returned '0': CMAKE_PREFIX_PATH=/opt/ros/humble /usr/bin/cmake --build /home/ana/robot_ws/build/firebot_cpp -- -j20 -l20
[1.053s] Invoking command in '/home/ana/robot_ws/build/firebot_cpp': CMAKE_PREFIX_PATH=/opt/ros/humble /usr/bin/cmake --install /home/ana/robot_ws/build/firebot_cpp
[1.088s] -- Install configuration: ""
[1.088s] -- Execute custom install script
[1.088s] -- Up-to-date symlink: /home/ana/robot_ws/install/firebot_cpp/share/ament_index/resource_index/package_run_dependencies/firebot_cpp
[1.088s] -- Up-to-date symlink: /home/ana/robot_ws/install/firebot_cpp/share/ament_index/resource_index/parent_prefix_path/firebot_cpp
[1.089s] -- Up-to-date symlink: /home/ana/robot_ws/install/firebot_cpp/share/firebot_cpp/environment/ament_prefix_path.sh
[1.090s] -- Up-to-date symlink: /home/ana/robot_ws/install/firebot_cpp/share/firebot_cpp/environment/ament_prefix_path.dsv
[1.090s] -- Up-to-date symlink: /home/ana/robot_ws/install/firebot_cpp/share/firebot_cpp/environment/path.sh
[1.090s] -- Up-to-date symlink: /home/ana/robot_ws/install/firebot_cpp/share/firebot_cpp/environment/path.dsv
[1.090s] -- Up-to-date symlink: /home/ana/robot_ws/install/firebot_cpp/share/firebot_cpp/local_setup.bash
[1.091s] -- Up-to-date symlink: /home/ana/robot_ws/install/firebot_cpp/share/firebot_cpp/local_setup.sh
[1.091s] -- Up-to-date symlink: /home/ana/robot_ws/install/firebot_cpp/share/firebot_cpp/local_setup.zsh
[1.093s] -- Up-to-date symlink: /home/ana/robot_ws/install/firebot_cpp/share/firebot_cpp/local_setup.dsv
[1.094s] -- Symlinking: /home/ana/robot_ws/install/firebot_cpp/share/firebot_cpp/package.dsv
[1.108s] -- Up-to-date symlink: /home/ana/robot_ws/install/firebot_cpp/share/ament_index/resource_index/packages/firebot_cpp
[1.108s] -- Up-to-date symlink: /home/ana/robot_ws/install/firebot_cpp/share/firebot_cpp/cmake/firebot_cppConfig.cmake
[1.108s] -- Up-to-date symlink: /home/ana/robot_ws/install/firebot_cpp/share/firebot_cpp/cmake/firebot_cppConfig-version.cmake
[1.109s] -- Up-to-date symlink: /home/ana/robot_ws/install/firebot_cpp/share/firebot_cpp/package.xml
[1.137s] Invoked command in '/home/ana/robot_ws/build/firebot_cpp' returned '0': CMAKE_PREFIX_PATH=/opt/ros/humble /usr/bin/cmake --install /home/ana/robot_ws/build/firebot_cpp
