[0.025s] Invoking command in '/home/ana/robot_ws/build/serial': CMAKE_PREFIX_PATH=/home/ana/robot_ws/install/serial:/opt/ros/humble:/home/ana/robot_ws/install/rplidar_ros:/home/ana/robot_ws/install/articubot_one /usr/bin/cmake --build /home/ana/robot_ws/build/serial -- -j20 -l20
[0.114s] [ 14%] Built target gtest
[0.119s] [ 42%] Built target serial
[0.119s] [ 57%] Built target gtest_main
[0.164s] [ 71%] Built target serial_example
[0.170s] [ 85%] Built target serial-test
[0.173s] [100%] Built target serial-test-timer
[0.207s] Invoked command in '/home/ana/robot_ws/build/serial' returned '0': CMAKE_PREFIX_PATH=/home/ana/robot_ws/install/serial:/opt/ros/humble:/home/ana/robot_ws/install/rplidar_ros:/home/ana/robot_ws/install/articubot_one /usr/bin/cmake --build /home/ana/robot_ws/build/serial -- -j20 -l20
[0.210s] Invoking command in '/home/ana/robot_ws/build/serial': CMAKE_PREFIX_PATH=/home/ana/robot_ws/install/serial:/opt/ros/humble:/home/ana/robot_ws/install/rplidar_ros:/home/ana/robot_ws/install/articubot_one /usr/bin/cmake --install /home/ana/robot_ws/build/serial
[0.224s] -- Install configuration: ""
[0.225s] -- Execute custom install script
[0.225s] -- Up-to-date symlink: /home/ana/robot_ws/install/serial/lib/libserial.a
[0.226s] -- Up-to-date symlink: /home/ana/robot_ws/install/serial/include/serial/serial.h
[0.226s] -- Up-to-date symlink: /home/ana/robot_ws/install/serial/include/serial/v8stdint.h
[0.226s] -- Up-to-date symlink: /home/ana/robot_ws/install/serial/share/serial/environment/library_path.sh
[0.227s] -- Up-to-date symlink: /home/ana/robot_ws/install/serial/share/serial/environment/library_path.dsv
[0.227s] -- Up-to-date symlink: /home/ana/robot_ws/install/serial/share/ament_index/resource_index/package_run_dependencies/serial
[0.227s] -- Up-to-date symlink: /home/ana/robot_ws/install/serial/share/ament_index/resource_index/parent_prefix_path/serial
[0.227s] -- Up-to-date symlink: /home/ana/robot_ws/install/serial/share/serial/environment/ament_prefix_path.sh
[0.227s] -- Up-to-date symlink: /home/ana/robot_ws/install/serial/share/serial/environment/ament_prefix_path.dsv
[0.228s] -- Up-to-date symlink: /home/ana/robot_ws/install/serial/share/serial/environment/path.sh
[0.229s] -- Up-to-date symlink: /home/ana/robot_ws/install/serial/share/serial/environment/path.dsv
[0.229s] -- Up-to-date symlink: /home/ana/robot_ws/install/serial/share/serial/local_setup.bash
[0.229s] -- Up-to-date symlink: /home/ana/robot_ws/install/serial/share/serial/local_setup.sh
[0.230s] -- Up-to-date symlink: /home/ana/robot_ws/install/serial/share/serial/local_setup.zsh
[0.230s] -- Up-to-date symlink: /home/ana/robot_ws/install/serial/share/serial/local_setup.dsv
[0.230s] -- Symlinking: /home/ana/robot_ws/install/serial/share/serial/package.dsv
[0.242s] -- Up-to-date symlink: /home/ana/robot_ws/install/serial/share/ament_index/resource_index/packages/serial
[0.242s] -- Up-to-date symlink: /home/ana/robot_ws/install/serial/share/serial/cmake/ament_cmake_export_include_directories-extras.cmake
[0.242s] -- Up-to-date symlink: /home/ana/robot_ws/install/serial/share/serial/cmake/ament_cmake_export_libraries-extras.cmake
[0.243s] -- Up-to-date symlink: /home/ana/robot_ws/install/serial/share/serial/cmake/serialConfig.cmake
[0.243s] -- Up-to-date symlink: /home/ana/robot_ws/install/serial/share/serial/cmake/serialConfig-version.cmake
[0.244s] -- Up-to-date symlink: /home/ana/robot_ws/install/serial/share/serial/package.xml
[0.268s] Invoked command in '/home/ana/robot_ws/build/serial' returned '0': CMAKE_PREFIX_PATH=/home/ana/robot_ws/install/serial:/opt/ros/humble:/home/ana/robot_ws/install/rplidar_ros:/home/ana/robot_ws/install/articubot_one /usr/bin/cmake --install /home/ana/robot_ws/build/serial
