[0.030s] Invoking command in '/home/ana/robot_ws/build/rplidar_ros': CMAKE_PREFIX_PATH=/home/ana/robot_ws/install/serial:/opt/ros/humble:/home/ana/robot_ws/install/rplidar_ros:/home/ana/robot_ws/install/articubot_one /usr/bin/cmake --build /home/ana/robot_ws/build/rplidar_ros -- -j20 -l20
[0.126s] [35m[1mConsolidate compiler generated dependencies of target rplidar_client[0m
[0.144s] [35m[1mConsolidate compiler generated dependencies of target rplidar_node[0m
[0.147s] [35m[1mConsolidate compiler generated dependencies of target rplidar_composition[0m
[0.187s] [  5%] Built target rplidar_client
[0.215s] [ 52%] Built target rplidar_node
[0.223s] [100%] Built target rplidar_composition
[0.246s] Invoked command in '/home/ana/robot_ws/build/rplidar_ros' returned '0': CMAKE_PREFIX_PATH=/home/ana/robot_ws/install/serial:/opt/ros/humble:/home/ana/robot_ws/install/rplidar_ros:/home/ana/robot_ws/install/articubot_one /usr/bin/cmake --build /home/ana/robot_ws/build/rplidar_ros -- -j20 -l20
[0.250s] Invoking command in '/home/ana/robot_ws/build/rplidar_ros': CMAKE_PREFIX_PATH=/home/ana/robot_ws/install/serial:/opt/ros/humble:/home/ana/robot_ws/install/rplidar_ros:/home/ana/robot_ws/install/articubot_one /usr/bin/cmake --install /home/ana/robot_ws/build/rplidar_ros
[0.266s] -- Install configuration: ""
[0.267s] -- Execute custom install script
[0.268s] -- Up-to-date symlink: /home/ana/robot_ws/install/rplidar_ros/share/rplidar_ros/launch/rplidar_a1_launch.py
[0.268s] -- Up-to-date symlink: /home/ana/robot_ws/install/rplidar_ros/share/rplidar_ros/launch/rplidar_a2m12_launch.py
[0.269s] -- Up-to-date symlink: /home/ana/robot_ws/install/rplidar_ros/share/rplidar_ros/launch/rplidar_a2m7_launch.py
[0.269s] -- Up-to-date symlink: /home/ana/robot_ws/install/rplidar_ros/share/rplidar_ros/launch/rplidar_a2m8_launch.py
[0.270s] -- Up-to-date symlink: /home/ana/robot_ws/install/rplidar_ros/share/rplidar_ros/launch/rplidar_a3_launch.py
[0.270s] -- Up-to-date symlink: /home/ana/robot_ws/install/rplidar_ros/share/rplidar_ros/launch/rplidar_c1_launch.py
[0.271s] -- Up-to-date symlink: /home/ana/robot_ws/install/rplidar_ros/share/rplidar_ros/launch/rplidar_s1_launch.py
[0.271s] -- Up-to-date symlink: /home/ana/robot_ws/install/rplidar_ros/share/rplidar_ros/launch/rplidar_s1_tcp_launch.py
[0.272s] -- Up-to-date symlink: /home/ana/robot_ws/install/rplidar_ros/share/rplidar_ros/launch/rplidar_s2_launch.py
[0.272s] -- Up-to-date symlink: /home/ana/robot_ws/install/rplidar_ros/share/rplidar_ros/launch/rplidar_s2e_launch.py
[0.272s] -- Up-to-date symlink: /home/ana/robot_ws/install/rplidar_ros/share/rplidar_ros/launch/rplidar_s3_launch.py
[0.273s] -- Up-to-date symlink: /home/ana/robot_ws/install/rplidar_ros/share/rplidar_ros/launch/rplidar_t1_launch.py
[0.273s] -- Up-to-date symlink: /home/ana/robot_ws/install/rplidar_ros/share/rplidar_ros/launch/view_rplidar_a1_launch.py
[0.274s] -- Up-to-date symlink: /home/ana/robot_ws/install/rplidar_ros/share/rplidar_ros/launch/view_rplidar_a2m12_launch.py
[0.274s] -- Up-to-date symlink: /home/ana/robot_ws/install/rplidar_ros/share/rplidar_ros/launch/view_rplidar_a2m7_launch.py
[0.274s] -- Up-to-date symlink: /home/ana/robot_ws/install/rplidar_ros/share/rplidar_ros/launch/view_rplidar_a2m8_launch.py
[0.274s] -- Up-to-date symlink: /home/ana/robot_ws/install/rplidar_ros/share/rplidar_ros/launch/view_rplidar_a3_launch.py
[0.274s] -- Up-to-date symlink: /home/ana/robot_ws/install/rplidar_ros/share/rplidar_ros/launch/view_rplidar_c1_launch.py
[0.275s] -- Up-to-date symlink: /home/ana/robot_ws/install/rplidar_ros/share/rplidar_ros/launch/view_rplidar_s1_launch.py
[0.275s] -- Up-to-date symlink: /home/ana/robot_ws/install/rplidar_ros/share/rplidar_ros/launch/view_rplidar_s1_tcp_launch.py
[0.275s] -- Up-to-date symlink: /home/ana/robot_ws/install/rplidar_ros/share/rplidar_ros/launch/view_rplidar_s2_launch.py
[0.276s] -- Up-to-date symlink: /home/ana/robot_ws/install/rplidar_ros/share/rplidar_ros/launch/view_rplidar_s2e_launch.py
[0.276s] -- Up-to-date symlink: /home/ana/robot_ws/install/rplidar_ros/share/rplidar_ros/launch/view_rplidar_s3_launch.py
[0.276s] -- Up-to-date symlink: /home/ana/robot_ws/install/rplidar_ros/share/rplidar_ros/launch/view_rplidar_t1_launch.py
[0.276s] -- Up-to-date symlink: /home/ana/robot_ws/install/rplidar_ros/share/rplidar_ros/rviz/rplidar_ros.rviz
[0.277s] -- Up-to-date symlink: /home/ana/robot_ws/install/rplidar_ros/lib/rplidar_ros/rplidar_node
[0.279s] -- Up-to-date symlink: /home/ana/robot_ws/install/rplidar_ros/lib/rplidar_ros/rplidar_composition
[0.279s] -- Up-to-date symlink: /home/ana/robot_ws/install/rplidar_ros/lib/rplidar_ros/rplidar_client
[0.280s] -- Up-to-date symlink: /home/ana/robot_ws/install/rplidar_ros/share/ament_index/resource_index/package_run_dependencies/rplidar_ros
[0.280s] -- Up-to-date symlink: /home/ana/robot_ws/install/rplidar_ros/share/ament_index/resource_index/parent_prefix_path/rplidar_ros
[0.280s] -- Up-to-date symlink: /home/ana/robot_ws/install/rplidar_ros/share/rplidar_ros/environment/ament_prefix_path.sh
[0.280s] -- Up-to-date symlink: /home/ana/robot_ws/install/rplidar_ros/share/rplidar_ros/environment/ament_prefix_path.dsv
[0.280s] -- Up-to-date symlink: /home/ana/robot_ws/install/rplidar_ros/share/rplidar_ros/environment/path.sh
[0.281s] -- Up-to-date symlink: /home/ana/robot_ws/install/rplidar_ros/share/rplidar_ros/environment/path.dsv
[0.281s] -- Up-to-date symlink: /home/ana/robot_ws/install/rplidar_ros/share/rplidar_ros/local_setup.bash
[0.282s] -- Up-to-date symlink: /home/ana/robot_ws/install/rplidar_ros/share/rplidar_ros/local_setup.sh
[0.282s] -- Up-to-date symlink: /home/ana/robot_ws/install/rplidar_ros/share/rplidar_ros/local_setup.zsh
[0.282s] -- Up-to-date symlink: /home/ana/robot_ws/install/rplidar_ros/share/rplidar_ros/local_setup.dsv
[0.282s] -- Symlinking: /home/ana/robot_ws/install/rplidar_ros/share/rplidar_ros/package.dsv
[0.293s] -- Up-to-date symlink: /home/ana/robot_ws/install/rplidar_ros/share/ament_index/resource_index/packages/rplidar_ros
[0.293s] -- Up-to-date symlink: /home/ana/robot_ws/install/rplidar_ros/share/rplidar_ros/cmake/ament_cmake_export_dependencies-extras.cmake
[0.293s] -- Up-to-date symlink: /home/ana/robot_ws/install/rplidar_ros/share/rplidar_ros/cmake/ament_cmake_export_include_directories-extras.cmake
[0.294s] -- Up-to-date symlink: /home/ana/robot_ws/install/rplidar_ros/share/rplidar_ros/cmake/rplidar_rosConfig.cmake
[0.294s] -- Up-to-date symlink: /home/ana/robot_ws/install/rplidar_ros/share/rplidar_ros/cmake/rplidar_rosConfig-version.cmake
[0.295s] -- Up-to-date symlink: /home/ana/robot_ws/install/rplidar_ros/share/rplidar_ros/package.xml
[0.312s] Invoked command in '/home/ana/robot_ws/build/rplidar_ros' returned '0': CMAKE_PREFIX_PATH=/home/ana/robot_ws/install/serial:/opt/ros/humble:/home/ana/robot_ws/install/rplidar_ros:/home/ana/robot_ws/install/articubot_one /usr/bin/cmake --install /home/ana/robot_ws/build/rplidar_ros
