[0.798s] Invoking command in '/home/ana/robot_ws/build/serial': CMAKE_PREFIX_PATH=${CMAKE_PREFIX_PATH}:/home/ana/robot_ws/install/py_pubsub:/home/ana/robot_ws/install/firebot_py:/opt/ros/humble /usr/bin/cmake --build /home/ana/robot_ws/build/serial -- -j20 -l20
[0.889s] [ 14%] Built target gtest_main
[0.889s] [ 28%] Built target gtest
[0.889s] [ 57%] Built target serial
[0.938s] [ 71%] Built target serial_example
[0.939s] [ 85%] Built target serial-test
[0.941s] [100%] Built target serial-test-timer
[1.008s] Invoked command in '/home/ana/robot_ws/build/serial' returned '0': CMAKE_PREFIX_PATH=${CMAKE_PREFIX_PATH}:/home/ana/robot_ws/install/py_pubsub:/home/ana/robot_ws/install/firebot_py:/opt/ros/humble /usr/bin/cmake --build /home/ana/robot_ws/build/serial -- -j20 -l20
[1.011s] Invoking command in '/home/ana/robot_ws/build/serial': CMAKE_PREFIX_PATH=${CMAKE_PREFIX_PATH}:/home/ana/robot_ws/install/py_pubsub:/home/ana/robot_ws/install/firebot_py:/opt/ros/humble /usr/bin/cmake --install /home/ana/robot_ws/build/serial
[1.026s] -- Install configuration: ""
[1.027s] -- Execute custom install script
[1.027s] -- Up-to-date symlink: /home/ana/robot_ws/install/serial/lib/libserial.a
[1.028s] -- Up-to-date symlink: /home/ana/robot_ws/install/serial/include/serial/serial.h
[1.028s] -- Up-to-date symlink: /home/ana/robot_ws/install/serial/include/serial/v8stdint.h
[1.028s] -- Up-to-date symlink: /home/ana/robot_ws/install/serial/share/serial/environment/library_path.sh
[1.028s] -- Up-to-date symlink: /home/ana/robot_ws/install/serial/share/serial/environment/library_path.dsv
[1.028s] -- Up-to-date symlink: /home/ana/robot_ws/install/serial/share/ament_index/resource_index/package_run_dependencies/serial
[1.028s] -- Up-to-date symlink: /home/ana/robot_ws/install/serial/share/ament_index/resource_index/parent_prefix_path/serial
[1.029s] -- Up-to-date symlink: /home/ana/robot_ws/install/serial/share/serial/environment/ament_prefix_path.sh
[1.029s] -- Up-to-date symlink: /home/ana/robot_ws/install/serial/share/serial/environment/ament_prefix_path.dsv
[1.029s] -- Up-to-date symlink: /home/ana/robot_ws/install/serial/share/serial/environment/path.sh
[1.029s] -- Up-to-date symlink: /home/ana/robot_ws/install/serial/share/serial/environment/path.dsv
[1.029s] -- Up-to-date symlink: /home/ana/robot_ws/install/serial/share/serial/local_setup.bash
[1.029s] -- Up-to-date symlink: /home/ana/robot_ws/install/serial/share/serial/local_setup.sh
[1.030s] -- Up-to-date symlink: /home/ana/robot_ws/install/serial/share/serial/local_setup.zsh
[1.030s] -- Up-to-date symlink: /home/ana/robot_ws/install/serial/share/serial/local_setup.dsv
[1.034s] -- Symlinking: /home/ana/robot_ws/install/serial/share/serial/package.dsv
[1.054s] -- Up-to-date symlink: /home/ana/robot_ws/install/serial/share/ament_index/resource_index/packages/serial
[1.054s] -- Up-to-date symlink: /home/ana/robot_ws/install/serial/share/serial/cmake/ament_cmake_export_include_directories-extras.cmake
[1.054s] -- Up-to-date symlink: /home/ana/robot_ws/install/serial/share/serial/cmake/ament_cmake_export_libraries-extras.cmake
[1.054s] -- Up-to-date symlink: /home/ana/robot_ws/install/serial/share/serial/cmake/serialConfig.cmake
[1.054s] -- Up-to-date symlink: /home/ana/robot_ws/install/serial/share/serial/cmake/serialConfig-version.cmake
[1.054s] -- Up-to-date symlink: /home/ana/robot_ws/install/serial/share/serial/package.xml
[1.113s] Invoked command in '/home/ana/robot_ws/build/serial' returned '0': CMAKE_PREFIX_PATH=${CMAKE_PREFIX_PATH}:/home/ana/robot_ws/install/py_pubsub:/home/ana/robot_ws/install/firebot_py:/opt/ros/humble /usr/bin/cmake --install /home/ana/robot_ws/build/serial
