[0.110s] DEBUG:colcon:Command line arguments: ['/usr/bin/colcon', 'build', '--symlink-install']
[0.110s] DEBUG:colcon:Parsed command line arguments: Namespace(log_base=None, log_level=None, verb_name='build', build_base='build', install_base='install', merge_install=False, symlink_install=True, test_result_base=None, continue_on_error=False, executor='parallel', parallel_workers=20, event_handlers=None, ignore_user_meta=False, metas=['./colcon.meta'], base_paths=['.'], packages_ignore=None, packages_ignore_regex=None, paths=None, packages_up_to=None, packages_up_to_regex=None, packages_above=None, packages_above_and_dependencies=None, packages_above_depth=None, packages_select_by_dep=None, packages_skip_by_dep=None, packages_skip_up_to=None, packages_select_build_failed=False, packages_skip_build_finished=False, packages_select_test_failures=False, packages_skip_test_passed=False, packages_select=None, packages_skip=None, packages_select_regex=None, packages_skip_regex=None, packages_start=None, packages_end=None, allow_overriding=[], cmake_args=None, cmake_target=None, cmake_target_skip_unavailable=False, cmake_clean_cache=False, cmake_clean_first=False, cmake_force_configure=False, ament_cmake_args=None, catkin_cmake_args=None, catkin_skip_building_tests=False, mixin_files=None, mixin=None, verb_parser=<colcon_mixin.mixin.mixin_argument.MixinArgumentDecorator object at 0x76c07bc63a30>, verb_extension=<colcon_core.verb.build.BuildVerb object at 0x76c07bc63580>, main=<bound method BuildVerb.main of <colcon_core.verb.build.BuildVerb object at 0x76c07bc63580>>, mixin_verb=('build',))
[0.271s] Level 1:colcon.colcon_core.package_discovery:discover_packages(colcon_meta) check parameters
[0.271s] Level 1:colcon.colcon_core.package_discovery:discover_packages(recursive) check parameters
[0.271s] Level 1:colcon.colcon_core.package_discovery:discover_packages(ignore) check parameters
[0.271s] Level 1:colcon.colcon_core.package_discovery:discover_packages(path) check parameters
[0.271s] Level 1:colcon.colcon_core.package_discovery:discover_packages(colcon_meta) discover
[0.271s] Level 1:colcon.colcon_core.package_discovery:discover_packages(recursive) discover
[0.271s] INFO:colcon.colcon_core.package_discovery:Crawling recursively for packages in '/home/ana/robot_ws'
[0.271s] Level 1:colcon.colcon_core.package_identification:_identify(.) by extensions ['ignore', 'ignore_ament_install']
[0.272s] Level 1:colcon.colcon_core.package_identification:_identify(.) by extension 'ignore'
[0.272s] Level 1:colcon.colcon_core.package_identification:_identify(.) by extension 'ignore_ament_install'
[0.272s] Level 1:colcon.colcon_core.package_identification:_identify(.) by extensions ['colcon_pkg']
[0.272s] Level 1:colcon.colcon_core.package_identification:_identify(.) by extension 'colcon_pkg'
[0.272s] Level 1:colcon.colcon_core.package_identification:_identify(.) by extensions ['colcon_meta']
[0.272s] Level 1:colcon.colcon_core.package_identification:_identify(.) by extension 'colcon_meta'
[0.272s] Level 1:colcon.colcon_core.package_identification:_identify(.) by extensions ['ros']
[0.272s] Level 1:colcon.colcon_core.package_identification:_identify(.) by extension 'ros'
[0.284s] Level 1:colcon.colcon_core.package_identification:_identify(.) by extensions ['cmake', 'python']
[0.284s] Level 1:colcon.colcon_core.package_identification:_identify(.) by extension 'cmake'
[0.284s] Level 1:colcon.colcon_core.package_identification:_identify(.) by extension 'python'
[0.284s] Level 1:colcon.colcon_core.package_identification:_identify(.) by extensions ['python_setup_py']
[0.284s] Level 1:colcon.colcon_core.package_identification:_identify(.) by extension 'python_setup_py'
[0.284s] Level 1:colcon.colcon_core.package_identification:_identify(build) by extensions ['ignore', 'ignore_ament_install']
[0.284s] Level 1:colcon.colcon_core.package_identification:_identify(build) by extension 'ignore'
[0.284s] Level 1:colcon.colcon_core.package_identification:_identify(build) ignored
[0.284s] Level 1:colcon.colcon_core.package_identification:_identify(install) by extensions ['ignore', 'ignore_ament_install']
[0.284s] Level 1:colcon.colcon_core.package_identification:_identify(install) by extension 'ignore'
[0.284s] Level 1:colcon.colcon_core.package_identification:_identify(install) ignored
[0.284s] Level 1:colcon.colcon_core.package_identification:_identify(log) by extensions ['ignore', 'ignore_ament_install']
[0.285s] Level 1:colcon.colcon_core.package_identification:_identify(log) by extension 'ignore'
[0.285s] Level 1:colcon.colcon_core.package_identification:_identify(log) ignored
[0.285s] Level 1:colcon.colcon_core.package_identification:_identify(src) by extensions ['ignore', 'ignore_ament_install']
[0.285s] Level 1:colcon.colcon_core.package_identification:_identify(src) by extension 'ignore'
[0.285s] Level 1:colcon.colcon_core.package_identification:_identify(src) by extension 'ignore_ament_install'
[0.285s] Level 1:colcon.colcon_core.package_identification:_identify(src) by extensions ['colcon_pkg']
[0.285s] Level 1:colcon.colcon_core.package_identification:_identify(src) by extension 'colcon_pkg'
[0.285s] Level 1:colcon.colcon_core.package_identification:_identify(src) by extensions ['colcon_meta']
[0.285s] Level 1:colcon.colcon_core.package_identification:_identify(src) by extension 'colcon_meta'
[0.285s] Level 1:colcon.colcon_core.package_identification:_identify(src) by extensions ['ros']
[0.285s] Level 1:colcon.colcon_core.package_identification:_identify(src) by extension 'ros'
[0.285s] Level 1:colcon.colcon_core.package_identification:_identify(src) by extensions ['cmake', 'python']
[0.285s] Level 1:colcon.colcon_core.package_identification:_identify(src) by extension 'cmake'
[0.285s] Level 1:colcon.colcon_core.package_identification:_identify(src) by extension 'python'
[0.285s] Level 1:colcon.colcon_core.package_identification:_identify(src) by extensions ['python_setup_py']
[0.285s] Level 1:colcon.colcon_core.package_identification:_identify(src) by extension 'python_setup_py'
[0.285s] Level 1:colcon.colcon_core.package_identification:_identify(src/ROSArduinoBridge) by extensions ['ignore', 'ignore_ament_install']
[0.285s] Level 1:colcon.colcon_core.package_identification:_identify(src/ROSArduinoBridge) by extension 'ignore'
[0.285s] Level 1:colcon.colcon_core.package_identification:_identify(src/ROSArduinoBridge) by extension 'ignore_ament_install'
[0.285s] Level 1:colcon.colcon_core.package_identification:_identify(src/ROSArduinoBridge) by extensions ['colcon_pkg']
[0.285s] Level 1:colcon.colcon_core.package_identification:_identify(src/ROSArduinoBridge) by extension 'colcon_pkg'
[0.286s] Level 1:colcon.colcon_core.package_identification:_identify(src/ROSArduinoBridge) by extensions ['colcon_meta']
[0.286s] Level 1:colcon.colcon_core.package_identification:_identify(src/ROSArduinoBridge) by extension 'colcon_meta'
[0.286s] Level 1:colcon.colcon_core.package_identification:_identify(src/ROSArduinoBridge) by extensions ['ros']
[0.286s] Level 1:colcon.colcon_core.package_identification:_identify(src/ROSArduinoBridge) by extension 'ros'
[0.286s] Level 1:colcon.colcon_core.package_identification:_identify(src/ROSArduinoBridge) by extensions ['cmake', 'python']
[0.286s] Level 1:colcon.colcon_core.package_identification:_identify(src/ROSArduinoBridge) by extension 'cmake'
[0.286s] Level 1:colcon.colcon_core.package_identification:_identify(src/ROSArduinoBridge) by extension 'python'
[0.286s] Level 1:colcon.colcon_core.package_identification:_identify(src/ROSArduinoBridge) by extensions ['python_setup_py']
[0.286s] Level 1:colcon.colcon_core.package_identification:_identify(src/ROSArduinoBridge) by extension 'python_setup_py'
[0.286s] Level 1:colcon.colcon_core.package_identification:_identify(src/articubot_one) by extensions ['ignore', 'ignore_ament_install']
[0.286s] Level 1:colcon.colcon_core.package_identification:_identify(src/articubot_one) by extension 'ignore'
[0.286s] Level 1:colcon.colcon_core.package_identification:_identify(src/articubot_one) by extension 'ignore_ament_install'
[0.286s] Level 1:colcon.colcon_core.package_identification:_identify(src/articubot_one) by extensions ['colcon_pkg']
[0.286s] Level 1:colcon.colcon_core.package_identification:_identify(src/articubot_one) by extension 'colcon_pkg'
[0.286s] Level 1:colcon.colcon_core.package_identification:_identify(src/articubot_one) by extensions ['colcon_meta']
[0.286s] Level 1:colcon.colcon_core.package_identification:_identify(src/articubot_one) by extension 'colcon_meta'
[0.286s] Level 1:colcon.colcon_core.package_identification:_identify(src/articubot_one) by extensions ['ros']
[0.286s] Level 1:colcon.colcon_core.package_identification:_identify(src/articubot_one) by extension 'ros'
[0.289s] DEBUG:colcon.colcon_core.package_identification:Package 'src/articubot_one' with type 'ros.ament_cmake' and name 'articubot_one'
[0.289s] Level 1:colcon.colcon_core.package_identification:_identify(src/example_2) by extensions ['ignore', 'ignore_ament_install']
[0.289s] Level 1:colcon.colcon_core.package_identification:_identify(src/example_2) by extension 'ignore'
[0.289s] Level 1:colcon.colcon_core.package_identification:_identify(src/example_2) by extension 'ignore_ament_install'
[0.289s] Level 1:colcon.colcon_core.package_identification:_identify(src/example_2) by extensions ['colcon_pkg']
[0.289s] Level 1:colcon.colcon_core.package_identification:_identify(src/example_2) by extension 'colcon_pkg'
[0.289s] Level 1:colcon.colcon_core.package_identification:_identify(src/example_2) by extensions ['colcon_meta']
[0.289s] Level 1:colcon.colcon_core.package_identification:_identify(src/example_2) by extension 'colcon_meta'
[0.290s] Level 1:colcon.colcon_core.package_identification:_identify(src/example_2) by extensions ['ros']
[0.290s] Level 1:colcon.colcon_core.package_identification:_identify(src/example_2) by extension 'ros'
[0.291s] DEBUG:colcon.colcon_core.package_identification:Package 'src/example_2' with type 'ros.ament_cmake' and name 'ros2_control_demo_example_2'
[0.291s] Level 1:colcon.colcon_core.package_identification:_identify(src/firebot_cpp) by extensions ['ignore', 'ignore_ament_install']
[0.291s] Level 1:colcon.colcon_core.package_identification:_identify(src/firebot_cpp) by extension 'ignore'
[0.291s] Level 1:colcon.colcon_core.package_identification:_identify(src/firebot_cpp) by extension 'ignore_ament_install'
[0.291s] Level 1:colcon.colcon_core.package_identification:_identify(src/firebot_cpp) by extensions ['colcon_pkg']
[0.291s] Level 1:colcon.colcon_core.package_identification:_identify(src/firebot_cpp) by extension 'colcon_pkg'
[0.291s] Level 1:colcon.colcon_core.package_identification:_identify(src/firebot_cpp) by extensions ['colcon_meta']
[0.291s] Level 1:colcon.colcon_core.package_identification:_identify(src/firebot_cpp) by extension 'colcon_meta'
[0.291s] Level 1:colcon.colcon_core.package_identification:_identify(src/firebot_cpp) by extensions ['ros']
[0.291s] Level 1:colcon.colcon_core.package_identification:_identify(src/firebot_cpp) by extension 'ros'
[0.292s] DEBUG:colcon.colcon_core.package_identification:Package 'src/firebot_cpp' with type 'ros.ament_cmake' and name 'firebot_cpp'
[0.292s] Level 1:colcon.colcon_core.package_identification:_identify(src/firebot_description) by extensions ['ignore', 'ignore_ament_install']
[0.292s] Level 1:colcon.colcon_core.package_identification:_identify(src/firebot_description) by extension 'ignore'
[0.292s] Level 1:colcon.colcon_core.package_identification:_identify(src/firebot_description) by extension 'ignore_ament_install'
[0.293s] Level 1:colcon.colcon_core.package_identification:_identify(src/firebot_description) by extensions ['colcon_pkg']
[0.293s] Level 1:colcon.colcon_core.package_identification:_identify(src/firebot_description) by extension 'colcon_pkg'
[0.293s] Level 1:colcon.colcon_core.package_identification:_identify(src/firebot_description) by extensions ['colcon_meta']
[0.293s] Level 1:colcon.colcon_core.package_identification:_identify(src/firebot_description) by extension 'colcon_meta'
[0.293s] Level 1:colcon.colcon_core.package_identification:_identify(src/firebot_description) by extensions ['ros']
[0.293s] Level 1:colcon.colcon_core.package_identification:_identify(src/firebot_description) by extension 'ros'
[0.293s] DEBUG:colcon.colcon_core.package_identification:Package 'src/firebot_description' with type 'ros.ament_cmake' and name 'firebot_description'
[0.294s] Level 1:colcon.colcon_core.package_identification:_identify(src/firebot_py) by extensions ['ignore', 'ignore_ament_install']
[0.294s] Level 1:colcon.colcon_core.package_identification:_identify(src/firebot_py) by extension 'ignore'
[0.294s] Level 1:colcon.colcon_core.package_identification:_identify(src/firebot_py) by extension 'ignore_ament_install'
[0.294s] Level 1:colcon.colcon_core.package_identification:_identify(src/firebot_py) by extensions ['colcon_pkg']
[0.294s] Level 1:colcon.colcon_core.package_identification:_identify(src/firebot_py) by extension 'colcon_pkg'
[0.294s] Level 1:colcon.colcon_core.package_identification:_identify(src/firebot_py) by extensions ['colcon_meta']
[0.294s] Level 1:colcon.colcon_core.package_identification:_identify(src/firebot_py) by extension 'colcon_meta'
[0.294s] Level 1:colcon.colcon_core.package_identification:_identify(src/firebot_py) by extensions ['ros']
[0.294s] Level 1:colcon.colcon_core.package_identification:_identify(src/firebot_py) by extension 'ros'
[0.296s] DEBUG:colcon.colcon_core.package_identification:Package 'src/firebot_py' with type 'ros.ament_python' and name 'firebot_py'
[0.296s] Level 1:colcon.colcon_core.package_identification:_identify(src/py_pubsub) by extensions ['ignore', 'ignore_ament_install']
[0.296s] Level 1:colcon.colcon_core.package_identification:_identify(src/py_pubsub) by extension 'ignore'
[0.296s] Level 1:colcon.colcon_core.package_identification:_identify(src/py_pubsub) by extension 'ignore_ament_install'
[0.297s] Level 1:colcon.colcon_core.package_identification:_identify(src/py_pubsub) by extensions ['colcon_pkg']
[0.297s] Level 1:colcon.colcon_core.package_identification:_identify(src/py_pubsub) by extension 'colcon_pkg'
[0.297s] Level 1:colcon.colcon_core.package_identification:_identify(src/py_pubsub) by extensions ['colcon_meta']
[0.297s] Level 1:colcon.colcon_core.package_identification:_identify(src/py_pubsub) by extension 'colcon_meta'
[0.297s] Level 1:colcon.colcon_core.package_identification:_identify(src/py_pubsub) by extensions ['ros']
[0.297s] Level 1:colcon.colcon_core.package_identification:_identify(src/py_pubsub) by extension 'ros'
[0.297s] DEBUG:colcon.colcon_core.package_identification:Package 'src/py_pubsub' with type 'ros.ament_python' and name 'py_pubsub'
[0.297s] Level 1:colcon.colcon_core.package_identification:_identify(src/rplidar_ros) by extensions ['ignore', 'ignore_ament_install']
[0.298s] Level 1:colcon.colcon_core.package_identification:_identify(src/rplidar_ros) by extension 'ignore'
[0.298s] Level 1:colcon.colcon_core.package_identification:_identify(src/rplidar_ros) by extension 'ignore_ament_install'
[0.298s] Level 1:colcon.colcon_core.package_identification:_identify(src/rplidar_ros) by extensions ['colcon_pkg']
[0.298s] Level 1:colcon.colcon_core.package_identification:_identify(src/rplidar_ros) by extension 'colcon_pkg'
[0.298s] Level 1:colcon.colcon_core.package_identification:_identify(src/rplidar_ros) by extensions ['colcon_meta']
[0.298s] Level 1:colcon.colcon_core.package_identification:_identify(src/rplidar_ros) by extension 'colcon_meta'
[0.298s] Level 1:colcon.colcon_core.package_identification:_identify(src/rplidar_ros) by extensions ['ros']
[0.298s] Level 1:colcon.colcon_core.package_identification:_identify(src/rplidar_ros) by extension 'ros'
[0.298s] DEBUG:colcon.colcon_core.package_identification:Package 'src/rplidar_ros' with type 'ros.ament_cmake' and name 'rplidar_ros'
[0.299s] Level 1:colcon.colcon_core.package_identification:_identify(src/serial) by extensions ['ignore', 'ignore_ament_install']
[0.299s] Level 1:colcon.colcon_core.package_identification:_identify(src/serial) by extension 'ignore'
[0.299s] Level 1:colcon.colcon_core.package_identification:_identify(src/serial) by extension 'ignore_ament_install'
[0.299s] Level 1:colcon.colcon_core.package_identification:_identify(src/serial) by extensions ['colcon_pkg']
[0.299s] Level 1:colcon.colcon_core.package_identification:_identify(src/serial) by extension 'colcon_pkg'
[0.299s] Level 1:colcon.colcon_core.package_identification:_identify(src/serial) by extensions ['colcon_meta']
[0.299s] Level 1:colcon.colcon_core.package_identification:_identify(src/serial) by extension 'colcon_meta'
[0.299s] Level 1:colcon.colcon_core.package_identification:_identify(src/serial) by extensions ['ros']
[0.299s] Level 1:colcon.colcon_core.package_identification:_identify(src/serial) by extension 'ros'
[0.299s] Level 1:colcon.colcon_core.package_identification:_identify(src/serial) by extensions ['cmake', 'python']
[0.299s] Level 1:colcon.colcon_core.package_identification:_identify(src/serial) by extension 'cmake'
[0.299s] Level 1:colcon.colcon_core.package_identification:_identify(src/serial) by extension 'python'
[0.299s] Level 1:colcon.colcon_core.package_identification:_identify(src/serial) by extensions ['python_setup_py']
[0.299s] Level 1:colcon.colcon_core.package_identification:_identify(src/serial) by extension 'python_setup_py'
[0.299s] Level 1:colcon.colcon_core.package_identification:_identify(src/test_package) by extensions ['ignore', 'ignore_ament_install']
[0.299s] Level 1:colcon.colcon_core.package_identification:_identify(src/test_package) by extension 'ignore'
[0.299s] Level 1:colcon.colcon_core.package_identification:_identify(src/test_package) by extension 'ignore_ament_install'
[0.299s] Level 1:colcon.colcon_core.package_identification:_identify(src/test_package) by extensions ['colcon_pkg']
[0.299s] Level 1:colcon.colcon_core.package_identification:_identify(src/test_package) by extension 'colcon_pkg'
[0.299s] Level 1:colcon.colcon_core.package_identification:_identify(src/test_package) by extensions ['colcon_meta']
[0.300s] Level 1:colcon.colcon_core.package_identification:_identify(src/test_package) by extension 'colcon_meta'
[0.300s] Level 1:colcon.colcon_core.package_identification:_identify(src/test_package) by extensions ['ros']
[0.300s] Level 1:colcon.colcon_core.package_identification:_identify(src/test_package) by extension 'ros'
[0.300s] DEBUG:colcon.colcon_core.package_identification:Package 'src/test_package' with type 'ros.ament_cmake' and name 'test_package'
[0.300s] Level 1:colcon.colcon_core.package_identification:_identify(src/thermal_camera) by extensions ['ignore', 'ignore_ament_install']
[0.300s] Level 1:colcon.colcon_core.package_identification:_identify(src/thermal_camera) by extension 'ignore'
[0.300s] Level 1:colcon.colcon_core.package_identification:_identify(src/thermal_camera) by extension 'ignore_ament_install'
[0.300s] Level 1:colcon.colcon_core.package_identification:_identify(src/thermal_camera) by extensions ['colcon_pkg']
[0.300s] Level 1:colcon.colcon_core.package_identification:_identify(src/thermal_camera) by extension 'colcon_pkg'
[0.301s] Level 1:colcon.colcon_core.package_identification:_identify(src/thermal_camera) by extensions ['colcon_meta']
[0.301s] Level 1:colcon.colcon_core.package_identification:_identify(src/thermal_camera) by extension 'colcon_meta'
[0.301s] Level 1:colcon.colcon_core.package_identification:_identify(src/thermal_camera) by extensions ['ros']
[0.301s] Level 1:colcon.colcon_core.package_identification:_identify(src/thermal_camera) by extension 'ros'
[0.301s] DEBUG:colcon.colcon_core.package_identification:Package 'src/thermal_camera' with type 'ros.ament_python' and name 'thermal_camera'
[0.301s] Level 1:colcon.colcon_core.package_discovery:discover_packages(recursive) using defaults
[0.301s] Level 1:colcon.colcon_core.package_discovery:discover_packages(ignore) discover
[0.301s] Level 1:colcon.colcon_core.package_discovery:discover_packages(ignore) using defaults
[0.301s] Level 1:colcon.colcon_core.package_discovery:discover_packages(path) discover
[0.301s] Level 1:colcon.colcon_core.package_discovery:discover_packages(path) using defaults
[0.333s] Level 1:colcon.colcon_core.package_discovery:discover_packages(prefix_path) check parameters
[0.334s] Level 1:colcon.colcon_core.package_discovery:discover_packages(prefix_path) discover
[0.335s] DEBUG:colcon.colcon_installed_package_information.package_discovery:Found 10 installed packages in /home/ana/robot_ws/install
[0.337s] DEBUG:colcon.colcon_installed_package_information.package_discovery:Found 422 installed packages in /opt/ros/humble
[0.339s] Level 1:colcon.colcon_core.package_discovery:discover_packages(prefix_path) using defaults
[0.386s] Level 5:colcon.colcon_core.verb:set package 'articubot_one' build argument 'cmake_args' from command line to 'None'
[0.387s] Level 5:colcon.colcon_core.verb:set package 'articubot_one' build argument 'cmake_target' from command line to 'None'
[0.387s] Level 5:colcon.colcon_core.verb:set package 'articubot_one' build argument 'cmake_target_skip_unavailable' from command line to 'False'
[0.387s] Level 5:colcon.colcon_core.verb:set package 'articubot_one' build argument 'cmake_clean_cache' from command line to 'False'
[0.387s] Level 5:colcon.colcon_core.verb:set package 'articubot_one' build argument 'cmake_clean_first' from command line to 'False'
[0.387s] Level 5:colcon.colcon_core.verb:set package 'articubot_one' build argument 'cmake_force_configure' from command line to 'False'
[0.387s] Level 5:colcon.colcon_core.verb:set package 'articubot_one' build argument 'ament_cmake_args' from command line to 'None'
[0.387s] Level 5:colcon.colcon_core.verb:set package 'articubot_one' build argument 'catkin_cmake_args' from command line to 'None'
[0.387s] Level 5:colcon.colcon_core.verb:set package 'articubot_one' build argument 'catkin_skip_building_tests' from command line to 'False'
[0.387s] DEBUG:colcon.colcon_core.verb:Building package 'articubot_one' with the following arguments: {'ament_cmake_args': None, 'build_base': '/home/ana/robot_ws/build/articubot_one', 'catkin_cmake_args': None, 'catkin_skip_building_tests': False, 'cmake_args': None, 'cmake_clean_cache': False, 'cmake_clean_first': False, 'cmake_force_configure': False, 'cmake_target': None, 'cmake_target_skip_unavailable': False, 'install_base': '/home/ana/robot_ws/install/articubot_one', 'merge_install': False, 'path': '/home/ana/robot_ws/src/articubot_one', 'symlink_install': True, 'test_result_base': None}
[0.387s] Level 5:colcon.colcon_core.verb:set package 'firebot_cpp' build argument 'cmake_args' from command line to 'None'
[0.387s] Level 5:colcon.colcon_core.verb:set package 'firebot_cpp' build argument 'cmake_target' from command line to 'None'
[0.387s] Level 5:colcon.colcon_core.verb:set package 'firebot_cpp' build argument 'cmake_target_skip_unavailable' from command line to 'False'
[0.387s] Level 5:colcon.colcon_core.verb:set package 'firebot_cpp' build argument 'cmake_clean_cache' from command line to 'False'
[0.387s] Level 5:colcon.colcon_core.verb:set package 'firebot_cpp' build argument 'cmake_clean_first' from command line to 'False'
[0.387s] Level 5:colcon.colcon_core.verb:set package 'firebot_cpp' build argument 'cmake_force_configure' from command line to 'False'
[0.387s] Level 5:colcon.colcon_core.verb:set package 'firebot_cpp' build argument 'ament_cmake_args' from command line to 'None'
[0.387s] Level 5:colcon.colcon_core.verb:set package 'firebot_cpp' build argument 'catkin_cmake_args' from command line to 'None'
[0.387s] Level 5:colcon.colcon_core.verb:set package 'firebot_cpp' build argument 'catkin_skip_building_tests' from command line to 'False'
[0.387s] DEBUG:colcon.colcon_core.verb:Building package 'firebot_cpp' with the following arguments: {'ament_cmake_args': None, 'build_base': '/home/ana/robot_ws/build/firebot_cpp', 'catkin_cmake_args': None, 'catkin_skip_building_tests': False, 'cmake_args': None, 'cmake_clean_cache': False, 'cmake_clean_first': False, 'cmake_force_configure': False, 'cmake_target': None, 'cmake_target_skip_unavailable': False, 'install_base': '/home/ana/robot_ws/install/firebot_cpp', 'merge_install': False, 'path': '/home/ana/robot_ws/src/firebot_cpp', 'symlink_install': True, 'test_result_base': None}
[0.388s] Level 5:colcon.colcon_core.verb:set package 'firebot_description' build argument 'cmake_args' from command line to 'None'
[0.388s] Level 5:colcon.colcon_core.verb:set package 'firebot_description' build argument 'cmake_target' from command line to 'None'
[0.388s] Level 5:colcon.colcon_core.verb:set package 'firebot_description' build argument 'cmake_target_skip_unavailable' from command line to 'False'
[0.388s] Level 5:colcon.colcon_core.verb:set package 'firebot_description' build argument 'cmake_clean_cache' from command line to 'False'
[0.388s] Level 5:colcon.colcon_core.verb:set package 'firebot_description' build argument 'cmake_clean_first' from command line to 'False'
[0.388s] Level 5:colcon.colcon_core.verb:set package 'firebot_description' build argument 'cmake_force_configure' from command line to 'False'
[0.388s] Level 5:colcon.colcon_core.verb:set package 'firebot_description' build argument 'ament_cmake_args' from command line to 'None'
[0.388s] Level 5:colcon.colcon_core.verb:set package 'firebot_description' build argument 'catkin_cmake_args' from command line to 'None'
[0.388s] Level 5:colcon.colcon_core.verb:set package 'firebot_description' build argument 'catkin_skip_building_tests' from command line to 'False'
[0.388s] DEBUG:colcon.colcon_core.verb:Building package 'firebot_description' with the following arguments: {'ament_cmake_args': None, 'build_base': '/home/ana/robot_ws/build/firebot_description', 'catkin_cmake_args': None, 'catkin_skip_building_tests': False, 'cmake_args': None, 'cmake_clean_cache': False, 'cmake_clean_first': False, 'cmake_force_configure': False, 'cmake_target': None, 'cmake_target_skip_unavailable': False, 'install_base': '/home/ana/robot_ws/install/firebot_description', 'merge_install': False, 'path': '/home/ana/robot_ws/src/firebot_description', 'symlink_install': True, 'test_result_base': None}
[0.388s] Level 5:colcon.colcon_core.verb:set package 'firebot_py' build argument 'cmake_args' from command line to 'None'
[0.388s] Level 5:colcon.colcon_core.verb:set package 'firebot_py' build argument 'cmake_target' from command line to 'None'
[0.388s] Level 5:colcon.colcon_core.verb:set package 'firebot_py' build argument 'cmake_target_skip_unavailable' from command line to 'False'
[0.388s] Level 5:colcon.colcon_core.verb:set package 'firebot_py' build argument 'cmake_clean_cache' from command line to 'False'
[0.388s] Level 5:colcon.colcon_core.verb:set package 'firebot_py' build argument 'cmake_clean_first' from command line to 'False'
[0.388s] Level 5:colcon.colcon_core.verb:set package 'firebot_py' build argument 'cmake_force_configure' from command line to 'False'
[0.388s] Level 5:colcon.colcon_core.verb:set package 'firebot_py' build argument 'ament_cmake_args' from command line to 'None'
[0.388s] Level 5:colcon.colcon_core.verb:set package 'firebot_py' build argument 'catkin_cmake_args' from command line to 'None'
[0.388s] Level 5:colcon.colcon_core.verb:set package 'firebot_py' build argument 'catkin_skip_building_tests' from command line to 'False'
[0.388s] DEBUG:colcon.colcon_core.verb:Building package 'firebot_py' with the following arguments: {'ament_cmake_args': None, 'build_base': '/home/ana/robot_ws/build/firebot_py', 'catkin_cmake_args': None, 'catkin_skip_building_tests': False, 'cmake_args': None, 'cmake_clean_cache': False, 'cmake_clean_first': False, 'cmake_force_configure': False, 'cmake_target': None, 'cmake_target_skip_unavailable': False, 'install_base': '/home/ana/robot_ws/install/firebot_py', 'merge_install': False, 'path': '/home/ana/robot_ws/src/firebot_py', 'symlink_install': True, 'test_result_base': None}
[0.389s] Level 5:colcon.colcon_core.verb:set package 'py_pubsub' build argument 'cmake_args' from command line to 'None'
[0.389s] Level 5:colcon.colcon_core.verb:set package 'py_pubsub' build argument 'cmake_target' from command line to 'None'
[0.389s] Level 5:colcon.colcon_core.verb:set package 'py_pubsub' build argument 'cmake_target_skip_unavailable' from command line to 'False'
[0.389s] Level 5:colcon.colcon_core.verb:set package 'py_pubsub' build argument 'cmake_clean_cache' from command line to 'False'
[0.389s] Level 5:colcon.colcon_core.verb:set package 'py_pubsub' build argument 'cmake_clean_first' from command line to 'False'
[0.389s] Level 5:colcon.colcon_core.verb:set package 'py_pubsub' build argument 'cmake_force_configure' from command line to 'False'
[0.389s] Level 5:colcon.colcon_core.verb:set package 'py_pubsub' build argument 'ament_cmake_args' from command line to 'None'
[0.389s] Level 5:colcon.colcon_core.verb:set package 'py_pubsub' build argument 'catkin_cmake_args' from command line to 'None'
[0.389s] Level 5:colcon.colcon_core.verb:set package 'py_pubsub' build argument 'catkin_skip_building_tests' from command line to 'False'
[0.389s] DEBUG:colcon.colcon_core.verb:Building package 'py_pubsub' with the following arguments: {'ament_cmake_args': None, 'build_base': '/home/ana/robot_ws/build/py_pubsub', 'catkin_cmake_args': None, 'catkin_skip_building_tests': False, 'cmake_args': None, 'cmake_clean_cache': False, 'cmake_clean_first': False, 'cmake_force_configure': False, 'cmake_target': None, 'cmake_target_skip_unavailable': False, 'install_base': '/home/ana/robot_ws/install/py_pubsub', 'merge_install': False, 'path': '/home/ana/robot_ws/src/py_pubsub', 'symlink_install': True, 'test_result_base': None}
[0.389s] Level 5:colcon.colcon_core.verb:set package 'ros2_control_demo_example_2' build argument 'cmake_args' from command line to 'None'
[0.389s] Level 5:colcon.colcon_core.verb:set package 'ros2_control_demo_example_2' build argument 'cmake_target' from command line to 'None'
[0.389s] Level 5:colcon.colcon_core.verb:set package 'ros2_control_demo_example_2' build argument 'cmake_target_skip_unavailable' from command line to 'False'
[0.389s] Level 5:colcon.colcon_core.verb:set package 'ros2_control_demo_example_2' build argument 'cmake_clean_cache' from command line to 'False'
[0.389s] Level 5:colcon.colcon_core.verb:set package 'ros2_control_demo_example_2' build argument 'cmake_clean_first' from command line to 'False'
[0.390s] Level 5:colcon.colcon_core.verb:set package 'ros2_control_demo_example_2' build argument 'cmake_force_configure' from command line to 'False'
[0.390s] Level 5:colcon.colcon_core.verb:set package 'ros2_control_demo_example_2' build argument 'ament_cmake_args' from command line to 'None'
[0.390s] Level 5:colcon.colcon_core.verb:set package 'ros2_control_demo_example_2' build argument 'catkin_cmake_args' from command line to 'None'
[0.390s] Level 5:colcon.colcon_core.verb:set package 'ros2_control_demo_example_2' build argument 'catkin_skip_building_tests' from command line to 'False'
[0.390s] DEBUG:colcon.colcon_core.verb:Building package 'ros2_control_demo_example_2' with the following arguments: {'ament_cmake_args': None, 'build_base': '/home/ana/robot_ws/build/ros2_control_demo_example_2', 'catkin_cmake_args': None, 'catkin_skip_building_tests': False, 'cmake_args': None, 'cmake_clean_cache': False, 'cmake_clean_first': False, 'cmake_force_configure': False, 'cmake_target': None, 'cmake_target_skip_unavailable': False, 'install_base': '/home/ana/robot_ws/install/ros2_control_demo_example_2', 'merge_install': False, 'path': '/home/ana/robot_ws/src/example_2', 'symlink_install': True, 'test_result_base': None}
[0.390s] Level 5:colcon.colcon_core.verb:set package 'rplidar_ros' build argument 'cmake_args' from command line to 'None'
[0.390s] Level 5:colcon.colcon_core.verb:set package 'rplidar_ros' build argument 'cmake_target' from command line to 'None'
[0.390s] Level 5:colcon.colcon_core.verb:set package 'rplidar_ros' build argument 'cmake_target_skip_unavailable' from command line to 'False'
[0.390s] Level 5:colcon.colcon_core.verb:set package 'rplidar_ros' build argument 'cmake_clean_cache' from command line to 'False'
[0.390s] Level 5:colcon.colcon_core.verb:set package 'rplidar_ros' build argument 'cmake_clean_first' from command line to 'False'
[0.390s] Level 5:colcon.colcon_core.verb:set package 'rplidar_ros' build argument 'cmake_force_configure' from command line to 'False'
[0.390s] Level 5:colcon.colcon_core.verb:set package 'rplidar_ros' build argument 'ament_cmake_args' from command line to 'None'
[0.390s] Level 5:colcon.colcon_core.verb:set package 'rplidar_ros' build argument 'catkin_cmake_args' from command line to 'None'
[0.390s] Level 5:colcon.colcon_core.verb:set package 'rplidar_ros' build argument 'catkin_skip_building_tests' from command line to 'False'
[0.390s] DEBUG:colcon.colcon_core.verb:Building package 'rplidar_ros' with the following arguments: {'ament_cmake_args': None, 'build_base': '/home/ana/robot_ws/build/rplidar_ros', 'catkin_cmake_args': None, 'catkin_skip_building_tests': False, 'cmake_args': None, 'cmake_clean_cache': False, 'cmake_clean_first': False, 'cmake_force_configure': False, 'cmake_target': None, 'cmake_target_skip_unavailable': False, 'install_base': '/home/ana/robot_ws/install/rplidar_ros', 'merge_install': False, 'path': '/home/ana/robot_ws/src/rplidar_ros', 'symlink_install': True, 'test_result_base': None}
[0.391s] Level 5:colcon.colcon_core.verb:set package 'test_package' build argument 'cmake_args' from command line to 'None'
[0.391s] Level 5:colcon.colcon_core.verb:set package 'test_package' build argument 'cmake_target' from command line to 'None'
[0.391s] Level 5:colcon.colcon_core.verb:set package 'test_package' build argument 'cmake_target_skip_unavailable' from command line to 'False'
[0.391s] Level 5:colcon.colcon_core.verb:set package 'test_package' build argument 'cmake_clean_cache' from command line to 'False'
[0.391s] Level 5:colcon.colcon_core.verb:set package 'test_package' build argument 'cmake_clean_first' from command line to 'False'
[0.391s] Level 5:colcon.colcon_core.verb:set package 'test_package' build argument 'cmake_force_configure' from command line to 'False'
[0.391s] Level 5:colcon.colcon_core.verb:set package 'test_package' build argument 'ament_cmake_args' from command line to 'None'
[0.391s] Level 5:colcon.colcon_core.verb:set package 'test_package' build argument 'catkin_cmake_args' from command line to 'None'
[0.391s] Level 5:colcon.colcon_core.verb:set package 'test_package' build argument 'catkin_skip_building_tests' from command line to 'False'
[0.391s] DEBUG:colcon.colcon_core.verb:Building package 'test_package' with the following arguments: {'ament_cmake_args': None, 'build_base': '/home/ana/robot_ws/build/test_package', 'catkin_cmake_args': None, 'catkin_skip_building_tests': False, 'cmake_args': None, 'cmake_clean_cache': False, 'cmake_clean_first': False, 'cmake_force_configure': False, 'cmake_target': None, 'cmake_target_skip_unavailable': False, 'install_base': '/home/ana/robot_ws/install/test_package', 'merge_install': False, 'path': '/home/ana/robot_ws/src/test_package', 'symlink_install': True, 'test_result_base': None}
[0.391s] Level 5:colcon.colcon_core.verb:set package 'thermal_camera' build argument 'cmake_args' from command line to 'None'
[0.391s] Level 5:colcon.colcon_core.verb:set package 'thermal_camera' build argument 'cmake_target' from command line to 'None'
[0.391s] Level 5:colcon.colcon_core.verb:set package 'thermal_camera' build argument 'cmake_target_skip_unavailable' from command line to 'False'
[0.391s] Level 5:colcon.colcon_core.verb:set package 'thermal_camera' build argument 'cmake_clean_cache' from command line to 'False'
[0.391s] Level 5:colcon.colcon_core.verb:set package 'thermal_camera' build argument 'cmake_clean_first' from command line to 'False'
[0.391s] Level 5:colcon.colcon_core.verb:set package 'thermal_camera' build argument 'cmake_force_configure' from command line to 'False'
[0.391s] Level 5:colcon.colcon_core.verb:set package 'thermal_camera' build argument 'ament_cmake_args' from command line to 'None'
[0.391s] Level 5:colcon.colcon_core.verb:set package 'thermal_camera' build argument 'catkin_cmake_args' from command line to 'None'
[0.391s] Level 5:colcon.colcon_core.verb:set package 'thermal_camera' build argument 'catkin_skip_building_tests' from command line to 'False'
[0.391s] DEBUG:colcon.colcon_core.verb:Building package 'thermal_camera' with the following arguments: {'ament_cmake_args': None, 'build_base': '/home/ana/robot_ws/build/thermal_camera', 'catkin_cmake_args': None, 'catkin_skip_building_tests': False, 'cmake_args': None, 'cmake_clean_cache': False, 'cmake_clean_first': False, 'cmake_force_configure': False, 'cmake_target': None, 'cmake_target_skip_unavailable': False, 'install_base': '/home/ana/robot_ws/install/thermal_camera', 'merge_install': False, 'path': '/home/ana/robot_ws/src/thermal_camera', 'symlink_install': True, 'test_result_base': None}
[0.392s] INFO:colcon.colcon_core.executor:Executing jobs using 'parallel' executor
[0.393s] DEBUG:colcon.colcon_parallel_executor.executor.parallel:run_until_complete
[0.394s] INFO:colcon.colcon_ros.task.ament_cmake.build:Building ROS package in '/home/ana/robot_ws/src/articubot_one' with build type 'ament_cmake'
[0.394s] INFO:colcon.colcon_cmake.task.cmake.build:Building CMake package in '/home/ana/robot_ws/src/articubot_one'
[0.397s] INFO:colcon.colcon_core.plugin_system:Skipping extension 'colcon_core.shell.bat': Not used on non-Windows systems
[0.397s] INFO:colcon.colcon_core.shell:Skip shell extension 'powershell' for command environment: Not usable outside of PowerShell
[0.397s] DEBUG:colcon.colcon_core.shell:Skip shell extension 'dsv' for command environment
[0.402s] INFO:colcon.colcon_ros.task.ament_cmake.build:Building ROS package in '/home/ana/robot_ws/src/firebot_cpp' with build type 'ament_cmake'
[0.402s] INFO:colcon.colcon_cmake.task.cmake.build:Building CMake package in '/home/ana/robot_ws/src/firebot_cpp'
[0.403s] INFO:colcon.colcon_core.shell:Skip shell extension 'powershell' for command environment: Not usable outside of PowerShell
[0.403s] DEBUG:colcon.colcon_core.shell:Skip shell extension 'dsv' for command environment
[0.408s] INFO:colcon.colcon_ros.task.ament_cmake.build:Building ROS package in '/home/ana/robot_ws/src/firebot_description' with build type 'ament_cmake'
[0.408s] INFO:colcon.colcon_cmake.task.cmake.build:Building CMake package in '/home/ana/robot_ws/src/firebot_description'
[0.408s] INFO:colcon.colcon_core.shell:Skip shell extension 'powershell' for command environment: Not usable outside of PowerShell
[0.408s] DEBUG:colcon.colcon_core.shell:Skip shell extension 'dsv' for command environment
[0.414s] INFO:colcon.colcon_ros.task.ament_python.build:Building ROS package in '/home/ana/robot_ws/src/firebot_py' with build type 'ament_python'
[0.414s] Level 1:colcon.colcon_core.shell:create_environment_hook('firebot_py', 'ament_prefix_path')
[0.414s] INFO:colcon.colcon_core.shell:Creating environment hook '/home/ana/robot_ws/install/firebot_py/share/firebot_py/hook/ament_prefix_path.ps1'
[0.415s] INFO:colcon.colcon_core.shell:Creating environment descriptor '/home/ana/robot_ws/install/firebot_py/share/firebot_py/hook/ament_prefix_path.dsv'
[0.416s] INFO:colcon.colcon_core.shell:Creating environment hook '/home/ana/robot_ws/install/firebot_py/share/firebot_py/hook/ament_prefix_path.sh'
[0.417s] INFO:colcon.colcon_core.shell:Skip shell extension 'powershell' for command environment: Not usable outside of PowerShell
[0.417s] DEBUG:colcon.colcon_core.shell:Skip shell extension 'dsv' for command environment
[0.422s] INFO:colcon.colcon_ros.task.ament_python.build:Building ROS package in '/home/ana/robot_ws/src/py_pubsub' with build type 'ament_python'
[0.422s] Level 1:colcon.colcon_core.shell:create_environment_hook('py_pubsub', 'ament_prefix_path')
[0.422s] INFO:colcon.colcon_core.shell:Creating environment hook '/home/ana/robot_ws/install/py_pubsub/share/py_pubsub/hook/ament_prefix_path.ps1'
[0.423s] INFO:colcon.colcon_core.shell:Creating environment descriptor '/home/ana/robot_ws/install/py_pubsub/share/py_pubsub/hook/ament_prefix_path.dsv'
[0.424s] INFO:colcon.colcon_core.shell:Creating environment hook '/home/ana/robot_ws/install/py_pubsub/share/py_pubsub/hook/ament_prefix_path.sh'
[0.424s] INFO:colcon.colcon_core.shell:Skip shell extension 'powershell' for command environment: Not usable outside of PowerShell
[0.425s] DEBUG:colcon.colcon_core.shell:Skip shell extension 'dsv' for command environment
[0.429s] INFO:colcon.colcon_ros.task.ament_cmake.build:Building ROS package in '/home/ana/robot_ws/src/example_2' with build type 'ament_cmake'
[0.430s] INFO:colcon.colcon_cmake.task.cmake.build:Building CMake package in '/home/ana/robot_ws/src/example_2'
[0.430s] INFO:colcon.colcon_core.shell:Skip shell extension 'powershell' for command environment: Not usable outside of PowerShell
[0.430s] DEBUG:colcon.colcon_core.shell:Skip shell extension 'dsv' for command environment
[0.435s] INFO:colcon.colcon_ros.task.ament_cmake.build:Building ROS package in '/home/ana/robot_ws/src/rplidar_ros' with build type 'ament_cmake'
[0.435s] INFO:colcon.colcon_cmake.task.cmake.build:Building CMake package in '/home/ana/robot_ws/src/rplidar_ros'
[0.436s] INFO:colcon.colcon_core.shell:Skip shell extension 'powershell' for command environment: Not usable outside of PowerShell
[0.436s] DEBUG:colcon.colcon_core.shell:Skip shell extension 'dsv' for command environment
[0.441s] INFO:colcon.colcon_ros.task.ament_cmake.build:Building ROS package in '/home/ana/robot_ws/src/test_package' with build type 'ament_cmake'
[0.441s] INFO:colcon.colcon_cmake.task.cmake.build:Building CMake package in '/home/ana/robot_ws/src/test_package'
[0.441s] INFO:colcon.colcon_core.shell:Skip shell extension 'powershell' for command environment: Not usable outside of PowerShell
[0.441s] DEBUG:colcon.colcon_core.shell:Skip shell extension 'dsv' for command environment
[0.446s] INFO:colcon.colcon_ros.task.ament_python.build:Building ROS package in '/home/ana/robot_ws/src/thermal_camera' with build type 'ament_python'
[0.446s] Level 1:colcon.colcon_core.shell:create_environment_hook('thermal_camera', 'ament_prefix_path')
[0.447s] INFO:colcon.colcon_core.shell:Creating environment hook '/home/ana/robot_ws/install/thermal_camera/share/thermal_camera/hook/ament_prefix_path.ps1'
[0.447s] INFO:colcon.colcon_core.shell:Creating environment descriptor '/home/ana/robot_ws/install/thermal_camera/share/thermal_camera/hook/ament_prefix_path.dsv'
[0.448s] INFO:colcon.colcon_core.shell:Creating environment hook '/home/ana/robot_ws/install/thermal_camera/share/thermal_camera/hook/ament_prefix_path.sh'
[0.449s] INFO:colcon.colcon_core.shell:Skip shell extension 'powershell' for command environment: Not usable outside of PowerShell
[0.449s] DEBUG:colcon.colcon_core.shell:Skip shell extension 'dsv' for command environment
[0.463s] DEBUG:colcon.colcon_core.event_handler.log_command:Invoking command in '/home/ana/robot_ws/build/articubot_one': CMAKE_PREFIX_PATH=${CMAKE_PREFIX_PATH}:/home/ana/robot_ws/install/thermal_camera:/home/ana/robot_ws/install/py_pubsub:/home/ana/robot_ws/install/firebot_py:/opt/ros/humble /usr/bin/cmake --build /home/ana/robot_ws/build/articubot_one -- -j20 -l20
[0.466s] DEBUG:colcon.colcon_core.event_handler.log_command:Invoking command in '/home/ana/robot_ws/build/firebot_cpp': CMAKE_PREFIX_PATH=${CMAKE_PREFIX_PATH}:/home/ana/robot_ws/install/thermal_camera:/home/ana/robot_ws/install/py_pubsub:/home/ana/robot_ws/install/firebot_py:/opt/ros/humble /usr/bin/cmake --build /home/ana/robot_ws/build/firebot_cpp -- -j20 -l20
[0.469s] DEBUG:colcon.colcon_core.event_handler.log_command:Invoking command in '/home/ana/robot_ws/build/firebot_description': CMAKE_PREFIX_PATH=${CMAKE_PREFIX_PATH}:/home/ana/robot_ws/install/thermal_camera:/home/ana/robot_ws/install/py_pubsub:/home/ana/robot_ws/install/firebot_py:/opt/ros/humble /usr/bin/cmake --build /home/ana/robot_ws/build/firebot_description -- -j20 -l20
[0.856s] INFO:colcon.colcon_core.task.python.build:Building Python package in '/home/ana/robot_ws/src/firebot_py'
[0.856s] INFO:colcon.colcon_core.shell:Skip shell extension 'powershell' for command environment: Not usable outside of PowerShell
[0.856s] DEBUG:colcon.colcon_core.shell:Skip shell extension 'dsv' for command environment
[1.147s] INFO:colcon.colcon_core.task.python.build:Building Python package in '/home/ana/robot_ws/src/py_pubsub'
[1.147s] INFO:colcon.colcon_core.shell:Skip shell extension 'powershell' for command environment: Not usable outside of PowerShell
[1.148s] DEBUG:colcon.colcon_core.shell:Skip shell extension 'dsv' for command environment
[1.156s] DEBUG:colcon.colcon_core.event_handler.log_command:Invoking command in '/home/ana/robot_ws/build/ros2_control_demo_example_2': CMAKE_PREFIX_PATH=${CMAKE_PREFIX_PATH}:/home/ana/robot_ws/install/thermal_camera:/home/ana/robot_ws/install/py_pubsub:/home/ana/robot_ws/install/firebot_py:/opt/ros/humble /usr/bin/cmake --build /home/ana/robot_ws/build/ros2_control_demo_example_2 -- -j20 -l20
[1.159s] DEBUG:colcon.colcon_core.event_handler.log_command:Invoking command in '/home/ana/robot_ws/build/rplidar_ros': CMAKE_PREFIX_PATH=${CMAKE_PREFIX_PATH}:/home/ana/robot_ws/install/thermal_camera:/home/ana/robot_ws/install/py_pubsub:/home/ana/robot_ws/install/firebot_py:/opt/ros/humble /usr/bin/cmake --build /home/ana/robot_ws/build/rplidar_ros -- -j20 -l20
[1.179s] DEBUG:colcon.colcon_core.event_handler.log_command:Invoking command in '/home/ana/robot_ws/build/test_package': CMAKE_PREFIX_PATH=${CMAKE_PREFIX_PATH}:/home/ana/robot_ws/install/thermal_camera:/home/ana/robot_ws/install/py_pubsub:/home/ana/robot_ws/install/firebot_py:/opt/ros/humble /usr/bin/cmake --build /home/ana/robot_ws/build/test_package -- -j20 -l20
[1.504s] INFO:colcon.colcon_core.task.python.build:Building Python package in '/home/ana/robot_ws/src/thermal_camera'
[1.504s] INFO:colcon.colcon_core.shell:Skip shell extension 'powershell' for command environment: Not usable outside of PowerShell
[1.504s] DEBUG:colcon.colcon_core.shell:Skip shell extension 'dsv' for command environment
[1.518s] DEBUG:colcon.colcon_core.event_handler.log_command:Invoked command in '/home/ana/robot_ws/build/articubot_one' returned '0': CMAKE_PREFIX_PATH=${CMAKE_PREFIX_PATH}:/home/ana/robot_ws/install/thermal_camera:/home/ana/robot_ws/install/py_pubsub:/home/ana/robot_ws/install/firebot_py:/opt/ros/humble /usr/bin/cmake --build /home/ana/robot_ws/build/articubot_one -- -j20 -l20
[1.532s] DEBUG:colcon.colcon_core.event_handler.log_command:Invoking command in '/home/ana/robot_ws/build/articubot_one': CMAKE_PREFIX_PATH=${CMAKE_PREFIX_PATH}:/home/ana/robot_ws/install/thermal_camera:/home/ana/robot_ws/install/py_pubsub:/home/ana/robot_ws/install/firebot_py:/opt/ros/humble /usr/bin/cmake --install /home/ana/robot_ws/build/articubot_one
[1.533s] DEBUG:colcon.colcon_core.event_handler.log_command:Invoked command in '/home/ana/robot_ws/build/firebot_cpp' returned '0': CMAKE_PREFIX_PATH=${CMAKE_PREFIX_PATH}:/home/ana/robot_ws/install/thermal_camera:/home/ana/robot_ws/install/py_pubsub:/home/ana/robot_ws/install/firebot_py:/opt/ros/humble /usr/bin/cmake --build /home/ana/robot_ws/build/firebot_cpp -- -j20 -l20
[1.535s] DEBUG:colcon.colcon_core.event_handler.log_command:Invoking command in '/home/ana/robot_ws/build/firebot_cpp': CMAKE_PREFIX_PATH=${CMAKE_PREFIX_PATH}:/home/ana/robot_ws/install/thermal_camera:/home/ana/robot_ws/install/py_pubsub:/home/ana/robot_ws/install/firebot_py:/opt/ros/humble /usr/bin/cmake --install /home/ana/robot_ws/build/firebot_cpp
[1.535s] DEBUG:colcon.colcon_core.event_handler.log_command:Invoked command in '/home/ana/robot_ws/build/firebot_description' returned '0': CMAKE_PREFIX_PATH=${CMAKE_PREFIX_PATH}:/home/ana/robot_ws/install/thermal_camera:/home/ana/robot_ws/install/py_pubsub:/home/ana/robot_ws/install/firebot_py:/opt/ros/humble /usr/bin/cmake --build /home/ana/robot_ws/build/firebot_description -- -j20 -l20
[1.537s] DEBUG:colcon.colcon_core.event_handler.log_command:Invoking command in '/home/ana/robot_ws/build/firebot_description': CMAKE_PREFIX_PATH=${CMAKE_PREFIX_PATH}:/home/ana/robot_ws/install/thermal_camera:/home/ana/robot_ws/install/py_pubsub:/home/ana/robot_ws/install/firebot_py:/opt/ros/humble /usr/bin/cmake --install /home/ana/robot_ws/build/firebot_description
[1.538s] DEBUG:colcon.colcon_core.event_handler.log_command:Invoked command in '/home/ana/robot_ws/build/rplidar_ros' returned '0': CMAKE_PREFIX_PATH=${CMAKE_PREFIX_PATH}:/home/ana/robot_ws/install/thermal_camera:/home/ana/robot_ws/install/py_pubsub:/home/ana/robot_ws/install/firebot_py:/opt/ros/humble /usr/bin/cmake --build /home/ana/robot_ws/build/rplidar_ros -- -j20 -l20
[1.540s] DEBUG:colcon.colcon_core.event_handler.log_command:Invoking command in '/home/ana/robot_ws/build/rplidar_ros': CMAKE_PREFIX_PATH=${CMAKE_PREFIX_PATH}:/home/ana/robot_ws/install/thermal_camera:/home/ana/robot_ws/install/py_pubsub:/home/ana/robot_ws/install/firebot_py:/opt/ros/humble /usr/bin/cmake --install /home/ana/robot_ws/build/rplidar_ros
[1.541s] DEBUG:colcon.colcon_core.event_handler.log_command:Invoked command in '/home/ana/robot_ws/build/ros2_control_demo_example_2' returned '0': CMAKE_PREFIX_PATH=${CMAKE_PREFIX_PATH}:/home/ana/robot_ws/install/thermal_camera:/home/ana/robot_ws/install/py_pubsub:/home/ana/robot_ws/install/firebot_py:/opt/ros/humble /usr/bin/cmake --build /home/ana/robot_ws/build/ros2_control_demo_example_2 -- -j20 -l20
[1.543s] DEBUG:colcon.colcon_core.event_handler.log_command:Invoking command in '/home/ana/robot_ws/build/ros2_control_demo_example_2': CMAKE_PREFIX_PATH=${CMAKE_PREFIX_PATH}:/home/ana/robot_ws/install/thermal_camera:/home/ana/robot_ws/install/py_pubsub:/home/ana/robot_ws/install/firebot_py:/opt/ros/humble /usr/bin/cmake --install /home/ana/robot_ws/build/ros2_control_demo_example_2
[1.553s] DEBUG:colcon.colcon_core.event_handler.log_command:Invoked command in '/home/ana/robot_ws/build/test_package' returned '0': CMAKE_PREFIX_PATH=${CMAKE_PREFIX_PATH}:/home/ana/robot_ws/install/thermal_camera:/home/ana/robot_ws/install/py_pubsub:/home/ana/robot_ws/install/firebot_py:/opt/ros/humble /usr/bin/cmake --build /home/ana/robot_ws/build/test_package -- -j20 -l20
[1.578s] Level 1:colcon.colcon_core.environment:create_environment_scripts_only(firebot_cpp)
[1.586s] DEBUG:colcon.colcon_core.event_handler.log_command:Invoking command in '/home/ana/robot_ws/build/test_package': CMAKE_PREFIX_PATH=${CMAKE_PREFIX_PATH}:/home/ana/robot_ws/install/thermal_camera:/home/ana/robot_ws/install/py_pubsub:/home/ana/robot_ws/install/firebot_py:/opt/ros/humble /usr/bin/cmake --install /home/ana/robot_ws/build/test_package
[1.601s] Level 1:colcon.colcon_core.environment:checking '/home/ana/robot_ws/install/firebot_cpp' for CMake module files
[1.607s] Level 1:colcon.colcon_core.environment:checking '/home/ana/robot_ws/install/firebot_cpp' for CMake config files
[1.608s] Level 1:colcon.colcon_core.shell:create_environment_hook('firebot_cpp', 'cmake_prefix_path')
[1.608s] INFO:colcon.colcon_core.shell:Creating environment hook '/home/ana/robot_ws/install/firebot_cpp/share/firebot_cpp/hook/cmake_prefix_path.ps1'
[1.609s] INFO:colcon.colcon_core.shell:Creating environment descriptor '/home/ana/robot_ws/install/firebot_cpp/share/firebot_cpp/hook/cmake_prefix_path.dsv'
[1.611s] DEBUG:colcon.colcon_core.event_handler.log_command:Invoked command in '/home/ana/robot_ws/build/firebot_cpp' returned '0': CMAKE_PREFIX_PATH=${CMAKE_PREFIX_PATH}:/home/ana/robot_ws/install/thermal_camera:/home/ana/robot_ws/install/py_pubsub:/home/ana/robot_ws/install/firebot_py:/opt/ros/humble /usr/bin/cmake --install /home/ana/robot_ws/build/firebot_cpp
[1.615s] INFO:colcon.colcon_core.shell:Creating environment hook '/home/ana/robot_ws/install/firebot_cpp/share/firebot_cpp/hook/cmake_prefix_path.sh'
[1.616s] Level 1:colcon.colcon_core.environment:checking '/home/ana/robot_ws/install/firebot_cpp/bin'
[1.617s] Level 1:colcon.colcon_core.environment:checking '/home/ana/robot_ws/install/firebot_cpp/lib/pkgconfig/firebot_cpp.pc'
[1.617s] Level 1:colcon.colcon_core.environment:checking '/home/ana/robot_ws/install/firebot_cpp/lib/python3.10/site-packages'
[1.617s] Level 1:colcon.colcon_core.environment:checking '/home/ana/robot_ws/install/firebot_cpp/bin'
[1.618s] INFO:colcon.colcon_core.shell:Creating package script '/home/ana/robot_ws/install/firebot_cpp/share/firebot_cpp/package.ps1'
[1.619s] INFO:colcon.colcon_core.shell:Creating package descriptor '/home/ana/robot_ws/install/firebot_cpp/share/firebot_cpp/package.dsv'
[1.620s] INFO:colcon.colcon_core.shell:Creating package script '/home/ana/robot_ws/install/firebot_cpp/share/firebot_cpp/package.sh'
[1.622s] INFO:colcon.colcon_core.shell:Creating package script '/home/ana/robot_ws/install/firebot_cpp/share/firebot_cpp/package.bash'
[1.623s] INFO:colcon.colcon_core.shell:Creating package script '/home/ana/robot_ws/install/firebot_cpp/share/firebot_cpp/package.zsh'
[1.624s] Level 1:colcon.colcon_core.environment:create_file_with_runtime_dependencies(/home/ana/robot_ws/install/firebot_cpp/share/colcon-core/packages/firebot_cpp)
[1.625s] Level 1:colcon.colcon_core.environment:create_environment_scripts_only(firebot_cpp)
[1.625s] Level 1:colcon.colcon_core.environment:checking '/home/ana/robot_ws/install/firebot_cpp' for CMake module files
[1.626s] Level 1:colcon.colcon_core.environment:checking '/home/ana/robot_ws/install/firebot_cpp' for CMake config files
[1.626s] Level 1:colcon.colcon_core.shell:create_environment_hook('firebot_cpp', 'cmake_prefix_path')
[1.626s] INFO:colcon.colcon_core.shell:Creating environment hook '/home/ana/robot_ws/install/firebot_cpp/share/firebot_cpp/hook/cmake_prefix_path.ps1'
[1.627s] INFO:colcon.colcon_core.shell:Creating environment descriptor '/home/ana/robot_ws/install/firebot_cpp/share/firebot_cpp/hook/cmake_prefix_path.dsv'
[1.628s] INFO:colcon.colcon_core.shell:Creating environment hook '/home/ana/robot_ws/install/firebot_cpp/share/firebot_cpp/hook/cmake_prefix_path.sh'
[1.629s] Level 1:colcon.colcon_core.environment:checking '/home/ana/robot_ws/install/firebot_cpp/bin'
[1.629s] Level 1:colcon.colcon_core.environment:checking '/home/ana/robot_ws/install/firebot_cpp/lib/pkgconfig/firebot_cpp.pc'
[1.629s] Level 1:colcon.colcon_core.environment:checking '/home/ana/robot_ws/install/firebot_cpp/lib/python3.10/site-packages'
[1.630s] Level 1:colcon.colcon_core.environment:checking '/home/ana/robot_ws/install/firebot_cpp/bin'
[1.630s] INFO:colcon.colcon_core.shell:Creating package script '/home/ana/robot_ws/install/firebot_cpp/share/firebot_cpp/package.ps1'
[1.631s] INFO:colcon.colcon_core.shell:Creating package descriptor '/home/ana/robot_ws/install/firebot_cpp/share/firebot_cpp/package.dsv'
[1.632s] INFO:colcon.colcon_core.shell:Creating package script '/home/ana/robot_ws/install/firebot_cpp/share/firebot_cpp/package.sh'
[1.632s] INFO:colcon.colcon_core.shell:Creating package script '/home/ana/robot_ws/install/firebot_cpp/share/firebot_cpp/package.bash'
[1.633s] INFO:colcon.colcon_core.shell:Creating package script '/home/ana/robot_ws/install/firebot_cpp/share/firebot_cpp/package.zsh'
[1.633s] Level 1:colcon.colcon_core.environment:create_file_with_runtime_dependencies(/home/ana/robot_ws/install/firebot_cpp/share/colcon-core/packages/firebot_cpp)
[1.634s] Level 1:colcon.colcon_core.environment:create_environment_scripts_only(firebot_description)
[1.635s] Level 1:colcon.colcon_core.environment:checking '/home/ana/robot_ws/install/firebot_description' for CMake module files
[1.636s] DEBUG:colcon.colcon_core.event_handler.log_command:Invoked command in '/home/ana/robot_ws/build/firebot_description' returned '0': CMAKE_PREFIX_PATH=${CMAKE_PREFIX_PATH}:/home/ana/robot_ws/install/thermal_camera:/home/ana/robot_ws/install/py_pubsub:/home/ana/robot_ws/install/firebot_py:/opt/ros/humble /usr/bin/cmake --install /home/ana/robot_ws/build/firebot_description
[1.637s] Level 1:colcon.colcon_core.environment:checking '/home/ana/robot_ws/install/firebot_description' for CMake config files
[1.637s] Level 1:colcon.colcon_core.shell:create_environment_hook('firebot_description', 'cmake_prefix_path')
[1.638s] INFO:colcon.colcon_core.shell:Creating environment hook '/home/ana/robot_ws/install/firebot_description/share/firebot_description/hook/cmake_prefix_path.ps1'
[1.639s] INFO:colcon.colcon_core.shell:Creating environment descriptor '/home/ana/robot_ws/install/firebot_description/share/firebot_description/hook/cmake_prefix_path.dsv'
[1.640s] INFO:colcon.colcon_core.shell:Creating environment hook '/home/ana/robot_ws/install/firebot_description/share/firebot_description/hook/cmake_prefix_path.sh'
[1.642s] Level 1:colcon.colcon_core.environment:checking '/home/ana/robot_ws/install/firebot_description/bin'
[1.642s] Level 1:colcon.colcon_core.environment:checking '/home/ana/robot_ws/install/firebot_description/lib/pkgconfig/firebot_description.pc'
[1.643s] Level 1:colcon.colcon_core.environment:checking '/home/ana/robot_ws/install/firebot_description/lib/python3.10/site-packages'
[1.643s] Level 1:colcon.colcon_core.environment:checking '/home/ana/robot_ws/install/firebot_description/bin'
[1.644s] INFO:colcon.colcon_core.shell:Creating package script '/home/ana/robot_ws/install/firebot_description/share/firebot_description/package.ps1'
[1.645s] INFO:colcon.colcon_core.shell:Creating package descriptor '/home/ana/robot_ws/install/firebot_description/share/firebot_description/package.dsv'
[1.645s] INFO:colcon.colcon_core.shell:Creating package script '/home/ana/robot_ws/install/firebot_description/share/firebot_description/package.sh'
[1.646s] INFO:colcon.colcon_core.shell:Creating package script '/home/ana/robot_ws/install/firebot_description/share/firebot_description/package.bash'
[1.647s] INFO:colcon.colcon_core.shell:Creating package script '/home/ana/robot_ws/install/firebot_description/share/firebot_description/package.zsh'
[1.647s] Level 1:colcon.colcon_core.environment:create_file_with_runtime_dependencies(/home/ana/robot_ws/install/firebot_description/share/colcon-core/packages/firebot_description)
[1.648s] Level 1:colcon.colcon_core.environment:create_environment_scripts_only(firebot_description)
[1.648s] Level 1:colcon.colcon_core.environment:checking '/home/ana/robot_ws/install/firebot_description' for CMake module files
[1.649s] Level 1:colcon.colcon_core.environment:checking '/home/ana/robot_ws/install/firebot_description' for CMake config files
[1.649s] Level 1:colcon.colcon_core.shell:create_environment_hook('firebot_description', 'cmake_prefix_path')
[1.650s] INFO:colcon.colcon_core.shell:Creating environment hook '/home/ana/robot_ws/install/firebot_description/share/firebot_description/hook/cmake_prefix_path.ps1'
[1.650s] INFO:colcon.colcon_core.shell:Creating environment descriptor '/home/ana/robot_ws/install/firebot_description/share/firebot_description/hook/cmake_prefix_path.dsv'
[1.651s] INFO:colcon.colcon_core.shell:Creating environment hook '/home/ana/robot_ws/install/firebot_description/share/firebot_description/hook/cmake_prefix_path.sh'
[1.652s] Level 1:colcon.colcon_core.environment:checking '/home/ana/robot_ws/install/firebot_description/bin'
[1.652s] Level 1:colcon.colcon_core.environment:checking '/home/ana/robot_ws/install/firebot_description/lib/pkgconfig/firebot_description.pc'
[1.652s] Level 1:colcon.colcon_core.environment:checking '/home/ana/robot_ws/install/firebot_description/lib/python3.10/site-packages'
[1.652s] Level 1:colcon.colcon_core.environment:checking '/home/ana/robot_ws/install/firebot_description/bin'
[1.653s] INFO:colcon.colcon_core.shell:Creating package script '/home/ana/robot_ws/install/firebot_description/share/firebot_description/package.ps1'
[1.654s] INFO:colcon.colcon_core.shell:Creating package descriptor '/home/ana/robot_ws/install/firebot_description/share/firebot_description/package.dsv'
[1.654s] INFO:colcon.colcon_core.shell:Creating package script '/home/ana/robot_ws/install/firebot_description/share/firebot_description/package.sh'
[1.655s] INFO:colcon.colcon_core.shell:Creating package script '/home/ana/robot_ws/install/firebot_description/share/firebot_description/package.bash'
[1.655s] INFO:colcon.colcon_core.shell:Creating package script '/home/ana/robot_ws/install/firebot_description/share/firebot_description/package.zsh'
[1.656s] Level 1:colcon.colcon_core.environment:create_file_with_runtime_dependencies(/home/ana/robot_ws/install/firebot_description/share/colcon-core/packages/firebot_description)
[1.659s] Level 1:colcon.colcon_core.environment:create_environment_scripts_only(articubot_one)
[1.660s] Level 1:colcon.colcon_core.environment:checking '/home/ana/robot_ws/install/articubot_one' for CMake module files
[1.661s] DEBUG:colcon.colcon_core.event_handler.log_command:Invoked command in '/home/ana/robot_ws/build/articubot_one' returned '0': CMAKE_PREFIX_PATH=${CMAKE_PREFIX_PATH}:/home/ana/robot_ws/install/thermal_camera:/home/ana/robot_ws/install/py_pubsub:/home/ana/robot_ws/install/firebot_py:/opt/ros/humble /usr/bin/cmake --install /home/ana/robot_ws/build/articubot_one
[1.662s] Level 1:colcon.colcon_core.environment:checking '/home/ana/robot_ws/install/articubot_one' for CMake config files
[1.662s] Level 1:colcon.colcon_core.shell:create_environment_hook('articubot_one', 'cmake_prefix_path')
[1.663s] INFO:colcon.colcon_core.shell:Creating environment hook '/home/ana/robot_ws/install/articubot_one/share/articubot_one/hook/cmake_prefix_path.ps1'
[1.664s] INFO:colcon.colcon_core.shell:Creating environment descriptor '/home/ana/robot_ws/install/articubot_one/share/articubot_one/hook/cmake_prefix_path.dsv'
[1.664s] INFO:colcon.colcon_core.shell:Creating environment hook '/home/ana/robot_ws/install/articubot_one/share/articubot_one/hook/cmake_prefix_path.sh'
[1.665s] Level 1:colcon.colcon_core.environment:checking '/home/ana/robot_ws/install/articubot_one/bin'
[1.666s] Level 1:colcon.colcon_core.environment:checking '/home/ana/robot_ws/install/articubot_one/lib/pkgconfig/articubot_one.pc'
[1.666s] Level 1:colcon.colcon_core.environment:checking '/home/ana/robot_ws/install/articubot_one/lib/python3.10/site-packages'
[1.666s] Level 1:colcon.colcon_core.environment:checking '/home/ana/robot_ws/install/articubot_one/bin'
[1.667s] INFO:colcon.colcon_core.shell:Creating package script '/home/ana/robot_ws/install/articubot_one/share/articubot_one/package.ps1'
[1.668s] INFO:colcon.colcon_core.shell:Creating package descriptor '/home/ana/robot_ws/install/articubot_one/share/articubot_one/package.dsv'
[1.669s] INFO:colcon.colcon_core.shell:Creating package script '/home/ana/robot_ws/install/articubot_one/share/articubot_one/package.sh'
[1.670s] INFO:colcon.colcon_core.shell:Creating package script '/home/ana/robot_ws/install/articubot_one/share/articubot_one/package.bash'
[1.671s] INFO:colcon.colcon_core.shell:Creating package script '/home/ana/robot_ws/install/articubot_one/share/articubot_one/package.zsh'
[1.671s] Level 1:colcon.colcon_core.environment:create_file_with_runtime_dependencies(/home/ana/robot_ws/install/articubot_one/share/colcon-core/packages/articubot_one)
[1.672s] Level 1:colcon.colcon_core.environment:create_environment_scripts_only(articubot_one)
[1.673s] Level 1:colcon.colcon_core.environment:checking '/home/ana/robot_ws/install/articubot_one' for CMake module files
[1.673s] Level 1:colcon.colcon_core.environment:checking '/home/ana/robot_ws/install/articubot_one' for CMake config files
[1.674s] Level 1:colcon.colcon_core.shell:create_environment_hook('articubot_one', 'cmake_prefix_path')
[1.674s] INFO:colcon.colcon_core.shell:Creating environment hook '/home/ana/robot_ws/install/articubot_one/share/articubot_one/hook/cmake_prefix_path.ps1'
[1.675s] INFO:colcon.colcon_core.shell:Creating environment descriptor '/home/ana/robot_ws/install/articubot_one/share/articubot_one/hook/cmake_prefix_path.dsv'
[1.675s] INFO:colcon.colcon_core.shell:Creating environment hook '/home/ana/robot_ws/install/articubot_one/share/articubot_one/hook/cmake_prefix_path.sh'
[1.676s] Level 1:colcon.colcon_core.environment:checking '/home/ana/robot_ws/install/articubot_one/bin'
[1.677s] Level 1:colcon.colcon_core.environment:checking '/home/ana/robot_ws/install/articubot_one/lib/pkgconfig/articubot_one.pc'
[1.677s] Level 1:colcon.colcon_core.environment:checking '/home/ana/robot_ws/install/articubot_one/lib/python3.10/site-packages'
[1.678s] Level 1:colcon.colcon_core.environment:checking '/home/ana/robot_ws/install/articubot_one/bin'
[1.679s] INFO:colcon.colcon_core.shell:Creating package script '/home/ana/robot_ws/install/articubot_one/share/articubot_one/package.ps1'
[1.680s] INFO:colcon.colcon_core.shell:Creating package descriptor '/home/ana/robot_ws/install/articubot_one/share/articubot_one/package.dsv'
[1.681s] INFO:colcon.colcon_core.shell:Creating package script '/home/ana/robot_ws/install/articubot_one/share/articubot_one/package.sh'
[1.682s] INFO:colcon.colcon_core.shell:Creating package script '/home/ana/robot_ws/install/articubot_one/share/articubot_one/package.bash'
[1.683s] INFO:colcon.colcon_core.shell:Creating package script '/home/ana/robot_ws/install/articubot_one/share/articubot_one/package.zsh'
[1.684s] Level 1:colcon.colcon_core.environment:create_file_with_runtime_dependencies(/home/ana/robot_ws/install/articubot_one/share/colcon-core/packages/articubot_one)
[1.684s] Level 1:colcon.colcon_core.environment:create_environment_scripts_only(ros2_control_demo_example_2)
[1.685s] Level 1:colcon.colcon_core.environment:checking '/home/ana/robot_ws/install/ros2_control_demo_example_2' for CMake module files
[1.687s] DEBUG:colcon.colcon_core.event_handler.log_command:Invoked command in '/home/ana/robot_ws/build/ros2_control_demo_example_2' returned '0': CMAKE_PREFIX_PATH=${CMAKE_PREFIX_PATH}:/home/ana/robot_ws/install/thermal_camera:/home/ana/robot_ws/install/py_pubsub:/home/ana/robot_ws/install/firebot_py:/opt/ros/humble /usr/bin/cmake --install /home/ana/robot_ws/build/ros2_control_demo_example_2
[1.687s] Level 1:colcon.colcon_core.environment:checking '/home/ana/robot_ws/install/ros2_control_demo_example_2' for CMake config files
[1.688s] Level 1:colcon.colcon_core.shell:create_environment_hook('ros2_control_demo_example_2', 'cmake_prefix_path')
[1.688s] INFO:colcon.colcon_core.shell:Creating environment hook '/home/ana/robot_ws/install/ros2_control_demo_example_2/share/ros2_control_demo_example_2/hook/cmake_prefix_path.ps1'
[1.689s] INFO:colcon.colcon_core.shell:Creating environment descriptor '/home/ana/robot_ws/install/ros2_control_demo_example_2/share/ros2_control_demo_example_2/hook/cmake_prefix_path.dsv'
[1.690s] INFO:colcon.colcon_core.shell:Creating environment hook '/home/ana/robot_ws/install/ros2_control_demo_example_2/share/ros2_control_demo_example_2/hook/cmake_prefix_path.sh'
[1.691s] Level 1:colcon.colcon_core.environment:checking '/home/ana/robot_ws/install/ros2_control_demo_example_2/lib'
[1.691s] Level 1:colcon.colcon_core.shell:create_environment_hook('ros2_control_demo_example_2', 'ld_library_path_lib')
[1.692s] INFO:colcon.colcon_core.shell:Creating environment hook '/home/ana/robot_ws/install/ros2_control_demo_example_2/share/ros2_control_demo_example_2/hook/ld_library_path_lib.ps1'
[1.693s] INFO:colcon.colcon_core.shell:Creating environment descriptor '/home/ana/robot_ws/install/ros2_control_demo_example_2/share/ros2_control_demo_example_2/hook/ld_library_path_lib.dsv'
[1.693s] INFO:colcon.colcon_core.shell:Creating environment hook '/home/ana/robot_ws/install/ros2_control_demo_example_2/share/ros2_control_demo_example_2/hook/ld_library_path_lib.sh'
[1.694s] Level 1:colcon.colcon_core.environment:checking '/home/ana/robot_ws/install/ros2_control_demo_example_2/bin'
[1.694s] Level 1:colcon.colcon_core.environment:checking '/home/ana/robot_ws/install/ros2_control_demo_example_2/lib/pkgconfig/ros2_control_demo_example_2.pc'
[1.695s] Level 1:colcon.colcon_core.environment:checking '/home/ana/robot_ws/install/ros2_control_demo_example_2/lib/python3.10/site-packages'
[1.695s] Level 1:colcon.colcon_core.environment:checking '/home/ana/robot_ws/install/ros2_control_demo_example_2/bin'
[1.696s] INFO:colcon.colcon_core.shell:Creating package script '/home/ana/robot_ws/install/ros2_control_demo_example_2/share/ros2_control_demo_example_2/package.ps1'
[1.697s] INFO:colcon.colcon_core.shell:Creating package descriptor '/home/ana/robot_ws/install/ros2_control_demo_example_2/share/ros2_control_demo_example_2/package.dsv'
[1.697s] INFO:colcon.colcon_core.shell:Creating package script '/home/ana/robot_ws/install/ros2_control_demo_example_2/share/ros2_control_demo_example_2/package.sh'
[1.698s] INFO:colcon.colcon_core.shell:Creating package script '/home/ana/robot_ws/install/ros2_control_demo_example_2/share/ros2_control_demo_example_2/package.bash'
[1.699s] INFO:colcon.colcon_core.shell:Creating package script '/home/ana/robot_ws/install/ros2_control_demo_example_2/share/ros2_control_demo_example_2/package.zsh'
[1.700s] Level 1:colcon.colcon_core.environment:create_file_with_runtime_dependencies(/home/ana/robot_ws/install/ros2_control_demo_example_2/share/colcon-core/packages/ros2_control_demo_example_2)
[1.701s] Level 1:colcon.colcon_core.environment:create_environment_scripts_only(ros2_control_demo_example_2)
[1.701s] Level 1:colcon.colcon_core.environment:checking '/home/ana/robot_ws/install/ros2_control_demo_example_2' for CMake module files
[1.702s] Level 1:colcon.colcon_core.environment:checking '/home/ana/robot_ws/install/ros2_control_demo_example_2' for CMake config files
[1.702s] Level 1:colcon.colcon_core.shell:create_environment_hook('ros2_control_demo_example_2', 'cmake_prefix_path')
[1.703s] INFO:colcon.colcon_core.shell:Creating environment hook '/home/ana/robot_ws/install/ros2_control_demo_example_2/share/ros2_control_demo_example_2/hook/cmake_prefix_path.ps1'
[1.703s] INFO:colcon.colcon_core.shell:Creating environment descriptor '/home/ana/robot_ws/install/ros2_control_demo_example_2/share/ros2_control_demo_example_2/hook/cmake_prefix_path.dsv'
[1.704s] INFO:colcon.colcon_core.shell:Creating environment hook '/home/ana/robot_ws/install/ros2_control_demo_example_2/share/ros2_control_demo_example_2/hook/cmake_prefix_path.sh'
[1.705s] Level 1:colcon.colcon_core.environment:checking '/home/ana/robot_ws/install/ros2_control_demo_example_2/lib'
[1.706s] Level 1:colcon.colcon_core.shell:create_environment_hook('ros2_control_demo_example_2', 'ld_library_path_lib')
[1.706s] INFO:colcon.colcon_core.shell:Creating environment hook '/home/ana/robot_ws/install/ros2_control_demo_example_2/share/ros2_control_demo_example_2/hook/ld_library_path_lib.ps1'
[1.707s] INFO:colcon.colcon_core.shell:Creating environment descriptor '/home/ana/robot_ws/install/ros2_control_demo_example_2/share/ros2_control_demo_example_2/hook/ld_library_path_lib.dsv'
[1.708s] INFO:colcon.colcon_core.shell:Creating environment hook '/home/ana/robot_ws/install/ros2_control_demo_example_2/share/ros2_control_demo_example_2/hook/ld_library_path_lib.sh'
[1.709s] Level 1:colcon.colcon_core.environment:checking '/home/ana/robot_ws/install/ros2_control_demo_example_2/bin'
[1.709s] Level 1:colcon.colcon_core.environment:checking '/home/ana/robot_ws/install/ros2_control_demo_example_2/lib/pkgconfig/ros2_control_demo_example_2.pc'
[1.710s] Level 1:colcon.colcon_core.environment:checking '/home/ana/robot_ws/install/ros2_control_demo_example_2/lib/python3.10/site-packages'
[1.710s] Level 1:colcon.colcon_core.environment:checking '/home/ana/robot_ws/install/ros2_control_demo_example_2/bin'
[1.711s] INFO:colcon.colcon_core.shell:Creating package script '/home/ana/robot_ws/install/ros2_control_demo_example_2/share/ros2_control_demo_example_2/package.ps1'
[1.712s] INFO:colcon.colcon_core.shell:Creating package descriptor '/home/ana/robot_ws/install/ros2_control_demo_example_2/share/ros2_control_demo_example_2/package.dsv'
[1.714s] INFO:colcon.colcon_core.shell:Creating package script '/home/ana/robot_ws/install/ros2_control_demo_example_2/share/ros2_control_demo_example_2/package.sh'
[1.715s] INFO:colcon.colcon_core.shell:Creating package script '/home/ana/robot_ws/install/ros2_control_demo_example_2/share/ros2_control_demo_example_2/package.bash'
[1.716s] INFO:colcon.colcon_core.shell:Creating package script '/home/ana/robot_ws/install/ros2_control_demo_example_2/share/ros2_control_demo_example_2/package.zsh'
[1.716s] Level 1:colcon.colcon_core.environment:create_file_with_runtime_dependencies(/home/ana/robot_ws/install/ros2_control_demo_example_2/share/colcon-core/packages/ros2_control_demo_example_2)
[1.716s] Level 1:colcon.colcon_core.environment:create_environment_scripts_only(test_package)
[1.717s] Level 1:colcon.colcon_core.environment:checking '/home/ana/robot_ws/install/test_package' for CMake module files
[1.719s] Level 1:colcon.colcon_core.environment:checking '/home/ana/robot_ws/install/test_package' for CMake config files
[1.719s] DEBUG:colcon.colcon_core.event_handler.log_command:Invoked command in '/home/ana/robot_ws/build/test_package' returned '0': CMAKE_PREFIX_PATH=${CMAKE_PREFIX_PATH}:/home/ana/robot_ws/install/thermal_camera:/home/ana/robot_ws/install/py_pubsub:/home/ana/robot_ws/install/firebot_py:/opt/ros/humble /usr/bin/cmake --install /home/ana/robot_ws/build/test_package
[1.719s] Level 1:colcon.colcon_core.shell:create_environment_hook('test_package', 'cmake_prefix_path')
[1.720s] INFO:colcon.colcon_core.shell:Creating environment hook '/home/ana/robot_ws/install/test_package/share/test_package/hook/cmake_prefix_path.ps1'
[1.720s] INFO:colcon.colcon_core.shell:Creating environment descriptor '/home/ana/robot_ws/install/test_package/share/test_package/hook/cmake_prefix_path.dsv'
[1.721s] INFO:colcon.colcon_core.shell:Creating environment hook '/home/ana/robot_ws/install/test_package/share/test_package/hook/cmake_prefix_path.sh'
[1.721s] Level 1:colcon.colcon_core.environment:checking '/home/ana/robot_ws/install/test_package/lib'
[1.722s] Level 1:colcon.colcon_core.environment:checking '/home/ana/robot_ws/install/test_package/bin'
[1.722s] Level 1:colcon.colcon_core.environment:checking '/home/ana/robot_ws/install/test_package/lib/pkgconfig/test_package.pc'
[1.722s] Level 1:colcon.colcon_core.environment:checking '/home/ana/robot_ws/install/test_package/lib/python3.10/site-packages'
[1.722s] Level 1:colcon.colcon_core.environment:checking '/home/ana/robot_ws/install/test_package/bin'
[1.723s] INFO:colcon.colcon_core.shell:Creating package script '/home/ana/robot_ws/install/test_package/share/test_package/package.ps1'
[1.723s] INFO:colcon.colcon_core.shell:Creating package descriptor '/home/ana/robot_ws/install/test_package/share/test_package/package.dsv'
[1.724s] INFO:colcon.colcon_core.shell:Creating package script '/home/ana/robot_ws/install/test_package/share/test_package/package.sh'
[1.725s] INFO:colcon.colcon_core.shell:Creating package script '/home/ana/robot_ws/install/test_package/share/test_package/package.bash'
[1.725s] INFO:colcon.colcon_core.shell:Creating package script '/home/ana/robot_ws/install/test_package/share/test_package/package.zsh'
[1.725s] Level 1:colcon.colcon_core.environment:create_file_with_runtime_dependencies(/home/ana/robot_ws/install/test_package/share/colcon-core/packages/test_package)
[1.726s] Level 1:colcon.colcon_core.environment:create_environment_scripts_only(test_package)
[1.727s] Level 1:colcon.colcon_core.environment:checking '/home/ana/robot_ws/install/test_package' for CMake module files
[1.727s] Level 1:colcon.colcon_core.environment:checking '/home/ana/robot_ws/install/test_package' for CMake config files
[1.727s] Level 1:colcon.colcon_core.shell:create_environment_hook('test_package', 'cmake_prefix_path')
[1.728s] INFO:colcon.colcon_core.shell:Creating environment hook '/home/ana/robot_ws/install/test_package/share/test_package/hook/cmake_prefix_path.ps1'
[1.728s] INFO:colcon.colcon_core.shell:Creating environment descriptor '/home/ana/robot_ws/install/test_package/share/test_package/hook/cmake_prefix_path.dsv'
[1.729s] INFO:colcon.colcon_core.shell:Creating environment hook '/home/ana/robot_ws/install/test_package/share/test_package/hook/cmake_prefix_path.sh'
[1.730s] Level 1:colcon.colcon_core.environment:checking '/home/ana/robot_ws/install/test_package/lib'
[1.730s] Level 1:colcon.colcon_core.environment:checking '/home/ana/robot_ws/install/test_package/bin'
[1.730s] Level 1:colcon.colcon_core.environment:checking '/home/ana/robot_ws/install/test_package/lib/pkgconfig/test_package.pc'
[1.730s] Level 1:colcon.colcon_core.environment:checking '/home/ana/robot_ws/install/test_package/lib/python3.10/site-packages'
[1.731s] Level 1:colcon.colcon_core.environment:checking '/home/ana/robot_ws/install/test_package/bin'
[1.731s] INFO:colcon.colcon_core.shell:Creating package script '/home/ana/robot_ws/install/test_package/share/test_package/package.ps1'
[1.732s] INFO:colcon.colcon_core.shell:Creating package descriptor '/home/ana/robot_ws/install/test_package/share/test_package/package.dsv'
[1.732s] INFO:colcon.colcon_core.shell:Creating package script '/home/ana/robot_ws/install/test_package/share/test_package/package.sh'
[1.734s] INFO:colcon.colcon_core.shell:Creating package script '/home/ana/robot_ws/install/test_package/share/test_package/package.bash'
[1.734s] INFO:colcon.colcon_core.shell:Creating package script '/home/ana/robot_ws/install/test_package/share/test_package/package.zsh'
[1.735s] Level 1:colcon.colcon_core.environment:create_file_with_runtime_dependencies(/home/ana/robot_ws/install/test_package/share/colcon-core/packages/test_package)
[1.735s] Level 1:colcon.colcon_core.environment:create_environment_scripts_only(rplidar_ros)
[1.736s] Level 1:colcon.colcon_core.environment:checking '/home/ana/robot_ws/install/rplidar_ros' for CMake module files
[1.737s] DEBUG:colcon.colcon_core.event_handler.log_command:Invoked command in '/home/ana/robot_ws/build/rplidar_ros' returned '0': CMAKE_PREFIX_PATH=${CMAKE_PREFIX_PATH}:/home/ana/robot_ws/install/thermal_camera:/home/ana/robot_ws/install/py_pubsub:/home/ana/robot_ws/install/firebot_py:/opt/ros/humble /usr/bin/cmake --install /home/ana/robot_ws/build/rplidar_ros
[1.737s] Level 1:colcon.colcon_core.environment:checking '/home/ana/robot_ws/install/rplidar_ros' for CMake config files
[1.738s] Level 1:colcon.colcon_core.shell:create_environment_hook('rplidar_ros', 'cmake_prefix_path')
[1.738s] INFO:colcon.colcon_core.shell:Creating environment hook '/home/ana/robot_ws/install/rplidar_ros/share/rplidar_ros/hook/cmake_prefix_path.ps1'
[1.739s] INFO:colcon.colcon_core.shell:Creating environment descriptor '/home/ana/robot_ws/install/rplidar_ros/share/rplidar_ros/hook/cmake_prefix_path.dsv'
[1.740s] INFO:colcon.colcon_core.shell:Creating environment hook '/home/ana/robot_ws/install/rplidar_ros/share/rplidar_ros/hook/cmake_prefix_path.sh'
[1.740s] Level 1:colcon.colcon_core.environment:checking '/home/ana/robot_ws/install/rplidar_ros/lib'
[1.741s] Level 1:colcon.colcon_core.environment:checking '/home/ana/robot_ws/install/rplidar_ros/bin'
[1.741s] Level 1:colcon.colcon_core.environment:checking '/home/ana/robot_ws/install/rplidar_ros/lib/pkgconfig/rplidar_ros.pc'
[1.741s] Level 1:colcon.colcon_core.environment:checking '/home/ana/robot_ws/install/rplidar_ros/lib/python3.10/site-packages'
[1.741s] Level 1:colcon.colcon_core.environment:checking '/home/ana/robot_ws/install/rplidar_ros/bin'
[1.742s] INFO:colcon.colcon_core.shell:Creating package script '/home/ana/robot_ws/install/rplidar_ros/share/rplidar_ros/package.ps1'
[1.743s] INFO:colcon.colcon_core.shell:Creating package descriptor '/home/ana/robot_ws/install/rplidar_ros/share/rplidar_ros/package.dsv'
[1.743s] INFO:colcon.colcon_core.shell:Creating package script '/home/ana/robot_ws/install/rplidar_ros/share/rplidar_ros/package.sh'
[1.744s] INFO:colcon.colcon_core.shell:Creating package script '/home/ana/robot_ws/install/rplidar_ros/share/rplidar_ros/package.bash'
[1.745s] INFO:colcon.colcon_core.shell:Creating package script '/home/ana/robot_ws/install/rplidar_ros/share/rplidar_ros/package.zsh'
[1.745s] Level 1:colcon.colcon_core.environment:create_file_with_runtime_dependencies(/home/ana/robot_ws/install/rplidar_ros/share/colcon-core/packages/rplidar_ros)
[1.746s] Level 1:colcon.colcon_core.environment:create_environment_scripts_only(rplidar_ros)
[1.746s] Level 1:colcon.colcon_core.environment:checking '/home/ana/robot_ws/install/rplidar_ros' for CMake module files
[1.747s] Level 1:colcon.colcon_core.environment:checking '/home/ana/robot_ws/install/rplidar_ros' for CMake config files
[1.747s] Level 1:colcon.colcon_core.shell:create_environment_hook('rplidar_ros', 'cmake_prefix_path')
[1.748s] INFO:colcon.colcon_core.shell:Creating environment hook '/home/ana/robot_ws/install/rplidar_ros/share/rplidar_ros/hook/cmake_prefix_path.ps1'
[1.748s] INFO:colcon.colcon_core.shell:Creating environment descriptor '/home/ana/robot_ws/install/rplidar_ros/share/rplidar_ros/hook/cmake_prefix_path.dsv'
[1.749s] INFO:colcon.colcon_core.shell:Creating environment hook '/home/ana/robot_ws/install/rplidar_ros/share/rplidar_ros/hook/cmake_prefix_path.sh'
[1.749s] Level 1:colcon.colcon_core.environment:checking '/home/ana/robot_ws/install/rplidar_ros/lib'
[1.750s] Level 1:colcon.colcon_core.environment:checking '/home/ana/robot_ws/install/rplidar_ros/bin'
[1.750s] Level 1:colcon.colcon_core.environment:checking '/home/ana/robot_ws/install/rplidar_ros/lib/pkgconfig/rplidar_ros.pc'
[1.750s] Level 1:colcon.colcon_core.environment:checking '/home/ana/robot_ws/install/rplidar_ros/lib/python3.10/site-packages'
[1.750s] Level 1:colcon.colcon_core.environment:checking '/home/ana/robot_ws/install/rplidar_ros/bin'
[1.751s] INFO:colcon.colcon_core.shell:Creating package script '/home/ana/robot_ws/install/rplidar_ros/share/rplidar_ros/package.ps1'
[1.751s] INFO:colcon.colcon_core.shell:Creating package descriptor '/home/ana/robot_ws/install/rplidar_ros/share/rplidar_ros/package.dsv'
[1.752s] INFO:colcon.colcon_core.shell:Creating package script '/home/ana/robot_ws/install/rplidar_ros/share/rplidar_ros/package.sh'
[1.753s] INFO:colcon.colcon_core.shell:Creating package script '/home/ana/robot_ws/install/rplidar_ros/share/rplidar_ros/package.bash'
[1.753s] INFO:colcon.colcon_core.shell:Creating package script '/home/ana/robot_ws/install/rplidar_ros/share/rplidar_ros/package.zsh'
[1.754s] Level 1:colcon.colcon_core.environment:create_file_with_runtime_dependencies(/home/ana/robot_ws/install/rplidar_ros/share/colcon-core/packages/rplidar_ros)
[2.103s] DEBUG:colcon.colcon_core.event_handler.log_command:Invoking command in '/home/ana/robot_ws/build/py_pubsub': PYTHONPATH=/home/ana/robot_ws/build/py_pubsub/prefix_override:/usr/lib/python3/dist-packages/colcon_core/task/python/colcon_distutils_commands:/home/ana/robot_ws/install/py_pubsub/lib/python3.10/site-packages:${PYTHONPATH} /usr/bin/python3 -W ignore:setup.py install is deprecated -W ignore:easy_install command is deprecated setup.py develop --editable --build-directory /home/ana/robot_ws/build/py_pubsub/build --no-deps symlink_data
[2.109s] DEBUG:colcon.colcon_core.event_handler.log_command:Invoking command in '/home/ana/robot_ws/build/firebot_py': PYTHONPATH=/home/ana/robot_ws/build/firebot_py/prefix_override:/usr/lib/python3/dist-packages/colcon_core/task/python/colcon_distutils_commands:/home/ana/robot_ws/install/firebot_py/lib/python3.10/site-packages:${PYTHONPATH} /usr/bin/python3 -W ignore:setup.py install is deprecated -W ignore:easy_install command is deprecated setup.py develop --editable --build-directory /home/ana/robot_ws/build/firebot_py/build --no-deps symlink_data
[2.117s] DEBUG:colcon.colcon_core.event_handler.log_command:Invoking command in '/home/ana/robot_ws/build/thermal_camera': PYTHONPATH=/home/ana/robot_ws/build/thermal_camera/prefix_override:/usr/lib/python3/dist-packages/colcon_core/task/python/colcon_distutils_commands:/home/ana/robot_ws/install/thermal_camera/lib/python3.10/site-packages:${PYTHONPATH} /usr/bin/python3 -W ignore:setup.py install is deprecated -W ignore:easy_install command is deprecated setup.py develop --editable --build-directory /home/ana/robot_ws/build/thermal_camera/build --no-deps symlink_data
[2.757s] Level 1:colcon.colcon_core.shell:create_environment_hook('py_pubsub', 'pythonpath_develop')
[2.758s] DEBUG:colcon.colcon_core.event_handler.log_command:Invoked command in '/home/ana/robot_ws/build/py_pubsub' returned '0': PYTHONPATH=/home/ana/robot_ws/build/py_pubsub/prefix_override:/usr/lib/python3/dist-packages/colcon_core/task/python/colcon_distutils_commands:/home/ana/robot_ws/install/py_pubsub/lib/python3.10/site-packages:${PYTHONPATH} /usr/bin/python3 -W ignore:setup.py install is deprecated -W ignore:easy_install command is deprecated setup.py develop --editable --build-directory /home/ana/robot_ws/build/py_pubsub/build --no-deps symlink_data
[2.759s] INFO:colcon.colcon_core.shell:Creating environment hook '/home/ana/robot_ws/build/py_pubsub/share/py_pubsub/hook/pythonpath_develop.ps1'
[2.760s] INFO:colcon.colcon_core.shell:Creating environment descriptor '/home/ana/robot_ws/build/py_pubsub/share/py_pubsub/hook/pythonpath_develop.dsv'
[2.761s] INFO:colcon.colcon_core.shell:Creating environment hook '/home/ana/robot_ws/build/py_pubsub/share/py_pubsub/hook/pythonpath_develop.sh'
[2.762s] Level 1:colcon.colcon_core.environment:checking '/home/ana/robot_ws/install/py_pubsub' for CMake module files
[2.762s] Level 1:colcon.colcon_core.environment:checking '/home/ana/robot_ws/install/py_pubsub' for CMake config files
[2.763s] Level 1:colcon.colcon_core.environment:checking '/home/ana/robot_ws/install/py_pubsub/lib'
[2.763s] Level 1:colcon.colcon_core.environment:checking '/home/ana/robot_ws/install/py_pubsub/bin'
[2.763s] Level 1:colcon.colcon_core.environment:checking '/home/ana/robot_ws/install/py_pubsub/lib/pkgconfig/py_pubsub.pc'
[2.764s] Level 1:colcon.colcon_core.environment:checking '/home/ana/robot_ws/install/py_pubsub/lib/python3.10/site-packages'
[2.764s] Level 1:colcon.colcon_core.shell:create_environment_hook('py_pubsub', 'pythonpath')
[2.764s] INFO:colcon.colcon_core.shell:Creating environment hook '/home/ana/robot_ws/install/py_pubsub/share/py_pubsub/hook/pythonpath.ps1'
[2.765s] INFO:colcon.colcon_core.shell:Creating environment descriptor '/home/ana/robot_ws/install/py_pubsub/share/py_pubsub/hook/pythonpath.dsv'
[2.766s] INFO:colcon.colcon_core.shell:Creating environment hook '/home/ana/robot_ws/install/py_pubsub/share/py_pubsub/hook/pythonpath.sh'
[2.767s] Level 1:colcon.colcon_core.environment:checking '/home/ana/robot_ws/install/py_pubsub/bin'
[2.767s] Level 1:colcon.colcon_core.environment:create_environment_scripts_only(py_pubsub)
[2.767s] INFO:colcon.colcon_core.shell:Creating package script '/home/ana/robot_ws/install/py_pubsub/share/py_pubsub/package.ps1'
[2.768s] INFO:colcon.colcon_core.shell:Creating package descriptor '/home/ana/robot_ws/install/py_pubsub/share/py_pubsub/package.dsv'
[2.769s] INFO:colcon.colcon_core.shell:Creating package script '/home/ana/robot_ws/install/py_pubsub/share/py_pubsub/package.sh'
[2.770s] INFO:colcon.colcon_core.shell:Creating package script '/home/ana/robot_ws/install/py_pubsub/share/py_pubsub/package.bash'
[2.770s] INFO:colcon.colcon_core.shell:Creating package script '/home/ana/robot_ws/install/py_pubsub/share/py_pubsub/package.zsh'
[2.771s] Level 1:colcon.colcon_core.environment:create_file_with_runtime_dependencies(/home/ana/robot_ws/install/py_pubsub/share/colcon-core/packages/py_pubsub)
[2.781s] Level 1:colcon.colcon_core.shell:create_environment_hook('firebot_py', 'pythonpath_develop')
[2.781s] INFO:colcon.colcon_core.shell:Creating environment hook '/home/ana/robot_ws/build/firebot_py/share/firebot_py/hook/pythonpath_develop.ps1'
[2.782s] DEBUG:colcon.colcon_core.event_handler.log_command:Invoked command in '/home/ana/robot_ws/build/firebot_py' returned '0': PYTHONPATH=/home/ana/robot_ws/build/firebot_py/prefix_override:/usr/lib/python3/dist-packages/colcon_core/task/python/colcon_distutils_commands:/home/ana/robot_ws/install/firebot_py/lib/python3.10/site-packages:${PYTHONPATH} /usr/bin/python3 -W ignore:setup.py install is deprecated -W ignore:easy_install command is deprecated setup.py develop --editable --build-directory /home/ana/robot_ws/build/firebot_py/build --no-deps symlink_data
[2.783s] INFO:colcon.colcon_core.shell:Creating environment descriptor '/home/ana/robot_ws/build/firebot_py/share/firebot_py/hook/pythonpath_develop.dsv'
[2.783s] INFO:colcon.colcon_core.shell:Creating environment hook '/home/ana/robot_ws/build/firebot_py/share/firebot_py/hook/pythonpath_develop.sh'
[2.784s] Level 1:colcon.colcon_core.environment:checking '/home/ana/robot_ws/install/firebot_py' for CMake module files
[2.785s] Level 1:colcon.colcon_core.environment:checking '/home/ana/robot_ws/install/firebot_py' for CMake config files
[2.785s] Level 1:colcon.colcon_core.environment:checking '/home/ana/robot_ws/install/firebot_py/lib'
[2.785s] Level 1:colcon.colcon_core.environment:checking '/home/ana/robot_ws/install/firebot_py/bin'
[2.786s] Level 1:colcon.colcon_core.environment:checking '/home/ana/robot_ws/install/firebot_py/lib/pkgconfig/firebot_py.pc'
[2.786s] Level 1:colcon.colcon_core.environment:checking '/home/ana/robot_ws/install/firebot_py/lib/python3.10/site-packages'
[2.786s] Level 1:colcon.colcon_core.shell:create_environment_hook('firebot_py', 'pythonpath')
[2.786s] INFO:colcon.colcon_core.shell:Creating environment hook '/home/ana/robot_ws/install/firebot_py/share/firebot_py/hook/pythonpath.ps1'
[2.787s] INFO:colcon.colcon_core.shell:Creating environment descriptor '/home/ana/robot_ws/install/firebot_py/share/firebot_py/hook/pythonpath.dsv'
[2.787s] INFO:colcon.colcon_core.shell:Creating environment hook '/home/ana/robot_ws/install/firebot_py/share/firebot_py/hook/pythonpath.sh'
[2.788s] Level 1:colcon.colcon_core.environment:checking '/home/ana/robot_ws/install/firebot_py/bin'
[2.788s] Level 1:colcon.colcon_core.environment:create_environment_scripts_only(firebot_py)
[2.789s] INFO:colcon.colcon_core.shell:Creating package script '/home/ana/robot_ws/install/firebot_py/share/firebot_py/package.ps1'
[2.790s] INFO:colcon.colcon_core.shell:Creating package descriptor '/home/ana/robot_ws/install/firebot_py/share/firebot_py/package.dsv'
[2.790s] INFO:colcon.colcon_core.shell:Creating package script '/home/ana/robot_ws/install/firebot_py/share/firebot_py/package.sh'
[2.791s] INFO:colcon.colcon_core.shell:Creating package script '/home/ana/robot_ws/install/firebot_py/share/firebot_py/package.bash'
[2.791s] INFO:colcon.colcon_core.shell:Creating package script '/home/ana/robot_ws/install/firebot_py/share/firebot_py/package.zsh'
[2.792s] Level 1:colcon.colcon_core.environment:create_file_with_runtime_dependencies(/home/ana/robot_ws/install/firebot_py/share/colcon-core/packages/firebot_py)
[2.798s] Level 1:colcon.colcon_core.shell:create_environment_hook('thermal_camera', 'pythonpath_develop')
[2.799s] INFO:colcon.colcon_core.shell:Creating environment hook '/home/ana/robot_ws/build/thermal_camera/share/thermal_camera/hook/pythonpath_develop.ps1'
[2.799s] DEBUG:colcon.colcon_core.event_handler.log_command:Invoked command in '/home/ana/robot_ws/build/thermal_camera' returned '0': PYTHONPATH=/home/ana/robot_ws/build/thermal_camera/prefix_override:/usr/lib/python3/dist-packages/colcon_core/task/python/colcon_distutils_commands:/home/ana/robot_ws/install/thermal_camera/lib/python3.10/site-packages:${PYTHONPATH} /usr/bin/python3 -W ignore:setup.py install is deprecated -W ignore:easy_install command is deprecated setup.py develop --editable --build-directory /home/ana/robot_ws/build/thermal_camera/build --no-deps symlink_data
[2.800s] INFO:colcon.colcon_core.shell:Creating environment descriptor '/home/ana/robot_ws/build/thermal_camera/share/thermal_camera/hook/pythonpath_develop.dsv'
[2.801s] INFO:colcon.colcon_core.shell:Creating environment hook '/home/ana/robot_ws/build/thermal_camera/share/thermal_camera/hook/pythonpath_develop.sh'
[2.801s] Level 1:colcon.colcon_core.environment:checking '/home/ana/robot_ws/install/thermal_camera' for CMake module files
[2.802s] Level 1:colcon.colcon_core.environment:checking '/home/ana/robot_ws/install/thermal_camera' for CMake config files
[2.803s] Level 1:colcon.colcon_core.environment:checking '/home/ana/robot_ws/install/thermal_camera/lib'
[2.803s] Level 1:colcon.colcon_core.environment:checking '/home/ana/robot_ws/install/thermal_camera/bin'
[2.803s] Level 1:colcon.colcon_core.environment:checking '/home/ana/robot_ws/install/thermal_camera/lib/pkgconfig/thermal_camera.pc'
[2.803s] Level 1:colcon.colcon_core.environment:checking '/home/ana/robot_ws/install/thermal_camera/lib/python3.10/site-packages'
[2.803s] Level 1:colcon.colcon_core.shell:create_environment_hook('thermal_camera', 'pythonpath')
[2.803s] INFO:colcon.colcon_core.shell:Creating environment hook '/home/ana/robot_ws/install/thermal_camera/share/thermal_camera/hook/pythonpath.ps1'
[2.804s] INFO:colcon.colcon_core.shell:Creating environment descriptor '/home/ana/robot_ws/install/thermal_camera/share/thermal_camera/hook/pythonpath.dsv'
[2.804s] INFO:colcon.colcon_core.shell:Creating environment hook '/home/ana/robot_ws/install/thermal_camera/share/thermal_camera/hook/pythonpath.sh'
[2.805s] Level 1:colcon.colcon_core.environment:checking '/home/ana/robot_ws/install/thermal_camera/bin'
[2.805s] Level 1:colcon.colcon_core.environment:create_environment_scripts_only(thermal_camera)
[2.806s] INFO:colcon.colcon_core.shell:Creating package script '/home/ana/robot_ws/install/thermal_camera/share/thermal_camera/package.ps1'
[2.807s] INFO:colcon.colcon_core.shell:Creating package descriptor '/home/ana/robot_ws/install/thermal_camera/share/thermal_camera/package.dsv'
[2.808s] INFO:colcon.colcon_core.shell:Creating package script '/home/ana/robot_ws/install/thermal_camera/share/thermal_camera/package.sh'
[2.808s] INFO:colcon.colcon_core.shell:Creating package script '/home/ana/robot_ws/install/thermal_camera/share/thermal_camera/package.bash'
[2.809s] INFO:colcon.colcon_core.shell:Creating package script '/home/ana/robot_ws/install/thermal_camera/share/thermal_camera/package.zsh'
[2.809s] Level 1:colcon.colcon_core.environment:create_file_with_runtime_dependencies(/home/ana/robot_ws/install/thermal_camera/share/colcon-core/packages/thermal_camera)
[2.810s] DEBUG:colcon.colcon_parallel_executor.executor.parallel:closing loop
[2.810s] DEBUG:colcon.colcon_parallel_executor.executor.parallel:loop closed
[2.810s] DEBUG:colcon.colcon_parallel_executor.executor.parallel:run_until_complete finished with '0'
[2.810s] DEBUG:colcon.colcon_core.event_reactor:joining thread
[2.820s] INFO:colcon.colcon_core.plugin_system:Skipping extension 'colcon_notification.desktop_notification.terminal_notifier': Not used on non-Darwin systems
[2.820s] INFO:colcon.colcon_core.plugin_system:Skipping extension 'colcon_notification.desktop_notification.win32': Not used on non-Windows systems
[2.820s] INFO:colcon.colcon_notification.desktop_notification:Sending desktop notification using 'notify2'
[2.841s] DEBUG:colcon.colcon_core.event_reactor:joined thread
[2.841s] INFO:colcon.colcon_core.shell:Creating prefix script '/home/ana/robot_ws/install/local_setup.ps1'
[2.843s] INFO:colcon.colcon_core.shell:Creating prefix util module '/home/ana/robot_ws/install/_local_setup_util_ps1.py'
[2.845s] INFO:colcon.colcon_core.shell:Creating prefix chain script '/home/ana/robot_ws/install/setup.ps1'
[2.846s] INFO:colcon.colcon_core.shell:Creating prefix script '/home/ana/robot_ws/install/local_setup.sh'
[2.847s] INFO:colcon.colcon_core.shell:Creating prefix util module '/home/ana/robot_ws/install/_local_setup_util_sh.py'
[2.848s] INFO:colcon.colcon_core.shell:Creating prefix chain script '/home/ana/robot_ws/install/setup.sh'
[2.850s] INFO:colcon.colcon_core.shell:Creating prefix script '/home/ana/robot_ws/install/local_setup.bash'
[2.851s] INFO:colcon.colcon_core.shell:Creating prefix chain script '/home/ana/robot_ws/install/setup.bash'
[2.852s] INFO:colcon.colcon_core.shell:Creating prefix script '/home/ana/robot_ws/install/local_setup.zsh'
[2.853s] INFO:colcon.colcon_core.shell:Creating prefix chain script '/home/ana/robot_ws/install/setup.zsh'
