-- The C compiler identification is GNU 11.4.0
-- The CXX compiler identification is GNU 11.4.0
-- Detecting C compiler ABI info
-- Detecting C compiler ABI info - done
-- Check for working C compiler: /usr/bin/cc - skipped
-- Detecting C compile features
-- Detecting C compile features - done
-- Detecting CXX compiler ABI info
-- Detecting CXX compiler ABI info - done
-- Check for working CXX compiler: /usr/bin/c++ - skipped
-- Detecting CXX compile features
-- Detecting CXX compile features - done
-- Found ament_cmake: 1.3.11 (/opt/ros/humble/share/ament_cmake/cmake)
-- Found Python3: /usr/bin/python3 (found version "3.10.12") found components: Interpreter 
-- Found rclcpp: 16.0.11 (/opt/ros/humble/share/rclcpp/cmake)
-- Found rosidl_generator_c: 3.1.6 (/opt/ros/humble/share/rosidl_generator_c/cmake)
-- Found rosidl_adapter: 3.1.6 (/opt/ros/humble/share/rosidl_adapter/cmake)
-- Found rosidl_generator_cpp: 3.1.6 (/opt/ros/humble/share/rosidl_generator_cpp/cmake)
-- Using all available rosidl_typesupport_c: rosidl_typesupport_fastrtps_c;rosidl_typesupport_introspection_c
-- Using all available rosidl_typesupport_cpp: rosidl_typesupport_fastrtps_cpp;rosidl_typesupport_introspection_cpp
-- Found rmw_implementation_cmake: 6.1.2 (/opt/ros/humble/share/rmw_implementation_cmake/cmake)
-- Found rmw_fastrtps_cpp: 6.2.7 (/opt/ros/humble/share/rmw_fastrtps_cpp/cmake)
-- Found OpenSSL: /usr/lib/x86_64-linux-gnu/libcrypto.so (found version "3.0.2")  
-- Found FastRTPS: /opt/ros/humble/include  
-- Using RMW implementation 'rmw_fastrtps_cpp' as default
-- Looking for pthread.h
-- Looking for pthread.h - found
-- Performing Test CMAKE_HAVE_LIBC_PTHREAD
-- Performing Test CMAKE_HAVE_LIBC_PTHREAD - Success
-- Found Threads: TRUE  
-- Found rclcpp_lifecycle: 16.0.11 (/opt/ros/humble/share/rclcpp_lifecycle/cmake)
-- Found hardware_interface: 2.48.0 (/opt/ros/humble/share/hardware_interface/cmake)
-- Found controller_interface: 2.48.0 (/opt/ros/humble/share/controller_interface/cmake)
-- Configuring done
-- Generating done
-- Build files have been written to: /home/ana/robot_ws/build/firebot_hardware_interface
[ 50%] [32mBuilding CXX object CMakeFiles/firebot_hardware_interface.dir/src/firebot_hardware_interface.cpp.o[0m
[100%] [32m[1mLinking CXX shared library libfirebot_hardware_interface.so[0m
[100%] Built target firebot_hardware_interface
-- Install configuration: ""
-- Installing: /home/ana/robot_ws/install/firebot_hardware_interface/share/firebot_hardware_interface/firebot_hardware_interface.xml
-- Installing: /home/ana/robot_ws/install/firebot_hardware_interface/lib/libfirebot_hardware_interface.so
-- Set runtime path of "/home/ana/robot_ws/install/firebot_hardware_interface/lib/libfirebot_hardware_interface.so" to ""
-- Installing: /home/ana/robot_ws/install/firebot_hardware_interface/share/firebot_hardware_interface/launch
-- Installing: /home/ana/robot_ws/install/firebot_hardware_interface/share/firebot_hardware_interface/launch/test_hardware_interface.launch.py
-- Installing: /home/ana/robot_ws/install/firebot_hardware_interface/share/firebot_hardware_interface/config
-- Installing: /home/ana/robot_ws/install/firebot_hardware_interface/share/firebot_hardware_interface/config/controllers.yaml
-- Installing: /home/ana/robot_ws/install/firebot_hardware_interface/include
-- Installing: /home/ana/robot_ws/install/firebot_hardware_interface/include/firebot_hardware_interface
-- Installing: /home/ana/robot_ws/install/firebot_hardware_interface/include/firebot_hardware_interface/firebot_hardware_interface.hpp
-- Up-to-date: /home/ana/robot_ws/install/firebot_hardware_interface/share/firebot_hardware_interface/firebot_hardware_interface.xml
-- Installing: /home/ana/robot_ws/install/firebot_hardware_interface/share/ament_index/resource_index/package_run_dependencies/firebot_hardware_interface
-- Installing: /home/ana/robot_ws/install/firebot_hardware_interface/share/ament_index/resource_index/parent_prefix_path/firebot_hardware_interface
-- Installing: /home/ana/robot_ws/install/firebot_hardware_interface/share/firebot_hardware_interface/environment/ament_prefix_path.sh
-- Installing: /home/ana/robot_ws/install/firebot_hardware_interface/share/firebot_hardware_interface/environment/ament_prefix_path.dsv
-- Installing: /home/ana/robot_ws/install/firebot_hardware_interface/share/firebot_hardware_interface/environment/path.sh
-- Installing: /home/ana/robot_ws/install/firebot_hardware_interface/share/firebot_hardware_interface/environment/path.dsv
-- Installing: /home/ana/robot_ws/install/firebot_hardware_interface/share/firebot_hardware_interface/local_setup.bash
-- Installing: /home/ana/robot_ws/install/firebot_hardware_interface/share/firebot_hardware_interface/local_setup.sh
-- Installing: /home/ana/robot_ws/install/firebot_hardware_interface/share/firebot_hardware_interface/local_setup.zsh
-- Installing: /home/ana/robot_ws/install/firebot_hardware_interface/share/firebot_hardware_interface/local_setup.dsv
-- Installing: /home/ana/robot_ws/install/firebot_hardware_interface/share/firebot_hardware_interface/package.dsv
-- Installing: /home/ana/robot_ws/install/firebot_hardware_interface/share/ament_index/resource_index/packages/firebot_hardware_interface
-- Installing: /home/ana/robot_ws/install/firebot_hardware_interface/share/ament_index/resource_index/hardware_interface__pluginlib__plugin/firebot_hardware_interface
-- Installing: /home/ana/robot_ws/install/firebot_hardware_interface/share/firebot_hardware_interface/cmake/firebot_hardware_interfaceConfig.cmake
-- Installing: /home/ana/robot_ws/install/firebot_hardware_interface/share/firebot_hardware_interface/cmake/firebot_hardware_interfaceConfig-version.cmake
-- Installing: /home/ana/robot_ws/install/firebot_hardware_interface/share/firebot_hardware_interface/package.xml
