[0.021s] Invoking command in '/home/ana/robot_ws/build/firebot_hardware_interface': CMAKE_PREFIX_PATH=${CMAKE_PREFIX_PATH}:/home/ana/robot_ws/install/py_pubsub:/home/ana/robot_ws/install/firebot_py:/opt/ros/humble /usr/bin/cmake /home/ana/robot_ws/src/firebot_hardware_interface -DCMAKE_INSTALL_PREFIX=/home/ana/robot_ws/install/firebot_hardware_interface
[0.130s] -- The C compiler identification is GNU 11.4.0
[0.273s] -- The CXX compiler identification is GNU 11.4.0
[0.291s] -- Detecting C compiler ABI info
[0.486s] -- Detecting C compiler ABI info - done
[0.506s] -- Check for working C compiler: /usr/bin/cc - skipped
[0.507s] -- Detecting C compile features
[0.508s] -- Detecting C compile features - done
[0.516s] -- Detecting CXX compiler ABI info
[0.711s] -- Detecting CXX compiler ABI info - done
[0.729s] -- Check for working CXX compiler: /usr/bin/c++ - skipped
[0.729s] -- Detecting CXX compile features
[0.730s] -- Detecting CXX compile features - done
[0.736s] -- Found ament_cmake: 1.3.11 (/opt/ros/humble/share/ament_cmake/cmake)
[1.061s] -- Found Python3: /usr/bin/python3 (found version "3.10.12") found components: Interpreter 
[1.242s] -- Found rclcpp: 16.0.11 (/opt/ros/humble/share/rclcpp/cmake)
[1.308s] -- Found rosidl_generator_c: 3.1.6 (/opt/ros/humble/share/rosidl_generator_c/cmake)
[1.315s] -- Found rosidl_adapter: 3.1.6 (/opt/ros/humble/share/rosidl_adapter/cmake)
[1.326s] -- Found rosidl_generator_cpp: 3.1.6 (/opt/ros/humble/share/rosidl_generator_cpp/cmake)
[1.345s] -- Using all available rosidl_typesupport_c: rosidl_typesupport_fastrtps_c;rosidl_typesupport_introspection_c
[1.371s] -- Using all available rosidl_typesupport_cpp: rosidl_typesupport_fastrtps_cpp;rosidl_typesupport_introspection_cpp
[1.437s] -- Found rmw_implementation_cmake: 6.1.2 (/opt/ros/humble/share/rmw_implementation_cmake/cmake)
[1.442s] -- Found rmw_fastrtps_cpp: 6.2.7 (/opt/ros/humble/share/rmw_fastrtps_cpp/cmake)
[1.577s] -- Found OpenSSL: /usr/lib/x86_64-linux-gnu/libcrypto.so (found version "3.0.2")  
[1.620s] -- Found FastRTPS: /opt/ros/humble/include  
[1.686s] -- Using RMW implementation 'rmw_fastrtps_cpp' as default
[1.699s] -- Looking for pthread.h
[1.813s] -- Looking for pthread.h - found
[1.814s] -- Performing Test CMAKE_HAVE_LIBC_PTHREAD
[1.934s] -- Performing Test CMAKE_HAVE_LIBC_PTHREAD - Success
[1.936s] -- Found Threads: TRUE  
[2.014s] -- Found rclcpp_lifecycle: 16.0.11 (/opt/ros/humble/share/rclcpp_lifecycle/cmake)
[2.042s] -- Found hardware_interface: 2.48.0 (/opt/ros/humble/share/hardware_interface/cmake)
[2.238s] -- Found controller_interface: 2.48.0 (/opt/ros/humble/share/controller_interface/cmake)
[2.361s] -- Configuring done
[2.393s] -- Generating done
[2.401s] -- Build files have been written to: /home/ana/robot_ws/build/firebot_hardware_interface
[2.418s] Invoked command in '/home/ana/robot_ws/build/firebot_hardware_interface' returned '0': CMAKE_PREFIX_PATH=${CMAKE_PREFIX_PATH}:/home/ana/robot_ws/install/py_pubsub:/home/ana/robot_ws/install/firebot_py:/opt/ros/humble /usr/bin/cmake /home/ana/robot_ws/src/firebot_hardware_interface -DCMAKE_INSTALL_PREFIX=/home/ana/robot_ws/install/firebot_hardware_interface
[2.419s] Invoking command in '/home/ana/robot_ws/build/firebot_hardware_interface': CMAKE_PREFIX_PATH=${CMAKE_PREFIX_PATH}:/home/ana/robot_ws/install/py_pubsub:/home/ana/robot_ws/install/firebot_py:/opt/ros/humble /usr/bin/cmake --build /home/ana/robot_ws/build/firebot_hardware_interface -- -j20 -l20
[2.498s] [ 50%] [32mBuilding CXX object CMakeFiles/firebot_hardware_interface.dir/src/firebot_hardware_interface.cpp.o[0m
[7.222s] [100%] [32m[1mLinking CXX shared library libfirebot_hardware_interface.so[0m
[7.466s] [100%] Built target firebot_hardware_interface
[7.484s] Invoked command in '/home/ana/robot_ws/build/firebot_hardware_interface' returned '0': CMAKE_PREFIX_PATH=${CMAKE_PREFIX_PATH}:/home/ana/robot_ws/install/py_pubsub:/home/ana/robot_ws/install/firebot_py:/opt/ros/humble /usr/bin/cmake --build /home/ana/robot_ws/build/firebot_hardware_interface -- -j20 -l20
[7.499s] Invoking command in '/home/ana/robot_ws/build/firebot_hardware_interface': CMAKE_PREFIX_PATH=${CMAKE_PREFIX_PATH}:/home/ana/robot_ws/install/py_pubsub:/home/ana/robot_ws/install/firebot_py:/opt/ros/humble /usr/bin/cmake --install /home/ana/robot_ws/build/firebot_hardware_interface
[7.509s] -- Install configuration: ""
[7.509s] -- Installing: /home/ana/robot_ws/install/firebot_hardware_interface/share/firebot_hardware_interface/firebot_hardware_interface.xml
[7.509s] -- Installing: /home/ana/robot_ws/install/firebot_hardware_interface/lib/libfirebot_hardware_interface.so
[7.511s] -- Set runtime path of "/home/ana/robot_ws/install/firebot_hardware_interface/lib/libfirebot_hardware_interface.so" to ""
[7.511s] -- Installing: /home/ana/robot_ws/install/firebot_hardware_interface/share/firebot_hardware_interface/launch
[7.511s] -- Installing: /home/ana/robot_ws/install/firebot_hardware_interface/share/firebot_hardware_interface/launch/test_hardware_interface.launch.py
[7.512s] -- Installing: /home/ana/robot_ws/install/firebot_hardware_interface/share/firebot_hardware_interface/config
[7.512s] -- Installing: /home/ana/robot_ws/install/firebot_hardware_interface/share/firebot_hardware_interface/config/controllers.yaml
[7.512s] -- Installing: /home/ana/robot_ws/install/firebot_hardware_interface/include
[7.512s] -- Installing: /home/ana/robot_ws/install/firebot_hardware_interface/include/firebot_hardware_interface
[7.512s] -- Installing: /home/ana/robot_ws/install/firebot_hardware_interface/include/firebot_hardware_interface/firebot_hardware_interface.hpp
[7.512s] -- Up-to-date: /home/ana/robot_ws/install/firebot_hardware_interface/share/firebot_hardware_interface/firebot_hardware_interface.xml
[7.512s] -- Installing: /home/ana/robot_ws/install/firebot_hardware_interface/share/ament_index/resource_index/package_run_dependencies/firebot_hardware_interface
[7.512s] -- Installing: /home/ana/robot_ws/install/firebot_hardware_interface/share/ament_index/resource_index/parent_prefix_path/firebot_hardware_interface
[7.513s] -- Installing: /home/ana/robot_ws/install/firebot_hardware_interface/share/firebot_hardware_interface/environment/ament_prefix_path.sh
[7.513s] -- Installing: /home/ana/robot_ws/install/firebot_hardware_interface/share/firebot_hardware_interface/environment/ament_prefix_path.dsv
[7.513s] -- Installing: /home/ana/robot_ws/install/firebot_hardware_interface/share/firebot_hardware_interface/environment/path.sh
[7.513s] -- Installing: /home/ana/robot_ws/install/firebot_hardware_interface/share/firebot_hardware_interface/environment/path.dsv
[7.513s] -- Installing: /home/ana/robot_ws/install/firebot_hardware_interface/share/firebot_hardware_interface/local_setup.bash
[7.513s] -- Installing: /home/ana/robot_ws/install/firebot_hardware_interface/share/firebot_hardware_interface/local_setup.sh
[7.513s] -- Installing: /home/ana/robot_ws/install/firebot_hardware_interface/share/firebot_hardware_interface/local_setup.zsh
[7.513s] -- Installing: /home/ana/robot_ws/install/firebot_hardware_interface/share/firebot_hardware_interface/local_setup.dsv
[7.513s] -- Installing: /home/ana/robot_ws/install/firebot_hardware_interface/share/firebot_hardware_interface/package.dsv
[7.514s] -- Installing: /home/ana/robot_ws/install/firebot_hardware_interface/share/ament_index/resource_index/packages/firebot_hardware_interface
[7.514s] -- Installing: /home/ana/robot_ws/install/firebot_hardware_interface/share/ament_index/resource_index/hardware_interface__pluginlib__plugin/firebot_hardware_interface
[7.514s] -- Installing: /home/ana/robot_ws/install/firebot_hardware_interface/share/firebot_hardware_interface/cmake/firebot_hardware_interfaceConfig.cmake
[7.514s] -- Installing: /home/ana/robot_ws/install/firebot_hardware_interface/share/firebot_hardware_interface/cmake/firebot_hardware_interfaceConfig-version.cmake
[7.514s] -- Installing: /home/ana/robot_ws/install/firebot_hardware_interface/share/firebot_hardware_interface/package.xml
[7.517s] Invoked command in '/home/ana/robot_ws/build/firebot_hardware_interface' returned '0': CMAKE_PREFIX_PATH=${CMAKE_PREFIX_PATH}:/home/ana/robot_ws/install/py_pubsub:/home/ana/robot_ws/install/firebot_py:/opt/ros/humble /usr/bin/cmake --install /home/ana/robot_ws/build/firebot_hardware_interface
