[0.917s] Invoking command in '/home/ana/robot_ws/build/serial': CMAKE_PREFIX_PATH=${CMAKE_PREFIX_PATH}:/opt/ros/humble:/home/ana/robot_ws/install/py_pubsub:/home/ana/robot_ws/install/firebot_py /usr/bin/cmake --build /home/ana/robot_ws/build/serial -- -j20 -l20
[1.001s] [ 42%] Built target gtest_main
[1.002s] [ 42%] Built target serial
[1.004s] [ 57%] Built target gtest
[1.055s] [ 71%] Built target serial_example
[1.059s] [ 85%] Built target serial-test
[1.059s] [100%] Built target serial-test-timer
[1.140s] Invoked command in '/home/ana/robot_ws/build/serial' returned '0': CMAKE_PREFIX_PATH=${CMAKE_PREFIX_PATH}:/opt/ros/humble:/home/ana/robot_ws/install/py_pubsub:/home/ana/robot_ws/install/firebot_py /usr/bin/cmake --build /home/ana/robot_ws/build/serial -- -j20 -l20
[1.145s] Invoking command in '/home/ana/robot_ws/build/serial': CMAKE_PREFIX_PATH=${CMAKE_PREFIX_PATH}:/opt/ros/humble:/home/ana/robot_ws/install/py_pubsub:/home/ana/robot_ws/install/firebot_py /usr/bin/cmake --install /home/ana/robot_ws/build/serial
[1.168s] -- Install configuration: ""
[1.169s] -- Execute custom install script
[1.170s] -- Up-to-date symlink: /home/ana/robot_ws/install/serial/lib/libserial.a
[1.170s] -- Up-to-date symlink: /home/ana/robot_ws/install/serial/include/serial/serial.h
[1.170s] -- Up-to-date symlink: /home/ana/robot_ws/install/serial/include/serial/v8stdint.h
[1.170s] -- Up-to-date symlink: /home/ana/robot_ws/install/serial/share/serial/environment/library_path.sh
[1.171s] -- Up-to-date symlink: /home/ana/robot_ws/install/serial/share/serial/environment/library_path.dsv
[1.171s] -- Up-to-date symlink: /home/ana/robot_ws/install/serial/share/ament_index/resource_index/package_run_dependencies/serial
[1.171s] -- Up-to-date symlink: /home/ana/robot_ws/install/serial/share/ament_index/resource_index/parent_prefix_path/serial
[1.172s] -- Up-to-date symlink: /home/ana/robot_ws/install/serial/share/serial/environment/ament_prefix_path.sh
[1.173s] -- Up-to-date symlink: /home/ana/robot_ws/install/serial/share/serial/environment/ament_prefix_path.dsv
[1.174s] -- Up-to-date symlink: /home/ana/robot_ws/install/serial/share/serial/environment/path.sh
[1.174s] -- Up-to-date symlink: /home/ana/robot_ws/install/serial/share/serial/environment/path.dsv
[1.175s] -- Up-to-date symlink: /home/ana/robot_ws/install/serial/share/serial/local_setup.bash
[1.175s] -- Up-to-date symlink: /home/ana/robot_ws/install/serial/share/serial/local_setup.sh
[1.175s] -- Up-to-date symlink: /home/ana/robot_ws/install/serial/share/serial/local_setup.zsh
[1.176s] -- Up-to-date symlink: /home/ana/robot_ws/install/serial/share/serial/local_setup.dsv
[1.177s] -- Symlinking: /home/ana/robot_ws/install/serial/share/serial/package.dsv
[1.197s] -- Up-to-date symlink: /home/ana/robot_ws/install/serial/share/ament_index/resource_index/packages/serial
[1.197s] -- Up-to-date symlink: /home/ana/robot_ws/install/serial/share/serial/cmake/ament_cmake_export_include_directories-extras.cmake
[1.198s] -- Up-to-date symlink: /home/ana/robot_ws/install/serial/share/serial/cmake/ament_cmake_export_libraries-extras.cmake
[1.198s] -- Up-to-date symlink: /home/ana/robot_ws/install/serial/share/serial/cmake/serialConfig.cmake
[1.198s] -- Up-to-date symlink: /home/ana/robot_ws/install/serial/share/serial/cmake/serialConfig-version.cmake
[1.198s] -- Up-to-date symlink: /home/ana/robot_ws/install/serial/share/serial/package.xml
[1.281s] Invoked command in '/home/ana/robot_ws/build/serial' returned '0': CMAKE_PREFIX_PATH=${CMAKE_PREFIX_PATH}:/opt/ros/humble:/home/ana/robot_ws/install/py_pubsub:/home/ana/robot_ws/install/firebot_py /usr/bin/cmake --install /home/ana/robot_ws/build/serial
