[0.007s] Invoking command in '/home/ana/robot_ws/build/diffdrive_arduino': CMAKE_PREFIX_PATH=/opt/ros/humble /usr/bin/cmake /home/ana/robot_ws/src/diffdrive_arduino -DAMENT_CMAKE_SYMLINK_INSTALL=1 -DCMAKE_INSTALL_PREFIX=/home/ana/robot_ws/install/diffdrive_arduino
[0.114s] -- The C compiler identification is GNU 11.4.0
[0.192s] -- The CXX compiler identification is GNU 11.4.0
[0.199s] -- Detecting C compiler ABI info
[0.265s] -- Detecting C compiler ABI info - done
[0.270s] -- Check for working C compiler: /usr/bin/cc - skipped
[0.270s] -- Detecting C compile features
[0.271s] -- Detecting C compile features - done
[0.273s] -- Detecting CXX compiler ABI info
[0.345s] -- Detecting CXX compiler ABI info - done
[0.352s] -- Check for working CXX compiler: /usr/bin/c++ - skipped
[0.352s] -- Detecting CXX compile features
[0.352s] -- Detecting CXX compile features - done
[0.355s] -- Found ament_cmake: 1.3.11 (/opt/ros/humble/share/ament_cmake/cmake)
[0.470s] -- Found Python3: /usr/bin/python3 (found version "3.10.12") found components: Interpreter 
[0.515s] -- Override CMake install command with custom implementation using symlinks instead of copying resources
[0.549s] [31mCMake Error at CMakeLists.txt:15 (find_package):
[0.549s]   By not providing "Findserial.cmake" in CMAKE_MODULE_PATH this project has
[0.549s]   asked CMake to find a package configuration file provided by "serial", but
[0.549s]   CMake did not find one.
[0.549s] 
[0.549s]   Could not find a package configuration file provided by "serial" with any
[0.549s]   of the following names:
[0.549s] 
[0.549s]     serialConfig.cmake
[0.550s]     serial-config.cmake
[0.550s] 
[0.550s]   Add the installation prefix of "serial" to CMAKE_PREFIX_PATH or set
[0.550s]   "serial_DIR" to a directory containing one of the above files.  If "serial"
[0.550s]   provides a separate development package or SDK, be sure it has been
[0.550s]   installed.
[0.550s] 
[0.550s] [0m
[0.550s] -- Configuring incomplete, errors occurred!
[0.550s] See also "/home/ana/robot_ws/build/diffdrive_arduino/CMakeFiles/CMakeOutput.log".
