[1.130s] Invoking command in '/home/ana/robot_ws/build/py_pubsub': PYTHONPATH=/home/ana/robot_ws/build/py_pubsub/prefix_override:/usr/lib/python3/dist-packages/colcon_core/task/python/colcon_distutils_commands:/home/ana/robot_ws/install/py_pubsub/lib/python3.10/site-packages:${PYTHONPATH} /usr/bin/python3 -W ignore:setup.py install is deprecated -W ignore:easy_install command is deprecated setup.py develop --editable --build-directory /home/ana/robot_ws/build/py_pubsub/build --no-deps symlink_data
[1.586s] running develop
[1.864s] running egg_info
[1.864s] creating py_pubsub.egg-info
[1.865s] writing py_pubsub.egg-info/PKG-INFO
[1.865s] writing dependency_links to py_pubsub.egg-info/dependency_links.txt
[1.865s] writing entry points to py_pubsub.egg-info/entry_points.txt
[1.865s] writing requirements to py_pubsub.egg-info/requires.txt
[1.865s] writing top-level names to py_pubsub.egg-info/top_level.txt
[1.866s] writing manifest file 'py_pubsub.egg-info/SOURCES.txt'
[1.868s] reading manifest file 'py_pubsub.egg-info/SOURCES.txt'
[1.869s] writing manifest file 'py_pubsub.egg-info/SOURCES.txt'
[1.872s] running build_ext
[1.872s] Creating /home/ana/robot_ws/install/py_pubsub/lib/python3.10/site-packages/py-pubsub.egg-link (link to .)
[1.874s] Installing listener script to /home/ana/robot_ws/install/py_pubsub/lib/py_pubsub
[1.874s] Installing talker script to /home/ana/robot_ws/install/py_pubsub/lib/py_pubsub
[1.874s] 
[1.875s] Installed /home/ana/robot_ws/build/py_pubsub
[1.875s] running symlink_data
[1.875s] creating /home/ana/robot_ws/install/py_pubsub/share/ament_index
[1.875s] creating /home/ana/robot_ws/install/py_pubsub/share/ament_index/resource_index
[1.875s] creating /home/ana/robot_ws/install/py_pubsub/share/ament_index/resource_index/packages
[1.876s] symbolically linking /home/ana/robot_ws/build/py_pubsub/resource/py_pubsub -> /home/ana/robot_ws/install/py_pubsub/share/ament_index/resource_index/packages
[1.876s] symbolically linking /home/ana/robot_ws/build/py_pubsub/package.xml -> /home/ana/robot_ws/install/py_pubsub/share/py_pubsub
[1.929s] Invoked command in '/home/ana/robot_ws/build/py_pubsub' returned '0': PYTHONPATH=/home/ana/robot_ws/build/py_pubsub/prefix_override:/usr/lib/python3/dist-packages/colcon_core/task/python/colcon_distutils_commands:/home/ana/robot_ws/install/py_pubsub/lib/python3.10/site-packages:${PYTHONPATH} /usr/bin/python3 -W ignore:setup.py install is deprecated -W ignore:easy_install command is deprecated setup.py develop --editable --build-directory /home/ana/robot_ws/build/py_pubsub/build --no-deps symlink_data
