[0.143s] DEBUG:colcon:Command line arguments: ['/usr/bin/colcon', 'build', '--symlink-install']
[0.144s] DEBUG:colcon:Parsed command line arguments: Namespace(log_base=None, log_level=None, verb_name='build', build_base='build', install_base='install', merge_install=False, symlink_install=True, test_result_base=None, continue_on_error=False, executor='parallel', parallel_workers=20, event_handlers=None, ignore_user_meta=False, metas=['./colcon.meta'], base_paths=['.'], packages_ignore=None, packages_ignore_regex=None, paths=None, packages_up_to=None, packages_up_to_regex=None, packages_above=None, packages_above_and_dependencies=None, packages_above_depth=None, packages_select_by_dep=None, packages_skip_by_dep=None, packages_skip_up_to=None, packages_select_build_failed=False, packages_skip_build_finished=False, packages_select_test_failures=False, packages_skip_test_passed=False, packages_select=None, packages_skip=None, packages_select_regex=None, packages_skip_regex=None, packages_start=None, packages_end=None, allow_overriding=[], cmake_args=None, cmake_target=None, cmake_target_skip_unavailable=False, cmake_clean_cache=False, cmake_clean_first=False, cmake_force_configure=False, ament_cmake_args=None, catkin_cmake_args=None, catkin_skip_building_tests=False, mixin_files=None, mixin=None, verb_parser=<colcon_mixin.mixin.mixin_argument.MixinArgumentDecorator object at 0x772a5f557460>, verb_extension=<colcon_core.verb.build.BuildVerb object at 0x772a5f556fb0>, main=<bound method BuildVerb.main of <colcon_core.verb.build.BuildVerb object at 0x772a5f556fb0>>, mixin_verb=('build',))
[0.361s] Level 1:colcon.colcon_core.package_discovery:discover_packages(colcon_meta) check parameters
[0.361s] Level 1:colcon.colcon_core.package_discovery:discover_packages(recursive) check parameters
[0.361s] Level 1:colcon.colcon_core.package_discovery:discover_packages(ignore) check parameters
[0.361s] Level 1:colcon.colcon_core.package_discovery:discover_packages(path) check parameters
[0.362s] Level 1:colcon.colcon_core.package_discovery:discover_packages(colcon_meta) discover
[0.362s] Level 1:colcon.colcon_core.package_discovery:discover_packages(recursive) discover
[0.362s] INFO:colcon.colcon_core.package_discovery:Crawling recursively for packages in '/home/ana/robot_ws'
[0.362s] Level 1:colcon.colcon_core.package_identification:_identify(.) by extensions ['ignore', 'ignore_ament_install']
[0.362s] Level 1:colcon.colcon_core.package_identification:_identify(.) by extension 'ignore'
[0.362s] Level 1:colcon.colcon_core.package_identification:_identify(.) by extension 'ignore_ament_install'
[0.362s] Level 1:colcon.colcon_core.package_identification:_identify(.) by extensions ['colcon_pkg']
[0.362s] Level 1:colcon.colcon_core.package_identification:_identify(.) by extension 'colcon_pkg'
[0.362s] Level 1:colcon.colcon_core.package_identification:_identify(.) by extensions ['colcon_meta']
[0.362s] Level 1:colcon.colcon_core.package_identification:_identify(.) by extension 'colcon_meta'
[0.362s] Level 1:colcon.colcon_core.package_identification:_identify(.) by extensions ['ros']
[0.362s] Level 1:colcon.colcon_core.package_identification:_identify(.) by extension 'ros'
[0.376s] Level 1:colcon.colcon_core.package_identification:_identify(.) by extensions ['cmake', 'python']
[0.377s] Level 1:colcon.colcon_core.package_identification:_identify(.) by extension 'cmake'
[0.377s] Level 1:colcon.colcon_core.package_identification:_identify(.) by extension 'python'
[0.377s] Level 1:colcon.colcon_core.package_identification:_identify(.) by extensions ['python_setup_py']
[0.377s] Level 1:colcon.colcon_core.package_identification:_identify(.) by extension 'python_setup_py'
[0.377s] Level 1:colcon.colcon_core.package_identification:_identify(build) by extensions ['ignore', 'ignore_ament_install']
[0.377s] Level 1:colcon.colcon_core.package_identification:_identify(build) by extension 'ignore'
[0.377s] Level 1:colcon.colcon_core.package_identification:_identify(build) ignored
[0.377s] Level 1:colcon.colcon_core.package_identification:_identify(install) by extensions ['ignore', 'ignore_ament_install']
[0.377s] Level 1:colcon.colcon_core.package_identification:_identify(install) by extension 'ignore'
[0.378s] Level 1:colcon.colcon_core.package_identification:_identify(install) ignored
[0.378s] Level 1:colcon.colcon_core.package_identification:_identify(log) by extensions ['ignore', 'ignore_ament_install']
[0.378s] Level 1:colcon.colcon_core.package_identification:_identify(log) by extension 'ignore'
[0.378s] Level 1:colcon.colcon_core.package_identification:_identify(log) ignored
[0.378s] Level 1:colcon.colcon_core.package_identification:_identify(src) by extensions ['ignore', 'ignore_ament_install']
[0.378s] Level 1:colcon.colcon_core.package_identification:_identify(src) by extension 'ignore'
[0.378s] Level 1:colcon.colcon_core.package_identification:_identify(src) by extension 'ignore_ament_install'
[0.378s] Level 1:colcon.colcon_core.package_identification:_identify(src) by extensions ['colcon_pkg']
[0.378s] Level 1:colcon.colcon_core.package_identification:_identify(src) by extension 'colcon_pkg'
[0.378s] Level 1:colcon.colcon_core.package_identification:_identify(src) by extensions ['colcon_meta']
[0.378s] Level 1:colcon.colcon_core.package_identification:_identify(src) by extension 'colcon_meta'
[0.378s] Level 1:colcon.colcon_core.package_identification:_identify(src) by extensions ['ros']
[0.378s] Level 1:colcon.colcon_core.package_identification:_identify(src) by extension 'ros'
[0.378s] Level 1:colcon.colcon_core.package_identification:_identify(src) by extensions ['cmake', 'python']
[0.378s] Level 1:colcon.colcon_core.package_identification:_identify(src) by extension 'cmake'
[0.379s] Level 1:colcon.colcon_core.package_identification:_identify(src) by extension 'python'
[0.379s] Level 1:colcon.colcon_core.package_identification:_identify(src) by extensions ['python_setup_py']
[0.379s] Level 1:colcon.colcon_core.package_identification:_identify(src) by extension 'python_setup_py'
[0.379s] Level 1:colcon.colcon_core.package_identification:_identify(src/ROSArduinoBridge) by extensions ['ignore', 'ignore_ament_install']
[0.379s] Level 1:colcon.colcon_core.package_identification:_identify(src/ROSArduinoBridge) by extension 'ignore'
[0.379s] Level 1:colcon.colcon_core.package_identification:_identify(src/ROSArduinoBridge) by extension 'ignore_ament_install'
[0.379s] Level 1:colcon.colcon_core.package_identification:_identify(src/ROSArduinoBridge) by extensions ['colcon_pkg']
[0.379s] Level 1:colcon.colcon_core.package_identification:_identify(src/ROSArduinoBridge) by extension 'colcon_pkg'
[0.379s] Level 1:colcon.colcon_core.package_identification:_identify(src/ROSArduinoBridge) by extensions ['colcon_meta']
[0.379s] Level 1:colcon.colcon_core.package_identification:_identify(src/ROSArduinoBridge) by extension 'colcon_meta'
[0.379s] Level 1:colcon.colcon_core.package_identification:_identify(src/ROSArduinoBridge) by extensions ['ros']
[0.379s] Level 1:colcon.colcon_core.package_identification:_identify(src/ROSArduinoBridge) by extension 'ros'
[0.379s] Level 1:colcon.colcon_core.package_identification:_identify(src/ROSArduinoBridge) by extensions ['cmake', 'python']
[0.379s] Level 1:colcon.colcon_core.package_identification:_identify(src/ROSArduinoBridge) by extension 'cmake'
[0.379s] Level 1:colcon.colcon_core.package_identification:_identify(src/ROSArduinoBridge) by extension 'python'
[0.379s] Level 1:colcon.colcon_core.package_identification:_identify(src/ROSArduinoBridge) by extensions ['python_setup_py']
[0.379s] Level 1:colcon.colcon_core.package_identification:_identify(src/ROSArduinoBridge) by extension 'python_setup_py'
[0.379s] Level 1:colcon.colcon_core.package_identification:_identify(src/articubot_one) by extensions ['ignore', 'ignore_ament_install']
[0.380s] Level 1:colcon.colcon_core.package_identification:_identify(src/articubot_one) by extension 'ignore'
[0.380s] Level 1:colcon.colcon_core.package_identification:_identify(src/articubot_one) by extension 'ignore_ament_install'
[0.380s] Level 1:colcon.colcon_core.package_identification:_identify(src/articubot_one) by extensions ['colcon_pkg']
[0.380s] Level 1:colcon.colcon_core.package_identification:_identify(src/articubot_one) by extension 'colcon_pkg'
[0.380s] Level 1:colcon.colcon_core.package_identification:_identify(src/articubot_one) by extensions ['colcon_meta']
[0.380s] Level 1:colcon.colcon_core.package_identification:_identify(src/articubot_one) by extension 'colcon_meta'
[0.380s] Level 1:colcon.colcon_core.package_identification:_identify(src/articubot_one) by extensions ['ros']
[0.380s] Level 1:colcon.colcon_core.package_identification:_identify(src/articubot_one) by extension 'ros'
[0.384s] DEBUG:colcon.colcon_core.package_identification:Package 'src/articubot_one' with type 'ros.ament_cmake' and name 'articubot_one'
[0.384s] Level 1:colcon.colcon_core.package_identification:_identify(src/example_2) by extensions ['ignore', 'ignore_ament_install']
[0.384s] Level 1:colcon.colcon_core.package_identification:_identify(src/example_2) by extension 'ignore'
[0.384s] Level 1:colcon.colcon_core.package_identification:_identify(src/example_2) by extension 'ignore_ament_install'
[0.384s] Level 1:colcon.colcon_core.package_identification:_identify(src/example_2) by extensions ['colcon_pkg']
[0.384s] Level 1:colcon.colcon_core.package_identification:_identify(src/example_2) by extension 'colcon_pkg'
[0.384s] Level 1:colcon.colcon_core.package_identification:_identify(src/example_2) by extensions ['colcon_meta']
[0.384s] Level 1:colcon.colcon_core.package_identification:_identify(src/example_2) by extension 'colcon_meta'
[0.384s] Level 1:colcon.colcon_core.package_identification:_identify(src/example_2) by extensions ['ros']
[0.384s] Level 1:colcon.colcon_core.package_identification:_identify(src/example_2) by extension 'ros'
[0.386s] DEBUG:colcon.colcon_core.package_identification:Package 'src/example_2' with type 'ros.ament_cmake' and name 'ros2_control_demo_example_2'
[0.386s] Level 1:colcon.colcon_core.package_identification:_identify(src/firebot_cpp) by extensions ['ignore', 'ignore_ament_install']
[0.387s] Level 1:colcon.colcon_core.package_identification:_identify(src/firebot_cpp) by extension 'ignore'
[0.387s] Level 1:colcon.colcon_core.package_identification:_identify(src/firebot_cpp) by extension 'ignore_ament_install'
[0.387s] Level 1:colcon.colcon_core.package_identification:_identify(src/firebot_cpp) by extensions ['colcon_pkg']
[0.387s] Level 1:colcon.colcon_core.package_identification:_identify(src/firebot_cpp) by extension 'colcon_pkg'
[0.387s] Level 1:colcon.colcon_core.package_identification:_identify(src/firebot_cpp) by extensions ['colcon_meta']
[0.387s] Level 1:colcon.colcon_core.package_identification:_identify(src/firebot_cpp) by extension 'colcon_meta'
[0.387s] Level 1:colcon.colcon_core.package_identification:_identify(src/firebot_cpp) by extensions ['ros']
[0.387s] Level 1:colcon.colcon_core.package_identification:_identify(src/firebot_cpp) by extension 'ros'
[0.388s] DEBUG:colcon.colcon_core.package_identification:Package 'src/firebot_cpp' with type 'ros.ament_cmake' and name 'firebot_cpp'
[0.388s] Level 1:colcon.colcon_core.package_identification:_identify(src/firebot_description) by extensions ['ignore', 'ignore_ament_install']
[0.388s] Level 1:colcon.colcon_core.package_identification:_identify(src/firebot_description) by extension 'ignore'
[0.388s] Level 1:colcon.colcon_core.package_identification:_identify(src/firebot_description) by extension 'ignore_ament_install'
[0.389s] Level 1:colcon.colcon_core.package_identification:_identify(src/firebot_description) by extensions ['colcon_pkg']
[0.389s] Level 1:colcon.colcon_core.package_identification:_identify(src/firebot_description) by extension 'colcon_pkg'
[0.389s] Level 1:colcon.colcon_core.package_identification:_identify(src/firebot_description) by extensions ['colcon_meta']
[0.389s] Level 1:colcon.colcon_core.package_identification:_identify(src/firebot_description) by extension 'colcon_meta'
[0.389s] Level 1:colcon.colcon_core.package_identification:_identify(src/firebot_description) by extensions ['ros']
[0.389s] Level 1:colcon.colcon_core.package_identification:_identify(src/firebot_description) by extension 'ros'
[0.390s] DEBUG:colcon.colcon_core.package_identification:Package 'src/firebot_description' with type 'ros.ament_cmake' and name 'firebot_description'
[0.390s] Level 1:colcon.colcon_core.package_identification:_identify(src/firebot_py) by extensions ['ignore', 'ignore_ament_install']
[0.390s] Level 1:colcon.colcon_core.package_identification:_identify(src/firebot_py) by extension 'ignore'
[0.390s] Level 1:colcon.colcon_core.package_identification:_identify(src/firebot_py) by extension 'ignore_ament_install'
[0.390s] Level 1:colcon.colcon_core.package_identification:_identify(src/firebot_py) by extensions ['colcon_pkg']
[0.390s] Level 1:colcon.colcon_core.package_identification:_identify(src/firebot_py) by extension 'colcon_pkg'
[0.390s] Level 1:colcon.colcon_core.package_identification:_identify(src/firebot_py) by extensions ['colcon_meta']
[0.390s] Level 1:colcon.colcon_core.package_identification:_identify(src/firebot_py) by extension 'colcon_meta'
[0.390s] Level 1:colcon.colcon_core.package_identification:_identify(src/firebot_py) by extensions ['ros']
[0.390s] Level 1:colcon.colcon_core.package_identification:_identify(src/firebot_py) by extension 'ros'
[0.393s] DEBUG:colcon.colcon_core.package_identification:Package 'src/firebot_py' with type 'ros.ament_python' and name 'firebot_py'
[0.393s] Level 1:colcon.colcon_core.package_identification:_identify(src/py_pubsub) by extensions ['ignore', 'ignore_ament_install']
[0.393s] Level 1:colcon.colcon_core.package_identification:_identify(src/py_pubsub) by extension 'ignore'
[0.394s] Level 1:colcon.colcon_core.package_identification:_identify(src/py_pubsub) by extension 'ignore_ament_install'
[0.394s] Level 1:colcon.colcon_core.package_identification:_identify(src/py_pubsub) by extensions ['colcon_pkg']
[0.394s] Level 1:colcon.colcon_core.package_identification:_identify(src/py_pubsub) by extension 'colcon_pkg'
[0.394s] Level 1:colcon.colcon_core.package_identification:_identify(src/py_pubsub) by extensions ['colcon_meta']
[0.394s] Level 1:colcon.colcon_core.package_identification:_identify(src/py_pubsub) by extension 'colcon_meta'
[0.394s] Level 1:colcon.colcon_core.package_identification:_identify(src/py_pubsub) by extensions ['ros']
[0.394s] Level 1:colcon.colcon_core.package_identification:_identify(src/py_pubsub) by extension 'ros'
[0.395s] DEBUG:colcon.colcon_core.package_identification:Package 'src/py_pubsub' with type 'ros.ament_python' and name 'py_pubsub'
[0.395s] Level 1:colcon.colcon_core.package_identification:_identify(src/rplidar_ros) by extensions ['ignore', 'ignore_ament_install']
[0.395s] Level 1:colcon.colcon_core.package_identification:_identify(src/rplidar_ros) by extension 'ignore'
[0.395s] Level 1:colcon.colcon_core.package_identification:_identify(src/rplidar_ros) by extension 'ignore_ament_install'
[0.395s] Level 1:colcon.colcon_core.package_identification:_identify(src/rplidar_ros) by extensions ['colcon_pkg']
[0.395s] Level 1:colcon.colcon_core.package_identification:_identify(src/rplidar_ros) by extension 'colcon_pkg'
[0.395s] Level 1:colcon.colcon_core.package_identification:_identify(src/rplidar_ros) by extensions ['colcon_meta']
[0.395s] Level 1:colcon.colcon_core.package_identification:_identify(src/rplidar_ros) by extension 'colcon_meta'
[0.395s] Level 1:colcon.colcon_core.package_identification:_identify(src/rplidar_ros) by extensions ['ros']
[0.395s] Level 1:colcon.colcon_core.package_identification:_identify(src/rplidar_ros) by extension 'ros'
[0.396s] DEBUG:colcon.colcon_core.package_identification:Package 'src/rplidar_ros' with type 'ros.ament_cmake' and name 'rplidar_ros'
[0.396s] Level 1:colcon.colcon_core.package_identification:_identify(src/serial) by extensions ['ignore', 'ignore_ament_install']
[0.396s] Level 1:colcon.colcon_core.package_identification:_identify(src/serial) by extension 'ignore'
[0.396s] Level 1:colcon.colcon_core.package_identification:_identify(src/serial) by extension 'ignore_ament_install'
[0.396s] Level 1:colcon.colcon_core.package_identification:_identify(src/serial) by extensions ['colcon_pkg']
[0.396s] Level 1:colcon.colcon_core.package_identification:_identify(src/serial) by extension 'colcon_pkg'
[0.397s] Level 1:colcon.colcon_core.package_identification:_identify(src/serial) by extensions ['colcon_meta']
[0.397s] Level 1:colcon.colcon_core.package_identification:_identify(src/serial) by extension 'colcon_meta'
[0.397s] Level 1:colcon.colcon_core.package_identification:_identify(src/serial) by extensions ['ros']
[0.397s] Level 1:colcon.colcon_core.package_identification:_identify(src/serial) by extension 'ros'
[0.397s] DEBUG:colcon.colcon_core.package_identification:Package 'src/serial' with type 'ros.ament_cmake' and name 'serial'
[0.398s] Level 1:colcon.colcon_core.package_identification:_identify(src/test_package) by extensions ['ignore', 'ignore_ament_install']
[0.398s] Level 1:colcon.colcon_core.package_identification:_identify(src/test_package) by extension 'ignore'
[0.398s] Level 1:colcon.colcon_core.package_identification:_identify(src/test_package) by extension 'ignore_ament_install'
[0.398s] Level 1:colcon.colcon_core.package_identification:_identify(src/test_package) by extensions ['colcon_pkg']
[0.398s] Level 1:colcon.colcon_core.package_identification:_identify(src/test_package) by extension 'colcon_pkg'
[0.398s] Level 1:colcon.colcon_core.package_identification:_identify(src/test_package) by extensions ['colcon_meta']
[0.398s] Level 1:colcon.colcon_core.package_identification:_identify(src/test_package) by extension 'colcon_meta'
[0.398s] Level 1:colcon.colcon_core.package_identification:_identify(src/test_package) by extensions ['ros']
[0.398s] Level 1:colcon.colcon_core.package_identification:_identify(src/test_package) by extension 'ros'
[0.399s] DEBUG:colcon.colcon_core.package_identification:Package 'src/test_package' with type 'ros.ament_cmake' and name 'test_package'
[0.399s] Level 1:colcon.colcon_core.package_discovery:discover_packages(recursive) using defaults
[0.399s] Level 1:colcon.colcon_core.package_discovery:discover_packages(ignore) discover
[0.399s] Level 1:colcon.colcon_core.package_discovery:discover_packages(ignore) using defaults
[0.399s] Level 1:colcon.colcon_core.package_discovery:discover_packages(path) discover
[0.399s] Level 1:colcon.colcon_core.package_discovery:discover_packages(path) using defaults
[0.441s] Level 1:colcon.colcon_core.package_discovery:discover_packages(prefix_path) check parameters
[0.441s] Level 1:colcon.colcon_core.package_discovery:discover_packages(prefix_path) discover
[0.442s] WARNING:colcon.colcon_ros.prefix_path.ament:The path '/home/ana/robot_ws/install/firebot_hardware_interface' in the environment variable AMENT_PREFIX_PATH doesn't exist
[0.443s] WARNING:colcon.colcon_ros.prefix_path.catkin:The path '/home/ana/robot_ws/install/firebot_hardware_interface' in the environment variable CMAKE_PREFIX_PATH doesn't exist
[0.444s] DEBUG:colcon.colcon_installed_package_information.package_discovery:Found 9 installed packages in /home/ana/robot_ws/install
[0.446s] DEBUG:colcon.colcon_installed_package_information.package_discovery:Found 422 installed packages in /opt/ros/humble
[0.449s] Level 1:colcon.colcon_core.package_discovery:discover_packages(prefix_path) using defaults
[0.518s] Level 5:colcon.colcon_core.verb:set package 'articubot_one' build argument 'cmake_args' from command line to 'None'
[0.518s] Level 5:colcon.colcon_core.verb:set package 'articubot_one' build argument 'cmake_target' from command line to 'None'
[0.518s] Level 5:colcon.colcon_core.verb:set package 'articubot_one' build argument 'cmake_target_skip_unavailable' from command line to 'False'
[0.518s] Level 5:colcon.colcon_core.verb:set package 'articubot_one' build argument 'cmake_clean_cache' from command line to 'False'
[0.518s] Level 5:colcon.colcon_core.verb:set package 'articubot_one' build argument 'cmake_clean_first' from command line to 'False'
[0.518s] Level 5:colcon.colcon_core.verb:set package 'articubot_one' build argument 'cmake_force_configure' from command line to 'False'
[0.518s] Level 5:colcon.colcon_core.verb:set package 'articubot_one' build argument 'ament_cmake_args' from command line to 'None'
[0.518s] Level 5:colcon.colcon_core.verb:set package 'articubot_one' build argument 'catkin_cmake_args' from command line to 'None'
[0.518s] Level 5:colcon.colcon_core.verb:set package 'articubot_one' build argument 'catkin_skip_building_tests' from command line to 'False'
[0.519s] DEBUG:colcon.colcon_core.verb:Building package 'articubot_one' with the following arguments: {'ament_cmake_args': None, 'build_base': '/home/ana/robot_ws/build/articubot_one', 'catkin_cmake_args': None, 'catkin_skip_building_tests': False, 'cmake_args': None, 'cmake_clean_cache': False, 'cmake_clean_first': False, 'cmake_force_configure': False, 'cmake_target': None, 'cmake_target_skip_unavailable': False, 'install_base': '/home/ana/robot_ws/install/articubot_one', 'merge_install': False, 'path': '/home/ana/robot_ws/src/articubot_one', 'symlink_install': True, 'test_result_base': None}
[0.519s] Level 5:colcon.colcon_core.verb:set package 'firebot_cpp' build argument 'cmake_args' from command line to 'None'
[0.519s] Level 5:colcon.colcon_core.verb:set package 'firebot_cpp' build argument 'cmake_target' from command line to 'None'
[0.519s] Level 5:colcon.colcon_core.verb:set package 'firebot_cpp' build argument 'cmake_target_skip_unavailable' from command line to 'False'
[0.519s] Level 5:colcon.colcon_core.verb:set package 'firebot_cpp' build argument 'cmake_clean_cache' from command line to 'False'
[0.519s] Level 5:colcon.colcon_core.verb:set package 'firebot_cpp' build argument 'cmake_clean_first' from command line to 'False'
[0.519s] Level 5:colcon.colcon_core.verb:set package 'firebot_cpp' build argument 'cmake_force_configure' from command line to 'False'
[0.519s] Level 5:colcon.colcon_core.verb:set package 'firebot_cpp' build argument 'ament_cmake_args' from command line to 'None'
[0.519s] Level 5:colcon.colcon_core.verb:set package 'firebot_cpp' build argument 'catkin_cmake_args' from command line to 'None'
[0.519s] Level 5:colcon.colcon_core.verb:set package 'firebot_cpp' build argument 'catkin_skip_building_tests' from command line to 'False'
[0.519s] DEBUG:colcon.colcon_core.verb:Building package 'firebot_cpp' with the following arguments: {'ament_cmake_args': None, 'build_base': '/home/ana/robot_ws/build/firebot_cpp', 'catkin_cmake_args': None, 'catkin_skip_building_tests': False, 'cmake_args': None, 'cmake_clean_cache': False, 'cmake_clean_first': False, 'cmake_force_configure': False, 'cmake_target': None, 'cmake_target_skip_unavailable': False, 'install_base': '/home/ana/robot_ws/install/firebot_cpp', 'merge_install': False, 'path': '/home/ana/robot_ws/src/firebot_cpp', 'symlink_install': True, 'test_result_base': None}
[0.520s] Level 5:colcon.colcon_core.verb:set package 'firebot_description' build argument 'cmake_args' from command line to 'None'
[0.520s] Level 5:colcon.colcon_core.verb:set package 'firebot_description' build argument 'cmake_target' from command line to 'None'
[0.520s] Level 5:colcon.colcon_core.verb:set package 'firebot_description' build argument 'cmake_target_skip_unavailable' from command line to 'False'
[0.520s] Level 5:colcon.colcon_core.verb:set package 'firebot_description' build argument 'cmake_clean_cache' from command line to 'False'
[0.520s] Level 5:colcon.colcon_core.verb:set package 'firebot_description' build argument 'cmake_clean_first' from command line to 'False'
[0.520s] Level 5:colcon.colcon_core.verb:set package 'firebot_description' build argument 'cmake_force_configure' from command line to 'False'
[0.520s] Level 5:colcon.colcon_core.verb:set package 'firebot_description' build argument 'ament_cmake_args' from command line to 'None'
[0.520s] Level 5:colcon.colcon_core.verb:set package 'firebot_description' build argument 'catkin_cmake_args' from command line to 'None'
[0.520s] Level 5:colcon.colcon_core.verb:set package 'firebot_description' build argument 'catkin_skip_building_tests' from command line to 'False'
[0.520s] DEBUG:colcon.colcon_core.verb:Building package 'firebot_description' with the following arguments: {'ament_cmake_args': None, 'build_base': '/home/ana/robot_ws/build/firebot_description', 'catkin_cmake_args': None, 'catkin_skip_building_tests': False, 'cmake_args': None, 'cmake_clean_cache': False, 'cmake_clean_first': False, 'cmake_force_configure': False, 'cmake_target': None, 'cmake_target_skip_unavailable': False, 'install_base': '/home/ana/robot_ws/install/firebot_description', 'merge_install': False, 'path': '/home/ana/robot_ws/src/firebot_description', 'symlink_install': True, 'test_result_base': None}
[0.521s] Level 5:colcon.colcon_core.verb:set package 'firebot_py' build argument 'cmake_args' from command line to 'None'
[0.521s] Level 5:colcon.colcon_core.verb:set package 'firebot_py' build argument 'cmake_target' from command line to 'None'
[0.521s] Level 5:colcon.colcon_core.verb:set package 'firebot_py' build argument 'cmake_target_skip_unavailable' from command line to 'False'
[0.521s] Level 5:colcon.colcon_core.verb:set package 'firebot_py' build argument 'cmake_clean_cache' from command line to 'False'
[0.521s] Level 5:colcon.colcon_core.verb:set package 'firebot_py' build argument 'cmake_clean_first' from command line to 'False'
[0.521s] Level 5:colcon.colcon_core.verb:set package 'firebot_py' build argument 'cmake_force_configure' from command line to 'False'
[0.521s] Level 5:colcon.colcon_core.verb:set package 'firebot_py' build argument 'ament_cmake_args' from command line to 'None'
[0.521s] Level 5:colcon.colcon_core.verb:set package 'firebot_py' build argument 'catkin_cmake_args' from command line to 'None'
[0.521s] Level 5:colcon.colcon_core.verb:set package 'firebot_py' build argument 'catkin_skip_building_tests' from command line to 'False'
[0.521s] DEBUG:colcon.colcon_core.verb:Building package 'firebot_py' with the following arguments: {'ament_cmake_args': None, 'build_base': '/home/ana/robot_ws/build/firebot_py', 'catkin_cmake_args': None, 'catkin_skip_building_tests': False, 'cmake_args': None, 'cmake_clean_cache': False, 'cmake_clean_first': False, 'cmake_force_configure': False, 'cmake_target': None, 'cmake_target_skip_unavailable': False, 'install_base': '/home/ana/robot_ws/install/firebot_py', 'merge_install': False, 'path': '/home/ana/robot_ws/src/firebot_py', 'symlink_install': True, 'test_result_base': None}
[0.521s] Level 5:colcon.colcon_core.verb:set package 'py_pubsub' build argument 'cmake_args' from command line to 'None'
[0.521s] Level 5:colcon.colcon_core.verb:set package 'py_pubsub' build argument 'cmake_target' from command line to 'None'
[0.521s] Level 5:colcon.colcon_core.verb:set package 'py_pubsub' build argument 'cmake_target_skip_unavailable' from command line to 'False'
[0.522s] Level 5:colcon.colcon_core.verb:set package 'py_pubsub' build argument 'cmake_clean_cache' from command line to 'False'
[0.522s] Level 5:colcon.colcon_core.verb:set package 'py_pubsub' build argument 'cmake_clean_first' from command line to 'False'
[0.522s] Level 5:colcon.colcon_core.verb:set package 'py_pubsub' build argument 'cmake_force_configure' from command line to 'False'
[0.522s] Level 5:colcon.colcon_core.verb:set package 'py_pubsub' build argument 'ament_cmake_args' from command line to 'None'
[0.522s] Level 5:colcon.colcon_core.verb:set package 'py_pubsub' build argument 'catkin_cmake_args' from command line to 'None'
[0.522s] Level 5:colcon.colcon_core.verb:set package 'py_pubsub' build argument 'catkin_skip_building_tests' from command line to 'False'
[0.522s] DEBUG:colcon.colcon_core.verb:Building package 'py_pubsub' with the following arguments: {'ament_cmake_args': None, 'build_base': '/home/ana/robot_ws/build/py_pubsub', 'catkin_cmake_args': None, 'catkin_skip_building_tests': False, 'cmake_args': None, 'cmake_clean_cache': False, 'cmake_clean_first': False, 'cmake_force_configure': False, 'cmake_target': None, 'cmake_target_skip_unavailable': False, 'install_base': '/home/ana/robot_ws/install/py_pubsub', 'merge_install': False, 'path': '/home/ana/robot_ws/src/py_pubsub', 'symlink_install': True, 'test_result_base': None}
[0.522s] Level 5:colcon.colcon_core.verb:set package 'ros2_control_demo_example_2' build argument 'cmake_args' from command line to 'None'
[0.522s] Level 5:colcon.colcon_core.verb:set package 'ros2_control_demo_example_2' build argument 'cmake_target' from command line to 'None'
[0.522s] Level 5:colcon.colcon_core.verb:set package 'ros2_control_demo_example_2' build argument 'cmake_target_skip_unavailable' from command line to 'False'
[0.522s] Level 5:colcon.colcon_core.verb:set package 'ros2_control_demo_example_2' build argument 'cmake_clean_cache' from command line to 'False'
[0.522s] Level 5:colcon.colcon_core.verb:set package 'ros2_control_demo_example_2' build argument 'cmake_clean_first' from command line to 'False'
[0.522s] Level 5:colcon.colcon_core.verb:set package 'ros2_control_demo_example_2' build argument 'cmake_force_configure' from command line to 'False'
[0.522s] Level 5:colcon.colcon_core.verb:set package 'ros2_control_demo_example_2' build argument 'ament_cmake_args' from command line to 'None'
[0.522s] Level 5:colcon.colcon_core.verb:set package 'ros2_control_demo_example_2' build argument 'catkin_cmake_args' from command line to 'None'
[0.522s] Level 5:colcon.colcon_core.verb:set package 'ros2_control_demo_example_2' build argument 'catkin_skip_building_tests' from command line to 'False'
[0.522s] DEBUG:colcon.colcon_core.verb:Building package 'ros2_control_demo_example_2' with the following arguments: {'ament_cmake_args': None, 'build_base': '/home/ana/robot_ws/build/ros2_control_demo_example_2', 'catkin_cmake_args': None, 'catkin_skip_building_tests': False, 'cmake_args': None, 'cmake_clean_cache': False, 'cmake_clean_first': False, 'cmake_force_configure': False, 'cmake_target': None, 'cmake_target_skip_unavailable': False, 'install_base': '/home/ana/robot_ws/install/ros2_control_demo_example_2', 'merge_install': False, 'path': '/home/ana/robot_ws/src/example_2', 'symlink_install': True, 'test_result_base': None}
[0.523s] Level 5:colcon.colcon_core.verb:set package 'rplidar_ros' build argument 'cmake_args' from command line to 'None'
[0.523s] Level 5:colcon.colcon_core.verb:set package 'rplidar_ros' build argument 'cmake_target' from command line to 'None'
[0.523s] Level 5:colcon.colcon_core.verb:set package 'rplidar_ros' build argument 'cmake_target_skip_unavailable' from command line to 'False'
[0.523s] Level 5:colcon.colcon_core.verb:set package 'rplidar_ros' build argument 'cmake_clean_cache' from command line to 'False'
[0.523s] Level 5:colcon.colcon_core.verb:set package 'rplidar_ros' build argument 'cmake_clean_first' from command line to 'False'
[0.523s] Level 5:colcon.colcon_core.verb:set package 'rplidar_ros' build argument 'cmake_force_configure' from command line to 'False'
[0.523s] Level 5:colcon.colcon_core.verb:set package 'rplidar_ros' build argument 'ament_cmake_args' from command line to 'None'
[0.523s] Level 5:colcon.colcon_core.verb:set package 'rplidar_ros' build argument 'catkin_cmake_args' from command line to 'None'
[0.523s] Level 5:colcon.colcon_core.verb:set package 'rplidar_ros' build argument 'catkin_skip_building_tests' from command line to 'False'
[0.523s] DEBUG:colcon.colcon_core.verb:Building package 'rplidar_ros' with the following arguments: {'ament_cmake_args': None, 'build_base': '/home/ana/robot_ws/build/rplidar_ros', 'catkin_cmake_args': None, 'catkin_skip_building_tests': False, 'cmake_args': None, 'cmake_clean_cache': False, 'cmake_clean_first': False, 'cmake_force_configure': False, 'cmake_target': None, 'cmake_target_skip_unavailable': False, 'install_base': '/home/ana/robot_ws/install/rplidar_ros', 'merge_install': False, 'path': '/home/ana/robot_ws/src/rplidar_ros', 'symlink_install': True, 'test_result_base': None}
[0.524s] Level 5:colcon.colcon_core.verb:set package 'serial' build argument 'cmake_args' from command line to 'None'
[0.524s] Level 5:colcon.colcon_core.verb:set package 'serial' build argument 'cmake_target' from command line to 'None'
[0.524s] Level 5:colcon.colcon_core.verb:set package 'serial' build argument 'cmake_target_skip_unavailable' from command line to 'False'
[0.524s] Level 5:colcon.colcon_core.verb:set package 'serial' build argument 'cmake_clean_cache' from command line to 'False'
[0.524s] Level 5:colcon.colcon_core.verb:set package 'serial' build argument 'cmake_clean_first' from command line to 'False'
[0.524s] Level 5:colcon.colcon_core.verb:set package 'serial' build argument 'cmake_force_configure' from command line to 'False'
[0.524s] Level 5:colcon.colcon_core.verb:set package 'serial' build argument 'ament_cmake_args' from command line to 'None'
[0.524s] Level 5:colcon.colcon_core.verb:set package 'serial' build argument 'catkin_cmake_args' from command line to 'None'
[0.524s] Level 5:colcon.colcon_core.verb:set package 'serial' build argument 'catkin_skip_building_tests' from command line to 'False'
[0.524s] DEBUG:colcon.colcon_core.verb:Building package 'serial' with the following arguments: {'ament_cmake_args': None, 'build_base': '/home/ana/robot_ws/build/serial', 'catkin_cmake_args': None, 'catkin_skip_building_tests': False, 'cmake_args': None, 'cmake_clean_cache': False, 'cmake_clean_first': False, 'cmake_force_configure': False, 'cmake_target': None, 'cmake_target_skip_unavailable': False, 'install_base': '/home/ana/robot_ws/install/serial', 'merge_install': False, 'path': '/home/ana/robot_ws/src/serial', 'symlink_install': True, 'test_result_base': None}
[0.524s] Level 5:colcon.colcon_core.verb:set package 'test_package' build argument 'cmake_args' from command line to 'None'
[0.525s] Level 5:colcon.colcon_core.verb:set package 'test_package' build argument 'cmake_target' from command line to 'None'
[0.525s] Level 5:colcon.colcon_core.verb:set package 'test_package' build argument 'cmake_target_skip_unavailable' from command line to 'False'
[0.525s] Level 5:colcon.colcon_core.verb:set package 'test_package' build argument 'cmake_clean_cache' from command line to 'False'
[0.525s] Level 5:colcon.colcon_core.verb:set package 'test_package' build argument 'cmake_clean_first' from command line to 'False'
[0.525s] Level 5:colcon.colcon_core.verb:set package 'test_package' build argument 'cmake_force_configure' from command line to 'False'
[0.525s] Level 5:colcon.colcon_core.verb:set package 'test_package' build argument 'ament_cmake_args' from command line to 'None'
[0.525s] Level 5:colcon.colcon_core.verb:set package 'test_package' build argument 'catkin_cmake_args' from command line to 'None'
[0.525s] Level 5:colcon.colcon_core.verb:set package 'test_package' build argument 'catkin_skip_building_tests' from command line to 'False'
[0.525s] DEBUG:colcon.colcon_core.verb:Building package 'test_package' with the following arguments: {'ament_cmake_args': None, 'build_base': '/home/ana/robot_ws/build/test_package', 'catkin_cmake_args': None, 'catkin_skip_building_tests': False, 'cmake_args': None, 'cmake_clean_cache': False, 'cmake_clean_first': False, 'cmake_force_configure': False, 'cmake_target': None, 'cmake_target_skip_unavailable': False, 'install_base': '/home/ana/robot_ws/install/test_package', 'merge_install': False, 'path': '/home/ana/robot_ws/src/test_package', 'symlink_install': True, 'test_result_base': None}
[0.525s] INFO:colcon.colcon_core.executor:Executing jobs using 'parallel' executor
[0.527s] DEBUG:colcon.colcon_parallel_executor.executor.parallel:run_until_complete
[0.528s] INFO:colcon.colcon_ros.task.ament_cmake.build:Building ROS package in '/home/ana/robot_ws/src/articubot_one' with build type 'ament_cmake'
[0.528s] INFO:colcon.colcon_cmake.task.cmake.build:Building CMake package in '/home/ana/robot_ws/src/articubot_one'
[0.531s] INFO:colcon.colcon_core.plugin_system:Skipping extension 'colcon_core.shell.bat': Not used on non-Windows systems
[0.531s] INFO:colcon.colcon_core.shell:Skip shell extension 'powershell' for command environment: Not usable outside of PowerShell
[0.531s] DEBUG:colcon.colcon_core.shell:Skip shell extension 'dsv' for command environment
[0.537s] INFO:colcon.colcon_ros.task.ament_cmake.build:Building ROS package in '/home/ana/robot_ws/src/firebot_cpp' with build type 'ament_cmake'
[0.537s] INFO:colcon.colcon_cmake.task.cmake.build:Building CMake package in '/home/ana/robot_ws/src/firebot_cpp'
[0.538s] INFO:colcon.colcon_core.shell:Skip shell extension 'powershell' for command environment: Not usable outside of PowerShell
[0.538s] DEBUG:colcon.colcon_core.shell:Skip shell extension 'dsv' for command environment
[0.544s] INFO:colcon.colcon_ros.task.ament_cmake.build:Building ROS package in '/home/ana/robot_ws/src/firebot_description' with build type 'ament_cmake'
[0.544s] INFO:colcon.colcon_cmake.task.cmake.build:Building CMake package in '/home/ana/robot_ws/src/firebot_description'
[0.544s] INFO:colcon.colcon_core.shell:Skip shell extension 'powershell' for command environment: Not usable outside of PowerShell
[0.545s] DEBUG:colcon.colcon_core.shell:Skip shell extension 'dsv' for command environment
[0.551s] INFO:colcon.colcon_ros.task.ament_python.build:Building ROS package in '/home/ana/robot_ws/src/firebot_py' with build type 'ament_python'
[0.551s] Level 1:colcon.colcon_core.shell:create_environment_hook('firebot_py', 'ament_prefix_path')
[0.552s] INFO:colcon.colcon_core.shell:Creating environment hook '/home/ana/robot_ws/install/firebot_py/share/firebot_py/hook/ament_prefix_path.ps1'
[0.553s] INFO:colcon.colcon_core.shell:Creating environment descriptor '/home/ana/robot_ws/install/firebot_py/share/firebot_py/hook/ament_prefix_path.dsv'
[0.553s] INFO:colcon.colcon_core.shell:Creating environment hook '/home/ana/robot_ws/install/firebot_py/share/firebot_py/hook/ament_prefix_path.sh'
[0.554s] INFO:colcon.colcon_core.shell:Skip shell extension 'powershell' for command environment: Not usable outside of PowerShell
[0.554s] DEBUG:colcon.colcon_core.shell:Skip shell extension 'dsv' for command environment
[0.560s] INFO:colcon.colcon_ros.task.ament_python.build:Building ROS package in '/home/ana/robot_ws/src/py_pubsub' with build type 'ament_python'
[0.560s] Level 1:colcon.colcon_core.shell:create_environment_hook('py_pubsub', 'ament_prefix_path')
[0.560s] INFO:colcon.colcon_core.shell:Creating environment hook '/home/ana/robot_ws/install/py_pubsub/share/py_pubsub/hook/ament_prefix_path.ps1'
[0.561s] INFO:colcon.colcon_core.shell:Creating environment descriptor '/home/ana/robot_ws/install/py_pubsub/share/py_pubsub/hook/ament_prefix_path.dsv'
[0.562s] INFO:colcon.colcon_core.shell:Creating environment hook '/home/ana/robot_ws/install/py_pubsub/share/py_pubsub/hook/ament_prefix_path.sh'
[0.563s] INFO:colcon.colcon_core.shell:Skip shell extension 'powershell' for command environment: Not usable outside of PowerShell
[0.563s] DEBUG:colcon.colcon_core.shell:Skip shell extension 'dsv' for command environment
[0.568s] INFO:colcon.colcon_ros.task.ament_cmake.build:Building ROS package in '/home/ana/robot_ws/src/example_2' with build type 'ament_cmake'
[0.568s] INFO:colcon.colcon_cmake.task.cmake.build:Building CMake package in '/home/ana/robot_ws/src/example_2'
[0.569s] INFO:colcon.colcon_core.shell:Skip shell extension 'powershell' for command environment: Not usable outside of PowerShell
[0.569s] DEBUG:colcon.colcon_core.shell:Skip shell extension 'dsv' for command environment
[0.574s] INFO:colcon.colcon_ros.task.ament_cmake.build:Building ROS package in '/home/ana/robot_ws/src/rplidar_ros' with build type 'ament_cmake'
[0.575s] INFO:colcon.colcon_cmake.task.cmake.build:Building CMake package in '/home/ana/robot_ws/src/rplidar_ros'
[0.575s] INFO:colcon.colcon_core.shell:Skip shell extension 'powershell' for command environment: Not usable outside of PowerShell
[0.575s] DEBUG:colcon.colcon_core.shell:Skip shell extension 'dsv' for command environment
[0.580s] INFO:colcon.colcon_ros.task.ament_cmake.build:Building ROS package in '/home/ana/robot_ws/src/serial' with build type 'ament_cmake'
[0.580s] INFO:colcon.colcon_cmake.task.cmake.build:Building CMake package in '/home/ana/robot_ws/src/serial'
[0.581s] INFO:colcon.colcon_core.shell:Skip shell extension 'powershell' for command environment: Not usable outside of PowerShell
[0.581s] DEBUG:colcon.colcon_core.shell:Skip shell extension 'dsv' for command environment
[0.586s] INFO:colcon.colcon_ros.task.ament_cmake.build:Building ROS package in '/home/ana/robot_ws/src/test_package' with build type 'ament_cmake'
[0.586s] INFO:colcon.colcon_cmake.task.cmake.build:Building CMake package in '/home/ana/robot_ws/src/test_package'
[0.586s] INFO:colcon.colcon_core.shell:Skip shell extension 'powershell' for command environment: Not usable outside of PowerShell
[0.587s] DEBUG:colcon.colcon_core.shell:Skip shell extension 'dsv' for command environment
[0.601s] DEBUG:colcon.colcon_core.event_handler.log_command:Invoking command in '/home/ana/robot_ws/build/articubot_one': CMAKE_PREFIX_PATH=${CMAKE_PREFIX_PATH}:/opt/ros/humble:/home/ana/robot_ws/install/py_pubsub:/home/ana/robot_ws/install/firebot_py /usr/bin/cmake --build /home/ana/robot_ws/build/articubot_one -- -j20 -l20
[0.605s] DEBUG:colcon.colcon_core.event_handler.log_command:Invoking command in '/home/ana/robot_ws/build/firebot_cpp': CMAKE_PREFIX_PATH=${CMAKE_PREFIX_PATH}:/opt/ros/humble:/home/ana/robot_ws/install/py_pubsub:/home/ana/robot_ws/install/firebot_py /usr/bin/cmake --build /home/ana/robot_ws/build/firebot_cpp -- -j20 -l20
[0.609s] DEBUG:colcon.colcon_core.event_handler.log_command:Invoking command in '/home/ana/robot_ws/build/firebot_description': CMAKE_PREFIX_PATH=${CMAKE_PREFIX_PATH}:/opt/ros/humble:/home/ana/robot_ws/install/py_pubsub:/home/ana/robot_ws/install/firebot_py /usr/bin/cmake --build /home/ana/robot_ws/build/firebot_description -- -j20 -l20
[1.002s] INFO:colcon.colcon_core.task.python.build:Building Python package in '/home/ana/robot_ws/src/firebot_py'
[1.002s] INFO:colcon.colcon_core.shell:Skip shell extension 'powershell' for command environment: Not usable outside of PowerShell
[1.002s] DEBUG:colcon.colcon_core.shell:Skip shell extension 'dsv' for command environment
[1.377s] INFO:colcon.colcon_core.task.python.build:Building Python package in '/home/ana/robot_ws/src/py_pubsub'
[1.377s] INFO:colcon.colcon_core.shell:Skip shell extension 'powershell' for command environment: Not usable outside of PowerShell
[1.377s] DEBUG:colcon.colcon_core.shell:Skip shell extension 'dsv' for command environment
[1.389s] DEBUG:colcon.colcon_core.event_handler.log_command:Invoking command in '/home/ana/robot_ws/build/ros2_control_demo_example_2': CMAKE_PREFIX_PATH=${CMAKE_PREFIX_PATH}:/opt/ros/humble:/home/ana/robot_ws/install/py_pubsub:/home/ana/robot_ws/install/firebot_py /usr/bin/cmake --build /home/ana/robot_ws/build/ros2_control_demo_example_2 -- -j20 -l20
[1.392s] DEBUG:colcon.colcon_core.event_handler.log_command:Invoking command in '/home/ana/robot_ws/build/rplidar_ros': CMAKE_PREFIX_PATH=${CMAKE_PREFIX_PATH}:/opt/ros/humble:/home/ana/robot_ws/install/py_pubsub:/home/ana/robot_ws/install/firebot_py /usr/bin/cmake --build /home/ana/robot_ws/build/rplidar_ros -- -j20 -l20
[1.409s] DEBUG:colcon.colcon_core.event_handler.log_command:Invoking command in '/home/ana/robot_ws/build/serial': CMAKE_PREFIX_PATH=${CMAKE_PREFIX_PATH}:/opt/ros/humble:/home/ana/robot_ws/install/py_pubsub:/home/ana/robot_ws/install/firebot_py /usr/bin/cmake --build /home/ana/robot_ws/build/serial -- -j20 -l20
[1.419s] DEBUG:colcon.colcon_core.event_handler.log_command:Invoking command in '/home/ana/robot_ws/build/test_package': CMAKE_PREFIX_PATH=${CMAKE_PREFIX_PATH}:/opt/ros/humble:/home/ana/robot_ws/install/py_pubsub:/home/ana/robot_ws/install/firebot_py /usr/bin/cmake --build /home/ana/robot_ws/build/test_package -- -j20 -l20
[1.421s] DEBUG:colcon.colcon_core.event_handler.log_command:Invoked command in '/home/ana/robot_ws/build/articubot_one' returned '0': CMAKE_PREFIX_PATH=${CMAKE_PREFIX_PATH}:/opt/ros/humble:/home/ana/robot_ws/install/py_pubsub:/home/ana/robot_ws/install/firebot_py /usr/bin/cmake --build /home/ana/robot_ws/build/articubot_one -- -j20 -l20
[1.443s] DEBUG:colcon.colcon_core.event_handler.log_command:Invoking command in '/home/ana/robot_ws/build/articubot_one': CMAKE_PREFIX_PATH=${CMAKE_PREFIX_PATH}:/opt/ros/humble:/home/ana/robot_ws/install/py_pubsub:/home/ana/robot_ws/install/firebot_py /usr/bin/cmake --install /home/ana/robot_ws/build/articubot_one
[1.445s] DEBUG:colcon.colcon_core.event_handler.log_command:Invoked command in '/home/ana/robot_ws/build/firebot_description' returned '0': CMAKE_PREFIX_PATH=${CMAKE_PREFIX_PATH}:/opt/ros/humble:/home/ana/robot_ws/install/py_pubsub:/home/ana/robot_ws/install/firebot_py /usr/bin/cmake --build /home/ana/robot_ws/build/firebot_description -- -j20 -l20
[1.448s] DEBUG:colcon.colcon_core.event_handler.log_command:Invoking command in '/home/ana/robot_ws/build/firebot_description': CMAKE_PREFIX_PATH=${CMAKE_PREFIX_PATH}:/opt/ros/humble:/home/ana/robot_ws/install/py_pubsub:/home/ana/robot_ws/install/firebot_py /usr/bin/cmake --install /home/ana/robot_ws/build/firebot_description
[1.450s] DEBUG:colcon.colcon_core.event_handler.log_command:Invoked command in '/home/ana/robot_ws/build/firebot_cpp' returned '0': CMAKE_PREFIX_PATH=${CMAKE_PREFIX_PATH}:/opt/ros/humble:/home/ana/robot_ws/install/py_pubsub:/home/ana/robot_ws/install/firebot_py /usr/bin/cmake --build /home/ana/robot_ws/build/firebot_cpp -- -j20 -l20
[1.454s] DEBUG:colcon.colcon_core.event_handler.log_command:Invoking command in '/home/ana/robot_ws/build/firebot_cpp': CMAKE_PREFIX_PATH=${CMAKE_PREFIX_PATH}:/opt/ros/humble:/home/ana/robot_ws/install/py_pubsub:/home/ana/robot_ws/install/firebot_py /usr/bin/cmake --install /home/ana/robot_ws/build/firebot_cpp
[1.512s] Level 1:colcon.colcon_core.environment:create_environment_scripts_only(firebot_cpp)
[1.518s] DEBUG:colcon.colcon_core.event_handler.log_command:Invoked command in '/home/ana/robot_ws/build/firebot_cpp' returned '0': CMAKE_PREFIX_PATH=${CMAKE_PREFIX_PATH}:/opt/ros/humble:/home/ana/robot_ws/install/py_pubsub:/home/ana/robot_ws/install/firebot_py /usr/bin/cmake --install /home/ana/robot_ws/build/firebot_cpp
[1.526s] Level 1:colcon.colcon_core.environment:checking '/home/ana/robot_ws/install/firebot_cpp' for CMake module files
[1.527s] Level 1:colcon.colcon_core.environment:checking '/home/ana/robot_ws/install/firebot_cpp' for CMake config files
[1.528s] Level 1:colcon.colcon_core.shell:create_environment_hook('firebot_cpp', 'cmake_prefix_path')
[1.529s] INFO:colcon.colcon_core.shell:Creating environment hook '/home/ana/robot_ws/install/firebot_cpp/share/firebot_cpp/hook/cmake_prefix_path.ps1'
[1.532s] INFO:colcon.colcon_core.shell:Creating environment descriptor '/home/ana/robot_ws/install/firebot_cpp/share/firebot_cpp/hook/cmake_prefix_path.dsv'
[1.533s] INFO:colcon.colcon_core.shell:Creating environment hook '/home/ana/robot_ws/install/firebot_cpp/share/firebot_cpp/hook/cmake_prefix_path.sh'
[1.536s] Level 1:colcon.colcon_core.environment:checking '/home/ana/robot_ws/install/firebot_cpp/bin'
[1.537s] Level 1:colcon.colcon_core.environment:checking '/home/ana/robot_ws/install/firebot_cpp/lib/pkgconfig/firebot_cpp.pc'
[1.538s] Level 1:colcon.colcon_core.environment:checking '/home/ana/robot_ws/install/firebot_cpp/lib/python3.10/site-packages'
[1.539s] Level 1:colcon.colcon_core.environment:checking '/home/ana/robot_ws/install/firebot_cpp/bin'
[1.541s] INFO:colcon.colcon_core.shell:Creating package script '/home/ana/robot_ws/install/firebot_cpp/share/firebot_cpp/package.ps1'
[1.544s] INFO:colcon.colcon_core.shell:Creating package descriptor '/home/ana/robot_ws/install/firebot_cpp/share/firebot_cpp/package.dsv'
[1.546s] INFO:colcon.colcon_core.shell:Creating package script '/home/ana/robot_ws/install/firebot_cpp/share/firebot_cpp/package.sh'
[1.548s] INFO:colcon.colcon_core.shell:Creating package script '/home/ana/robot_ws/install/firebot_cpp/share/firebot_cpp/package.bash'
[1.551s] INFO:colcon.colcon_core.shell:Creating package script '/home/ana/robot_ws/install/firebot_cpp/share/firebot_cpp/package.zsh'
[1.553s] Level 1:colcon.colcon_core.environment:create_file_with_runtime_dependencies(/home/ana/robot_ws/install/firebot_cpp/share/colcon-core/packages/firebot_cpp)
[1.555s] Level 1:colcon.colcon_core.environment:create_environment_scripts_only(firebot_cpp)
[1.556s] Level 1:colcon.colcon_core.environment:checking '/home/ana/robot_ws/install/firebot_cpp' for CMake module files
[1.558s] Level 1:colcon.colcon_core.environment:checking '/home/ana/robot_ws/install/firebot_cpp' for CMake config files
[1.559s] Level 1:colcon.colcon_core.shell:create_environment_hook('firebot_cpp', 'cmake_prefix_path')
[1.560s] INFO:colcon.colcon_core.shell:Creating environment hook '/home/ana/robot_ws/install/firebot_cpp/share/firebot_cpp/hook/cmake_prefix_path.ps1'
[1.562s] INFO:colcon.colcon_core.shell:Creating environment descriptor '/home/ana/robot_ws/install/firebot_cpp/share/firebot_cpp/hook/cmake_prefix_path.dsv'
[1.563s] INFO:colcon.colcon_core.shell:Creating environment hook '/home/ana/robot_ws/install/firebot_cpp/share/firebot_cpp/hook/cmake_prefix_path.sh'
[1.566s] Level 1:colcon.colcon_core.environment:checking '/home/ana/robot_ws/install/firebot_cpp/bin'
[1.566s] Level 1:colcon.colcon_core.environment:checking '/home/ana/robot_ws/install/firebot_cpp/lib/pkgconfig/firebot_cpp.pc'
[1.567s] Level 1:colcon.colcon_core.environment:checking '/home/ana/robot_ws/install/firebot_cpp/lib/python3.10/site-packages'
[1.568s] Level 1:colcon.colcon_core.environment:checking '/home/ana/robot_ws/install/firebot_cpp/bin'
[1.569s] INFO:colcon.colcon_core.shell:Creating package script '/home/ana/robot_ws/install/firebot_cpp/share/firebot_cpp/package.ps1'
[1.571s] INFO:colcon.colcon_core.shell:Creating package descriptor '/home/ana/robot_ws/install/firebot_cpp/share/firebot_cpp/package.dsv'
[1.574s] INFO:colcon.colcon_core.shell:Creating package script '/home/ana/robot_ws/install/firebot_cpp/share/firebot_cpp/package.sh'
[1.577s] INFO:colcon.colcon_core.shell:Creating package script '/home/ana/robot_ws/install/firebot_cpp/share/firebot_cpp/package.bash'
[1.579s] INFO:colcon.colcon_core.shell:Creating package script '/home/ana/robot_ws/install/firebot_cpp/share/firebot_cpp/package.zsh'
[1.580s] Level 1:colcon.colcon_core.environment:create_file_with_runtime_dependencies(/home/ana/robot_ws/install/firebot_cpp/share/colcon-core/packages/firebot_cpp)
[1.582s] Level 1:colcon.colcon_core.environment:create_environment_scripts_only(firebot_description)
[1.583s] Level 1:colcon.colcon_core.environment:checking '/home/ana/robot_ws/install/firebot_description' for CMake module files
[1.585s] DEBUG:colcon.colcon_core.event_handler.log_command:Invoked command in '/home/ana/robot_ws/build/firebot_description' returned '0': CMAKE_PREFIX_PATH=${CMAKE_PREFIX_PATH}:/opt/ros/humble:/home/ana/robot_ws/install/py_pubsub:/home/ana/robot_ws/install/firebot_py /usr/bin/cmake --install /home/ana/robot_ws/build/firebot_description
[1.586s] Level 1:colcon.colcon_core.environment:checking '/home/ana/robot_ws/install/firebot_description' for CMake config files
[1.586s] Level 1:colcon.colcon_core.shell:create_environment_hook('firebot_description', 'cmake_prefix_path')
[1.587s] INFO:colcon.colcon_core.shell:Creating environment hook '/home/ana/robot_ws/install/firebot_description/share/firebot_description/hook/cmake_prefix_path.ps1'
[1.589s] INFO:colcon.colcon_core.shell:Creating environment descriptor '/home/ana/robot_ws/install/firebot_description/share/firebot_description/hook/cmake_prefix_path.dsv'
[1.590s] INFO:colcon.colcon_core.shell:Creating environment hook '/home/ana/robot_ws/install/firebot_description/share/firebot_description/hook/cmake_prefix_path.sh'
[1.591s] Level 1:colcon.colcon_core.environment:checking '/home/ana/robot_ws/install/firebot_description/bin'
[1.592s] Level 1:colcon.colcon_core.environment:checking '/home/ana/robot_ws/install/firebot_description/lib/pkgconfig/firebot_description.pc'
[1.592s] Level 1:colcon.colcon_core.environment:checking '/home/ana/robot_ws/install/firebot_description/lib/python3.10/site-packages'
[1.593s] Level 1:colcon.colcon_core.environment:checking '/home/ana/robot_ws/install/firebot_description/bin'
[1.593s] INFO:colcon.colcon_core.shell:Creating package script '/home/ana/robot_ws/install/firebot_description/share/firebot_description/package.ps1'
[1.594s] INFO:colcon.colcon_core.shell:Creating package descriptor '/home/ana/robot_ws/install/firebot_description/share/firebot_description/package.dsv'
[1.595s] INFO:colcon.colcon_core.shell:Creating package script '/home/ana/robot_ws/install/firebot_description/share/firebot_description/package.sh'
[1.596s] INFO:colcon.colcon_core.shell:Creating package script '/home/ana/robot_ws/install/firebot_description/share/firebot_description/package.bash'
[1.597s] INFO:colcon.colcon_core.shell:Creating package script '/home/ana/robot_ws/install/firebot_description/share/firebot_description/package.zsh'
[1.598s] Level 1:colcon.colcon_core.environment:create_file_with_runtime_dependencies(/home/ana/robot_ws/install/firebot_description/share/colcon-core/packages/firebot_description)
[1.599s] Level 1:colcon.colcon_core.environment:create_environment_scripts_only(firebot_description)
[1.600s] Level 1:colcon.colcon_core.environment:checking '/home/ana/robot_ws/install/firebot_description' for CMake module files
[1.601s] Level 1:colcon.colcon_core.environment:checking '/home/ana/robot_ws/install/firebot_description' for CMake config files
[1.601s] Level 1:colcon.colcon_core.shell:create_environment_hook('firebot_description', 'cmake_prefix_path')
[1.602s] INFO:colcon.colcon_core.shell:Creating environment hook '/home/ana/robot_ws/install/firebot_description/share/firebot_description/hook/cmake_prefix_path.ps1'
[1.603s] INFO:colcon.colcon_core.shell:Creating environment descriptor '/home/ana/robot_ws/install/firebot_description/share/firebot_description/hook/cmake_prefix_path.dsv'
[1.604s] INFO:colcon.colcon_core.shell:Creating environment hook '/home/ana/robot_ws/install/firebot_description/share/firebot_description/hook/cmake_prefix_path.sh'
[1.605s] Level 1:colcon.colcon_core.environment:checking '/home/ana/robot_ws/install/firebot_description/bin'
[1.605s] Level 1:colcon.colcon_core.environment:checking '/home/ana/robot_ws/install/firebot_description/lib/pkgconfig/firebot_description.pc'
[1.606s] Level 1:colcon.colcon_core.environment:checking '/home/ana/robot_ws/install/firebot_description/lib/python3.10/site-packages'
[1.606s] Level 1:colcon.colcon_core.environment:checking '/home/ana/robot_ws/install/firebot_description/bin'
[1.607s] INFO:colcon.colcon_core.shell:Creating package script '/home/ana/robot_ws/install/firebot_description/share/firebot_description/package.ps1'
[1.608s] INFO:colcon.colcon_core.shell:Creating package descriptor '/home/ana/robot_ws/install/firebot_description/share/firebot_description/package.dsv'
[1.609s] INFO:colcon.colcon_core.shell:Creating package script '/home/ana/robot_ws/install/firebot_description/share/firebot_description/package.sh'
[1.610s] INFO:colcon.colcon_core.shell:Creating package script '/home/ana/robot_ws/install/firebot_description/share/firebot_description/package.bash'
[1.611s] INFO:colcon.colcon_core.shell:Creating package script '/home/ana/robot_ws/install/firebot_description/share/firebot_description/package.zsh'
[1.612s] Level 1:colcon.colcon_core.environment:create_file_with_runtime_dependencies(/home/ana/robot_ws/install/firebot_description/share/colcon-core/packages/firebot_description)
[1.616s] Level 1:colcon.colcon_core.environment:create_environment_scripts_only(articubot_one)
[1.617s] DEBUG:colcon.colcon_core.event_handler.log_command:Invoked command in '/home/ana/robot_ws/build/articubot_one' returned '0': CMAKE_PREFIX_PATH=${CMAKE_PREFIX_PATH}:/opt/ros/humble:/home/ana/robot_ws/install/py_pubsub:/home/ana/robot_ws/install/firebot_py /usr/bin/cmake --install /home/ana/robot_ws/build/articubot_one
[1.618s] Level 1:colcon.colcon_core.environment:checking '/home/ana/robot_ws/install/articubot_one' for CMake module files
[1.620s] Level 1:colcon.colcon_core.environment:checking '/home/ana/robot_ws/install/articubot_one' for CMake config files
[1.620s] Level 1:colcon.colcon_core.shell:create_environment_hook('articubot_one', 'cmake_prefix_path')
[1.621s] INFO:colcon.colcon_core.shell:Creating environment hook '/home/ana/robot_ws/install/articubot_one/share/articubot_one/hook/cmake_prefix_path.ps1'
[1.622s] INFO:colcon.colcon_core.shell:Creating environment descriptor '/home/ana/robot_ws/install/articubot_one/share/articubot_one/hook/cmake_prefix_path.dsv'
[1.623s] INFO:colcon.colcon_core.shell:Creating environment hook '/home/ana/robot_ws/install/articubot_one/share/articubot_one/hook/cmake_prefix_path.sh'
[1.624s] Level 1:colcon.colcon_core.environment:checking '/home/ana/robot_ws/install/articubot_one/bin'
[1.624s] Level 1:colcon.colcon_core.environment:checking '/home/ana/robot_ws/install/articubot_one/lib/pkgconfig/articubot_one.pc'
[1.625s] Level 1:colcon.colcon_core.environment:checking '/home/ana/robot_ws/install/articubot_one/lib/python3.10/site-packages'
[1.625s] Level 1:colcon.colcon_core.environment:checking '/home/ana/robot_ws/install/articubot_one/bin'
[1.626s] INFO:colcon.colcon_core.shell:Creating package script '/home/ana/robot_ws/install/articubot_one/share/articubot_one/package.ps1'
[1.627s] INFO:colcon.colcon_core.shell:Creating package descriptor '/home/ana/robot_ws/install/articubot_one/share/articubot_one/package.dsv'
[1.628s] INFO:colcon.colcon_core.shell:Creating package script '/home/ana/robot_ws/install/articubot_one/share/articubot_one/package.sh'
[1.629s] INFO:colcon.colcon_core.shell:Creating package script '/home/ana/robot_ws/install/articubot_one/share/articubot_one/package.bash'
[1.630s] INFO:colcon.colcon_core.shell:Creating package script '/home/ana/robot_ws/install/articubot_one/share/articubot_one/package.zsh'
[1.632s] Level 1:colcon.colcon_core.environment:create_file_with_runtime_dependencies(/home/ana/robot_ws/install/articubot_one/share/colcon-core/packages/articubot_one)
[1.633s] Level 1:colcon.colcon_core.environment:create_environment_scripts_only(articubot_one)
[1.634s] Level 1:colcon.colcon_core.environment:checking '/home/ana/robot_ws/install/articubot_one' for CMake module files
[1.635s] Level 1:colcon.colcon_core.environment:checking '/home/ana/robot_ws/install/articubot_one' for CMake config files
[1.635s] Level 1:colcon.colcon_core.shell:create_environment_hook('articubot_one', 'cmake_prefix_path')
[1.636s] INFO:colcon.colcon_core.shell:Creating environment hook '/home/ana/robot_ws/install/articubot_one/share/articubot_one/hook/cmake_prefix_path.ps1'
[1.637s] INFO:colcon.colcon_core.shell:Creating environment descriptor '/home/ana/robot_ws/install/articubot_one/share/articubot_one/hook/cmake_prefix_path.dsv'
[1.639s] INFO:colcon.colcon_core.shell:Creating environment hook '/home/ana/robot_ws/install/articubot_one/share/articubot_one/hook/cmake_prefix_path.sh'
[1.640s] Level 1:colcon.colcon_core.environment:checking '/home/ana/robot_ws/install/articubot_one/bin'
[1.640s] Level 1:colcon.colcon_core.environment:checking '/home/ana/robot_ws/install/articubot_one/lib/pkgconfig/articubot_one.pc'
[1.641s] Level 1:colcon.colcon_core.environment:checking '/home/ana/robot_ws/install/articubot_one/lib/python3.10/site-packages'
[1.641s] Level 1:colcon.colcon_core.environment:checking '/home/ana/robot_ws/install/articubot_one/bin'
[1.642s] INFO:colcon.colcon_core.shell:Creating package script '/home/ana/robot_ws/install/articubot_one/share/articubot_one/package.ps1'
[1.643s] INFO:colcon.colcon_core.shell:Creating package descriptor '/home/ana/robot_ws/install/articubot_one/share/articubot_one/package.dsv'
[1.645s] INFO:colcon.colcon_core.shell:Creating package script '/home/ana/robot_ws/install/articubot_one/share/articubot_one/package.sh'
[1.646s] INFO:colcon.colcon_core.shell:Creating package script '/home/ana/robot_ws/install/articubot_one/share/articubot_one/package.bash'
[1.647s] INFO:colcon.colcon_core.shell:Creating package script '/home/ana/robot_ws/install/articubot_one/share/articubot_one/package.zsh'
[1.648s] Level 1:colcon.colcon_core.environment:create_file_with_runtime_dependencies(/home/ana/robot_ws/install/articubot_one/share/colcon-core/packages/articubot_one)
[1.653s] DEBUG:colcon.colcon_core.event_handler.log_command:Invoked command in '/home/ana/robot_ws/build/rplidar_ros' returned '0': CMAKE_PREFIX_PATH=${CMAKE_PREFIX_PATH}:/opt/ros/humble:/home/ana/robot_ws/install/py_pubsub:/home/ana/robot_ws/install/firebot_py /usr/bin/cmake --build /home/ana/robot_ws/build/rplidar_ros -- -j20 -l20
[1.654s] DEBUG:colcon.colcon_core.event_handler.log_command:Invoking command in '/home/ana/robot_ws/build/rplidar_ros': CMAKE_PREFIX_PATH=${CMAKE_PREFIX_PATH}:/opt/ros/humble:/home/ana/robot_ws/install/py_pubsub:/home/ana/robot_ws/install/firebot_py /usr/bin/cmake --install /home/ana/robot_ws/build/rplidar_ros
[1.655s] DEBUG:colcon.colcon_core.event_handler.log_command:Invoked command in '/home/ana/robot_ws/build/ros2_control_demo_example_2' returned '0': CMAKE_PREFIX_PATH=${CMAKE_PREFIX_PATH}:/opt/ros/humble:/home/ana/robot_ws/install/py_pubsub:/home/ana/robot_ws/install/firebot_py /usr/bin/cmake --build /home/ana/robot_ws/build/ros2_control_demo_example_2 -- -j20 -l20
[1.656s] DEBUG:colcon.colcon_core.event_handler.log_command:Invoking command in '/home/ana/robot_ws/build/ros2_control_demo_example_2': CMAKE_PREFIX_PATH=${CMAKE_PREFIX_PATH}:/opt/ros/humble:/home/ana/robot_ws/install/py_pubsub:/home/ana/robot_ws/install/firebot_py /usr/bin/cmake --install /home/ana/robot_ws/build/ros2_control_demo_example_2
[1.657s] DEBUG:colcon.colcon_core.event_handler.log_command:Invoked command in '/home/ana/robot_ws/build/test_package' returned '0': CMAKE_PREFIX_PATH=${CMAKE_PREFIX_PATH}:/opt/ros/humble:/home/ana/robot_ws/install/py_pubsub:/home/ana/robot_ws/install/firebot_py /usr/bin/cmake --build /home/ana/robot_ws/build/test_package -- -j20 -l20
[1.660s] DEBUG:colcon.colcon_core.event_handler.log_command:Invoking command in '/home/ana/robot_ws/build/test_package': CMAKE_PREFIX_PATH=${CMAKE_PREFIX_PATH}:/opt/ros/humble:/home/ana/robot_ws/install/py_pubsub:/home/ana/robot_ws/install/firebot_py /usr/bin/cmake --install /home/ana/robot_ws/build/test_package
[1.665s] DEBUG:colcon.colcon_core.event_handler.log_command:Invoked command in '/home/ana/robot_ws/build/serial' returned '0': CMAKE_PREFIX_PATH=${CMAKE_PREFIX_PATH}:/opt/ros/humble:/home/ana/robot_ws/install/py_pubsub:/home/ana/robot_ws/install/firebot_py /usr/bin/cmake --build /home/ana/robot_ws/build/serial -- -j20 -l20
[1.668s] DEBUG:colcon.colcon_core.event_handler.log_command:Invoking command in '/home/ana/robot_ws/build/serial': CMAKE_PREFIX_PATH=${CMAKE_PREFIX_PATH}:/opt/ros/humble:/home/ana/robot_ws/install/py_pubsub:/home/ana/robot_ws/install/firebot_py /usr/bin/cmake --install /home/ana/robot_ws/build/serial
[1.717s] Level 1:colcon.colcon_core.environment:create_environment_scripts_only(rplidar_ros)
[1.718s] Level 1:colcon.colcon_core.environment:checking '/home/ana/robot_ws/install/rplidar_ros' for CMake module files
[1.720s] DEBUG:colcon.colcon_core.event_handler.log_command:Invoked command in '/home/ana/robot_ws/build/rplidar_ros' returned '0': CMAKE_PREFIX_PATH=${CMAKE_PREFIX_PATH}:/opt/ros/humble:/home/ana/robot_ws/install/py_pubsub:/home/ana/robot_ws/install/firebot_py /usr/bin/cmake --install /home/ana/robot_ws/build/rplidar_ros
[1.725s] Level 1:colcon.colcon_core.environment:checking '/home/ana/robot_ws/install/rplidar_ros' for CMake config files
[1.725s] Level 1:colcon.colcon_core.shell:create_environment_hook('rplidar_ros', 'cmake_prefix_path')
[1.726s] INFO:colcon.colcon_core.shell:Creating environment hook '/home/ana/robot_ws/install/rplidar_ros/share/rplidar_ros/hook/cmake_prefix_path.ps1'
[1.727s] INFO:colcon.colcon_core.shell:Creating environment descriptor '/home/ana/robot_ws/install/rplidar_ros/share/rplidar_ros/hook/cmake_prefix_path.dsv'
[1.728s] INFO:colcon.colcon_core.shell:Creating environment hook '/home/ana/robot_ws/install/rplidar_ros/share/rplidar_ros/hook/cmake_prefix_path.sh'
[1.729s] Level 1:colcon.colcon_core.environment:checking '/home/ana/robot_ws/install/rplidar_ros/lib'
[1.730s] Level 1:colcon.colcon_core.environment:checking '/home/ana/robot_ws/install/rplidar_ros/bin'
[1.730s] Level 1:colcon.colcon_core.environment:checking '/home/ana/robot_ws/install/rplidar_ros/lib/pkgconfig/rplidar_ros.pc'
[1.731s] Level 1:colcon.colcon_core.environment:checking '/home/ana/robot_ws/install/rplidar_ros/lib/python3.10/site-packages'
[1.731s] Level 1:colcon.colcon_core.environment:checking '/home/ana/robot_ws/install/rplidar_ros/bin'
[1.732s] INFO:colcon.colcon_core.shell:Creating package script '/home/ana/robot_ws/install/rplidar_ros/share/rplidar_ros/package.ps1'
[1.733s] INFO:colcon.colcon_core.shell:Creating package descriptor '/home/ana/robot_ws/install/rplidar_ros/share/rplidar_ros/package.dsv'
[1.735s] INFO:colcon.colcon_core.shell:Creating package script '/home/ana/robot_ws/install/rplidar_ros/share/rplidar_ros/package.sh'
[1.736s] INFO:colcon.colcon_core.shell:Creating package script '/home/ana/robot_ws/install/rplidar_ros/share/rplidar_ros/package.bash'
[1.737s] INFO:colcon.colcon_core.shell:Creating package script '/home/ana/robot_ws/install/rplidar_ros/share/rplidar_ros/package.zsh'
[1.738s] Level 1:colcon.colcon_core.environment:create_file_with_runtime_dependencies(/home/ana/robot_ws/install/rplidar_ros/share/colcon-core/packages/rplidar_ros)
[1.739s] Level 1:colcon.colcon_core.environment:create_environment_scripts_only(rplidar_ros)
[1.740s] Level 1:colcon.colcon_core.environment:checking '/home/ana/robot_ws/install/rplidar_ros' for CMake module files
[1.741s] Level 1:colcon.colcon_core.environment:checking '/home/ana/robot_ws/install/rplidar_ros' for CMake config files
[1.742s] Level 1:colcon.colcon_core.shell:create_environment_hook('rplidar_ros', 'cmake_prefix_path')
[1.742s] INFO:colcon.colcon_core.shell:Creating environment hook '/home/ana/robot_ws/install/rplidar_ros/share/rplidar_ros/hook/cmake_prefix_path.ps1'
[1.743s] INFO:colcon.colcon_core.shell:Creating environment descriptor '/home/ana/robot_ws/install/rplidar_ros/share/rplidar_ros/hook/cmake_prefix_path.dsv'
[1.743s] INFO:colcon.colcon_core.shell:Creating environment hook '/home/ana/robot_ws/install/rplidar_ros/share/rplidar_ros/hook/cmake_prefix_path.sh'
[1.744s] Level 1:colcon.colcon_core.environment:checking '/home/ana/robot_ws/install/rplidar_ros/lib'
[1.745s] Level 1:colcon.colcon_core.environment:checking '/home/ana/robot_ws/install/rplidar_ros/bin'
[1.745s] Level 1:colcon.colcon_core.environment:checking '/home/ana/robot_ws/install/rplidar_ros/lib/pkgconfig/rplidar_ros.pc'
[1.745s] Level 1:colcon.colcon_core.environment:checking '/home/ana/robot_ws/install/rplidar_ros/lib/python3.10/site-packages'
[1.745s] Level 1:colcon.colcon_core.environment:checking '/home/ana/robot_ws/install/rplidar_ros/bin'
[1.746s] INFO:colcon.colcon_core.shell:Creating package script '/home/ana/robot_ws/install/rplidar_ros/share/rplidar_ros/package.ps1'
[1.747s] INFO:colcon.colcon_core.shell:Creating package descriptor '/home/ana/robot_ws/install/rplidar_ros/share/rplidar_ros/package.dsv'
[1.748s] INFO:colcon.colcon_core.shell:Creating package script '/home/ana/robot_ws/install/rplidar_ros/share/rplidar_ros/package.sh'
[1.748s] INFO:colcon.colcon_core.shell:Creating package script '/home/ana/robot_ws/install/rplidar_ros/share/rplidar_ros/package.bash'
[1.749s] INFO:colcon.colcon_core.shell:Creating package script '/home/ana/robot_ws/install/rplidar_ros/share/rplidar_ros/package.zsh'
[1.750s] Level 1:colcon.colcon_core.environment:create_file_with_runtime_dependencies(/home/ana/robot_ws/install/rplidar_ros/share/colcon-core/packages/rplidar_ros)
[1.751s] Level 1:colcon.colcon_core.environment:create_environment_scripts_only(test_package)
[1.752s] Level 1:colcon.colcon_core.environment:checking '/home/ana/robot_ws/install/test_package' for CMake module files
[1.754s] DEBUG:colcon.colcon_core.event_handler.log_command:Invoked command in '/home/ana/robot_ws/build/test_package' returned '0': CMAKE_PREFIX_PATH=${CMAKE_PREFIX_PATH}:/opt/ros/humble:/home/ana/robot_ws/install/py_pubsub:/home/ana/robot_ws/install/firebot_py /usr/bin/cmake --install /home/ana/robot_ws/build/test_package
[1.755s] Level 1:colcon.colcon_core.environment:checking '/home/ana/robot_ws/install/test_package' for CMake config files
[1.755s] Level 1:colcon.colcon_core.shell:create_environment_hook('test_package', 'cmake_prefix_path')
[1.756s] INFO:colcon.colcon_core.shell:Creating environment hook '/home/ana/robot_ws/install/test_package/share/test_package/hook/cmake_prefix_path.ps1'
[1.757s] INFO:colcon.colcon_core.shell:Creating environment descriptor '/home/ana/robot_ws/install/test_package/share/test_package/hook/cmake_prefix_path.dsv'
[1.758s] INFO:colcon.colcon_core.shell:Creating environment hook '/home/ana/robot_ws/install/test_package/share/test_package/hook/cmake_prefix_path.sh'
[1.759s] Level 1:colcon.colcon_core.environment:checking '/home/ana/robot_ws/install/test_package/lib'
[1.759s] Level 1:colcon.colcon_core.environment:checking '/home/ana/robot_ws/install/test_package/bin'
[1.759s] Level 1:colcon.colcon_core.environment:checking '/home/ana/robot_ws/install/test_package/lib/pkgconfig/test_package.pc'
[1.759s] Level 1:colcon.colcon_core.environment:checking '/home/ana/robot_ws/install/test_package/lib/python3.10/site-packages'
[1.760s] Level 1:colcon.colcon_core.environment:checking '/home/ana/robot_ws/install/test_package/bin'
[1.760s] INFO:colcon.colcon_core.shell:Creating package script '/home/ana/robot_ws/install/test_package/share/test_package/package.ps1'
[1.762s] INFO:colcon.colcon_core.shell:Creating package descriptor '/home/ana/robot_ws/install/test_package/share/test_package/package.dsv'
[1.763s] INFO:colcon.colcon_core.shell:Creating package script '/home/ana/robot_ws/install/test_package/share/test_package/package.sh'
[1.764s] INFO:colcon.colcon_core.shell:Creating package script '/home/ana/robot_ws/install/test_package/share/test_package/package.bash'
[1.765s] INFO:colcon.colcon_core.shell:Creating package script '/home/ana/robot_ws/install/test_package/share/test_package/package.zsh'
[1.766s] Level 1:colcon.colcon_core.environment:create_file_with_runtime_dependencies(/home/ana/robot_ws/install/test_package/share/colcon-core/packages/test_package)
[1.768s] Level 1:colcon.colcon_core.environment:create_environment_scripts_only(test_package)
[1.768s] Level 1:colcon.colcon_core.environment:checking '/home/ana/robot_ws/install/test_package' for CMake module files
[1.769s] Level 1:colcon.colcon_core.environment:checking '/home/ana/robot_ws/install/test_package' for CMake config files
[1.769s] Level 1:colcon.colcon_core.shell:create_environment_hook('test_package', 'cmake_prefix_path')
[1.770s] INFO:colcon.colcon_core.shell:Creating environment hook '/home/ana/robot_ws/install/test_package/share/test_package/hook/cmake_prefix_path.ps1'
[1.771s] INFO:colcon.colcon_core.shell:Creating environment descriptor '/home/ana/robot_ws/install/test_package/share/test_package/hook/cmake_prefix_path.dsv'
[1.771s] INFO:colcon.colcon_core.shell:Creating environment hook '/home/ana/robot_ws/install/test_package/share/test_package/hook/cmake_prefix_path.sh'
[1.772s] Level 1:colcon.colcon_core.environment:checking '/home/ana/robot_ws/install/test_package/lib'
[1.772s] Level 1:colcon.colcon_core.environment:checking '/home/ana/robot_ws/install/test_package/bin'
[1.772s] Level 1:colcon.colcon_core.environment:checking '/home/ana/robot_ws/install/test_package/lib/pkgconfig/test_package.pc'
[1.773s] Level 1:colcon.colcon_core.environment:checking '/home/ana/robot_ws/install/test_package/lib/python3.10/site-packages'
[1.773s] Level 1:colcon.colcon_core.environment:checking '/home/ana/robot_ws/install/test_package/bin'
[1.774s] INFO:colcon.colcon_core.shell:Creating package script '/home/ana/robot_ws/install/test_package/share/test_package/package.ps1'
[1.775s] INFO:colcon.colcon_core.shell:Creating package descriptor '/home/ana/robot_ws/install/test_package/share/test_package/package.dsv'
[1.776s] INFO:colcon.colcon_core.shell:Creating package script '/home/ana/robot_ws/install/test_package/share/test_package/package.sh'
[1.777s] INFO:colcon.colcon_core.shell:Creating package script '/home/ana/robot_ws/install/test_package/share/test_package/package.bash'
[1.778s] INFO:colcon.colcon_core.shell:Creating package script '/home/ana/robot_ws/install/test_package/share/test_package/package.zsh'
[1.779s] Level 1:colcon.colcon_core.environment:create_file_with_runtime_dependencies(/home/ana/robot_ws/install/test_package/share/colcon-core/packages/test_package)
[1.782s] Level 1:colcon.colcon_core.environment:create_environment_scripts_only(serial)
[1.783s] Level 1:colcon.colcon_core.environment:checking '/home/ana/robot_ws/install/serial' for CMake module files
[1.784s] DEBUG:colcon.colcon_core.event_handler.log_command:Invoked command in '/home/ana/robot_ws/build/serial' returned '0': CMAKE_PREFIX_PATH=${CMAKE_PREFIX_PATH}:/opt/ros/humble:/home/ana/robot_ws/install/py_pubsub:/home/ana/robot_ws/install/firebot_py /usr/bin/cmake --install /home/ana/robot_ws/build/serial
[1.785s] Level 1:colcon.colcon_core.environment:checking '/home/ana/robot_ws/install/serial' for CMake config files
[1.786s] Level 1:colcon.colcon_core.shell:create_environment_hook('serial', 'cmake_prefix_path')
[1.787s] INFO:colcon.colcon_core.shell:Creating environment hook '/home/ana/robot_ws/install/serial/share/serial/hook/cmake_prefix_path.ps1'
[1.788s] INFO:colcon.colcon_core.shell:Creating environment descriptor '/home/ana/robot_ws/install/serial/share/serial/hook/cmake_prefix_path.dsv'
[1.789s] INFO:colcon.colcon_core.shell:Creating environment hook '/home/ana/robot_ws/install/serial/share/serial/hook/cmake_prefix_path.sh'
[1.790s] Level 1:colcon.colcon_core.environment:checking '/home/ana/robot_ws/install/serial/lib'
[1.791s] Level 1:colcon.colcon_core.environment:checking '/home/ana/robot_ws/install/serial/bin'
[1.791s] Level 1:colcon.colcon_core.environment:checking '/home/ana/robot_ws/install/serial/lib/pkgconfig/serial.pc'
[1.791s] Level 1:colcon.colcon_core.environment:checking '/home/ana/robot_ws/install/serial/lib/python3.10/site-packages'
[1.792s] Level 1:colcon.colcon_core.environment:checking '/home/ana/robot_ws/install/serial/bin'
[1.793s] INFO:colcon.colcon_core.shell:Creating package script '/home/ana/robot_ws/install/serial/share/serial/package.ps1'
[1.794s] INFO:colcon.colcon_core.shell:Creating package descriptor '/home/ana/robot_ws/install/serial/share/serial/package.dsv'
[1.795s] INFO:colcon.colcon_core.shell:Creating package script '/home/ana/robot_ws/install/serial/share/serial/package.sh'
[1.795s] INFO:colcon.colcon_core.shell:Creating package script '/home/ana/robot_ws/install/serial/share/serial/package.bash'
[1.796s] INFO:colcon.colcon_core.shell:Creating package script '/home/ana/robot_ws/install/serial/share/serial/package.zsh'
[1.797s] Level 1:colcon.colcon_core.environment:create_file_with_runtime_dependencies(/home/ana/robot_ws/install/serial/share/colcon-core/packages/serial)
[1.798s] Level 1:colcon.colcon_core.environment:create_environment_scripts_only(serial)
[1.799s] Level 1:colcon.colcon_core.environment:checking '/home/ana/robot_ws/install/serial' for CMake module files
[1.800s] Level 1:colcon.colcon_core.environment:checking '/home/ana/robot_ws/install/serial' for CMake config files
[1.800s] Level 1:colcon.colcon_core.shell:create_environment_hook('serial', 'cmake_prefix_path')
[1.801s] INFO:colcon.colcon_core.shell:Creating environment hook '/home/ana/robot_ws/install/serial/share/serial/hook/cmake_prefix_path.ps1'
[1.802s] INFO:colcon.colcon_core.shell:Creating environment descriptor '/home/ana/robot_ws/install/serial/share/serial/hook/cmake_prefix_path.dsv'
[1.802s] INFO:colcon.colcon_core.shell:Creating environment hook '/home/ana/robot_ws/install/serial/share/serial/hook/cmake_prefix_path.sh'
[1.803s] Level 1:colcon.colcon_core.environment:checking '/home/ana/robot_ws/install/serial/lib'
[1.803s] Level 1:colcon.colcon_core.environment:checking '/home/ana/robot_ws/install/serial/bin'
[1.804s] Level 1:colcon.colcon_core.environment:checking '/home/ana/robot_ws/install/serial/lib/pkgconfig/serial.pc'
[1.804s] Level 1:colcon.colcon_core.environment:checking '/home/ana/robot_ws/install/serial/lib/python3.10/site-packages'
[1.804s] Level 1:colcon.colcon_core.environment:checking '/home/ana/robot_ws/install/serial/bin'
[1.805s] INFO:colcon.colcon_core.shell:Creating package script '/home/ana/robot_ws/install/serial/share/serial/package.ps1'
[1.806s] INFO:colcon.colcon_core.shell:Creating package descriptor '/home/ana/robot_ws/install/serial/share/serial/package.dsv'
[1.807s] INFO:colcon.colcon_core.shell:Creating package script '/home/ana/robot_ws/install/serial/share/serial/package.sh'
[1.808s] INFO:colcon.colcon_core.shell:Creating package script '/home/ana/robot_ws/install/serial/share/serial/package.bash'
[1.809s] INFO:colcon.colcon_core.shell:Creating package script '/home/ana/robot_ws/install/serial/share/serial/package.zsh'
[1.809s] Level 1:colcon.colcon_core.environment:create_file_with_runtime_dependencies(/home/ana/robot_ws/install/serial/share/colcon-core/packages/serial)
[1.810s] Level 1:colcon.colcon_core.environment:create_environment_scripts_only(ros2_control_demo_example_2)
[1.810s] Level 1:colcon.colcon_core.environment:checking '/home/ana/robot_ws/install/ros2_control_demo_example_2' for CMake module files
[1.812s] Level 1:colcon.colcon_core.environment:checking '/home/ana/robot_ws/install/ros2_control_demo_example_2' for CMake config files
[1.813s] DEBUG:colcon.colcon_core.event_handler.log_command:Invoked command in '/home/ana/robot_ws/build/ros2_control_demo_example_2' returned '0': CMAKE_PREFIX_PATH=${CMAKE_PREFIX_PATH}:/opt/ros/humble:/home/ana/robot_ws/install/py_pubsub:/home/ana/robot_ws/install/firebot_py /usr/bin/cmake --install /home/ana/robot_ws/build/ros2_control_demo_example_2
[1.813s] Level 1:colcon.colcon_core.shell:create_environment_hook('ros2_control_demo_example_2', 'cmake_prefix_path')
[1.814s] INFO:colcon.colcon_core.shell:Creating environment hook '/home/ana/robot_ws/install/ros2_control_demo_example_2/share/ros2_control_demo_example_2/hook/cmake_prefix_path.ps1'
[1.815s] INFO:colcon.colcon_core.shell:Creating environment descriptor '/home/ana/robot_ws/install/ros2_control_demo_example_2/share/ros2_control_demo_example_2/hook/cmake_prefix_path.dsv'
[1.816s] INFO:colcon.colcon_core.shell:Creating environment hook '/home/ana/robot_ws/install/ros2_control_demo_example_2/share/ros2_control_demo_example_2/hook/cmake_prefix_path.sh'
[1.818s] Level 1:colcon.colcon_core.environment:checking '/home/ana/robot_ws/install/ros2_control_demo_example_2/lib'
[1.818s] Level 1:colcon.colcon_core.shell:create_environment_hook('ros2_control_demo_example_2', 'ld_library_path_lib')
[1.819s] INFO:colcon.colcon_core.shell:Creating environment hook '/home/ana/robot_ws/install/ros2_control_demo_example_2/share/ros2_control_demo_example_2/hook/ld_library_path_lib.ps1'
[1.821s] INFO:colcon.colcon_core.shell:Creating environment descriptor '/home/ana/robot_ws/install/ros2_control_demo_example_2/share/ros2_control_demo_example_2/hook/ld_library_path_lib.dsv'
[1.822s] INFO:colcon.colcon_core.shell:Creating environment hook '/home/ana/robot_ws/install/ros2_control_demo_example_2/share/ros2_control_demo_example_2/hook/ld_library_path_lib.sh'
[1.823s] Level 1:colcon.colcon_core.environment:checking '/home/ana/robot_ws/install/ros2_control_demo_example_2/bin'
[1.823s] Level 1:colcon.colcon_core.environment:checking '/home/ana/robot_ws/install/ros2_control_demo_example_2/lib/pkgconfig/ros2_control_demo_example_2.pc'
[1.823s] Level 1:colcon.colcon_core.environment:checking '/home/ana/robot_ws/install/ros2_control_demo_example_2/lib/python3.10/site-packages'
[1.824s] Level 1:colcon.colcon_core.environment:checking '/home/ana/robot_ws/install/ros2_control_demo_example_2/bin'
[1.825s] INFO:colcon.colcon_core.shell:Creating package script '/home/ana/robot_ws/install/ros2_control_demo_example_2/share/ros2_control_demo_example_2/package.ps1'
[1.825s] INFO:colcon.colcon_core.shell:Creating package descriptor '/home/ana/robot_ws/install/ros2_control_demo_example_2/share/ros2_control_demo_example_2/package.dsv'
[1.826s] INFO:colcon.colcon_core.shell:Creating package script '/home/ana/robot_ws/install/ros2_control_demo_example_2/share/ros2_control_demo_example_2/package.sh'
[1.827s] INFO:colcon.colcon_core.shell:Creating package script '/home/ana/robot_ws/install/ros2_control_demo_example_2/share/ros2_control_demo_example_2/package.bash'
[1.828s] INFO:colcon.colcon_core.shell:Creating package script '/home/ana/robot_ws/install/ros2_control_demo_example_2/share/ros2_control_demo_example_2/package.zsh'
[1.828s] Level 1:colcon.colcon_core.environment:create_file_with_runtime_dependencies(/home/ana/robot_ws/install/ros2_control_demo_example_2/share/colcon-core/packages/ros2_control_demo_example_2)
[1.829s] Level 1:colcon.colcon_core.environment:create_environment_scripts_only(ros2_control_demo_example_2)
[1.830s] Level 1:colcon.colcon_core.environment:checking '/home/ana/robot_ws/install/ros2_control_demo_example_2' for CMake module files
[1.831s] Level 1:colcon.colcon_core.environment:checking '/home/ana/robot_ws/install/ros2_control_demo_example_2' for CMake config files
[1.831s] Level 1:colcon.colcon_core.shell:create_environment_hook('ros2_control_demo_example_2', 'cmake_prefix_path')
[1.831s] INFO:colcon.colcon_core.shell:Creating environment hook '/home/ana/robot_ws/install/ros2_control_demo_example_2/share/ros2_control_demo_example_2/hook/cmake_prefix_path.ps1'
[1.833s] INFO:colcon.colcon_core.shell:Creating environment descriptor '/home/ana/robot_ws/install/ros2_control_demo_example_2/share/ros2_control_demo_example_2/hook/cmake_prefix_path.dsv'
[1.834s] INFO:colcon.colcon_core.shell:Creating environment hook '/home/ana/robot_ws/install/ros2_control_demo_example_2/share/ros2_control_demo_example_2/hook/cmake_prefix_path.sh'
[1.835s] Level 1:colcon.colcon_core.environment:checking '/home/ana/robot_ws/install/ros2_control_demo_example_2/lib'
[1.835s] Level 1:colcon.colcon_core.shell:create_environment_hook('ros2_control_demo_example_2', 'ld_library_path_lib')
[1.836s] INFO:colcon.colcon_core.shell:Creating environment hook '/home/ana/robot_ws/install/ros2_control_demo_example_2/share/ros2_control_demo_example_2/hook/ld_library_path_lib.ps1'
[1.837s] INFO:colcon.colcon_core.shell:Creating environment descriptor '/home/ana/robot_ws/install/ros2_control_demo_example_2/share/ros2_control_demo_example_2/hook/ld_library_path_lib.dsv'
[1.837s] INFO:colcon.colcon_core.shell:Creating environment hook '/home/ana/robot_ws/install/ros2_control_demo_example_2/share/ros2_control_demo_example_2/hook/ld_library_path_lib.sh'
[1.838s] Level 1:colcon.colcon_core.environment:checking '/home/ana/robot_ws/install/ros2_control_demo_example_2/bin'
[1.838s] Level 1:colcon.colcon_core.environment:checking '/home/ana/robot_ws/install/ros2_control_demo_example_2/lib/pkgconfig/ros2_control_demo_example_2.pc'
[1.839s] Level 1:colcon.colcon_core.environment:checking '/home/ana/robot_ws/install/ros2_control_demo_example_2/lib/python3.10/site-packages'
[1.839s] Level 1:colcon.colcon_core.environment:checking '/home/ana/robot_ws/install/ros2_control_demo_example_2/bin'
[1.840s] INFO:colcon.colcon_core.shell:Creating package script '/home/ana/robot_ws/install/ros2_control_demo_example_2/share/ros2_control_demo_example_2/package.ps1'
[1.841s] INFO:colcon.colcon_core.shell:Creating package descriptor '/home/ana/robot_ws/install/ros2_control_demo_example_2/share/ros2_control_demo_example_2/package.dsv'
[1.842s] INFO:colcon.colcon_core.shell:Creating package script '/home/ana/robot_ws/install/ros2_control_demo_example_2/share/ros2_control_demo_example_2/package.sh'
[1.843s] INFO:colcon.colcon_core.shell:Creating package script '/home/ana/robot_ws/install/ros2_control_demo_example_2/share/ros2_control_demo_example_2/package.bash'
[1.843s] INFO:colcon.colcon_core.shell:Creating package script '/home/ana/robot_ws/install/ros2_control_demo_example_2/share/ros2_control_demo_example_2/package.zsh'
[1.844s] Level 1:colcon.colcon_core.environment:create_file_with_runtime_dependencies(/home/ana/robot_ws/install/ros2_control_demo_example_2/share/colcon-core/packages/ros2_control_demo_example_2)
[2.162s] DEBUG:colcon.colcon_core.event_handler.log_command:Invoking command in '/home/ana/robot_ws/build/firebot_py': PYTHONPATH=/home/ana/robot_ws/build/firebot_py/prefix_override:/usr/lib/python3/dist-packages/colcon_core/task/python/colcon_distutils_commands:/home/ana/robot_ws/install/firebot_py/lib/python3.10/site-packages:${PYTHONPATH} /usr/bin/python3 -W ignore:setup.py install is deprecated -W ignore:easy_install command is deprecated setup.py develop --editable --build-directory /home/ana/robot_ws/build/firebot_py/build --no-deps symlink_data
[2.179s] DEBUG:colcon.colcon_core.event_handler.log_command:Invoking command in '/home/ana/robot_ws/build/py_pubsub': PYTHONPATH=/home/ana/robot_ws/build/py_pubsub/prefix_override:/usr/lib/python3/dist-packages/colcon_core/task/python/colcon_distutils_commands:/home/ana/robot_ws/install/py_pubsub/lib/python3.10/site-packages:${PYTHONPATH} /usr/bin/python3 -W ignore:setup.py install is deprecated -W ignore:easy_install command is deprecated setup.py develop --editable --build-directory /home/ana/robot_ws/build/py_pubsub/build --no-deps symlink_data
[2.839s] Level 1:colcon.colcon_core.shell:create_environment_hook('firebot_py', 'pythonpath_develop')
[2.840s] INFO:colcon.colcon_core.shell:Creating environment hook '/home/ana/robot_ws/build/firebot_py/share/firebot_py/hook/pythonpath_develop.ps1'
[2.841s] DEBUG:colcon.colcon_core.event_handler.log_command:Invoked command in '/home/ana/robot_ws/build/firebot_py' returned '0': PYTHONPATH=/home/ana/robot_ws/build/firebot_py/prefix_override:/usr/lib/python3/dist-packages/colcon_core/task/python/colcon_distutils_commands:/home/ana/robot_ws/install/firebot_py/lib/python3.10/site-packages:${PYTHONPATH} /usr/bin/python3 -W ignore:setup.py install is deprecated -W ignore:easy_install command is deprecated setup.py develop --editable --build-directory /home/ana/robot_ws/build/firebot_py/build --no-deps symlink_data
[2.842s] INFO:colcon.colcon_core.shell:Creating environment descriptor '/home/ana/robot_ws/build/firebot_py/share/firebot_py/hook/pythonpath_develop.dsv'
[2.842s] INFO:colcon.colcon_core.shell:Creating environment hook '/home/ana/robot_ws/build/firebot_py/share/firebot_py/hook/pythonpath_develop.sh'
[2.843s] Level 1:colcon.colcon_core.environment:checking '/home/ana/robot_ws/install/firebot_py' for CMake module files
[2.844s] Level 1:colcon.colcon_core.environment:checking '/home/ana/robot_ws/install/firebot_py' for CMake config files
[2.845s] Level 1:colcon.colcon_core.environment:checking '/home/ana/robot_ws/install/firebot_py/lib'
[2.845s] Level 1:colcon.colcon_core.environment:checking '/home/ana/robot_ws/install/firebot_py/bin'
[2.845s] Level 1:colcon.colcon_core.environment:checking '/home/ana/robot_ws/install/firebot_py/lib/pkgconfig/firebot_py.pc'
[2.846s] Level 1:colcon.colcon_core.environment:checking '/home/ana/robot_ws/install/firebot_py/lib/python3.10/site-packages'
[2.846s] Level 1:colcon.colcon_core.shell:create_environment_hook('firebot_py', 'pythonpath')
[2.846s] INFO:colcon.colcon_core.shell:Creating environment hook '/home/ana/robot_ws/install/firebot_py/share/firebot_py/hook/pythonpath.ps1'
[2.847s] INFO:colcon.colcon_core.shell:Creating environment descriptor '/home/ana/robot_ws/install/firebot_py/share/firebot_py/hook/pythonpath.dsv'
[2.847s] INFO:colcon.colcon_core.shell:Creating environment hook '/home/ana/robot_ws/install/firebot_py/share/firebot_py/hook/pythonpath.sh'
[2.848s] Level 1:colcon.colcon_core.environment:checking '/home/ana/robot_ws/install/firebot_py/bin'
[2.848s] Level 1:colcon.colcon_core.environment:create_environment_scripts_only(firebot_py)
[2.849s] INFO:colcon.colcon_core.shell:Creating package script '/home/ana/robot_ws/install/firebot_py/share/firebot_py/package.ps1'
[2.849s] INFO:colcon.colcon_core.shell:Creating package descriptor '/home/ana/robot_ws/install/firebot_py/share/firebot_py/package.dsv'
[2.850s] INFO:colcon.colcon_core.shell:Creating package script '/home/ana/robot_ws/install/firebot_py/share/firebot_py/package.sh'
[2.850s] INFO:colcon.colcon_core.shell:Creating package script '/home/ana/robot_ws/install/firebot_py/share/firebot_py/package.bash'
[2.851s] INFO:colcon.colcon_core.shell:Creating package script '/home/ana/robot_ws/install/firebot_py/share/firebot_py/package.zsh'
[2.851s] Level 1:colcon.colcon_core.environment:create_file_with_runtime_dependencies(/home/ana/robot_ws/install/firebot_py/share/colcon-core/packages/firebot_py)
[2.852s] Level 1:colcon.colcon_core.shell:create_environment_hook('py_pubsub', 'pythonpath_develop')
[2.853s] INFO:colcon.colcon_core.shell:Creating environment hook '/home/ana/robot_ws/build/py_pubsub/share/py_pubsub/hook/pythonpath_develop.ps1'
[2.854s] DEBUG:colcon.colcon_core.event_handler.log_command:Invoked command in '/home/ana/robot_ws/build/py_pubsub' returned '0': PYTHONPATH=/home/ana/robot_ws/build/py_pubsub/prefix_override:/usr/lib/python3/dist-packages/colcon_core/task/python/colcon_distutils_commands:/home/ana/robot_ws/install/py_pubsub/lib/python3.10/site-packages:${PYTHONPATH} /usr/bin/python3 -W ignore:setup.py install is deprecated -W ignore:easy_install command is deprecated setup.py develop --editable --build-directory /home/ana/robot_ws/build/py_pubsub/build --no-deps symlink_data
[2.854s] INFO:colcon.colcon_core.shell:Creating environment descriptor '/home/ana/robot_ws/build/py_pubsub/share/py_pubsub/hook/pythonpath_develop.dsv'
[2.855s] INFO:colcon.colcon_core.shell:Creating environment hook '/home/ana/robot_ws/build/py_pubsub/share/py_pubsub/hook/pythonpath_develop.sh'
[2.856s] Level 1:colcon.colcon_core.environment:checking '/home/ana/robot_ws/install/py_pubsub' for CMake module files
[2.856s] Level 1:colcon.colcon_core.environment:checking '/home/ana/robot_ws/install/py_pubsub' for CMake config files
[2.857s] Level 1:colcon.colcon_core.environment:checking '/home/ana/robot_ws/install/py_pubsub/lib'
[2.857s] Level 1:colcon.colcon_core.environment:checking '/home/ana/robot_ws/install/py_pubsub/bin'
[2.857s] Level 1:colcon.colcon_core.environment:checking '/home/ana/robot_ws/install/py_pubsub/lib/pkgconfig/py_pubsub.pc'
[2.857s] Level 1:colcon.colcon_core.environment:checking '/home/ana/robot_ws/install/py_pubsub/lib/python3.10/site-packages'
[2.857s] Level 1:colcon.colcon_core.shell:create_environment_hook('py_pubsub', 'pythonpath')
[2.858s] INFO:colcon.colcon_core.shell:Creating environment hook '/home/ana/robot_ws/install/py_pubsub/share/py_pubsub/hook/pythonpath.ps1'
[2.858s] INFO:colcon.colcon_core.shell:Creating environment descriptor '/home/ana/robot_ws/install/py_pubsub/share/py_pubsub/hook/pythonpath.dsv'
[2.859s] INFO:colcon.colcon_core.shell:Creating environment hook '/home/ana/robot_ws/install/py_pubsub/share/py_pubsub/hook/pythonpath.sh'
[2.859s] Level 1:colcon.colcon_core.environment:checking '/home/ana/robot_ws/install/py_pubsub/bin'
[2.859s] Level 1:colcon.colcon_core.environment:create_environment_scripts_only(py_pubsub)
[2.860s] INFO:colcon.colcon_core.shell:Creating package script '/home/ana/robot_ws/install/py_pubsub/share/py_pubsub/package.ps1'
[2.861s] INFO:colcon.colcon_core.shell:Creating package descriptor '/home/ana/robot_ws/install/py_pubsub/share/py_pubsub/package.dsv'
[2.861s] INFO:colcon.colcon_core.shell:Creating package script '/home/ana/robot_ws/install/py_pubsub/share/py_pubsub/package.sh'
[2.862s] INFO:colcon.colcon_core.shell:Creating package script '/home/ana/robot_ws/install/py_pubsub/share/py_pubsub/package.bash'
[2.862s] INFO:colcon.colcon_core.shell:Creating package script '/home/ana/robot_ws/install/py_pubsub/share/py_pubsub/package.zsh'
[2.863s] Level 1:colcon.colcon_core.environment:create_file_with_runtime_dependencies(/home/ana/robot_ws/install/py_pubsub/share/colcon-core/packages/py_pubsub)
[2.863s] DEBUG:colcon.colcon_parallel_executor.executor.parallel:closing loop
[2.863s] DEBUG:colcon.colcon_parallel_executor.executor.parallel:loop closed
[2.863s] DEBUG:colcon.colcon_parallel_executor.executor.parallel:run_until_complete finished with '0'
[2.863s] DEBUG:colcon.colcon_core.event_reactor:joining thread
[2.872s] INFO:colcon.colcon_core.plugin_system:Skipping extension 'colcon_notification.desktop_notification.terminal_notifier': Not used on non-Darwin systems
[2.872s] INFO:colcon.colcon_core.plugin_system:Skipping extension 'colcon_notification.desktop_notification.win32': Not used on non-Windows systems
[2.872s] INFO:colcon.colcon_notification.desktop_notification:Sending desktop notification using 'notify2'
[2.888s] DEBUG:colcon.colcon_core.event_reactor:joined thread
[2.888s] INFO:colcon.colcon_core.shell:Creating prefix script '/home/ana/robot_ws/install/local_setup.ps1'
[2.890s] INFO:colcon.colcon_core.shell:Creating prefix util module '/home/ana/robot_ws/install/_local_setup_util_ps1.py'
[2.892s] INFO:colcon.colcon_core.shell:Creating prefix chain script '/home/ana/robot_ws/install/setup.ps1'
[2.894s] INFO:colcon.colcon_core.shell:Creating prefix script '/home/ana/robot_ws/install/local_setup.sh'
[2.895s] INFO:colcon.colcon_core.shell:Creating prefix util module '/home/ana/robot_ws/install/_local_setup_util_sh.py'
[2.896s] INFO:colcon.colcon_core.shell:Creating prefix chain script '/home/ana/robot_ws/install/setup.sh'
[2.898s] INFO:colcon.colcon_core.shell:Creating prefix script '/home/ana/robot_ws/install/local_setup.bash'
[2.899s] INFO:colcon.colcon_core.shell:Creating prefix chain script '/home/ana/robot_ws/install/setup.bash'
[2.901s] INFO:colcon.colcon_core.shell:Creating prefix script '/home/ana/robot_ws/install/local_setup.zsh'
[2.902s] INFO:colcon.colcon_core.shell:Creating prefix chain script '/home/ana/robot_ws/install/setup.zsh'
