[1.472s] Invoking command in '/home/ana/robot_ws/build/firebot_py': PYTHONPATH=/home/ana/robot_ws/build/firebot_py/prefix_override:/usr/lib/python3/dist-packages/colcon_core/task/python/colcon_distutils_commands:/home/ana/robot_ws/install/firebot_py/lib/python3.10/site-packages:${PYTHONPATH} /usr/bin/python3 -W ignore:setup.py install is deprecated -W ignore:easy_install command is deprecated setup.py develop --editable --build-directory /home/ana/robot_ws/build/firebot_py/build --no-deps symlink_data
[1.824s] running develop
[2.030s] running egg_info
[2.030s] writing firebot_py.egg-info/PKG-INFO
[2.030s] writing dependency_links to firebot_py.egg-info/dependency_links.txt
[2.030s] writing entry points to firebot_py.egg-info/entry_points.txt
[2.030s] writing requirements to firebot_py.egg-info/requires.txt
[2.030s] writing top-level names to firebot_py.egg-info/top_level.txt
[2.033s] reading manifest file 'firebot_py.egg-info/SOURCES.txt'
[2.034s] writing manifest file 'firebot_py.egg-info/SOURCES.txt'
[2.036s] running build_ext
[2.037s] Creating /home/ana/robot_ws/install/firebot_py/lib/python3.10/site-packages/firebot-py.egg-link (link to .)
[2.038s] Installing cmd_vel_stamper script to /home/ana/robot_ws/install/firebot_py/lib/firebot_py
[2.039s] Installing lidar_node script to /home/ana/robot_ws/install/firebot_py/lib/firebot_py
[2.039s] Installing navigation_control script to /home/ana/robot_ws/install/firebot_py/lib/firebot_py
[2.039s] Installing random_nav_node script to /home/ana/robot_ws/install/firebot_py/lib/firebot_py
[2.039s] Installing slam_mapping script to /home/ana/robot_ws/install/firebot_py/lib/firebot_py
[2.039s] Installing square_nav_node script to /home/ana/robot_ws/install/firebot_py/lib/firebot_py
[2.039s] Installing thermal_camera script to /home/ana/robot_ws/install/firebot_py/lib/firebot_py
[2.039s] Installing twist_stamper script to /home/ana/robot_ws/install/firebot_py/lib/firebot_py
[2.039s] 
[2.039s] Installed /home/ana/robot_ws/build/firebot_py
[2.040s] running symlink_data
[2.096s] Invoked command in '/home/ana/robot_ws/build/firebot_py' returned '0': PYTHONPATH=/home/ana/robot_ws/build/firebot_py/prefix_override:/usr/lib/python3/dist-packages/colcon_core/task/python/colcon_distutils_commands:/home/ana/robot_ws/install/firebot_py/lib/python3.10/site-packages:${PYTHONPATH} /usr/bin/python3 -W ignore:setup.py install is deprecated -W ignore:easy_install command is deprecated setup.py develop --editable --build-directory /home/ana/robot_ws/build/firebot_py/build --no-deps symlink_data
