[0.839s] DEBUG:colcon:Command line arguments: ['/usr/bin/colcon', 'build', '--symlink-install']
[0.839s] DEBUG:colcon:Parsed command line arguments: Namespace(log_base=None, log_level=None, verb_name='build', build_base='build', install_base='install', merge_install=False, symlink_install=True, test_result_base=None, continue_on_error=False, executor='parallel', parallel_workers=4, event_handlers=None, ignore_user_meta=False, metas=['./colcon.meta'], base_paths=['.'], packages_ignore=None, packages_ignore_regex=None, paths=None, packages_up_to=None, packages_up_to_regex=None, packages_above=None, packages_above_and_dependencies=None, packages_above_depth=None, packages_select_by_dep=None, packages_skip_by_dep=None, packages_skip_up_to=None, packages_select_build_failed=False, packages_skip_build_finished=False, packages_select_test_failures=False, packages_skip_test_passed=False, packages_select=None, packages_skip=None, packages_select_regex=None, packages_skip_regex=None, packages_start=None, packages_end=None, cmake_args=None, cmake_target=None, cmake_target_skip_unavailable=False, cmake_clean_cache=False, cmake_clean_first=False, cmake_force_configure=False, ament_cmake_args=None, catkin_cmake_args=None, catkin_skip_building_tests=False, verb_parser=<colcon_defaults.argument_parser.defaults.DefaultArgumentsDecorator object at 0x7fff1b0922d0>, verb_extension=<colcon_core.verb.build.BuildVerb object at 0x7fff1a46efd0>, main=<bound method BuildVerb.main of <colcon_core.verb.build.BuildVerb object at 0x7fff1a46efd0>>)
[1.005s] Level 1:colcon.colcon_core.package_discovery:discover_packages(colcon_meta) check parameters
[1.005s] Level 1:colcon.colcon_core.package_discovery:discover_packages(recursive) check parameters
[1.005s] Level 1:colcon.colcon_core.package_discovery:discover_packages(ignore) check parameters
[1.005s] Level 1:colcon.colcon_core.package_discovery:discover_packages(path) check parameters
[1.005s] Level 1:colcon.colcon_core.package_discovery:discover_packages(colcon_meta) discover
[1.005s] Level 1:colcon.colcon_core.package_discovery:discover_packages(recursive) discover
[1.005s] INFO:colcon.colcon_core.package_discovery:Crawling recursively for packages in '/home/utdr5/robot_ws'
[1.005s] Level 1:colcon.colcon_core.package_identification:_identify(.) by extensions ['ignore', 'ignore_ament_install']
[1.005s] Level 1:colcon.colcon_core.package_identification:_identify(.) by extension 'ignore'
[1.005s] Level 1:colcon.colcon_core.package_identification:_identify(.) by extension 'ignore_ament_install'
[1.005s] Level 1:colcon.colcon_core.package_identification:_identify(.) by extensions ['colcon_pkg']
[1.005s] Level 1:colcon.colcon_core.package_identification:_identify(.) by extension 'colcon_pkg'
[1.005s] Level 1:colcon.colcon_core.package_identification:_identify(.) by extensions ['colcon_meta']
[1.005s] Level 1:colcon.colcon_core.package_identification:_identify(.) by extension 'colcon_meta'
[1.005s] Level 1:colcon.colcon_core.package_identification:_identify(.) by extensions ['ros']
[1.006s] Level 1:colcon.colcon_core.package_identification:_identify(.) by extension 'ros'
[1.047s] Level 1:colcon.colcon_core.package_identification:_identify(.) by extensions ['cmake', 'python']
[1.047s] Level 1:colcon.colcon_core.package_identification:_identify(.) by extension 'cmake'
[1.047s] Level 1:colcon.colcon_core.package_identification:_identify(.) by extension 'python'
[1.047s] Level 1:colcon.colcon_core.package_identification:_identify(.) by extensions ['python_setup_py']
[1.047s] Level 1:colcon.colcon_core.package_identification:_identify(.) by extension 'python_setup_py'
[1.047s] Level 1:colcon.colcon_core.package_identification:_identify(build) by extensions ['ignore', 'ignore_ament_install']
[1.047s] Level 1:colcon.colcon_core.package_identification:_identify(build) by extension 'ignore'
[1.047s] Level 1:colcon.colcon_core.package_identification:_identify(build) ignored
[1.047s] Level 1:colcon.colcon_core.package_identification:_identify(install) by extensions ['ignore', 'ignore_ament_install']
[1.048s] Level 1:colcon.colcon_core.package_identification:_identify(install) by extension 'ignore'
[1.048s] Level 1:colcon.colcon_core.package_identification:_identify(install) ignored
[1.048s] Level 1:colcon.colcon_core.package_identification:_identify(log) by extensions ['ignore', 'ignore_ament_install']
[1.048s] Level 1:colcon.colcon_core.package_identification:_identify(log) by extension 'ignore'
[1.048s] Level 1:colcon.colcon_core.package_identification:_identify(log) ignored
[1.048s] Level 1:colcon.colcon_core.package_identification:_identify(src) by extensions ['ignore', 'ignore_ament_install']
[1.048s] Level 1:colcon.colcon_core.package_identification:_identify(src) by extension 'ignore'
[1.048s] Level 1:colcon.colcon_core.package_identification:_identify(src) by extension 'ignore_ament_install'
[1.048s] Level 1:colcon.colcon_core.package_identification:_identify(src) by extensions ['colcon_pkg']
[1.048s] Level 1:colcon.colcon_core.package_identification:_identify(src) by extension 'colcon_pkg'
[1.048s] Level 1:colcon.colcon_core.package_identification:_identify(src) by extensions ['colcon_meta']
[1.048s] Level 1:colcon.colcon_core.package_identification:_identify(src) by extension 'colcon_meta'
[1.048s] Level 1:colcon.colcon_core.package_identification:_identify(src) by extensions ['ros']
[1.048s] Level 1:colcon.colcon_core.package_identification:_identify(src) by extension 'ros'
[1.048s] Level 1:colcon.colcon_core.package_identification:_identify(src) by extensions ['cmake', 'python']
[1.048s] Level 1:colcon.colcon_core.package_identification:_identify(src) by extension 'cmake'
[1.048s] Level 1:colcon.colcon_core.package_identification:_identify(src) by extension 'python'
[1.048s] Level 1:colcon.colcon_core.package_identification:_identify(src) by extensions ['python_setup_py']
[1.048s] Level 1:colcon.colcon_core.package_identification:_identify(src) by extension 'python_setup_py'
[1.048s] Level 1:colcon.colcon_core.package_identification:_identify(src/ROSArduinoBridge) by extensions ['ignore', 'ignore_ament_install']
[1.048s] Level 1:colcon.colcon_core.package_identification:_identify(src/ROSArduinoBridge) by extension 'ignore'
[1.049s] Level 1:colcon.colcon_core.package_identification:_identify(src/ROSArduinoBridge) by extension 'ignore_ament_install'
[1.049s] Level 1:colcon.colcon_core.package_identification:_identify(src/ROSArduinoBridge) by extensions ['colcon_pkg']
[1.049s] Level 1:colcon.colcon_core.package_identification:_identify(src/ROSArduinoBridge) by extension 'colcon_pkg'
[1.049s] Level 1:colcon.colcon_core.package_identification:_identify(src/ROSArduinoBridge) by extensions ['colcon_meta']
[1.049s] Level 1:colcon.colcon_core.package_identification:_identify(src/ROSArduinoBridge) by extension 'colcon_meta'
[1.049s] Level 1:colcon.colcon_core.package_identification:_identify(src/ROSArduinoBridge) by extensions ['ros']
[1.049s] Level 1:colcon.colcon_core.package_identification:_identify(src/ROSArduinoBridge) by extension 'ros'
[1.049s] Level 1:colcon.colcon_core.package_identification:_identify(src/ROSArduinoBridge) by extensions ['cmake', 'python']
[1.049s] Level 1:colcon.colcon_core.package_identification:_identify(src/ROSArduinoBridge) by extension 'cmake'
[1.049s] Level 1:colcon.colcon_core.package_identification:_identify(src/ROSArduinoBridge) by extension 'python'
[1.049s] Level 1:colcon.colcon_core.package_identification:_identify(src/ROSArduinoBridge) by extensions ['python_setup_py']
[1.049s] Level 1:colcon.colcon_core.package_identification:_identify(src/ROSArduinoBridge) by extension 'python_setup_py'
[1.049s] Level 1:colcon.colcon_core.package_identification:_identify(src/articubot_one) by extensions ['ignore', 'ignore_ament_install']
[1.049s] Level 1:colcon.colcon_core.package_identification:_identify(src/articubot_one) by extension 'ignore'
[1.049s] Level 1:colcon.colcon_core.package_identification:_identify(src/articubot_one) by extension 'ignore_ament_install'
[1.049s] Level 1:colcon.colcon_core.package_identification:_identify(src/articubot_one) by extensions ['colcon_pkg']
[1.049s] Level 1:colcon.colcon_core.package_identification:_identify(src/articubot_one) by extension 'colcon_pkg'
[1.049s] Level 1:colcon.colcon_core.package_identification:_identify(src/articubot_one) by extensions ['colcon_meta']
[1.049s] Level 1:colcon.colcon_core.package_identification:_identify(src/articubot_one) by extension 'colcon_meta'
[1.049s] Level 1:colcon.colcon_core.package_identification:_identify(src/articubot_one) by extensions ['ros']
[1.049s] Level 1:colcon.colcon_core.package_identification:_identify(src/articubot_one) by extension 'ros'
[1.053s] DEBUG:colcon.colcon_core.package_identification:Package 'src/articubot_one' with type 'ros.ament_cmake' and name 'articubot_one'
[1.053s] Level 1:colcon.colcon_core.package_identification:_identify(src/example_2) by extensions ['ignore', 'ignore_ament_install']
[1.054s] Level 1:colcon.colcon_core.package_identification:_identify(src/example_2) by extension 'ignore'
[1.054s] Level 1:colcon.colcon_core.package_identification:_identify(src/example_2) by extension 'ignore_ament_install'
[1.054s] Level 1:colcon.colcon_core.package_identification:_identify(src/example_2) by extensions ['colcon_pkg']
[1.054s] Level 1:colcon.colcon_core.package_identification:_identify(src/example_2) by extension 'colcon_pkg'
[1.054s] Level 1:colcon.colcon_core.package_identification:_identify(src/example_2) by extensions ['colcon_meta']
[1.054s] Level 1:colcon.colcon_core.package_identification:_identify(src/example_2) by extension 'colcon_meta'
[1.054s] Level 1:colcon.colcon_core.package_identification:_identify(src/example_2) by extensions ['ros']
[1.054s] Level 1:colcon.colcon_core.package_identification:_identify(src/example_2) by extension 'ros'
[1.056s] DEBUG:colcon.colcon_core.package_identification:Package 'src/example_2' with type 'ros.ament_cmake' and name 'ros2_control_demo_example_2'
[1.056s] Level 1:colcon.colcon_core.package_identification:_identify(src/firebot_cpp) by extensions ['ignore', 'ignore_ament_install']
[1.056s] Level 1:colcon.colcon_core.package_identification:_identify(src/firebot_cpp) by extension 'ignore'
[1.056s] Level 1:colcon.colcon_core.package_identification:_identify(src/firebot_cpp) by extension 'ignore_ament_install'
[1.056s] Level 1:colcon.colcon_core.package_identification:_identify(src/firebot_cpp) by extensions ['colcon_pkg']
[1.056s] Level 1:colcon.colcon_core.package_identification:_identify(src/firebot_cpp) by extension 'colcon_pkg'
[1.056s] Level 1:colcon.colcon_core.package_identification:_identify(src/firebot_cpp) by extensions ['colcon_meta']
[1.056s] Level 1:colcon.colcon_core.package_identification:_identify(src/firebot_cpp) by extension 'colcon_meta'
[1.056s] Level 1:colcon.colcon_core.package_identification:_identify(src/firebot_cpp) by extensions ['ros']
[1.056s] Level 1:colcon.colcon_core.package_identification:_identify(src/firebot_cpp) by extension 'ros'
[1.057s] DEBUG:colcon.colcon_core.package_identification:Package 'src/firebot_cpp' with type 'ros.ament_cmake' and name 'firebot_cpp'
[1.057s] Level 1:colcon.colcon_core.package_identification:_identify(src/firebot_description) by extensions ['ignore', 'ignore_ament_install']
[1.057s] Level 1:colcon.colcon_core.package_identification:_identify(src/firebot_description) by extension 'ignore'
[1.057s] Level 1:colcon.colcon_core.package_identification:_identify(src/firebot_description) by extension 'ignore_ament_install'
[1.057s] Level 1:colcon.colcon_core.package_identification:_identify(src/firebot_description) by extensions ['colcon_pkg']
[1.057s] Level 1:colcon.colcon_core.package_identification:_identify(src/firebot_description) by extension 'colcon_pkg'
[1.057s] Level 1:colcon.colcon_core.package_identification:_identify(src/firebot_description) by extensions ['colcon_meta']
[1.057s] Level 1:colcon.colcon_core.package_identification:_identify(src/firebot_description) by extension 'colcon_meta'
[1.057s] Level 1:colcon.colcon_core.package_identification:_identify(src/firebot_description) by extensions ['ros']
[1.057s] Level 1:colcon.colcon_core.package_identification:_identify(src/firebot_description) by extension 'ros'
[1.058s] DEBUG:colcon.colcon_core.package_identification:Package 'src/firebot_description' with type 'ros.ament_cmake' and name 'firebot_description'
[1.058s] Level 1:colcon.colcon_core.package_identification:_identify(src/firebot_py) by extensions ['ignore', 'ignore_ament_install']
[1.058s] Level 1:colcon.colcon_core.package_identification:_identify(src/firebot_py) by extension 'ignore'
[1.058s] Level 1:colcon.colcon_core.package_identification:_identify(src/firebot_py) by extension 'ignore_ament_install'
[1.058s] Level 1:colcon.colcon_core.package_identification:_identify(src/firebot_py) by extensions ['colcon_pkg']
[1.058s] Level 1:colcon.colcon_core.package_identification:_identify(src/firebot_py) by extension 'colcon_pkg'
[1.058s] Level 1:colcon.colcon_core.package_identification:_identify(src/firebot_py) by extensions ['colcon_meta']
[1.058s] Level 1:colcon.colcon_core.package_identification:_identify(src/firebot_py) by extension 'colcon_meta'
[1.058s] Level 1:colcon.colcon_core.package_identification:_identify(src/firebot_py) by extensions ['ros']
[1.058s] Level 1:colcon.colcon_core.package_identification:_identify(src/firebot_py) by extension 'ros'
[1.060s] DEBUG:colcon.colcon_core.package_identification:Package 'src/firebot_py' with type 'ros.ament_python' and name 'firebot_py'
[1.060s] Level 1:colcon.colcon_core.package_identification:_identify(src/py_pubsub) by extensions ['ignore', 'ignore_ament_install']
[1.060s] Level 1:colcon.colcon_core.package_identification:_identify(src/py_pubsub) by extension 'ignore'
[1.060s] Level 1:colcon.colcon_core.package_identification:_identify(src/py_pubsub) by extension 'ignore_ament_install'
[1.060s] Level 1:colcon.colcon_core.package_identification:_identify(src/py_pubsub) by extensions ['colcon_pkg']
[1.060s] Level 1:colcon.colcon_core.package_identification:_identify(src/py_pubsub) by extension 'colcon_pkg'
[1.060s] Level 1:colcon.colcon_core.package_identification:_identify(src/py_pubsub) by extensions ['colcon_meta']
[1.060s] Level 1:colcon.colcon_core.package_identification:_identify(src/py_pubsub) by extension 'colcon_meta'
[1.060s] Level 1:colcon.colcon_core.package_identification:_identify(src/py_pubsub) by extensions ['ros']
[1.060s] Level 1:colcon.colcon_core.package_identification:_identify(src/py_pubsub) by extension 'ros'
[1.061s] DEBUG:colcon.colcon_core.package_identification:Package 'src/py_pubsub' with type 'ros.ament_python' and name 'py_pubsub'
[1.061s] Level 1:colcon.colcon_core.package_identification:_identify(src/rplidar_ros) by extensions ['ignore', 'ignore_ament_install']
[1.061s] Level 1:colcon.colcon_core.package_identification:_identify(src/rplidar_ros) by extension 'ignore'
[1.061s] Level 1:colcon.colcon_core.package_identification:_identify(src/rplidar_ros) by extension 'ignore_ament_install'
[1.061s] Level 1:colcon.colcon_core.package_identification:_identify(src/rplidar_ros) by extensions ['colcon_pkg']
[1.061s] Level 1:colcon.colcon_core.package_identification:_identify(src/rplidar_ros) by extension 'colcon_pkg'
[1.061s] Level 1:colcon.colcon_core.package_identification:_identify(src/rplidar_ros) by extensions ['colcon_meta']
[1.061s] Level 1:colcon.colcon_core.package_identification:_identify(src/rplidar_ros) by extension 'colcon_meta'
[1.061s] Level 1:colcon.colcon_core.package_identification:_identify(src/rplidar_ros) by extensions ['ros']
[1.061s] Level 1:colcon.colcon_core.package_identification:_identify(src/rplidar_ros) by extension 'ros'
[1.061s] Level 1:colcon.colcon_core.package_identification:_identify(src/rplidar_ros) by extensions ['cmake', 'python']
[1.061s] Level 1:colcon.colcon_core.package_identification:_identify(src/rplidar_ros) by extension 'cmake'
[1.061s] Level 1:colcon.colcon_core.package_identification:_identify(src/rplidar_ros) by extension 'python'
[1.061s] Level 1:colcon.colcon_core.package_identification:_identify(src/rplidar_ros) by extensions ['python_setup_py']
[1.061s] Level 1:colcon.colcon_core.package_identification:_identify(src/rplidar_ros) by extension 'python_setup_py'
[1.061s] Level 1:colcon.colcon_core.package_identification:_identify(src/serial) by extensions ['ignore', 'ignore_ament_install']
[1.061s] Level 1:colcon.colcon_core.package_identification:_identify(src/serial) by extension 'ignore'
[1.061s] Level 1:colcon.colcon_core.package_identification:_identify(src/serial) by extension 'ignore_ament_install'
[1.061s] Level 1:colcon.colcon_core.package_identification:_identify(src/serial) by extensions ['colcon_pkg']
[1.061s] Level 1:colcon.colcon_core.package_identification:_identify(src/serial) by extension 'colcon_pkg'
[1.061s] Level 1:colcon.colcon_core.package_identification:_identify(src/serial) by extensions ['colcon_meta']
[1.061s] Level 1:colcon.colcon_core.package_identification:_identify(src/serial) by extension 'colcon_meta'
[1.062s] Level 1:colcon.colcon_core.package_identification:_identify(src/serial) by extensions ['ros']
[1.062s] Level 1:colcon.colcon_core.package_identification:_identify(src/serial) by extension 'ros'
[1.062s] Level 1:colcon.colcon_core.package_identification:_identify(src/serial) by extensions ['cmake', 'python']
[1.062s] Level 1:colcon.colcon_core.package_identification:_identify(src/serial) by extension 'cmake'
[1.062s] Level 1:colcon.colcon_core.package_identification:_identify(src/serial) by extension 'python'
[1.062s] Level 1:colcon.colcon_core.package_identification:_identify(src/serial) by extensions ['python_setup_py']
[1.062s] Level 1:colcon.colcon_core.package_identification:_identify(src/serial) by extension 'python_setup_py'
[1.062s] Level 1:colcon.colcon_core.package_identification:_identify(src/test_package) by extensions ['ignore', 'ignore_ament_install']
[1.062s] Level 1:colcon.colcon_core.package_identification:_identify(src/test_package) by extension 'ignore'
[1.062s] Level 1:colcon.colcon_core.package_identification:_identify(src/test_package) by extension 'ignore_ament_install'
[1.062s] Level 1:colcon.colcon_core.package_identification:_identify(src/test_package) by extensions ['colcon_pkg']
[1.062s] Level 1:colcon.colcon_core.package_identification:_identify(src/test_package) by extension 'colcon_pkg'
[1.062s] Level 1:colcon.colcon_core.package_identification:_identify(src/test_package) by extensions ['colcon_meta']
[1.062s] Level 1:colcon.colcon_core.package_identification:_identify(src/test_package) by extension 'colcon_meta'
[1.062s] Level 1:colcon.colcon_core.package_identification:_identify(src/test_package) by extensions ['ros']
[1.062s] Level 1:colcon.colcon_core.package_identification:_identify(src/test_package) by extension 'ros'
[1.063s] DEBUG:colcon.colcon_core.package_identification:Package 'src/test_package' with type 'ros.ament_cmake' and name 'test_package'
[1.063s] Level 1:colcon.colcon_core.package_identification:_identify(src/thermal_camera) by extensions ['ignore', 'ignore_ament_install']
[1.063s] Level 1:colcon.colcon_core.package_identification:_identify(src/thermal_camera) by extension 'ignore'
[1.063s] Level 1:colcon.colcon_core.package_identification:_identify(src/thermal_camera) by extension 'ignore_ament_install'
[1.063s] Level 1:colcon.colcon_core.package_identification:_identify(src/thermal_camera) by extensions ['colcon_pkg']
[1.063s] Level 1:colcon.colcon_core.package_identification:_identify(src/thermal_camera) by extension 'colcon_pkg'
[1.063s] Level 1:colcon.colcon_core.package_identification:_identify(src/thermal_camera) by extensions ['colcon_meta']
[1.063s] Level 1:colcon.colcon_core.package_identification:_identify(src/thermal_camera) by extension 'colcon_meta'
[1.063s] Level 1:colcon.colcon_core.package_identification:_identify(src/thermal_camera) by extensions ['ros']
[1.063s] Level 1:colcon.colcon_core.package_identification:_identify(src/thermal_camera) by extension 'ros'
[1.064s] DEBUG:colcon.colcon_core.package_identification:Package 'src/thermal_camera' with type 'ros.ament_python' and name 'thermal_camera'
[1.064s] Level 1:colcon.colcon_core.package_discovery:discover_packages(recursive) using defaults
[1.064s] Level 1:colcon.colcon_core.package_discovery:discover_packages(ignore) discover
[1.064s] Level 1:colcon.colcon_core.package_discovery:discover_packages(ignore) using defaults
[1.064s] Level 1:colcon.colcon_core.package_discovery:discover_packages(path) discover
[1.064s] Level 1:colcon.colcon_core.package_discovery:discover_packages(path) using defaults
[1.130s] Level 5:colcon.colcon_core.verb:set package 'articubot_one' build argument 'cmake_args' from command line to 'None'
[1.130s] Level 5:colcon.colcon_core.verb:set package 'articubot_one' build argument 'cmake_target' from command line to 'None'
[1.130s] Level 5:colcon.colcon_core.verb:set package 'articubot_one' build argument 'cmake_target_skip_unavailable' from command line to 'False'
[1.130s] Level 5:colcon.colcon_core.verb:set package 'articubot_one' build argument 'cmake_clean_cache' from command line to 'False'
[1.130s] Level 5:colcon.colcon_core.verb:set package 'articubot_one' build argument 'cmake_clean_first' from command line to 'False'
[1.130s] Level 5:colcon.colcon_core.verb:set package 'articubot_one' build argument 'cmake_force_configure' from command line to 'False'
[1.130s] Level 5:colcon.colcon_core.verb:set package 'articubot_one' build argument 'ament_cmake_args' from command line to 'None'
[1.130s] Level 5:colcon.colcon_core.verb:set package 'articubot_one' build argument 'catkin_cmake_args' from command line to 'None'
[1.130s] Level 5:colcon.colcon_core.verb:set package 'articubot_one' build argument 'catkin_skip_building_tests' from command line to 'False'
[1.130s] DEBUG:colcon.colcon_core.verb:Building package 'articubot_one' with the following arguments: {'ament_cmake_args': None, 'build_base': '/home/utdr5/robot_ws/build/articubot_one', 'catkin_cmake_args': None, 'catkin_skip_building_tests': False, 'cmake_args': None, 'cmake_clean_cache': False, 'cmake_clean_first': False, 'cmake_force_configure': False, 'cmake_target': None, 'cmake_target_skip_unavailable': False, 'install_base': '/home/utdr5/robot_ws/install/articubot_one', 'merge_install': False, 'path': '/home/utdr5/robot_ws/src/articubot_one', 'symlink_install': True, 'test_result_base': None}
[1.131s] Level 5:colcon.colcon_core.verb:set package 'firebot_cpp' build argument 'cmake_args' from command line to 'None'
[1.131s] Level 5:colcon.colcon_core.verb:set package 'firebot_cpp' build argument 'cmake_target' from command line to 'None'
[1.131s] Level 5:colcon.colcon_core.verb:set package 'firebot_cpp' build argument 'cmake_target_skip_unavailable' from command line to 'False'
[1.131s] Level 5:colcon.colcon_core.verb:set package 'firebot_cpp' build argument 'cmake_clean_cache' from command line to 'False'
[1.131s] Level 5:colcon.colcon_core.verb:set package 'firebot_cpp' build argument 'cmake_clean_first' from command line to 'False'
[1.131s] Level 5:colcon.colcon_core.verb:set package 'firebot_cpp' build argument 'cmake_force_configure' from command line to 'False'
[1.131s] Level 5:colcon.colcon_core.verb:set package 'firebot_cpp' build argument 'ament_cmake_args' from command line to 'None'
[1.131s] Level 5:colcon.colcon_core.verb:set package 'firebot_cpp' build argument 'catkin_cmake_args' from command line to 'None'
[1.131s] Level 5:colcon.colcon_core.verb:set package 'firebot_cpp' build argument 'catkin_skip_building_tests' from command line to 'False'
[1.131s] DEBUG:colcon.colcon_core.verb:Building package 'firebot_cpp' with the following arguments: {'ament_cmake_args': None, 'build_base': '/home/utdr5/robot_ws/build/firebot_cpp', 'catkin_cmake_args': None, 'catkin_skip_building_tests': False, 'cmake_args': None, 'cmake_clean_cache': False, 'cmake_clean_first': False, 'cmake_force_configure': False, 'cmake_target': None, 'cmake_target_skip_unavailable': False, 'install_base': '/home/utdr5/robot_ws/install/firebot_cpp', 'merge_install': False, 'path': '/home/utdr5/robot_ws/src/firebot_cpp', 'symlink_install': True, 'test_result_base': None}
[1.132s] Level 5:colcon.colcon_core.verb:set package 'firebot_description' build argument 'cmake_args' from command line to 'None'
[1.132s] Level 5:colcon.colcon_core.verb:set package 'firebot_description' build argument 'cmake_target' from command line to 'None'
[1.132s] Level 5:colcon.colcon_core.verb:set package 'firebot_description' build argument 'cmake_target_skip_unavailable' from command line to 'False'
[1.132s] Level 5:colcon.colcon_core.verb:set package 'firebot_description' build argument 'cmake_clean_cache' from command line to 'False'
[1.132s] Level 5:colcon.colcon_core.verb:set package 'firebot_description' build argument 'cmake_clean_first' from command line to 'False'
[1.132s] Level 5:colcon.colcon_core.verb:set package 'firebot_description' build argument 'cmake_force_configure' from command line to 'False'
[1.132s] Level 5:colcon.colcon_core.verb:set package 'firebot_description' build argument 'ament_cmake_args' from command line to 'None'
[1.132s] Level 5:colcon.colcon_core.verb:set package 'firebot_description' build argument 'catkin_cmake_args' from command line to 'None'
[1.132s] Level 5:colcon.colcon_core.verb:set package 'firebot_description' build argument 'catkin_skip_building_tests' from command line to 'False'
[1.132s] DEBUG:colcon.colcon_core.verb:Building package 'firebot_description' with the following arguments: {'ament_cmake_args': None, 'build_base': '/home/utdr5/robot_ws/build/firebot_description', 'catkin_cmake_args': None, 'catkin_skip_building_tests': False, 'cmake_args': None, 'cmake_clean_cache': False, 'cmake_clean_first': False, 'cmake_force_configure': False, 'cmake_target': None, 'cmake_target_skip_unavailable': False, 'install_base': '/home/utdr5/robot_ws/install/firebot_description', 'merge_install': False, 'path': '/home/utdr5/robot_ws/src/firebot_description', 'symlink_install': True, 'test_result_base': None}
[1.133s] Level 5:colcon.colcon_core.verb:set package 'firebot_py' build argument 'cmake_args' from command line to 'None'
[1.133s] Level 5:colcon.colcon_core.verb:set package 'firebot_py' build argument 'cmake_target' from command line to 'None'
[1.133s] Level 5:colcon.colcon_core.verb:set package 'firebot_py' build argument 'cmake_target_skip_unavailable' from command line to 'False'
[1.133s] Level 5:colcon.colcon_core.verb:set package 'firebot_py' build argument 'cmake_clean_cache' from command line to 'False'
[1.133s] Level 5:colcon.colcon_core.verb:set package 'firebot_py' build argument 'cmake_clean_first' from command line to 'False'
[1.133s] Level 5:colcon.colcon_core.verb:set package 'firebot_py' build argument 'cmake_force_configure' from command line to 'False'
[1.133s] Level 5:colcon.colcon_core.verb:set package 'firebot_py' build argument 'ament_cmake_args' from command line to 'None'
[1.133s] Level 5:colcon.colcon_core.verb:set package 'firebot_py' build argument 'catkin_cmake_args' from command line to 'None'
[1.133s] Level 5:colcon.colcon_core.verb:set package 'firebot_py' build argument 'catkin_skip_building_tests' from command line to 'False'
[1.133s] DEBUG:colcon.colcon_core.verb:Building package 'firebot_py' with the following arguments: {'ament_cmake_args': None, 'build_base': '/home/utdr5/robot_ws/build/firebot_py', 'catkin_cmake_args': None, 'catkin_skip_building_tests': False, 'cmake_args': None, 'cmake_clean_cache': False, 'cmake_clean_first': False, 'cmake_force_configure': False, 'cmake_target': None, 'cmake_target_skip_unavailable': False, 'install_base': '/home/utdr5/robot_ws/install/firebot_py', 'merge_install': False, 'path': '/home/utdr5/robot_ws/src/firebot_py', 'symlink_install': True, 'test_result_base': None}
[1.133s] Level 5:colcon.colcon_core.verb:set package 'py_pubsub' build argument 'cmake_args' from command line to 'None'
[1.133s] Level 5:colcon.colcon_core.verb:set package 'py_pubsub' build argument 'cmake_target' from command line to 'None'
[1.133s] Level 5:colcon.colcon_core.verb:set package 'py_pubsub' build argument 'cmake_target_skip_unavailable' from command line to 'False'
[1.133s] Level 5:colcon.colcon_core.verb:set package 'py_pubsub' build argument 'cmake_clean_cache' from command line to 'False'
[1.133s] Level 5:colcon.colcon_core.verb:set package 'py_pubsub' build argument 'cmake_clean_first' from command line to 'False'
[1.133s] Level 5:colcon.colcon_core.verb:set package 'py_pubsub' build argument 'cmake_force_configure' from command line to 'False'
[1.133s] Level 5:colcon.colcon_core.verb:set package 'py_pubsub' build argument 'ament_cmake_args' from command line to 'None'
[1.133s] Level 5:colcon.colcon_core.verb:set package 'py_pubsub' build argument 'catkin_cmake_args' from command line to 'None'
[1.133s] Level 5:colcon.colcon_core.verb:set package 'py_pubsub' build argument 'catkin_skip_building_tests' from command line to 'False'
[1.133s] DEBUG:colcon.colcon_core.verb:Building package 'py_pubsub' with the following arguments: {'ament_cmake_args': None, 'build_base': '/home/utdr5/robot_ws/build/py_pubsub', 'catkin_cmake_args': None, 'catkin_skip_building_tests': False, 'cmake_args': None, 'cmake_clean_cache': False, 'cmake_clean_first': False, 'cmake_force_configure': False, 'cmake_target': None, 'cmake_target_skip_unavailable': False, 'install_base': '/home/utdr5/robot_ws/install/py_pubsub', 'merge_install': False, 'path': '/home/utdr5/robot_ws/src/py_pubsub', 'symlink_install': True, 'test_result_base': None}
[1.134s] Level 5:colcon.colcon_core.verb:set package 'ros2_control_demo_example_2' build argument 'cmake_args' from command line to 'None'
[1.134s] Level 5:colcon.colcon_core.verb:set package 'ros2_control_demo_example_2' build argument 'cmake_target' from command line to 'None'
[1.134s] Level 5:colcon.colcon_core.verb:set package 'ros2_control_demo_example_2' build argument 'cmake_target_skip_unavailable' from command line to 'False'
[1.134s] Level 5:colcon.colcon_core.verb:set package 'ros2_control_demo_example_2' build argument 'cmake_clean_cache' from command line to 'False'
[1.134s] Level 5:colcon.colcon_core.verb:set package 'ros2_control_demo_example_2' build argument 'cmake_clean_first' from command line to 'False'
[1.134s] Level 5:colcon.colcon_core.verb:set package 'ros2_control_demo_example_2' build argument 'cmake_force_configure' from command line to 'False'
[1.134s] Level 5:colcon.colcon_core.verb:set package 'ros2_control_demo_example_2' build argument 'ament_cmake_args' from command line to 'None'
[1.134s] Level 5:colcon.colcon_core.verb:set package 'ros2_control_demo_example_2' build argument 'catkin_cmake_args' from command line to 'None'
[1.134s] Level 5:colcon.colcon_core.verb:set package 'ros2_control_demo_example_2' build argument 'catkin_skip_building_tests' from command line to 'False'
[1.134s] DEBUG:colcon.colcon_core.verb:Building package 'ros2_control_demo_example_2' with the following arguments: {'ament_cmake_args': None, 'build_base': '/home/utdr5/robot_ws/build/ros2_control_demo_example_2', 'catkin_cmake_args': None, 'catkin_skip_building_tests': False, 'cmake_args': None, 'cmake_clean_cache': False, 'cmake_clean_first': False, 'cmake_force_configure': False, 'cmake_target': None, 'cmake_target_skip_unavailable': False, 'install_base': '/home/utdr5/robot_ws/install/ros2_control_demo_example_2', 'merge_install': False, 'path': '/home/utdr5/robot_ws/src/example_2', 'symlink_install': True, 'test_result_base': None}
[1.135s] Level 5:colcon.colcon_core.verb:set package 'test_package' build argument 'cmake_args' from command line to 'None'
[1.135s] Level 5:colcon.colcon_core.verb:set package 'test_package' build argument 'cmake_target' from command line to 'None'
[1.135s] Level 5:colcon.colcon_core.verb:set package 'test_package' build argument 'cmake_target_skip_unavailable' from command line to 'False'
[1.135s] Level 5:colcon.colcon_core.verb:set package 'test_package' build argument 'cmake_clean_cache' from command line to 'False'
[1.135s] Level 5:colcon.colcon_core.verb:set package 'test_package' build argument 'cmake_clean_first' from command line to 'False'
[1.135s] Level 5:colcon.colcon_core.verb:set package 'test_package' build argument 'cmake_force_configure' from command line to 'False'
[1.135s] Level 5:colcon.colcon_core.verb:set package 'test_package' build argument 'ament_cmake_args' from command line to 'None'
[1.135s] Level 5:colcon.colcon_core.verb:set package 'test_package' build argument 'catkin_cmake_args' from command line to 'None'
[1.135s] Level 5:colcon.colcon_core.verb:set package 'test_package' build argument 'catkin_skip_building_tests' from command line to 'False'
[1.135s] DEBUG:colcon.colcon_core.verb:Building package 'test_package' with the following arguments: {'ament_cmake_args': None, 'build_base': '/home/utdr5/robot_ws/build/test_package', 'catkin_cmake_args': None, 'catkin_skip_building_tests': False, 'cmake_args': None, 'cmake_clean_cache': False, 'cmake_clean_first': False, 'cmake_force_configure': False, 'cmake_target': None, 'cmake_target_skip_unavailable': False, 'install_base': '/home/utdr5/robot_ws/install/test_package', 'merge_install': False, 'path': '/home/utdr5/robot_ws/src/test_package', 'symlink_install': True, 'test_result_base': None}
[1.135s] Level 5:colcon.colcon_core.verb:set package 'thermal_camera' build argument 'cmake_args' from command line to 'None'
[1.135s] Level 5:colcon.colcon_core.verb:set package 'thermal_camera' build argument 'cmake_target' from command line to 'None'
[1.135s] Level 5:colcon.colcon_core.verb:set package 'thermal_camera' build argument 'cmake_target_skip_unavailable' from command line to 'False'
[1.135s] Level 5:colcon.colcon_core.verb:set package 'thermal_camera' build argument 'cmake_clean_cache' from command line to 'False'
[1.135s] Level 5:colcon.colcon_core.verb:set package 'thermal_camera' build argument 'cmake_clean_first' from command line to 'False'
[1.135s] Level 5:colcon.colcon_core.verb:set package 'thermal_camera' build argument 'cmake_force_configure' from command line to 'False'
[1.135s] Level 5:colcon.colcon_core.verb:set package 'thermal_camera' build argument 'ament_cmake_args' from command line to 'None'
[1.135s] Level 5:colcon.colcon_core.verb:set package 'thermal_camera' build argument 'catkin_cmake_args' from command line to 'None'
[1.135s] Level 5:colcon.colcon_core.verb:set package 'thermal_camera' build argument 'catkin_skip_building_tests' from command line to 'False'
[1.136s] DEBUG:colcon.colcon_core.verb:Building package 'thermal_camera' with the following arguments: {'ament_cmake_args': None, 'build_base': '/home/utdr5/robot_ws/build/thermal_camera', 'catkin_cmake_args': None, 'catkin_skip_building_tests': False, 'cmake_args': None, 'cmake_clean_cache': False, 'cmake_clean_first': False, 'cmake_force_configure': False, 'cmake_target': None, 'cmake_target_skip_unavailable': False, 'install_base': '/home/utdr5/robot_ws/install/thermal_camera', 'merge_install': False, 'path': '/home/utdr5/robot_ws/src/thermal_camera', 'symlink_install': True, 'test_result_base': None}
[1.136s] INFO:colcon.colcon_core.executor:Executing jobs using 'parallel' executor
[1.138s] DEBUG:colcon.colcon_parallel_executor.executor.parallel:run_until_complete
[1.138s] INFO:colcon.colcon_ros.task.ament_cmake.build:Building ROS package in '/home/utdr5/robot_ws/src/articubot_one' with build type 'ament_cmake'
[1.138s] INFO:colcon.colcon_cmake.task.cmake.build:Building CMake package in '/home/utdr5/robot_ws/src/articubot_one'
[1.152s] INFO:colcon.colcon_core.plugin_system:Skipping extension 'colcon_core.shell.bat': Not used on non-Windows systems
[1.152s] DEBUG:colcon.colcon_core.shell:Skip shell extension 'dsv' for command environment
[1.182s] INFO:colcon.colcon_ros.task.ament_cmake.build:Building ROS package in '/home/utdr5/robot_ws/src/firebot_cpp' with build type 'ament_cmake'
[1.183s] INFO:colcon.colcon_cmake.task.cmake.build:Building CMake package in '/home/utdr5/robot_ws/src/firebot_cpp'
[1.183s] DEBUG:colcon.colcon_core.shell:Skip shell extension 'dsv' for command environment
[1.210s] INFO:colcon.colcon_ros.task.ament_cmake.build:Building ROS package in '/home/utdr5/robot_ws/src/firebot_description' with build type 'ament_cmake'
[1.210s] INFO:colcon.colcon_cmake.task.cmake.build:Building CMake package in '/home/utdr5/robot_ws/src/firebot_description'
[1.211s] DEBUG:colcon.colcon_core.shell:Skip shell extension 'dsv' for command environment
[1.239s] INFO:colcon.colcon_ros.task.ament_python.build:Building ROS package in '/home/utdr5/robot_ws/src/firebot_py' with build type 'ament_python'
[1.239s] Level 1:colcon.colcon_core.shell:create_environment_hook('firebot_py', 'ament_prefix_path')
[1.240s] INFO:colcon.colcon_core.shell:Creating environment descriptor '/home/utdr5/robot_ws/install/firebot_py/share/firebot_py/hook/ament_prefix_path.dsv'
[1.243s] INFO:colcon.colcon_core.shell:Creating environment hook '/home/utdr5/robot_ws/install/firebot_py/share/firebot_py/hook/ament_prefix_path.sh'
[1.246s] DEBUG:colcon.colcon_core.shell:Skip shell extension 'dsv' for command environment
[1.285s] DEBUG:colcon.colcon_core.event_handler.log_command:Invoking command in '/home/utdr5/robot_ws/build/articubot_one': CMAKE_PREFIX_PATH=${CMAKE_PREFIX_PATH}:/home/utdr5/ros2_humble/install/rqt_bag_plugins:/home/utdr5/ros2_humble/install/rqt_bag:/home/utdr5/ros2_humble/install/launch_testing_examples:/home/utdr5/ros2_humble/install/ros2bag:/home/utdr5/ros2_humble/install/tracetools_test:/home/utdr5/ros2_humble/install/tracetools_launch:/home/utdr5/ros2_humble/install/topic_monitor:/home/utdr5/ros2_humble/install/tf2_tools:/home/utdr5/ros2_humble/install/examples_tf2_py:/home/utdr5/ros2_humble/install/tf2_ros_py:/home/utdr5/ros2_humble/install/sros2:/home/utdr5/ros2_humble/install/rqt_topic:/home/utdr5/ros2_humble/install/rqt_srv:/home/utdr5/ros2_humble/install/rqt_shell:/home/utdr5/ros2_humble/install/rqt_service_caller:/home/utdr5/ros2_humble/install/rqt_reconfigure:/home/utdr5/ros2_humble/install/rqt_py_console:/home/utdr5/ros2_humble/install/rqt_publisher:/home/utdr5/ros2_humble/install/rqt_plot:/home/utdr5/ros2_humble/install/rqt_action:/home/utdr5/ros2_humble/install/rqt_msg:/home/utdr5/ros2_humble/install/rqt_console:/home/utdr5/ros2_humble/install/rqt:/home/utdr5/ros2_humble/install/rqt_graph:/home/utdr5/ros2_humble/install/rqt_gui_py:/home/utdr5/ros2_humble/install/rqt_gui:/home/utdr5/ros2_humble/install/ros2trace:/home/utdr5/ros2_humble/install/ros2topic:/home/utdr5/ros2_humble/install/ros2test:/home/utdr5/ros2_humble/install/ros2component:/home/utdr5/ros2_humble/install/ros2param:/home/utdr5/ros2_humble/install/ros2lifecycle:/home/utdr5/ros2_humble/install/ros2service:/home/utdr5/ros2_humble/install/ros2run:/home/utdr5/ros2_humble/install/ros2launch:/home/utdr5/ros2_humble/install/ros2pkg:/home/utdr5/ros2_humble/install/ros2node:/home/utdr5/ros2_humble/install/ros2multicast:/home/utdr5/ros2_humble/install/ros2interface:/home/utdr5/ros2_humble/install/ros2doctor:/home/utdr5/ros2_humble/install/ros2action:/home/utdr5/ros2_humble/install/ros2cli:/home/utdr5/ros2_humble/install/quality_of_service_demo_py:/home/utdr5/ros2_humble/install/lifecycle_py:/home/utdr5/ros2_humble/install/launch_testing_ros:/home/utdr5/ros2_humble/install/launch_ros:/home/utdr5/ros2_humble/install/examples_rclpy_pointcloud_publisher:/home/utdr5/ros2_humble/install/examples_rclpy_minimal_subscriber:/home/utdr5/ros2_humble/install/examples_rclpy_minimal_service:/home/utdr5/ros2_humble/install/examples_rclpy_minimal_publisher:/home/utdr5/ros2_humble/install/examples_rclpy_minimal_client:/home/utdr5/ros2_humble/install/examples_rclpy_minimal_action_server:/home/utdr5/ros2_humble/install/examples_rclpy_minimal_action_client:/home/utdr5/ros2_humble/install/examples_rclpy_guard_conditions:/home/utdr5/ros2_humble/install/examples_rclpy_executors:/home/utdr5/ros2_humble/install/demo_nodes_py:/home/utdr5/ros2_humble/install/camera_info_manager_py:/home/utdr5/ros2_humble/install/action_tutorials_py:/home/utdr5/ros2_humble/install/ament_uncrustify:/home/utdr5/ros2_humble/install/tracetools_trace:/home/utdr5/ros2_humble/install/tracetools_read:/home/utdr5/ros2_humble/install/test_tracetools_launch:/home/utdr5/ros2_humble/install/test_launch_ros:/home/utdr5/ros2_humble/install/sensor_msgs_py:/home/utdr5/ros2_humble/install/rpyutils:/home/utdr5/ros2_humble/install/rosidl_runtime_py:/home/utdr5/ros2_humble/install/rosidl_cli:/home/utdr5/ros2_humble/install/launch_pytest:/home/utdr5/ros2_humble/install/launch_testing:/home/utdr5/ros2_humble/install/launch_yaml:/home/utdr5/ros2_humble/install/launch_xml:/home/utdr5/ros2_humble/install/launch:/home/utdr5/ros2_humble/install/osrf_pycommon:/home/utdr5/ros2_humble/install/domain_coordinator:/home/utdr5/ros2_humble/install/ament_xmllint:/home/utdr5/ros2_humble/install/ament_pyflakes:/home/utdr5/ros2_humble/install/ament_pycodestyle:/home/utdr5/ros2_humble/install/ament_pep257:/home/utdr5/ros2_humble/install/ament_pclint:/home/utdr5/ros2_humble/install/ament_package:/home/utdr5/ros2_humble/install/ament_mypy:/home/utdr5/ros2_humble/install/ament_lint_cmake:/home/utdr5/ros2_humble/install/ament_flake8:/home/utdr5/ros2_humble/install/ament_copyright:/home/utdr5/ros2_humble/install/ament_lint:/home/utdr5/ros2_humble/install/ament_index_python:/home/utdr5/ros2_humble/install/ament_cpplint:/home/utdr5/ros2_humble/install/ament_cppcheck:/home/utdr5/ros2_humble/install/ament_clang_tidy:/home/utdr5/ros2_humble/install/ament_clang_format PS1=(myenv) \[\e]0;\u@\h: \w\a\]${debian_chroot:+($debian_chroot)}\[\033[01;32m\]\u@\h\[\033[00m\]:\[\033[01;34m\]\w \$\[\033[00m\] VIRTUAL_ENV_PROMPT=(myenv) /usr/bin/cmake --build /home/utdr5/robot_ws/build/articubot_one -- -j4 -l4
[1.307s] DEBUG:colcon.colcon_core.event_handler.log_command:Invoking command in '/home/utdr5/robot_ws/build/firebot_cpp': CMAKE_PREFIX_PATH=${CMAKE_PREFIX_PATH}:/home/utdr5/ros2_humble/install/rqt_bag_plugins:/home/utdr5/ros2_humble/install/rqt_bag:/home/utdr5/ros2_humble/install/launch_testing_examples:/home/utdr5/ros2_humble/install/ros2bag:/home/utdr5/ros2_humble/install/tracetools_test:/home/utdr5/ros2_humble/install/tracetools_launch:/home/utdr5/ros2_humble/install/topic_monitor:/home/utdr5/ros2_humble/install/tf2_tools:/home/utdr5/ros2_humble/install/examples_tf2_py:/home/utdr5/ros2_humble/install/tf2_ros_py:/home/utdr5/ros2_humble/install/sros2:/home/utdr5/ros2_humble/install/rqt_topic:/home/utdr5/ros2_humble/install/rqt_srv:/home/utdr5/ros2_humble/install/rqt_shell:/home/utdr5/ros2_humble/install/rqt_service_caller:/home/utdr5/ros2_humble/install/rqt_reconfigure:/home/utdr5/ros2_humble/install/rqt_py_console:/home/utdr5/ros2_humble/install/rqt_publisher:/home/utdr5/ros2_humble/install/rqt_plot:/home/utdr5/ros2_humble/install/rqt_action:/home/utdr5/ros2_humble/install/rqt_msg:/home/utdr5/ros2_humble/install/rqt_console:/home/utdr5/ros2_humble/install/rqt:/home/utdr5/ros2_humble/install/rqt_graph:/home/utdr5/ros2_humble/install/rqt_gui_py:/home/utdr5/ros2_humble/install/rqt_gui:/home/utdr5/ros2_humble/install/ros2trace:/home/utdr5/ros2_humble/install/ros2topic:/home/utdr5/ros2_humble/install/ros2test:/home/utdr5/ros2_humble/install/ros2component:/home/utdr5/ros2_humble/install/ros2param:/home/utdr5/ros2_humble/install/ros2lifecycle:/home/utdr5/ros2_humble/install/ros2service:/home/utdr5/ros2_humble/install/ros2run:/home/utdr5/ros2_humble/install/ros2launch:/home/utdr5/ros2_humble/install/ros2pkg:/home/utdr5/ros2_humble/install/ros2node:/home/utdr5/ros2_humble/install/ros2multicast:/home/utdr5/ros2_humble/install/ros2interface:/home/utdr5/ros2_humble/install/ros2doctor:/home/utdr5/ros2_humble/install/ros2action:/home/utdr5/ros2_humble/install/ros2cli:/home/utdr5/ros2_humble/install/quality_of_service_demo_py:/home/utdr5/ros2_humble/install/lifecycle_py:/home/utdr5/ros2_humble/install/launch_testing_ros:/home/utdr5/ros2_humble/install/launch_ros:/home/utdr5/ros2_humble/install/examples_rclpy_pointcloud_publisher:/home/utdr5/ros2_humble/install/examples_rclpy_minimal_subscriber:/home/utdr5/ros2_humble/install/examples_rclpy_minimal_service:/home/utdr5/ros2_humble/install/examples_rclpy_minimal_publisher:/home/utdr5/ros2_humble/install/examples_rclpy_minimal_client:/home/utdr5/ros2_humble/install/examples_rclpy_minimal_action_server:/home/utdr5/ros2_humble/install/examples_rclpy_minimal_action_client:/home/utdr5/ros2_humble/install/examples_rclpy_guard_conditions:/home/utdr5/ros2_humble/install/examples_rclpy_executors:/home/utdr5/ros2_humble/install/demo_nodes_py:/home/utdr5/ros2_humble/install/camera_info_manager_py:/home/utdr5/ros2_humble/install/action_tutorials_py:/home/utdr5/ros2_humble/install/ament_uncrustify:/home/utdr5/ros2_humble/install/tracetools_trace:/home/utdr5/ros2_humble/install/tracetools_read:/home/utdr5/ros2_humble/install/test_tracetools_launch:/home/utdr5/ros2_humble/install/test_launch_ros:/home/utdr5/ros2_humble/install/sensor_msgs_py:/home/utdr5/ros2_humble/install/rpyutils:/home/utdr5/ros2_humble/install/rosidl_runtime_py:/home/utdr5/ros2_humble/install/rosidl_cli:/home/utdr5/ros2_humble/install/launch_pytest:/home/utdr5/ros2_humble/install/launch_testing:/home/utdr5/ros2_humble/install/launch_yaml:/home/utdr5/ros2_humble/install/launch_xml:/home/utdr5/ros2_humble/install/launch:/home/utdr5/ros2_humble/install/osrf_pycommon:/home/utdr5/ros2_humble/install/domain_coordinator:/home/utdr5/ros2_humble/install/ament_xmllint:/home/utdr5/ros2_humble/install/ament_pyflakes:/home/utdr5/ros2_humble/install/ament_pycodestyle:/home/utdr5/ros2_humble/install/ament_pep257:/home/utdr5/ros2_humble/install/ament_pclint:/home/utdr5/ros2_humble/install/ament_package:/home/utdr5/ros2_humble/install/ament_mypy:/home/utdr5/ros2_humble/install/ament_lint_cmake:/home/utdr5/ros2_humble/install/ament_flake8:/home/utdr5/ros2_humble/install/ament_copyright:/home/utdr5/ros2_humble/install/ament_lint:/home/utdr5/ros2_humble/install/ament_index_python:/home/utdr5/ros2_humble/install/ament_cpplint:/home/utdr5/ros2_humble/install/ament_cppcheck:/home/utdr5/ros2_humble/install/ament_clang_tidy:/home/utdr5/ros2_humble/install/ament_clang_format PS1=(myenv) \[\e]0;\u@\h: \w\a\]${debian_chroot:+($debian_chroot)}\[\033[01;32m\]\u@\h\[\033[00m\]:\[\033[01;34m\]\w \$\[\033[00m\] VIRTUAL_ENV_PROMPT=(myenv) /usr/bin/cmake --build /home/utdr5/robot_ws/build/firebot_cpp -- -j4 -l4
[1.319s] DEBUG:colcon.colcon_core.event_handler.log_command:Invoking command in '/home/utdr5/robot_ws/build/firebot_description': CMAKE_PREFIX_PATH=${CMAKE_PREFIX_PATH}:/home/utdr5/ros2_humble/install/rqt_bag_plugins:/home/utdr5/ros2_humble/install/rqt_bag:/home/utdr5/ros2_humble/install/launch_testing_examples:/home/utdr5/ros2_humble/install/ros2bag:/home/utdr5/ros2_humble/install/tracetools_test:/home/utdr5/ros2_humble/install/tracetools_launch:/home/utdr5/ros2_humble/install/topic_monitor:/home/utdr5/ros2_humble/install/tf2_tools:/home/utdr5/ros2_humble/install/examples_tf2_py:/home/utdr5/ros2_humble/install/tf2_ros_py:/home/utdr5/ros2_humble/install/sros2:/home/utdr5/ros2_humble/install/rqt_topic:/home/utdr5/ros2_humble/install/rqt_srv:/home/utdr5/ros2_humble/install/rqt_shell:/home/utdr5/ros2_humble/install/rqt_service_caller:/home/utdr5/ros2_humble/install/rqt_reconfigure:/home/utdr5/ros2_humble/install/rqt_py_console:/home/utdr5/ros2_humble/install/rqt_publisher:/home/utdr5/ros2_humble/install/rqt_plot:/home/utdr5/ros2_humble/install/rqt_action:/home/utdr5/ros2_humble/install/rqt_msg:/home/utdr5/ros2_humble/install/rqt_console:/home/utdr5/ros2_humble/install/rqt:/home/utdr5/ros2_humble/install/rqt_graph:/home/utdr5/ros2_humble/install/rqt_gui_py:/home/utdr5/ros2_humble/install/rqt_gui:/home/utdr5/ros2_humble/install/ros2trace:/home/utdr5/ros2_humble/install/ros2topic:/home/utdr5/ros2_humble/install/ros2test:/home/utdr5/ros2_humble/install/ros2component:/home/utdr5/ros2_humble/install/ros2param:/home/utdr5/ros2_humble/install/ros2lifecycle:/home/utdr5/ros2_humble/install/ros2service:/home/utdr5/ros2_humble/install/ros2run:/home/utdr5/ros2_humble/install/ros2launch:/home/utdr5/ros2_humble/install/ros2pkg:/home/utdr5/ros2_humble/install/ros2node:/home/utdr5/ros2_humble/install/ros2multicast:/home/utdr5/ros2_humble/install/ros2interface:/home/utdr5/ros2_humble/install/ros2doctor:/home/utdr5/ros2_humble/install/ros2action:/home/utdr5/ros2_humble/install/ros2cli:/home/utdr5/ros2_humble/install/quality_of_service_demo_py:/home/utdr5/ros2_humble/install/lifecycle_py:/home/utdr5/ros2_humble/install/launch_testing_ros:/home/utdr5/ros2_humble/install/launch_ros:/home/utdr5/ros2_humble/install/examples_rclpy_pointcloud_publisher:/home/utdr5/ros2_humble/install/examples_rclpy_minimal_subscriber:/home/utdr5/ros2_humble/install/examples_rclpy_minimal_service:/home/utdr5/ros2_humble/install/examples_rclpy_minimal_publisher:/home/utdr5/ros2_humble/install/examples_rclpy_minimal_client:/home/utdr5/ros2_humble/install/examples_rclpy_minimal_action_server:/home/utdr5/ros2_humble/install/examples_rclpy_minimal_action_client:/home/utdr5/ros2_humble/install/examples_rclpy_guard_conditions:/home/utdr5/ros2_humble/install/examples_rclpy_executors:/home/utdr5/ros2_humble/install/demo_nodes_py:/home/utdr5/ros2_humble/install/camera_info_manager_py:/home/utdr5/ros2_humble/install/action_tutorials_py:/home/utdr5/ros2_humble/install/ament_uncrustify:/home/utdr5/ros2_humble/install/tracetools_trace:/home/utdr5/ros2_humble/install/tracetools_read:/home/utdr5/ros2_humble/install/test_tracetools_launch:/home/utdr5/ros2_humble/install/test_launch_ros:/home/utdr5/ros2_humble/install/sensor_msgs_py:/home/utdr5/ros2_humble/install/rpyutils:/home/utdr5/ros2_humble/install/rosidl_runtime_py:/home/utdr5/ros2_humble/install/rosidl_cli:/home/utdr5/ros2_humble/install/launch_pytest:/home/utdr5/ros2_humble/install/launch_testing:/home/utdr5/ros2_humble/install/launch_yaml:/home/utdr5/ros2_humble/install/launch_xml:/home/utdr5/ros2_humble/install/launch:/home/utdr5/ros2_humble/install/osrf_pycommon:/home/utdr5/ros2_humble/install/domain_coordinator:/home/utdr5/ros2_humble/install/ament_xmllint:/home/utdr5/ros2_humble/install/ament_pyflakes:/home/utdr5/ros2_humble/install/ament_pycodestyle:/home/utdr5/ros2_humble/install/ament_pep257:/home/utdr5/ros2_humble/install/ament_pclint:/home/utdr5/ros2_humble/install/ament_package:/home/utdr5/ros2_humble/install/ament_mypy:/home/utdr5/ros2_humble/install/ament_lint_cmake:/home/utdr5/ros2_humble/install/ament_flake8:/home/utdr5/ros2_humble/install/ament_copyright:/home/utdr5/ros2_humble/install/ament_lint:/home/utdr5/ros2_humble/install/ament_index_python:/home/utdr5/ros2_humble/install/ament_cpplint:/home/utdr5/ros2_humble/install/ament_cppcheck:/home/utdr5/ros2_humble/install/ament_clang_tidy:/home/utdr5/ros2_humble/install/ament_clang_format PS1=(myenv) \[\e]0;\u@\h: \w\a\]${debian_chroot:+($debian_chroot)}\[\033[01;32m\]\u@\h\[\033[00m\]:\[\033[01;34m\]\w \$\[\033[00m\] VIRTUAL_ENV_PROMPT=(myenv) /usr/bin/cmake --build /home/utdr5/robot_ws/build/firebot_description -- -j4 -l4
[2.267s] INFO:colcon.colcon_core.task.python.build:Building Python package in '/home/utdr5/robot_ws/src/firebot_py'
[2.268s] DEBUG:colcon.colcon_core.shell:Skip shell extension 'dsv' for command environment
[2.295s] DEBUG:colcon.colcon_core.event_handler.log_command:Invoked command in '/home/utdr5/robot_ws/build/firebot_description' returned '2': CMAKE_PREFIX_PATH=${CMAKE_PREFIX_PATH}:/home/utdr5/ros2_humble/install/rqt_bag_plugins:/home/utdr5/ros2_humble/install/rqt_bag:/home/utdr5/ros2_humble/install/launch_testing_examples:/home/utdr5/ros2_humble/install/ros2bag:/home/utdr5/ros2_humble/install/tracetools_test:/home/utdr5/ros2_humble/install/tracetools_launch:/home/utdr5/ros2_humble/install/topic_monitor:/home/utdr5/ros2_humble/install/tf2_tools:/home/utdr5/ros2_humble/install/examples_tf2_py:/home/utdr5/ros2_humble/install/tf2_ros_py:/home/utdr5/ros2_humble/install/sros2:/home/utdr5/ros2_humble/install/rqt_topic:/home/utdr5/ros2_humble/install/rqt_srv:/home/utdr5/ros2_humble/install/rqt_shell:/home/utdr5/ros2_humble/install/rqt_service_caller:/home/utdr5/ros2_humble/install/rqt_reconfigure:/home/utdr5/ros2_humble/install/rqt_py_console:/home/utdr5/ros2_humble/install/rqt_publisher:/home/utdr5/ros2_humble/install/rqt_plot:/home/utdr5/ros2_humble/install/rqt_action:/home/utdr5/ros2_humble/install/rqt_msg:/home/utdr5/ros2_humble/install/rqt_console:/home/utdr5/ros2_humble/install/rqt:/home/utdr5/ros2_humble/install/rqt_graph:/home/utdr5/ros2_humble/install/rqt_gui_py:/home/utdr5/ros2_humble/install/rqt_gui:/home/utdr5/ros2_humble/install/ros2trace:/home/utdr5/ros2_humble/install/ros2topic:/home/utdr5/ros2_humble/install/ros2test:/home/utdr5/ros2_humble/install/ros2component:/home/utdr5/ros2_humble/install/ros2param:/home/utdr5/ros2_humble/install/ros2lifecycle:/home/utdr5/ros2_humble/install/ros2service:/home/utdr5/ros2_humble/install/ros2run:/home/utdr5/ros2_humble/install/ros2launch:/home/utdr5/ros2_humble/install/ros2pkg:/home/utdr5/ros2_humble/install/ros2node:/home/utdr5/ros2_humble/install/ros2multicast:/home/utdr5/ros2_humble/install/ros2interface:/home/utdr5/ros2_humble/install/ros2doctor:/home/utdr5/ros2_humble/install/ros2action:/home/utdr5/ros2_humble/install/ros2cli:/home/utdr5/ros2_humble/install/quality_of_service_demo_py:/home/utdr5/ros2_humble/install/lifecycle_py:/home/utdr5/ros2_humble/install/launch_testing_ros:/home/utdr5/ros2_humble/install/launch_ros:/home/utdr5/ros2_humble/install/examples_rclpy_pointcloud_publisher:/home/utdr5/ros2_humble/install/examples_rclpy_minimal_subscriber:/home/utdr5/ros2_humble/install/examples_rclpy_minimal_service:/home/utdr5/ros2_humble/install/examples_rclpy_minimal_publisher:/home/utdr5/ros2_humble/install/examples_rclpy_minimal_client:/home/utdr5/ros2_humble/install/examples_rclpy_minimal_action_server:/home/utdr5/ros2_humble/install/examples_rclpy_minimal_action_client:/home/utdr5/ros2_humble/install/examples_rclpy_guard_conditions:/home/utdr5/ros2_humble/install/examples_rclpy_executors:/home/utdr5/ros2_humble/install/demo_nodes_py:/home/utdr5/ros2_humble/install/camera_info_manager_py:/home/utdr5/ros2_humble/install/action_tutorials_py:/home/utdr5/ros2_humble/install/ament_uncrustify:/home/utdr5/ros2_humble/install/tracetools_trace:/home/utdr5/ros2_humble/install/tracetools_read:/home/utdr5/ros2_humble/install/test_tracetools_launch:/home/utdr5/ros2_humble/install/test_launch_ros:/home/utdr5/ros2_humble/install/sensor_msgs_py:/home/utdr5/ros2_humble/install/rpyutils:/home/utdr5/ros2_humble/install/rosidl_runtime_py:/home/utdr5/ros2_humble/install/rosidl_cli:/home/utdr5/ros2_humble/install/launch_pytest:/home/utdr5/ros2_humble/install/launch_testing:/home/utdr5/ros2_humble/install/launch_yaml:/home/utdr5/ros2_humble/install/launch_xml:/home/utdr5/ros2_humble/install/launch:/home/utdr5/ros2_humble/install/osrf_pycommon:/home/utdr5/ros2_humble/install/domain_coordinator:/home/utdr5/ros2_humble/install/ament_xmllint:/home/utdr5/ros2_humble/install/ament_pyflakes:/home/utdr5/ros2_humble/install/ament_pycodestyle:/home/utdr5/ros2_humble/install/ament_pep257:/home/utdr5/ros2_humble/install/ament_pclint:/home/utdr5/ros2_humble/install/ament_package:/home/utdr5/ros2_humble/install/ament_mypy:/home/utdr5/ros2_humble/install/ament_lint_cmake:/home/utdr5/ros2_humble/install/ament_flake8:/home/utdr5/ros2_humble/install/ament_copyright:/home/utdr5/ros2_humble/install/ament_lint:/home/utdr5/ros2_humble/install/ament_index_python:/home/utdr5/ros2_humble/install/ament_cpplint:/home/utdr5/ros2_humble/install/ament_cppcheck:/home/utdr5/ros2_humble/install/ament_clang_tidy:/home/utdr5/ros2_humble/install/ament_clang_format PS1=(myenv) \[\e]0;\u@\h: \w\a\]${debian_chroot:+($debian_chroot)}\[\033[01;32m\]\u@\h\[\033[00m\]:\[\033[01;34m\]\w \$\[\033[00m\] VIRTUAL_ENV_PROMPT=(myenv) /usr/bin/cmake --build /home/utdr5/robot_ws/build/firebot_description -- -j4 -l4
[2.296s] DEBUG:colcon.colcon_core.event_handler.log_command:Invoked command in '/home/utdr5/robot_ws/build/articubot_one' returned '2': CMAKE_PREFIX_PATH=${CMAKE_PREFIX_PATH}:/home/utdr5/ros2_humble/install/rqt_bag_plugins:/home/utdr5/ros2_humble/install/rqt_bag:/home/utdr5/ros2_humble/install/launch_testing_examples:/home/utdr5/ros2_humble/install/ros2bag:/home/utdr5/ros2_humble/install/tracetools_test:/home/utdr5/ros2_humble/install/tracetools_launch:/home/utdr5/ros2_humble/install/topic_monitor:/home/utdr5/ros2_humble/install/tf2_tools:/home/utdr5/ros2_humble/install/examples_tf2_py:/home/utdr5/ros2_humble/install/tf2_ros_py:/home/utdr5/ros2_humble/install/sros2:/home/utdr5/ros2_humble/install/rqt_topic:/home/utdr5/ros2_humble/install/rqt_srv:/home/utdr5/ros2_humble/install/rqt_shell:/home/utdr5/ros2_humble/install/rqt_service_caller:/home/utdr5/ros2_humble/install/rqt_reconfigure:/home/utdr5/ros2_humble/install/rqt_py_console:/home/utdr5/ros2_humble/install/rqt_publisher:/home/utdr5/ros2_humble/install/rqt_plot:/home/utdr5/ros2_humble/install/rqt_action:/home/utdr5/ros2_humble/install/rqt_msg:/home/utdr5/ros2_humble/install/rqt_console:/home/utdr5/ros2_humble/install/rqt:/home/utdr5/ros2_humble/install/rqt_graph:/home/utdr5/ros2_humble/install/rqt_gui_py:/home/utdr5/ros2_humble/install/rqt_gui:/home/utdr5/ros2_humble/install/ros2trace:/home/utdr5/ros2_humble/install/ros2topic:/home/utdr5/ros2_humble/install/ros2test:/home/utdr5/ros2_humble/install/ros2component:/home/utdr5/ros2_humble/install/ros2param:/home/utdr5/ros2_humble/install/ros2lifecycle:/home/utdr5/ros2_humble/install/ros2service:/home/utdr5/ros2_humble/install/ros2run:/home/utdr5/ros2_humble/install/ros2launch:/home/utdr5/ros2_humble/install/ros2pkg:/home/utdr5/ros2_humble/install/ros2node:/home/utdr5/ros2_humble/install/ros2multicast:/home/utdr5/ros2_humble/install/ros2interface:/home/utdr5/ros2_humble/install/ros2doctor:/home/utdr5/ros2_humble/install/ros2action:/home/utdr5/ros2_humble/install/ros2cli:/home/utdr5/ros2_humble/install/quality_of_service_demo_py:/home/utdr5/ros2_humble/install/lifecycle_py:/home/utdr5/ros2_humble/install/launch_testing_ros:/home/utdr5/ros2_humble/install/launch_ros:/home/utdr5/ros2_humble/install/examples_rclpy_pointcloud_publisher:/home/utdr5/ros2_humble/install/examples_rclpy_minimal_subscriber:/home/utdr5/ros2_humble/install/examples_rclpy_minimal_service:/home/utdr5/ros2_humble/install/examples_rclpy_minimal_publisher:/home/utdr5/ros2_humble/install/examples_rclpy_minimal_client:/home/utdr5/ros2_humble/install/examples_rclpy_minimal_action_server:/home/utdr5/ros2_humble/install/examples_rclpy_minimal_action_client:/home/utdr5/ros2_humble/install/examples_rclpy_guard_conditions:/home/utdr5/ros2_humble/install/examples_rclpy_executors:/home/utdr5/ros2_humble/install/demo_nodes_py:/home/utdr5/ros2_humble/install/camera_info_manager_py:/home/utdr5/ros2_humble/install/action_tutorials_py:/home/utdr5/ros2_humble/install/ament_uncrustify:/home/utdr5/ros2_humble/install/tracetools_trace:/home/utdr5/ros2_humble/install/tracetools_read:/home/utdr5/ros2_humble/install/test_tracetools_launch:/home/utdr5/ros2_humble/install/test_launch_ros:/home/utdr5/ros2_humble/install/sensor_msgs_py:/home/utdr5/ros2_humble/install/rpyutils:/home/utdr5/ros2_humble/install/rosidl_runtime_py:/home/utdr5/ros2_humble/install/rosidl_cli:/home/utdr5/ros2_humble/install/launch_pytest:/home/utdr5/ros2_humble/install/launch_testing:/home/utdr5/ros2_humble/install/launch_yaml:/home/utdr5/ros2_humble/install/launch_xml:/home/utdr5/ros2_humble/install/launch:/home/utdr5/ros2_humble/install/osrf_pycommon:/home/utdr5/ros2_humble/install/domain_coordinator:/home/utdr5/ros2_humble/install/ament_xmllint:/home/utdr5/ros2_humble/install/ament_pyflakes:/home/utdr5/ros2_humble/install/ament_pycodestyle:/home/utdr5/ros2_humble/install/ament_pep257:/home/utdr5/ros2_humble/install/ament_pclint:/home/utdr5/ros2_humble/install/ament_package:/home/utdr5/ros2_humble/install/ament_mypy:/home/utdr5/ros2_humble/install/ament_lint_cmake:/home/utdr5/ros2_humble/install/ament_flake8:/home/utdr5/ros2_humble/install/ament_copyright:/home/utdr5/ros2_humble/install/ament_lint:/home/utdr5/ros2_humble/install/ament_index_python:/home/utdr5/ros2_humble/install/ament_cpplint:/home/utdr5/ros2_humble/install/ament_cppcheck:/home/utdr5/ros2_humble/install/ament_clang_tidy:/home/utdr5/ros2_humble/install/ament_clang_format PS1=(myenv) \[\e]0;\u@\h: \w\a\]${debian_chroot:+($debian_chroot)}\[\033[01;32m\]\u@\h\[\033[00m\]:\[\033[01;34m\]\w \$\[\033[00m\] VIRTUAL_ENV_PROMPT=(myenv) /usr/bin/cmake --build /home/utdr5/robot_ws/build/articubot_one -- -j4 -l4
[2.301s] DEBUG:colcon.colcon_core.event_handler.log_command:Invoked command in '/home/utdr5/robot_ws/build/firebot_cpp' returned '2': CMAKE_PREFIX_PATH=${CMAKE_PREFIX_PATH}:/home/utdr5/ros2_humble/install/rqt_bag_plugins:/home/utdr5/ros2_humble/install/rqt_bag:/home/utdr5/ros2_humble/install/launch_testing_examples:/home/utdr5/ros2_humble/install/ros2bag:/home/utdr5/ros2_humble/install/tracetools_test:/home/utdr5/ros2_humble/install/tracetools_launch:/home/utdr5/ros2_humble/install/topic_monitor:/home/utdr5/ros2_humble/install/tf2_tools:/home/utdr5/ros2_humble/install/examples_tf2_py:/home/utdr5/ros2_humble/install/tf2_ros_py:/home/utdr5/ros2_humble/install/sros2:/home/utdr5/ros2_humble/install/rqt_topic:/home/utdr5/ros2_humble/install/rqt_srv:/home/utdr5/ros2_humble/install/rqt_shell:/home/utdr5/ros2_humble/install/rqt_service_caller:/home/utdr5/ros2_humble/install/rqt_reconfigure:/home/utdr5/ros2_humble/install/rqt_py_console:/home/utdr5/ros2_humble/install/rqt_publisher:/home/utdr5/ros2_humble/install/rqt_plot:/home/utdr5/ros2_humble/install/rqt_action:/home/utdr5/ros2_humble/install/rqt_msg:/home/utdr5/ros2_humble/install/rqt_console:/home/utdr5/ros2_humble/install/rqt:/home/utdr5/ros2_humble/install/rqt_graph:/home/utdr5/ros2_humble/install/rqt_gui_py:/home/utdr5/ros2_humble/install/rqt_gui:/home/utdr5/ros2_humble/install/ros2trace:/home/utdr5/ros2_humble/install/ros2topic:/home/utdr5/ros2_humble/install/ros2test:/home/utdr5/ros2_humble/install/ros2component:/home/utdr5/ros2_humble/install/ros2param:/home/utdr5/ros2_humble/install/ros2lifecycle:/home/utdr5/ros2_humble/install/ros2service:/home/utdr5/ros2_humble/install/ros2run:/home/utdr5/ros2_humble/install/ros2launch:/home/utdr5/ros2_humble/install/ros2pkg:/home/utdr5/ros2_humble/install/ros2node:/home/utdr5/ros2_humble/install/ros2multicast:/home/utdr5/ros2_humble/install/ros2interface:/home/utdr5/ros2_humble/install/ros2doctor:/home/utdr5/ros2_humble/install/ros2action:/home/utdr5/ros2_humble/install/ros2cli:/home/utdr5/ros2_humble/install/quality_of_service_demo_py:/home/utdr5/ros2_humble/install/lifecycle_py:/home/utdr5/ros2_humble/install/launch_testing_ros:/home/utdr5/ros2_humble/install/launch_ros:/home/utdr5/ros2_humble/install/examples_rclpy_pointcloud_publisher:/home/utdr5/ros2_humble/install/examples_rclpy_minimal_subscriber:/home/utdr5/ros2_humble/install/examples_rclpy_minimal_service:/home/utdr5/ros2_humble/install/examples_rclpy_minimal_publisher:/home/utdr5/ros2_humble/install/examples_rclpy_minimal_client:/home/utdr5/ros2_humble/install/examples_rclpy_minimal_action_server:/home/utdr5/ros2_humble/install/examples_rclpy_minimal_action_client:/home/utdr5/ros2_humble/install/examples_rclpy_guard_conditions:/home/utdr5/ros2_humble/install/examples_rclpy_executors:/home/utdr5/ros2_humble/install/demo_nodes_py:/home/utdr5/ros2_humble/install/camera_info_manager_py:/home/utdr5/ros2_humble/install/action_tutorials_py:/home/utdr5/ros2_humble/install/ament_uncrustify:/home/utdr5/ros2_humble/install/tracetools_trace:/home/utdr5/ros2_humble/install/tracetools_read:/home/utdr5/ros2_humble/install/test_tracetools_launch:/home/utdr5/ros2_humble/install/test_launch_ros:/home/utdr5/ros2_humble/install/sensor_msgs_py:/home/utdr5/ros2_humble/install/rpyutils:/home/utdr5/ros2_humble/install/rosidl_runtime_py:/home/utdr5/ros2_humble/install/rosidl_cli:/home/utdr5/ros2_humble/install/launch_pytest:/home/utdr5/ros2_humble/install/launch_testing:/home/utdr5/ros2_humble/install/launch_yaml:/home/utdr5/ros2_humble/install/launch_xml:/home/utdr5/ros2_humble/install/launch:/home/utdr5/ros2_humble/install/osrf_pycommon:/home/utdr5/ros2_humble/install/domain_coordinator:/home/utdr5/ros2_humble/install/ament_xmllint:/home/utdr5/ros2_humble/install/ament_pyflakes:/home/utdr5/ros2_humble/install/ament_pycodestyle:/home/utdr5/ros2_humble/install/ament_pep257:/home/utdr5/ros2_humble/install/ament_pclint:/home/utdr5/ros2_humble/install/ament_package:/home/utdr5/ros2_humble/install/ament_mypy:/home/utdr5/ros2_humble/install/ament_lint_cmake:/home/utdr5/ros2_humble/install/ament_flake8:/home/utdr5/ros2_humble/install/ament_copyright:/home/utdr5/ros2_humble/install/ament_lint:/home/utdr5/ros2_humble/install/ament_index_python:/home/utdr5/ros2_humble/install/ament_cpplint:/home/utdr5/ros2_humble/install/ament_cppcheck:/home/utdr5/ros2_humble/install/ament_clang_tidy:/home/utdr5/ros2_humble/install/ament_clang_format PS1=(myenv) \[\e]0;\u@\h: \w\a\]${debian_chroot:+($debian_chroot)}\[\033[01;32m\]\u@\h\[\033[00m\]:\[\033[01;34m\]\w \$\[\033[00m\] VIRTUAL_ENV_PROMPT=(myenv) /usr/bin/cmake --build /home/utdr5/robot_ws/build/firebot_cpp -- -j4 -l4
[2.361s] Level 1:colcon.colcon_core.environment:create_environment_scripts_only(articubot_one)
[2.385s] Level 1:colcon.colcon_core.environment:checking '/home/utdr5/robot_ws/install/articubot_one' for CMake module files
[2.387s] Level 1:colcon.colcon_core.environment:checking '/home/utdr5/robot_ws/install/articubot_one' for CMake config files
[2.395s] Level 1:colcon.colcon_core.shell:create_environment_hook('articubot_one', 'cmake_prefix_path')
[2.396s] INFO:colcon.colcon_core.shell:Creating environment descriptor '/home/utdr5/robot_ws/install/articubot_one/share/articubot_one/hook/cmake_prefix_path.dsv'
[2.397s] INFO:colcon.colcon_core.shell:Creating environment hook '/home/utdr5/robot_ws/install/articubot_one/share/articubot_one/hook/cmake_prefix_path.sh'
[2.398s] Level 1:colcon.colcon_core.environment:checking '/home/utdr5/robot_ws/install/articubot_one/bin'
[2.398s] Level 1:colcon.colcon_core.environment:checking '/home/utdr5/robot_ws/install/articubot_one/lib/pkgconfig/articubot_one.pc'
[2.398s] Level 1:colcon.colcon_core.environment:checking '/home/utdr5/robot_ws/install/articubot_one/lib/python3.11/site-packages'
[2.398s] Level 1:colcon.colcon_core.environment:checking '/home/utdr5/robot_ws/install/articubot_one/bin'
[2.399s] INFO:colcon.colcon_core.shell:Creating package descriptor '/home/utdr5/robot_ws/install/articubot_one/share/articubot_one/package.dsv'
[2.401s] INFO:colcon.colcon_core.shell:Creating package script '/home/utdr5/robot_ws/install/articubot_one/share/articubot_one/package.sh'
[2.404s] INFO:colcon.colcon_core.shell:Creating package script '/home/utdr5/robot_ws/install/articubot_one/share/articubot_one/package.bash'
[2.407s] INFO:colcon.colcon_core.shell:Creating package script '/home/utdr5/robot_ws/install/articubot_one/share/articubot_one/package.zsh'
[2.410s] Level 1:colcon.colcon_core.environment:create_file_with_runtime_dependencies(/home/utdr5/robot_ws/install/articubot_one/share/colcon-core/packages/articubot_one)
[4.310s] DEBUG:colcon.colcon_parallel_executor.executor.parallel:closing loop
[4.310s] DEBUG:colcon.colcon_parallel_executor.executor.parallel:loop closed
[4.310s] DEBUG:colcon.colcon_parallel_executor.executor.parallel:run_until_complete finished with '2'
[4.310s] DEBUG:colcon.colcon_core.event_reactor:joining thread
[4.336s] INFO:colcon.colcon_core.plugin_system:Skipping extension 'colcon_notification.desktop_notification.notify_send': Could not find 'notify-send'
[4.337s] INFO:colcon.colcon_core.plugin_system:Skipping extension 'colcon_notification.desktop_notification.terminal_notifier': Not used on non-Darwin systems
[4.337s] INFO:colcon.colcon_core.plugin_system:Skipping extension 'colcon_notification.desktop_notification.win32': Not used on non-Windows systems
[4.337s] INFO:colcon.colcon_notification.desktop_notification:Sending desktop notification using 'notify2'
[4.341s] DEBUG:colcon.colcon_notification.desktop_notification.notify2:Failed to initialize notify2: org.freedesktop.DBus.Error.ServiceUnknown: The name org.freedesktop.Notifications was not provided by any .service files
[4.342s] DEBUG:colcon.colcon_core.event_reactor:joined thread
[4.345s] INFO:colcon.colcon_core.shell:Creating prefix script '/home/utdr5/robot_ws/install/local_setup.sh'
[4.347s] INFO:colcon.colcon_core.shell:Creating prefix util module '/home/utdr5/robot_ws/install/_local_setup_util_sh.py'
[4.353s] INFO:colcon.colcon_core.shell:Creating prefix chain script '/home/utdr5/robot_ws/install/setup.sh'
[4.367s] INFO:colcon.colcon_core.shell:Creating prefix script '/home/utdr5/robot_ws/install/local_setup.bash'
[4.369s] INFO:colcon.colcon_core.shell:Creating prefix chain script '/home/utdr5/robot_ws/install/setup.bash'
[4.382s] INFO:colcon.colcon_core.shell:Creating prefix script '/home/utdr5/robot_ws/install/local_setup.zsh'
[4.383s] INFO:colcon.colcon_core.shell:Creating prefix chain script '/home/utdr5/robot_ws/install/setup.zsh'
