[0.058s] Invoking command in '/home/ana/robot_ws/build/firebot_description': CMAKE_PREFIX_PATH=${CMAKE_PREFIX_PATH}:/opt/ros/humble:/home/ana/robot_ws/install/py_pubsub:/home/ana/robot_ws/install/firebot_py /usr/bin/cmake /home/ana/robot_ws/src/firebot_description -DAMENT_CMAKE_SYMLINK_INSTALL=1 -DCMAKE_INSTALL_PREFIX=/home/ana/robot_ws/install/firebot_description
[1.038s] -- The C compiler identification is GNU 11.4.0
[1.039s] -- The CXX compiler identification is GNU 11.4.0
[1.039s] -- Detecting C compiler ABI info
[1.041s] -- Detecting C compiler ABI info - done
[1.041s] -- Check for working C compiler: /usr/bin/cc - skipped
[1.041s] -- Detecting C compile features
[1.041s] -- Detecting C compile features - done
[1.041s] -- Detecting CXX compiler ABI info
[1.041s] -- Detecting CXX compiler ABI info - done
[1.041s] -- Check for working CXX compiler: /usr/bin/c++ - skipped
[1.041s] -- Detecting CXX compile features
[1.041s] -- Detecting CXX compile features - done
[1.041s] -- Found ament_cmake: 1.3.11 (/opt/ros/humble/share/ament_cmake/cmake)
[1.042s] -- Found Python3: /usr/bin/python3 (found version "3.10.12") found components: Interpreter 
[1.166s] -- Override CMake install command with custom implementation using symlinks instead of copying resources
[1.247s] -- Found xacro: 2.0.8 (/opt/ros/humble/share/xacro/cmake)
[1.254s] -- Found ament_lint_auto: 0.12.11 (/opt/ros/humble/share/ament_lint_auto/cmake)
[1.501s] -- Added test 'flake8' to check Python code syntax and style conventions
[1.503s] -- Added test 'lint_cmake' to check CMake code style
[1.505s] -- Added test 'pep257' to check Python code against some of the docstring style conventions in PEP 257
[1.509s] -- Added test 'xmllint' to check XML markup files
[1.514s] -- Configuring done
[1.520s] -- Generating done
[1.524s] -- Build files have been written to: /home/ana/robot_ws/build/firebot_description
[1.539s] Invoked command in '/home/ana/robot_ws/build/firebot_description' returned '0': CMAKE_PREFIX_PATH=${CMAKE_PREFIX_PATH}:/opt/ros/humble:/home/ana/robot_ws/install/py_pubsub:/home/ana/robot_ws/install/firebot_py /usr/bin/cmake /home/ana/robot_ws/src/firebot_description -DAMENT_CMAKE_SYMLINK_INSTALL=1 -DCMAKE_INSTALL_PREFIX=/home/ana/robot_ws/install/firebot_description
[1.543s] Invoking command in '/home/ana/robot_ws/build/firebot_description': CMAKE_PREFIX_PATH=${CMAKE_PREFIX_PATH}:/opt/ros/humble:/home/ana/robot_ws/install/py_pubsub:/home/ana/robot_ws/install/firebot_py /usr/bin/cmake --build /home/ana/robot_ws/build/firebot_description -- -j20 -l20
[1.646s] Invoked command in '/home/ana/robot_ws/build/firebot_description' returned '0': CMAKE_PREFIX_PATH=${CMAKE_PREFIX_PATH}:/opt/ros/humble:/home/ana/robot_ws/install/py_pubsub:/home/ana/robot_ws/install/firebot_py /usr/bin/cmake --build /home/ana/robot_ws/build/firebot_description -- -j20 -l20
[1.680s] Invoking command in '/home/ana/robot_ws/build/firebot_description': CMAKE_PREFIX_PATH=${CMAKE_PREFIX_PATH}:/opt/ros/humble:/home/ana/robot_ws/install/py_pubsub:/home/ana/robot_ws/install/firebot_py /usr/bin/cmake --install /home/ana/robot_ws/build/firebot_description
[1.702s] -- Install configuration: ""
[1.703s] -- Execute custom install script
[1.705s] -- Symlinking: /home/ana/robot_ws/install/firebot_description/share/firebot_description/launch/robot_state_publisher.launch.py
[1.738s] -- Symlinking: /home/ana/robot_ws/install/firebot_description/share/firebot_description/urdf/gazebo_control.xacro
[1.763s] -- Symlinking: /home/ana/robot_ws/install/firebot_description/share/firebot_description/urdf/inertial_macros.xacro
[1.786s] -- Symlinking: /home/ana/robot_ws/install/firebot_description/share/firebot_description/urdf/lidar.xacro
[1.810s] -- Symlinking: /home/ana/robot_ws/install/firebot_description/share/firebot_description/urdf/robot.urdf.xacro
[1.833s] -- Symlinking: /home/ana/robot_ws/install/firebot_description/share/firebot_description/urdf/robot_core.xacro
[1.860s] -- Symlinking: /home/ana/robot_ws/install/firebot_description/share/firebot_description/urdf/ros2_control.xacro
[1.886s] -- Symlinking: /home/ana/robot_ws/install/firebot_description/share/ament_index/resource_index/package_run_dependencies/firebot_description
[1.914s] -- Symlinking: /home/ana/robot_ws/install/firebot_description/share/ament_index/resource_index/parent_prefix_path/firebot_description
[1.940s] -- Symlinking: /home/ana/robot_ws/install/firebot_description/share/firebot_description/environment/ament_prefix_path.sh
[1.967s] -- Symlinking: /home/ana/robot_ws/install/firebot_description/share/firebot_description/environment/ament_prefix_path.dsv
[1.994s] -- Symlinking: /home/ana/robot_ws/install/firebot_description/share/firebot_description/environment/path.sh
[2.028s] -- Symlinking: /home/ana/robot_ws/install/firebot_description/share/firebot_description/environment/path.dsv
[2.065s] -- Symlinking: /home/ana/robot_ws/install/firebot_description/share/firebot_description/local_setup.bash
[2.097s] -- Symlinking: /home/ana/robot_ws/install/firebot_description/share/firebot_description/local_setup.sh
[2.132s] -- Symlinking: /home/ana/robot_ws/install/firebot_description/share/firebot_description/local_setup.zsh
[2.156s] -- Symlinking: /home/ana/robot_ws/install/firebot_description/share/firebot_description/local_setup.dsv
[2.185s] -- Symlinking: /home/ana/robot_ws/install/firebot_description/share/firebot_description/package.dsv
[2.211s] -- Symlinking: /home/ana/robot_ws/install/firebot_description/share/ament_index/resource_index/packages/firebot_description
[2.240s] -- Symlinking: /home/ana/robot_ws/install/firebot_description/share/firebot_description/cmake/firebot_descriptionConfig.cmake
[2.268s] -- Symlinking: /home/ana/robot_ws/install/firebot_description/share/firebot_description/cmake/firebot_descriptionConfig-version.cmake
[2.288s] -- Symlinking: /home/ana/robot_ws/install/firebot_description/share/firebot_description/package.xml
[2.313s] Invoked command in '/home/ana/robot_ws/build/firebot_description' returned '0': CMAKE_PREFIX_PATH=${CMAKE_PREFIX_PATH}:/opt/ros/humble:/home/ana/robot_ws/install/py_pubsub:/home/ana/robot_ws/install/firebot_py /usr/bin/cmake --install /home/ana/robot_ws/build/firebot_description
