[0.045s] Invoking command in '/home/ana/robot_ws/build/firebot_description': CMAKE_PREFIX_PATH=/opt/ros/humble /usr/bin/cmake --build /home/ana/robot_ws/build/firebot_description -- -j20 -l20
[0.787s] -- Found ament_cmake: 1.3.11 (/opt/ros/humble/share/ament_cmake/cmake)
[0.787s] -- Override CMake install command with custom implementation using symlinks instead of copying resources
[0.787s] -- Found xacro: 2.0.8 (/opt/ros/humble/share/xacro/cmake)
[0.787s] -- Found ament_lint_auto: 0.12.11 (/opt/ros/humble/share/ament_lint_auto/cmake)
[0.787s] -- Added test 'flake8' to check Python code syntax and style conventions
[0.787s] -- Added test 'lint_cmake' to check CMake code style
[0.787s] -- Added test 'pep257' to check Python code against some of the docstring style conventions in PEP 257
[0.787s] -- Added test 'xmllint' to check XML markup files
[0.787s] -- Configuring done
[0.788s] -- Generating done
[0.788s] -- Build files have been written to: /home/ana/robot_ws/build/firebot_description
[1.190s] Invoked command in '/home/ana/robot_ws/build/firebot_description' returned '0': CMAKE_PREFIX_PATH=/opt/ros/humble /usr/bin/cmake --build /home/ana/robot_ws/build/firebot_description -- -j20 -l20
[1.206s] Invoking command in '/home/ana/robot_ws/build/firebot_description': CMAKE_PREFIX_PATH=/opt/ros/humble /usr/bin/cmake --install /home/ana/robot_ws/build/firebot_description
[1.217s] -- Install configuration: ""
[1.218s] -- Execute custom install script
[1.218s] -- Up-to-date symlink: /home/ana/robot_ws/install/firebot_description/share/firebot_description/launch/robot_state_publisher.launch.py
[1.220s] -- Up-to-date symlink: /home/ana/robot_ws/install/firebot_description/share/firebot_description/urdf/gazebo_control.xacro
[1.221s] -- Up-to-date symlink: /home/ana/robot_ws/install/firebot_description/share/firebot_description/urdf/inertial_macros.xacro
[1.221s] -- Up-to-date symlink: /home/ana/robot_ws/install/firebot_description/share/firebot_description/urdf/lidar.xacro
[1.222s] -- Up-to-date symlink: /home/ana/robot_ws/install/firebot_description/share/firebot_description/urdf/robot.urdf.xacro
[1.223s] -- Up-to-date symlink: /home/ana/robot_ws/install/firebot_description/share/firebot_description/urdf/robot_core.xacro
[1.223s] -- Up-to-date symlink: /home/ana/robot_ws/install/firebot_description/share/firebot_description/urdf/ros2_control.xacro
[1.223s] -- Up-to-date symlink: /home/ana/robot_ws/install/firebot_description/share/ament_index/resource_index/package_run_dependencies/firebot_description
[1.223s] -- Up-to-date symlink: /home/ana/robot_ws/install/firebot_description/share/ament_index/resource_index/parent_prefix_path/firebot_description
[1.228s] -- Up-to-date symlink: /home/ana/robot_ws/install/firebot_description/share/firebot_description/environment/ament_prefix_path.sh
[1.229s] -- Up-to-date symlink: /home/ana/robot_ws/install/firebot_description/share/firebot_description/environment/ament_prefix_path.dsv
[1.229s] -- Up-to-date symlink: /home/ana/robot_ws/install/firebot_description/share/firebot_description/environment/path.sh
[1.229s] -- Up-to-date symlink: /home/ana/robot_ws/install/firebot_description/share/firebot_description/environment/path.dsv
[1.230s] -- Up-to-date symlink: /home/ana/robot_ws/install/firebot_description/share/firebot_description/local_setup.bash
[1.230s] -- Up-to-date symlink: /home/ana/robot_ws/install/firebot_description/share/firebot_description/local_setup.sh
[1.230s] -- Up-to-date symlink: /home/ana/robot_ws/install/firebot_description/share/firebot_description/local_setup.zsh
[1.230s] -- Up-to-date symlink: /home/ana/robot_ws/install/firebot_description/share/firebot_description/local_setup.dsv
[1.230s] -- Symlinking: /home/ana/robot_ws/install/firebot_description/share/firebot_description/package.dsv
[1.241s] -- Up-to-date symlink: /home/ana/robot_ws/install/firebot_description/share/ament_index/resource_index/packages/firebot_description
[1.241s] -- Up-to-date symlink: /home/ana/robot_ws/install/firebot_description/share/firebot_description/cmake/firebot_descriptionConfig.cmake
[1.241s] -- Up-to-date symlink: /home/ana/robot_ws/install/firebot_description/share/firebot_description/cmake/firebot_descriptionConfig-version.cmake
[1.241s] -- Up-to-date symlink: /home/ana/robot_ws/install/firebot_description/share/firebot_description/package.xml
[1.245s] Invoked command in '/home/ana/robot_ws/build/firebot_description' returned '0': CMAKE_PREFIX_PATH=/opt/ros/humble /usr/bin/cmake --install /home/ana/robot_ws/build/firebot_description
