[0.007s] Invoking command in '/home/ana/robot_ws/build/rplidar_ros': /usr/bin/cmake /home/ana/robot_ws/src/rplidar_ros -DCATKIN_INSTALL_INTO_PREFIX_ROOT=0 -DCATKIN_SYMLINK_INSTALL=ON -DCMAKE_INSTALL_PREFIX=/home/ana/robot_ws/install/rplidar_ros
[0.019s] [0mCMake Deprecation Warning at CMakeLists.txt:1 (cmake_minimum_required):
[0.019s]   Compatibility with CMake < 2.8.12 will be removed from a future version of
[0.019s]   CMake.
[0.019s] 
[0.019s]   Update the VERSION argument <min> value or use a ...<max> suffix to tell
[0.019s]   CMake that the project does not need compatibility with older versions.
[0.019s] 
[0.019s] [0m
[0.116s] -- The C compiler identification is GNU 11.4.0
[0.191s] -- The CXX compiler identification is GNU 11.4.0
[0.198s] -- Detecting C compiler ABI info
[0.264s] -- Detecting C compiler ABI info - done
[0.273s] -- Check for working C compiler: /usr/bin/cc - skipped
[0.273s] -- Detecting C compile features
[0.273s] -- Detecting C compile features - done
[0.275s] -- Detecting CXX compiler ABI info
[0.342s] -- Detecting CXX compiler ABI info - done
[0.351s] -- Check for working CXX compiler: /usr/bin/c++ - skipped
[0.352s] -- Detecting CXX compile features
[0.352s] -- Detecting CXX compile features - done
[0.359s] [31mCMake Error at CMakeLists.txt:16 (find_package):
[0.359s]   By not providing "Findcatkin.cmake" in CMAKE_MODULE_PATH this project has
[0.360s]   asked CMake to find a package configuration file provided by "catkin", but
[0.360s]   CMake did not find one.
[0.360s] 
[0.360s]   Could not find a package configuration file provided by "catkin" with any
[0.360s]   of the following names:
[0.360s] 
[0.360s]     catkinConfig.cmake
[0.360s]     catkin-config.cmake
[0.360s] 
[0.360s]   Add the installation prefix of "catkin" to CMAKE_PREFIX_PATH or set
[0.360s]   "catkin_DIR" to a directory containing one of the above files.  If "catkin"
[0.360s]   provides a separate development package or SDK, be sure it has been
[0.360s]   installed.
[0.360s] 
[0.360s] -- Configuring incomplete, errors occurred!
[0.360s] See also "/home/ana/robot_ws/build/rplidar_ros/CMakeFiles/CMakeOutput.log".
[0.360s] [0m
[0.362s] Invoked command in '/home/ana/robot_ws/build/rplidar_ros' returned '1': /usr/bin/cmake /home/ana/robot_ws/src/rplidar_ros -DCATKIN_INSTALL_INTO_PREFIX_ROOT=0 -DCATKIN_SYMLINK_INSTALL=ON -DCMAKE_INSTALL_PREFIX=/home/ana/robot_ws/install/rplidar_ros
