[0.067s] Invoking command in '/home/ana/robot_ws/build/firebot_cpp': CMAKE_PREFIX_PATH=${CMAKE_PREFIX_PATH}:/home/ana/robot_ws/install/thermal_camera:/home/ana/robot_ws/install/py_pubsub:/home/ana/robot_ws/install/firebot_py:/opt/ros/humble /usr/bin/cmake --build /home/ana/robot_ws/build/firebot_cpp -- -j20 -l20
[1.255s] Invoked command in '/home/ana/robot_ws/build/firebot_cpp' returned '0': CMAKE_PREFIX_PATH=${CMAKE_PREFIX_PATH}:/home/ana/robot_ws/install/thermal_camera:/home/ana/robot_ws/install/py_pubsub:/home/ana/robot_ws/install/firebot_py:/opt/ros/humble /usr/bin/cmake --build /home/ana/robot_ws/build/firebot_cpp -- -j20 -l20
[1.256s] Invoking command in '/home/ana/robot_ws/build/firebot_cpp': CMAKE_PREFIX_PATH=${CMAKE_PREFIX_PATH}:/home/ana/robot_ws/install/thermal_camera:/home/ana/robot_ws/install/py_pubsub:/home/ana/robot_ws/install/firebot_py:/opt/ros/humble /usr/bin/cmake --install /home/ana/robot_ws/build/firebot_cpp
[1.269s] -- Install configuration: ""
[1.270s] -- Execute custom install script
[1.271s] -- Up-to-date symlink: /home/ana/robot_ws/install/firebot_cpp/share/ament_index/resource_index/package_run_dependencies/firebot_cpp
[1.271s] -- Up-to-date symlink: /home/ana/robot_ws/install/firebot_cpp/share/ament_index/resource_index/parent_prefix_path/firebot_cpp
[1.271s] -- Up-to-date symlink: /home/ana/robot_ws/install/firebot_cpp/share/firebot_cpp/environment/ament_prefix_path.sh
[1.271s] -- Up-to-date symlink: /home/ana/robot_ws/install/firebot_cpp/share/firebot_cpp/environment/ament_prefix_path.dsv
[1.272s] -- Up-to-date symlink: /home/ana/robot_ws/install/firebot_cpp/share/firebot_cpp/environment/path.sh
[1.274s] -- Up-to-date symlink: /home/ana/robot_ws/install/firebot_cpp/share/firebot_cpp/environment/path.dsv
[1.274s] -- Up-to-date symlink: /home/ana/robot_ws/install/firebot_cpp/share/firebot_cpp/local_setup.bash
[1.275s] -- Up-to-date symlink: /home/ana/robot_ws/install/firebot_cpp/share/firebot_cpp/local_setup.sh
[1.278s] -- Up-to-date symlink: /home/ana/robot_ws/install/firebot_cpp/share/firebot_cpp/local_setup.zsh
[1.279s] -- Up-to-date symlink: /home/ana/robot_ws/install/firebot_cpp/share/firebot_cpp/local_setup.dsv
[1.279s] -- Symlinking: /home/ana/robot_ws/install/firebot_cpp/share/firebot_cpp/package.dsv
[1.302s] -- Up-to-date symlink: /home/ana/robot_ws/install/firebot_cpp/share/ament_index/resource_index/packages/firebot_cpp
[1.302s] -- Up-to-date symlink: /home/ana/robot_ws/install/firebot_cpp/share/firebot_cpp/cmake/firebot_cppConfig.cmake
[1.302s] -- Up-to-date symlink: /home/ana/robot_ws/install/firebot_cpp/share/firebot_cpp/cmake/firebot_cppConfig-version.cmake
[1.306s] -- Up-to-date symlink: /home/ana/robot_ws/install/firebot_cpp/share/firebot_cpp/package.xml
[1.339s] Invoked command in '/home/ana/robot_ws/build/firebot_cpp' returned '0': CMAKE_PREFIX_PATH=${CMAKE_PREFIX_PATH}:/home/ana/robot_ws/install/thermal_camera:/home/ana/robot_ws/install/py_pubsub:/home/ana/robot_ws/install/firebot_py:/opt/ros/humble /usr/bin/cmake --install /home/ana/robot_ws/build/firebot_cpp
