[0.848s] Invoking command in '/home/ana/robot_ws/build/serial': CMAKE_PREFIX_PATH=${CMAKE_PREFIX_PATH}:/opt/ros/humble:/home/ana/robot_ws/install/py_pubsub:/home/ana/robot_ws/install/firebot_py /usr/bin/cmake --build /home/ana/robot_ws/build/serial -- -j20 -l20
[0.893s] [35m[1mConsolidate compiler generated dependencies of target gtest_main[0m
[0.895s] [35m[1mConsolidate compiler generated dependencies of target gtest[0m
[0.895s] [35m[1mConsolidate compiler generated dependencies of target serial[0m
[0.935s] [ 14%] Built target gtest_main
[0.935s] [ 28%] Built target gtest
[0.936s] [ 57%] Built target serial
[0.961s] [35m[1mConsolidate compiler generated dependencies of target serial_example[0m
[0.962s] [35m[1mConsolidate compiler generated dependencies of target serial-test[0m
[0.969s] [35m[1mConsolidate compiler generated dependencies of target serial-test-timer[0m
[0.996s] [ 71%] Built target serial_example
[1.001s] [ 85%] Built target serial-test
[1.003s] [100%] Built target serial-test-timer
[1.100s] Invoked command in '/home/ana/robot_ws/build/serial' returned '0': CMAKE_PREFIX_PATH=${CMAKE_PREFIX_PATH}:/opt/ros/humble:/home/ana/robot_ws/install/py_pubsub:/home/ana/robot_ws/install/firebot_py /usr/bin/cmake --build /home/ana/robot_ws/build/serial -- -j20 -l20
[1.109s] Invoking command in '/home/ana/robot_ws/build/serial': CMAKE_PREFIX_PATH=${CMAKE_PREFIX_PATH}:/opt/ros/humble:/home/ana/robot_ws/install/py_pubsub:/home/ana/robot_ws/install/firebot_py /usr/bin/cmake --install /home/ana/robot_ws/build/serial
[1.129s] -- Install configuration: ""
[1.130s] -- Execute custom install script
[1.130s] -- Up-to-date symlink: /home/ana/robot_ws/install/serial/lib/libserial.a
[1.130s] -- Up-to-date symlink: /home/ana/robot_ws/install/serial/include/serial/serial.h
[1.130s] -- Up-to-date symlink: /home/ana/robot_ws/install/serial/include/serial/v8stdint.h
[1.132s] -- Up-to-date symlink: /home/ana/robot_ws/install/serial/share/serial/environment/library_path.sh
[1.132s] -- Up-to-date symlink: /home/ana/robot_ws/install/serial/share/serial/environment/library_path.dsv
[1.133s] -- Up-to-date symlink: /home/ana/robot_ws/install/serial/share/ament_index/resource_index/package_run_dependencies/serial
[1.133s] -- Up-to-date symlink: /home/ana/robot_ws/install/serial/share/ament_index/resource_index/parent_prefix_path/serial
[1.134s] -- Up-to-date symlink: /home/ana/robot_ws/install/serial/share/serial/environment/ament_prefix_path.sh
[1.135s] -- Up-to-date symlink: /home/ana/robot_ws/install/serial/share/serial/environment/ament_prefix_path.dsv
[1.135s] -- Up-to-date symlink: /home/ana/robot_ws/install/serial/share/serial/environment/path.sh
[1.136s] -- Up-to-date symlink: /home/ana/robot_ws/install/serial/share/serial/environment/path.dsv
[1.137s] -- Up-to-date symlink: /home/ana/robot_ws/install/serial/share/serial/local_setup.bash
[1.138s] -- Up-to-date symlink: /home/ana/robot_ws/install/serial/share/serial/local_setup.sh
[1.141s] -- Up-to-date symlink: /home/ana/robot_ws/install/serial/share/serial/local_setup.zsh
[1.141s] -- Up-to-date symlink: /home/ana/robot_ws/install/serial/share/serial/local_setup.dsv
[1.143s] -- Symlinking: /home/ana/robot_ws/install/serial/share/serial/package.dsv
[1.155s] -- Up-to-date symlink: /home/ana/robot_ws/install/serial/share/ament_index/resource_index/packages/serial
[1.155s] -- Up-to-date symlink: /home/ana/robot_ws/install/serial/share/serial/cmake/ament_cmake_export_include_directories-extras.cmake
[1.155s] -- Up-to-date symlink: /home/ana/robot_ws/install/serial/share/serial/cmake/ament_cmake_export_libraries-extras.cmake
[1.155s] -- Up-to-date symlink: /home/ana/robot_ws/install/serial/share/serial/cmake/serialConfig.cmake
[1.156s] -- Up-to-date symlink: /home/ana/robot_ws/install/serial/share/serial/cmake/serialConfig-version.cmake
[1.157s] -- Up-to-date symlink: /home/ana/robot_ws/install/serial/share/serial/package.xml
[1.243s] Invoked command in '/home/ana/robot_ws/build/serial' returned '0': CMAKE_PREFIX_PATH=${CMAKE_PREFIX_PATH}:/opt/ros/humble:/home/ana/robot_ws/install/py_pubsub:/home/ana/robot_ws/install/firebot_py /usr/bin/cmake --install /home/ana/robot_ws/build/serial
