[0.152s] DEBUG:colcon:Command line arguments: ['/usr/bin/colcon', 'build', '--symlink-install']
[0.152s] DEBUG:colcon:Parsed command line arguments: Namespace(log_base=None, log_level=None, verb_name='build', build_base='build', install_base='install', merge_install=False, symlink_install=True, test_result_base=None, continue_on_error=False, executor='parallel', parallel_workers=20, event_handlers=None, ignore_user_meta=False, metas=['./colcon.meta'], base_paths=['.'], packages_ignore=None, packages_ignore_regex=None, paths=None, packages_up_to=None, packages_up_to_regex=None, packages_above=None, packages_above_and_dependencies=None, packages_above_depth=None, packages_select_by_dep=None, packages_skip_by_dep=None, packages_skip_up_to=None, packages_select_build_failed=False, packages_skip_build_finished=False, packages_select_test_failures=False, packages_skip_test_passed=False, packages_select=None, packages_skip=None, packages_select_regex=None, packages_skip_regex=None, packages_start=None, packages_end=None, allow_overriding=[], cmake_args=None, cmake_target=None, cmake_target_skip_unavailable=False, cmake_clean_cache=False, cmake_clean_first=False, cmake_force_configure=False, ament_cmake_args=None, catkin_cmake_args=None, catkin_skip_building_tests=False, mixin_files=None, mixin=None, verb_parser=<colcon_mixin.mixin.mixin_argument.MixinArgumentDecorator object at 0x770faaf57460>, verb_extension=<colcon_core.verb.build.BuildVerb object at 0x770faaf56fb0>, main=<bound method BuildVerb.main of <colcon_core.verb.build.BuildVerb object at 0x770faaf56fb0>>, mixin_verb=('build',))
[0.361s] Level 1:colcon.colcon_core.package_discovery:discover_packages(colcon_meta) check parameters
[0.361s] Level 1:colcon.colcon_core.package_discovery:discover_packages(recursive) check parameters
[0.361s] Level 1:colcon.colcon_core.package_discovery:discover_packages(ignore) check parameters
[0.361s] Level 1:colcon.colcon_core.package_discovery:discover_packages(path) check parameters
[0.361s] Level 1:colcon.colcon_core.package_discovery:discover_packages(colcon_meta) discover
[0.361s] Level 1:colcon.colcon_core.package_discovery:discover_packages(recursive) discover
[0.361s] INFO:colcon.colcon_core.package_discovery:Crawling recursively for packages in '/home/ana/robot_ws'
[0.362s] Level 1:colcon.colcon_core.package_identification:_identify(.) by extensions ['ignore', 'ignore_ament_install']
[0.362s] Level 1:colcon.colcon_core.package_identification:_identify(.) by extension 'ignore'
[0.362s] Level 1:colcon.colcon_core.package_identification:_identify(.) by extension 'ignore_ament_install'
[0.362s] Level 1:colcon.colcon_core.package_identification:_identify(.) by extensions ['colcon_pkg']
[0.362s] Level 1:colcon.colcon_core.package_identification:_identify(.) by extension 'colcon_pkg'
[0.362s] Level 1:colcon.colcon_core.package_identification:_identify(.) by extensions ['colcon_meta']
[0.362s] Level 1:colcon.colcon_core.package_identification:_identify(.) by extension 'colcon_meta'
[0.362s] Level 1:colcon.colcon_core.package_identification:_identify(.) by extensions ['ros']
[0.362s] Level 1:colcon.colcon_core.package_identification:_identify(.) by extension 'ros'
[0.380s] Level 1:colcon.colcon_core.package_identification:_identify(.) by extensions ['cmake', 'python']
[0.380s] Level 1:colcon.colcon_core.package_identification:_identify(.) by extension 'cmake'
[0.380s] Level 1:colcon.colcon_core.package_identification:_identify(.) by extension 'python'
[0.380s] Level 1:colcon.colcon_core.package_identification:_identify(.) by extensions ['python_setup_py']
[0.380s] Level 1:colcon.colcon_core.package_identification:_identify(.) by extension 'python_setup_py'
[0.380s] Level 1:colcon.colcon_core.package_identification:_identify(build) by extensions ['ignore', 'ignore_ament_install']
[0.380s] Level 1:colcon.colcon_core.package_identification:_identify(build) by extension 'ignore'
[0.380s] Level 1:colcon.colcon_core.package_identification:_identify(build) ignored
[0.380s] Level 1:colcon.colcon_core.package_identification:_identify(install) by extensions ['ignore', 'ignore_ament_install']
[0.381s] Level 1:colcon.colcon_core.package_identification:_identify(install) by extension 'ignore'
[0.381s] Level 1:colcon.colcon_core.package_identification:_identify(install) ignored
[0.381s] Level 1:colcon.colcon_core.package_identification:_identify(log) by extensions ['ignore', 'ignore_ament_install']
[0.381s] Level 1:colcon.colcon_core.package_identification:_identify(log) by extension 'ignore'
[0.381s] Level 1:colcon.colcon_core.package_identification:_identify(log) ignored
[0.381s] Level 1:colcon.colcon_core.package_identification:_identify(src) by extensions ['ignore', 'ignore_ament_install']
[0.381s] Level 1:colcon.colcon_core.package_identification:_identify(src) by extension 'ignore'
[0.381s] Level 1:colcon.colcon_core.package_identification:_identify(src) by extension 'ignore_ament_install'
[0.381s] Level 1:colcon.colcon_core.package_identification:_identify(src) by extensions ['colcon_pkg']
[0.381s] Level 1:colcon.colcon_core.package_identification:_identify(src) by extension 'colcon_pkg'
[0.381s] Level 1:colcon.colcon_core.package_identification:_identify(src) by extensions ['colcon_meta']
[0.381s] Level 1:colcon.colcon_core.package_identification:_identify(src) by extension 'colcon_meta'
[0.381s] Level 1:colcon.colcon_core.package_identification:_identify(src) by extensions ['ros']
[0.382s] Level 1:colcon.colcon_core.package_identification:_identify(src) by extension 'ros'
[0.382s] Level 1:colcon.colcon_core.package_identification:_identify(src) by extensions ['cmake', 'python']
[0.382s] Level 1:colcon.colcon_core.package_identification:_identify(src) by extension 'cmake'
[0.382s] Level 1:colcon.colcon_core.package_identification:_identify(src) by extension 'python'
[0.382s] Level 1:colcon.colcon_core.package_identification:_identify(src) by extensions ['python_setup_py']
[0.382s] Level 1:colcon.colcon_core.package_identification:_identify(src) by extension 'python_setup_py'
[0.382s] Level 1:colcon.colcon_core.package_identification:_identify(src/ROSArduinoBridge) by extensions ['ignore', 'ignore_ament_install']
[0.382s] Level 1:colcon.colcon_core.package_identification:_identify(src/ROSArduinoBridge) by extension 'ignore'
[0.382s] Level 1:colcon.colcon_core.package_identification:_identify(src/ROSArduinoBridge) by extension 'ignore_ament_install'
[0.382s] Level 1:colcon.colcon_core.package_identification:_identify(src/ROSArduinoBridge) by extensions ['colcon_pkg']
[0.382s] Level 1:colcon.colcon_core.package_identification:_identify(src/ROSArduinoBridge) by extension 'colcon_pkg'
[0.382s] Level 1:colcon.colcon_core.package_identification:_identify(src/ROSArduinoBridge) by extensions ['colcon_meta']
[0.382s] Level 1:colcon.colcon_core.package_identification:_identify(src/ROSArduinoBridge) by extension 'colcon_meta'
[0.382s] Level 1:colcon.colcon_core.package_identification:_identify(src/ROSArduinoBridge) by extensions ['ros']
[0.382s] Level 1:colcon.colcon_core.package_identification:_identify(src/ROSArduinoBridge) by extension 'ros'
[0.382s] Level 1:colcon.colcon_core.package_identification:_identify(src/ROSArduinoBridge) by extensions ['cmake', 'python']
[0.382s] Level 1:colcon.colcon_core.package_identification:_identify(src/ROSArduinoBridge) by extension 'cmake'
[0.383s] Level 1:colcon.colcon_core.package_identification:_identify(src/ROSArduinoBridge) by extension 'python'
[0.383s] Level 1:colcon.colcon_core.package_identification:_identify(src/ROSArduinoBridge) by extensions ['python_setup_py']
[0.383s] Level 1:colcon.colcon_core.package_identification:_identify(src/ROSArduinoBridge) by extension 'python_setup_py'
[0.383s] Level 1:colcon.colcon_core.package_identification:_identify(src/articubot_one) by extensions ['ignore', 'ignore_ament_install']
[0.383s] Level 1:colcon.colcon_core.package_identification:_identify(src/articubot_one) by extension 'ignore'
[0.383s] Level 1:colcon.colcon_core.package_identification:_identify(src/articubot_one) by extension 'ignore_ament_install'
[0.383s] Level 1:colcon.colcon_core.package_identification:_identify(src/articubot_one) by extensions ['colcon_pkg']
[0.383s] Level 1:colcon.colcon_core.package_identification:_identify(src/articubot_one) by extension 'colcon_pkg'
[0.383s] Level 1:colcon.colcon_core.package_identification:_identify(src/articubot_one) by extensions ['colcon_meta']
[0.383s] Level 1:colcon.colcon_core.package_identification:_identify(src/articubot_one) by extension 'colcon_meta'
[0.383s] Level 1:colcon.colcon_core.package_identification:_identify(src/articubot_one) by extensions ['ros']
[0.383s] Level 1:colcon.colcon_core.package_identification:_identify(src/articubot_one) by extension 'ros'
[0.387s] DEBUG:colcon.colcon_core.package_identification:Package 'src/articubot_one' with type 'ros.ament_cmake' and name 'articubot_one'
[0.387s] Level 1:colcon.colcon_core.package_identification:_identify(src/example_2) by extensions ['ignore', 'ignore_ament_install']
[0.387s] Level 1:colcon.colcon_core.package_identification:_identify(src/example_2) by extension 'ignore'
[0.387s] Level 1:colcon.colcon_core.package_identification:_identify(src/example_2) by extension 'ignore_ament_install'
[0.387s] Level 1:colcon.colcon_core.package_identification:_identify(src/example_2) by extensions ['colcon_pkg']
[0.387s] Level 1:colcon.colcon_core.package_identification:_identify(src/example_2) by extension 'colcon_pkg'
[0.387s] Level 1:colcon.colcon_core.package_identification:_identify(src/example_2) by extensions ['colcon_meta']
[0.387s] Level 1:colcon.colcon_core.package_identification:_identify(src/example_2) by extension 'colcon_meta'
[0.387s] Level 1:colcon.colcon_core.package_identification:_identify(src/example_2) by extensions ['ros']
[0.387s] Level 1:colcon.colcon_core.package_identification:_identify(src/example_2) by extension 'ros'
[0.389s] DEBUG:colcon.colcon_core.package_identification:Package 'src/example_2' with type 'ros.ament_cmake' and name 'ros2_control_demo_example_2'
[0.389s] Level 1:colcon.colcon_core.package_identification:_identify(src/firebot_cpp) by extensions ['ignore', 'ignore_ament_install']
[0.390s] Level 1:colcon.colcon_core.package_identification:_identify(src/firebot_cpp) by extension 'ignore'
[0.390s] Level 1:colcon.colcon_core.package_identification:_identify(src/firebot_cpp) by extension 'ignore_ament_install'
[0.390s] Level 1:colcon.colcon_core.package_identification:_identify(src/firebot_cpp) by extensions ['colcon_pkg']
[0.390s] Level 1:colcon.colcon_core.package_identification:_identify(src/firebot_cpp) by extension 'colcon_pkg'
[0.390s] Level 1:colcon.colcon_core.package_identification:_identify(src/firebot_cpp) by extensions ['colcon_meta']
[0.390s] Level 1:colcon.colcon_core.package_identification:_identify(src/firebot_cpp) by extension 'colcon_meta'
[0.390s] Level 1:colcon.colcon_core.package_identification:_identify(src/firebot_cpp) by extensions ['ros']
[0.390s] Level 1:colcon.colcon_core.package_identification:_identify(src/firebot_cpp) by extension 'ros'
[0.391s] DEBUG:colcon.colcon_core.package_identification:Package 'src/firebot_cpp' with type 'ros.ament_cmake' and name 'firebot_cpp'
[0.391s] Level 1:colcon.colcon_core.package_identification:_identify(src/firebot_description) by extensions ['ignore', 'ignore_ament_install']
[0.391s] Level 1:colcon.colcon_core.package_identification:_identify(src/firebot_description) by extension 'ignore'
[0.391s] Level 1:colcon.colcon_core.package_identification:_identify(src/firebot_description) by extension 'ignore_ament_install'
[0.391s] Level 1:colcon.colcon_core.package_identification:_identify(src/firebot_description) by extensions ['colcon_pkg']
[0.391s] Level 1:colcon.colcon_core.package_identification:_identify(src/firebot_description) by extension 'colcon_pkg'
[0.391s] Level 1:colcon.colcon_core.package_identification:_identify(src/firebot_description) by extensions ['colcon_meta']
[0.391s] Level 1:colcon.colcon_core.package_identification:_identify(src/firebot_description) by extension 'colcon_meta'
[0.392s] Level 1:colcon.colcon_core.package_identification:_identify(src/firebot_description) by extensions ['ros']
[0.392s] Level 1:colcon.colcon_core.package_identification:_identify(src/firebot_description) by extension 'ros'
[0.392s] DEBUG:colcon.colcon_core.package_identification:Package 'src/firebot_description' with type 'ros.ament_cmake' and name 'firebot_description'
[0.393s] Level 1:colcon.colcon_core.package_identification:_identify(src/firebot_py) by extensions ['ignore', 'ignore_ament_install']
[0.393s] Level 1:colcon.colcon_core.package_identification:_identify(src/firebot_py) by extension 'ignore'
[0.393s] Level 1:colcon.colcon_core.package_identification:_identify(src/firebot_py) by extension 'ignore_ament_install'
[0.393s] Level 1:colcon.colcon_core.package_identification:_identify(src/firebot_py) by extensions ['colcon_pkg']
[0.393s] Level 1:colcon.colcon_core.package_identification:_identify(src/firebot_py) by extension 'colcon_pkg'
[0.393s] Level 1:colcon.colcon_core.package_identification:_identify(src/firebot_py) by extensions ['colcon_meta']
[0.393s] Level 1:colcon.colcon_core.package_identification:_identify(src/firebot_py) by extension 'colcon_meta'
[0.393s] Level 1:colcon.colcon_core.package_identification:_identify(src/firebot_py) by extensions ['ros']
[0.393s] Level 1:colcon.colcon_core.package_identification:_identify(src/firebot_py) by extension 'ros'
[0.396s] DEBUG:colcon.colcon_core.package_identification:Package 'src/firebot_py' with type 'ros.ament_python' and name 'firebot_py'
[0.396s] Level 1:colcon.colcon_core.package_identification:_identify(src/py_pubsub) by extensions ['ignore', 'ignore_ament_install']
[0.396s] Level 1:colcon.colcon_core.package_identification:_identify(src/py_pubsub) by extension 'ignore'
[0.396s] Level 1:colcon.colcon_core.package_identification:_identify(src/py_pubsub) by extension 'ignore_ament_install'
[0.397s] Level 1:colcon.colcon_core.package_identification:_identify(src/py_pubsub) by extensions ['colcon_pkg']
[0.397s] Level 1:colcon.colcon_core.package_identification:_identify(src/py_pubsub) by extension 'colcon_pkg'
[0.397s] Level 1:colcon.colcon_core.package_identification:_identify(src/py_pubsub) by extensions ['colcon_meta']
[0.397s] Level 1:colcon.colcon_core.package_identification:_identify(src/py_pubsub) by extension 'colcon_meta'
[0.397s] Level 1:colcon.colcon_core.package_identification:_identify(src/py_pubsub) by extensions ['ros']
[0.397s] Level 1:colcon.colcon_core.package_identification:_identify(src/py_pubsub) by extension 'ros'
[0.398s] DEBUG:colcon.colcon_core.package_identification:Package 'src/py_pubsub' with type 'ros.ament_python' and name 'py_pubsub'
[0.398s] Level 1:colcon.colcon_core.package_identification:_identify(src/rplidar_ros) by extensions ['ignore', 'ignore_ament_install']
[0.398s] Level 1:colcon.colcon_core.package_identification:_identify(src/rplidar_ros) by extension 'ignore'
[0.398s] Level 1:colcon.colcon_core.package_identification:_identify(src/rplidar_ros) by extension 'ignore_ament_install'
[0.398s] Level 1:colcon.colcon_core.package_identification:_identify(src/rplidar_ros) by extensions ['colcon_pkg']
[0.398s] Level 1:colcon.colcon_core.package_identification:_identify(src/rplidar_ros) by extension 'colcon_pkg'
[0.398s] Level 1:colcon.colcon_core.package_identification:_identify(src/rplidar_ros) by extensions ['colcon_meta']
[0.398s] Level 1:colcon.colcon_core.package_identification:_identify(src/rplidar_ros) by extension 'colcon_meta'
[0.398s] Level 1:colcon.colcon_core.package_identification:_identify(src/rplidar_ros) by extensions ['ros']
[0.398s] Level 1:colcon.colcon_core.package_identification:_identify(src/rplidar_ros) by extension 'ros'
[0.399s] DEBUG:colcon.colcon_core.package_identification:Package 'src/rplidar_ros' with type 'ros.ament_cmake' and name 'rplidar_ros'
[0.399s] Level 1:colcon.colcon_core.package_identification:_identify(src/serial) by extensions ['ignore', 'ignore_ament_install']
[0.400s] Level 1:colcon.colcon_core.package_identification:_identify(src/serial) by extension 'ignore'
[0.400s] Level 1:colcon.colcon_core.package_identification:_identify(src/serial) by extension 'ignore_ament_install'
[0.400s] Level 1:colcon.colcon_core.package_identification:_identify(src/serial) by extensions ['colcon_pkg']
[0.400s] Level 1:colcon.colcon_core.package_identification:_identify(src/serial) by extension 'colcon_pkg'
[0.400s] Level 1:colcon.colcon_core.package_identification:_identify(src/serial) by extensions ['colcon_meta']
[0.400s] Level 1:colcon.colcon_core.package_identification:_identify(src/serial) by extension 'colcon_meta'
[0.400s] Level 1:colcon.colcon_core.package_identification:_identify(src/serial) by extensions ['ros']
[0.400s] Level 1:colcon.colcon_core.package_identification:_identify(src/serial) by extension 'ros'
[0.401s] DEBUG:colcon.colcon_core.package_identification:Package 'src/serial' with type 'ros.ament_cmake' and name 'serial'
[0.401s] Level 1:colcon.colcon_core.package_identification:_identify(src/test_package) by extensions ['ignore', 'ignore_ament_install']
[0.401s] Level 1:colcon.colcon_core.package_identification:_identify(src/test_package) by extension 'ignore'
[0.401s] Level 1:colcon.colcon_core.package_identification:_identify(src/test_package) by extension 'ignore_ament_install'
[0.401s] Level 1:colcon.colcon_core.package_identification:_identify(src/test_package) by extensions ['colcon_pkg']
[0.401s] Level 1:colcon.colcon_core.package_identification:_identify(src/test_package) by extension 'colcon_pkg'
[0.401s] Level 1:colcon.colcon_core.package_identification:_identify(src/test_package) by extensions ['colcon_meta']
[0.401s] Level 1:colcon.colcon_core.package_identification:_identify(src/test_package) by extension 'colcon_meta'
[0.401s] Level 1:colcon.colcon_core.package_identification:_identify(src/test_package) by extensions ['ros']
[0.401s] Level 1:colcon.colcon_core.package_identification:_identify(src/test_package) by extension 'ros'
[0.402s] DEBUG:colcon.colcon_core.package_identification:Package 'src/test_package' with type 'ros.ament_cmake' and name 'test_package'
[0.402s] Level 1:colcon.colcon_core.package_discovery:discover_packages(recursive) using defaults
[0.402s] Level 1:colcon.colcon_core.package_discovery:discover_packages(ignore) discover
[0.402s] Level 1:colcon.colcon_core.package_discovery:discover_packages(ignore) using defaults
[0.402s] Level 1:colcon.colcon_core.package_discovery:discover_packages(path) discover
[0.402s] Level 1:colcon.colcon_core.package_discovery:discover_packages(path) using defaults
[0.445s] Level 1:colcon.colcon_core.package_discovery:discover_packages(prefix_path) check parameters
[0.445s] Level 1:colcon.colcon_core.package_discovery:discover_packages(prefix_path) discover
[0.446s] WARNING:colcon.colcon_ros.prefix_path.ament:The path '/home/ana/robot_ws/install/firebot_hardware_interface' in the environment variable AMENT_PREFIX_PATH doesn't exist
[0.447s] WARNING:colcon.colcon_ros.prefix_path.catkin:The path '/home/ana/robot_ws/install/firebot_hardware_interface' in the environment variable CMAKE_PREFIX_PATH doesn't exist
[0.448s] DEBUG:colcon.colcon_installed_package_information.package_discovery:Found 9 installed packages in /home/ana/robot_ws/install
[0.450s] DEBUG:colcon.colcon_installed_package_information.package_discovery:Found 422 installed packages in /opt/ros/humble
[0.452s] Level 1:colcon.colcon_core.package_discovery:discover_packages(prefix_path) using defaults
[0.525s] Level 5:colcon.colcon_core.verb:set package 'articubot_one' build argument 'cmake_args' from command line to 'None'
[0.525s] Level 5:colcon.colcon_core.verb:set package 'articubot_one' build argument 'cmake_target' from command line to 'None'
[0.525s] Level 5:colcon.colcon_core.verb:set package 'articubot_one' build argument 'cmake_target_skip_unavailable' from command line to 'False'
[0.525s] Level 5:colcon.colcon_core.verb:set package 'articubot_one' build argument 'cmake_clean_cache' from command line to 'False'
[0.525s] Level 5:colcon.colcon_core.verb:set package 'articubot_one' build argument 'cmake_clean_first' from command line to 'False'
[0.525s] Level 5:colcon.colcon_core.verb:set package 'articubot_one' build argument 'cmake_force_configure' from command line to 'False'
[0.525s] Level 5:colcon.colcon_core.verb:set package 'articubot_one' build argument 'ament_cmake_args' from command line to 'None'
[0.525s] Level 5:colcon.colcon_core.verb:set package 'articubot_one' build argument 'catkin_cmake_args' from command line to 'None'
[0.525s] Level 5:colcon.colcon_core.verb:set package 'articubot_one' build argument 'catkin_skip_building_tests' from command line to 'False'
[0.525s] DEBUG:colcon.colcon_core.verb:Building package 'articubot_one' with the following arguments: {'ament_cmake_args': None, 'build_base': '/home/ana/robot_ws/build/articubot_one', 'catkin_cmake_args': None, 'catkin_skip_building_tests': False, 'cmake_args': None, 'cmake_clean_cache': False, 'cmake_clean_first': False, 'cmake_force_configure': False, 'cmake_target': None, 'cmake_target_skip_unavailable': False, 'install_base': '/home/ana/robot_ws/install/articubot_one', 'merge_install': False, 'path': '/home/ana/robot_ws/src/articubot_one', 'symlink_install': True, 'test_result_base': None}
[0.526s] Level 5:colcon.colcon_core.verb:set package 'firebot_cpp' build argument 'cmake_args' from command line to 'None'
[0.526s] Level 5:colcon.colcon_core.verb:set package 'firebot_cpp' build argument 'cmake_target' from command line to 'None'
[0.526s] Level 5:colcon.colcon_core.verb:set package 'firebot_cpp' build argument 'cmake_target_skip_unavailable' from command line to 'False'
[0.526s] Level 5:colcon.colcon_core.verb:set package 'firebot_cpp' build argument 'cmake_clean_cache' from command line to 'False'
[0.526s] Level 5:colcon.colcon_core.verb:set package 'firebot_cpp' build argument 'cmake_clean_first' from command line to 'False'
[0.526s] Level 5:colcon.colcon_core.verb:set package 'firebot_cpp' build argument 'cmake_force_configure' from command line to 'False'
[0.526s] Level 5:colcon.colcon_core.verb:set package 'firebot_cpp' build argument 'ament_cmake_args' from command line to 'None'
[0.526s] Level 5:colcon.colcon_core.verb:set package 'firebot_cpp' build argument 'catkin_cmake_args' from command line to 'None'
[0.526s] Level 5:colcon.colcon_core.verb:set package 'firebot_cpp' build argument 'catkin_skip_building_tests' from command line to 'False'
[0.526s] DEBUG:colcon.colcon_core.verb:Building package 'firebot_cpp' with the following arguments: {'ament_cmake_args': None, 'build_base': '/home/ana/robot_ws/build/firebot_cpp', 'catkin_cmake_args': None, 'catkin_skip_building_tests': False, 'cmake_args': None, 'cmake_clean_cache': False, 'cmake_clean_first': False, 'cmake_force_configure': False, 'cmake_target': None, 'cmake_target_skip_unavailable': False, 'install_base': '/home/ana/robot_ws/install/firebot_cpp', 'merge_install': False, 'path': '/home/ana/robot_ws/src/firebot_cpp', 'symlink_install': True, 'test_result_base': None}
[0.527s] Level 5:colcon.colcon_core.verb:set package 'firebot_description' build argument 'cmake_args' from command line to 'None'
[0.527s] Level 5:colcon.colcon_core.verb:set package 'firebot_description' build argument 'cmake_target' from command line to 'None'
[0.527s] Level 5:colcon.colcon_core.verb:set package 'firebot_description' build argument 'cmake_target_skip_unavailable' from command line to 'False'
[0.527s] Level 5:colcon.colcon_core.verb:set package 'firebot_description' build argument 'cmake_clean_cache' from command line to 'False'
[0.527s] Level 5:colcon.colcon_core.verb:set package 'firebot_description' build argument 'cmake_clean_first' from command line to 'False'
[0.527s] Level 5:colcon.colcon_core.verb:set package 'firebot_description' build argument 'cmake_force_configure' from command line to 'False'
[0.527s] Level 5:colcon.colcon_core.verb:set package 'firebot_description' build argument 'ament_cmake_args' from command line to 'None'
[0.527s] Level 5:colcon.colcon_core.verb:set package 'firebot_description' build argument 'catkin_cmake_args' from command line to 'None'
[0.527s] Level 5:colcon.colcon_core.verb:set package 'firebot_description' build argument 'catkin_skip_building_tests' from command line to 'False'
[0.527s] DEBUG:colcon.colcon_core.verb:Building package 'firebot_description' with the following arguments: {'ament_cmake_args': None, 'build_base': '/home/ana/robot_ws/build/firebot_description', 'catkin_cmake_args': None, 'catkin_skip_building_tests': False, 'cmake_args': None, 'cmake_clean_cache': False, 'cmake_clean_first': False, 'cmake_force_configure': False, 'cmake_target': None, 'cmake_target_skip_unavailable': False, 'install_base': '/home/ana/robot_ws/install/firebot_description', 'merge_install': False, 'path': '/home/ana/robot_ws/src/firebot_description', 'symlink_install': True, 'test_result_base': None}
[0.528s] Level 5:colcon.colcon_core.verb:set package 'firebot_py' build argument 'cmake_args' from command line to 'None'
[0.528s] Level 5:colcon.colcon_core.verb:set package 'firebot_py' build argument 'cmake_target' from command line to 'None'
[0.528s] Level 5:colcon.colcon_core.verb:set package 'firebot_py' build argument 'cmake_target_skip_unavailable' from command line to 'False'
[0.528s] Level 5:colcon.colcon_core.verb:set package 'firebot_py' build argument 'cmake_clean_cache' from command line to 'False'
[0.528s] Level 5:colcon.colcon_core.verb:set package 'firebot_py' build argument 'cmake_clean_first' from command line to 'False'
[0.528s] Level 5:colcon.colcon_core.verb:set package 'firebot_py' build argument 'cmake_force_configure' from command line to 'False'
[0.528s] Level 5:colcon.colcon_core.verb:set package 'firebot_py' build argument 'ament_cmake_args' from command line to 'None'
[0.528s] Level 5:colcon.colcon_core.verb:set package 'firebot_py' build argument 'catkin_cmake_args' from command line to 'None'
[0.528s] Level 5:colcon.colcon_core.verb:set package 'firebot_py' build argument 'catkin_skip_building_tests' from command line to 'False'
[0.528s] DEBUG:colcon.colcon_core.verb:Building package 'firebot_py' with the following arguments: {'ament_cmake_args': None, 'build_base': '/home/ana/robot_ws/build/firebot_py', 'catkin_cmake_args': None, 'catkin_skip_building_tests': False, 'cmake_args': None, 'cmake_clean_cache': False, 'cmake_clean_first': False, 'cmake_force_configure': False, 'cmake_target': None, 'cmake_target_skip_unavailable': False, 'install_base': '/home/ana/robot_ws/install/firebot_py', 'merge_install': False, 'path': '/home/ana/robot_ws/src/firebot_py', 'symlink_install': True, 'test_result_base': None}
[0.529s] Level 5:colcon.colcon_core.verb:set package 'py_pubsub' build argument 'cmake_args' from command line to 'None'
[0.529s] Level 5:colcon.colcon_core.verb:set package 'py_pubsub' build argument 'cmake_target' from command line to 'None'
[0.529s] Level 5:colcon.colcon_core.verb:set package 'py_pubsub' build argument 'cmake_target_skip_unavailable' from command line to 'False'
[0.529s] Level 5:colcon.colcon_core.verb:set package 'py_pubsub' build argument 'cmake_clean_cache' from command line to 'False'
[0.529s] Level 5:colcon.colcon_core.verb:set package 'py_pubsub' build argument 'cmake_clean_first' from command line to 'False'
[0.529s] Level 5:colcon.colcon_core.verb:set package 'py_pubsub' build argument 'cmake_force_configure' from command line to 'False'
[0.529s] Level 5:colcon.colcon_core.verb:set package 'py_pubsub' build argument 'ament_cmake_args' from command line to 'None'
[0.529s] Level 5:colcon.colcon_core.verb:set package 'py_pubsub' build argument 'catkin_cmake_args' from command line to 'None'
[0.529s] Level 5:colcon.colcon_core.verb:set package 'py_pubsub' build argument 'catkin_skip_building_tests' from command line to 'False'
[0.529s] DEBUG:colcon.colcon_core.verb:Building package 'py_pubsub' with the following arguments: {'ament_cmake_args': None, 'build_base': '/home/ana/robot_ws/build/py_pubsub', 'catkin_cmake_args': None, 'catkin_skip_building_tests': False, 'cmake_args': None, 'cmake_clean_cache': False, 'cmake_clean_first': False, 'cmake_force_configure': False, 'cmake_target': None, 'cmake_target_skip_unavailable': False, 'install_base': '/home/ana/robot_ws/install/py_pubsub', 'merge_install': False, 'path': '/home/ana/robot_ws/src/py_pubsub', 'symlink_install': True, 'test_result_base': None}
[0.530s] Level 5:colcon.colcon_core.verb:set package 'ros2_control_demo_example_2' build argument 'cmake_args' from command line to 'None'
[0.530s] Level 5:colcon.colcon_core.verb:set package 'ros2_control_demo_example_2' build argument 'cmake_target' from command line to 'None'
[0.530s] Level 5:colcon.colcon_core.verb:set package 'ros2_control_demo_example_2' build argument 'cmake_target_skip_unavailable' from command line to 'False'
[0.530s] Level 5:colcon.colcon_core.verb:set package 'ros2_control_demo_example_2' build argument 'cmake_clean_cache' from command line to 'False'
[0.530s] Level 5:colcon.colcon_core.verb:set package 'ros2_control_demo_example_2' build argument 'cmake_clean_first' from command line to 'False'
[0.530s] Level 5:colcon.colcon_core.verb:set package 'ros2_control_demo_example_2' build argument 'cmake_force_configure' from command line to 'False'
[0.530s] Level 5:colcon.colcon_core.verb:set package 'ros2_control_demo_example_2' build argument 'ament_cmake_args' from command line to 'None'
[0.530s] Level 5:colcon.colcon_core.verb:set package 'ros2_control_demo_example_2' build argument 'catkin_cmake_args' from command line to 'None'
[0.530s] Level 5:colcon.colcon_core.verb:set package 'ros2_control_demo_example_2' build argument 'catkin_skip_building_tests' from command line to 'False'
[0.530s] DEBUG:colcon.colcon_core.verb:Building package 'ros2_control_demo_example_2' with the following arguments: {'ament_cmake_args': None, 'build_base': '/home/ana/robot_ws/build/ros2_control_demo_example_2', 'catkin_cmake_args': None, 'catkin_skip_building_tests': False, 'cmake_args': None, 'cmake_clean_cache': False, 'cmake_clean_first': False, 'cmake_force_configure': False, 'cmake_target': None, 'cmake_target_skip_unavailable': False, 'install_base': '/home/ana/robot_ws/install/ros2_control_demo_example_2', 'merge_install': False, 'path': '/home/ana/robot_ws/src/example_2', 'symlink_install': True, 'test_result_base': None}
[0.531s] Level 5:colcon.colcon_core.verb:set package 'rplidar_ros' build argument 'cmake_args' from command line to 'None'
[0.531s] Level 5:colcon.colcon_core.verb:set package 'rplidar_ros' build argument 'cmake_target' from command line to 'None'
[0.531s] Level 5:colcon.colcon_core.verb:set package 'rplidar_ros' build argument 'cmake_target_skip_unavailable' from command line to 'False'
[0.531s] Level 5:colcon.colcon_core.verb:set package 'rplidar_ros' build argument 'cmake_clean_cache' from command line to 'False'
[0.531s] Level 5:colcon.colcon_core.verb:set package 'rplidar_ros' build argument 'cmake_clean_first' from command line to 'False'
[0.531s] Level 5:colcon.colcon_core.verb:set package 'rplidar_ros' build argument 'cmake_force_configure' from command line to 'False'
[0.531s] Level 5:colcon.colcon_core.verb:set package 'rplidar_ros' build argument 'ament_cmake_args' from command line to 'None'
[0.531s] Level 5:colcon.colcon_core.verb:set package 'rplidar_ros' build argument 'catkin_cmake_args' from command line to 'None'
[0.531s] Level 5:colcon.colcon_core.verb:set package 'rplidar_ros' build argument 'catkin_skip_building_tests' from command line to 'False'
[0.531s] DEBUG:colcon.colcon_core.verb:Building package 'rplidar_ros' with the following arguments: {'ament_cmake_args': None, 'build_base': '/home/ana/robot_ws/build/rplidar_ros', 'catkin_cmake_args': None, 'catkin_skip_building_tests': False, 'cmake_args': None, 'cmake_clean_cache': False, 'cmake_clean_first': False, 'cmake_force_configure': False, 'cmake_target': None, 'cmake_target_skip_unavailable': False, 'install_base': '/home/ana/robot_ws/install/rplidar_ros', 'merge_install': False, 'path': '/home/ana/robot_ws/src/rplidar_ros', 'symlink_install': True, 'test_result_base': None}
[0.532s] Level 5:colcon.colcon_core.verb:set package 'serial' build argument 'cmake_args' from command line to 'None'
[0.532s] Level 5:colcon.colcon_core.verb:set package 'serial' build argument 'cmake_target' from command line to 'None'
[0.532s] Level 5:colcon.colcon_core.verb:set package 'serial' build argument 'cmake_target_skip_unavailable' from command line to 'False'
[0.532s] Level 5:colcon.colcon_core.verb:set package 'serial' build argument 'cmake_clean_cache' from command line to 'False'
[0.532s] Level 5:colcon.colcon_core.verb:set package 'serial' build argument 'cmake_clean_first' from command line to 'False'
[0.532s] Level 5:colcon.colcon_core.verb:set package 'serial' build argument 'cmake_force_configure' from command line to 'False'
[0.532s] Level 5:colcon.colcon_core.verb:set package 'serial' build argument 'ament_cmake_args' from command line to 'None'
[0.532s] Level 5:colcon.colcon_core.verb:set package 'serial' build argument 'catkin_cmake_args' from command line to 'None'
[0.532s] Level 5:colcon.colcon_core.verb:set package 'serial' build argument 'catkin_skip_building_tests' from command line to 'False'
[0.532s] DEBUG:colcon.colcon_core.verb:Building package 'serial' with the following arguments: {'ament_cmake_args': None, 'build_base': '/home/ana/robot_ws/build/serial', 'catkin_cmake_args': None, 'catkin_skip_building_tests': False, 'cmake_args': None, 'cmake_clean_cache': False, 'cmake_clean_first': False, 'cmake_force_configure': False, 'cmake_target': None, 'cmake_target_skip_unavailable': False, 'install_base': '/home/ana/robot_ws/install/serial', 'merge_install': False, 'path': '/home/ana/robot_ws/src/serial', 'symlink_install': True, 'test_result_base': None}
[0.533s] Level 5:colcon.colcon_core.verb:set package 'test_package' build argument 'cmake_args' from command line to 'None'
[0.533s] Level 5:colcon.colcon_core.verb:set package 'test_package' build argument 'cmake_target' from command line to 'None'
[0.533s] Level 5:colcon.colcon_core.verb:set package 'test_package' build argument 'cmake_target_skip_unavailable' from command line to 'False'
[0.533s] Level 5:colcon.colcon_core.verb:set package 'test_package' build argument 'cmake_clean_cache' from command line to 'False'
[0.533s] Level 5:colcon.colcon_core.verb:set package 'test_package' build argument 'cmake_clean_first' from command line to 'False'
[0.533s] Level 5:colcon.colcon_core.verb:set package 'test_package' build argument 'cmake_force_configure' from command line to 'False'
[0.533s] Level 5:colcon.colcon_core.verb:set package 'test_package' build argument 'ament_cmake_args' from command line to 'None'
[0.533s] Level 5:colcon.colcon_core.verb:set package 'test_package' build argument 'catkin_cmake_args' from command line to 'None'
[0.533s] Level 5:colcon.colcon_core.verb:set package 'test_package' build argument 'catkin_skip_building_tests' from command line to 'False'
[0.533s] DEBUG:colcon.colcon_core.verb:Building package 'test_package' with the following arguments: {'ament_cmake_args': None, 'build_base': '/home/ana/robot_ws/build/test_package', 'catkin_cmake_args': None, 'catkin_skip_building_tests': False, 'cmake_args': None, 'cmake_clean_cache': False, 'cmake_clean_first': False, 'cmake_force_configure': False, 'cmake_target': None, 'cmake_target_skip_unavailable': False, 'install_base': '/home/ana/robot_ws/install/test_package', 'merge_install': False, 'path': '/home/ana/robot_ws/src/test_package', 'symlink_install': True, 'test_result_base': None}
[0.533s] INFO:colcon.colcon_core.executor:Executing jobs using 'parallel' executor
[0.535s] DEBUG:colcon.colcon_parallel_executor.executor.parallel:run_until_complete
[0.536s] INFO:colcon.colcon_ros.task.ament_cmake.build:Building ROS package in '/home/ana/robot_ws/src/articubot_one' with build type 'ament_cmake'
[0.536s] INFO:colcon.colcon_cmake.task.cmake.build:Building CMake package in '/home/ana/robot_ws/src/articubot_one'
[0.539s] INFO:colcon.colcon_core.plugin_system:Skipping extension 'colcon_core.shell.bat': Not used on non-Windows systems
[0.540s] INFO:colcon.colcon_core.shell:Skip shell extension 'powershell' for command environment: Not usable outside of PowerShell
[0.540s] DEBUG:colcon.colcon_core.shell:Skip shell extension 'dsv' for command environment
[0.545s] INFO:colcon.colcon_ros.task.ament_cmake.build:Building ROS package in '/home/ana/robot_ws/src/firebot_cpp' with build type 'ament_cmake'
[0.545s] INFO:colcon.colcon_cmake.task.cmake.build:Building CMake package in '/home/ana/robot_ws/src/firebot_cpp'
[0.546s] INFO:colcon.colcon_core.shell:Skip shell extension 'powershell' for command environment: Not usable outside of PowerShell
[0.546s] DEBUG:colcon.colcon_core.shell:Skip shell extension 'dsv' for command environment
[0.551s] INFO:colcon.colcon_ros.task.ament_cmake.build:Building ROS package in '/home/ana/robot_ws/src/firebot_description' with build type 'ament_cmake'
[0.551s] INFO:colcon.colcon_cmake.task.cmake.build:Building CMake package in '/home/ana/robot_ws/src/firebot_description'
[0.552s] INFO:colcon.colcon_core.shell:Skip shell extension 'powershell' for command environment: Not usable outside of PowerShell
[0.552s] DEBUG:colcon.colcon_core.shell:Skip shell extension 'dsv' for command environment
[0.557s] INFO:colcon.colcon_ros.task.ament_python.build:Building ROS package in '/home/ana/robot_ws/src/firebot_py' with build type 'ament_python'
[0.558s] Level 1:colcon.colcon_core.shell:create_environment_hook('firebot_py', 'ament_prefix_path')
[0.558s] INFO:colcon.colcon_core.shell:Creating environment hook '/home/ana/robot_ws/install/firebot_py/share/firebot_py/hook/ament_prefix_path.ps1'
[0.559s] INFO:colcon.colcon_core.shell:Creating environment descriptor '/home/ana/robot_ws/install/firebot_py/share/firebot_py/hook/ament_prefix_path.dsv'
[0.560s] INFO:colcon.colcon_core.shell:Creating environment hook '/home/ana/robot_ws/install/firebot_py/share/firebot_py/hook/ament_prefix_path.sh'
[0.562s] INFO:colcon.colcon_core.shell:Skip shell extension 'powershell' for command environment: Not usable outside of PowerShell
[0.562s] DEBUG:colcon.colcon_core.shell:Skip shell extension 'dsv' for command environment
[0.567s] INFO:colcon.colcon_ros.task.ament_python.build:Building ROS package in '/home/ana/robot_ws/src/py_pubsub' with build type 'ament_python'
[0.568s] Level 1:colcon.colcon_core.shell:create_environment_hook('py_pubsub', 'ament_prefix_path')
[0.568s] INFO:colcon.colcon_core.shell:Creating environment hook '/home/ana/robot_ws/install/py_pubsub/share/py_pubsub/hook/ament_prefix_path.ps1'
[0.569s] INFO:colcon.colcon_core.shell:Creating environment descriptor '/home/ana/robot_ws/install/py_pubsub/share/py_pubsub/hook/ament_prefix_path.dsv'
[0.569s] INFO:colcon.colcon_core.shell:Creating environment hook '/home/ana/robot_ws/install/py_pubsub/share/py_pubsub/hook/ament_prefix_path.sh'
[0.570s] INFO:colcon.colcon_core.shell:Skip shell extension 'powershell' for command environment: Not usable outside of PowerShell
[0.570s] DEBUG:colcon.colcon_core.shell:Skip shell extension 'dsv' for command environment
[0.576s] INFO:colcon.colcon_ros.task.ament_cmake.build:Building ROS package in '/home/ana/robot_ws/src/example_2' with build type 'ament_cmake'
[0.576s] INFO:colcon.colcon_cmake.task.cmake.build:Building CMake package in '/home/ana/robot_ws/src/example_2'
[0.576s] INFO:colcon.colcon_core.shell:Skip shell extension 'powershell' for command environment: Not usable outside of PowerShell
[0.576s] DEBUG:colcon.colcon_core.shell:Skip shell extension 'dsv' for command environment
[0.582s] INFO:colcon.colcon_ros.task.ament_cmake.build:Building ROS package in '/home/ana/robot_ws/src/rplidar_ros' with build type 'ament_cmake'
[0.582s] INFO:colcon.colcon_cmake.task.cmake.build:Building CMake package in '/home/ana/robot_ws/src/rplidar_ros'
[0.583s] INFO:colcon.colcon_core.shell:Skip shell extension 'powershell' for command environment: Not usable outside of PowerShell
[0.583s] DEBUG:colcon.colcon_core.shell:Skip shell extension 'dsv' for command environment
[0.588s] INFO:colcon.colcon_ros.task.ament_cmake.build:Building ROS package in '/home/ana/robot_ws/src/serial' with build type 'ament_cmake'
[0.588s] INFO:colcon.colcon_cmake.task.cmake.build:Building CMake package in '/home/ana/robot_ws/src/serial'
[0.588s] INFO:colcon.colcon_core.shell:Skip shell extension 'powershell' for command environment: Not usable outside of PowerShell
[0.589s] DEBUG:colcon.colcon_core.shell:Skip shell extension 'dsv' for command environment
[0.594s] INFO:colcon.colcon_ros.task.ament_cmake.build:Building ROS package in '/home/ana/robot_ws/src/test_package' with build type 'ament_cmake'
[0.594s] INFO:colcon.colcon_cmake.task.cmake.build:Building CMake package in '/home/ana/robot_ws/src/test_package'
[0.594s] INFO:colcon.colcon_core.shell:Skip shell extension 'powershell' for command environment: Not usable outside of PowerShell
[0.594s] DEBUG:colcon.colcon_core.shell:Skip shell extension 'dsv' for command environment
[0.609s] DEBUG:colcon.colcon_core.event_handler.log_command:Invoking command in '/home/ana/robot_ws/build/articubot_one': CMAKE_PREFIX_PATH=${CMAKE_PREFIX_PATH}:/opt/ros/humble:/home/ana/robot_ws/install/py_pubsub:/home/ana/robot_ws/install/firebot_py /usr/bin/cmake --build /home/ana/robot_ws/build/articubot_one -- -j20 -l20
[0.614s] DEBUG:colcon.colcon_core.event_handler.log_command:Invoking command in '/home/ana/robot_ws/build/firebot_cpp': CMAKE_PREFIX_PATH=${CMAKE_PREFIX_PATH}:/opt/ros/humble:/home/ana/robot_ws/install/py_pubsub:/home/ana/robot_ws/install/firebot_py /usr/bin/cmake --build /home/ana/robot_ws/build/firebot_cpp -- -j20 -l20
[0.618s] DEBUG:colcon.colcon_core.event_handler.log_command:Invoking command in '/home/ana/robot_ws/build/firebot_description': CMAKE_PREFIX_PATH=${CMAKE_PREFIX_PATH}:/opt/ros/humble:/home/ana/robot_ws/install/py_pubsub:/home/ana/robot_ws/install/firebot_py /usr/bin/cmake --build /home/ana/robot_ws/build/firebot_description -- -j20 -l20
[1.026s] INFO:colcon.colcon_core.task.python.build:Building Python package in '/home/ana/robot_ws/src/firebot_py'
[1.027s] INFO:colcon.colcon_core.shell:Skip shell extension 'powershell' for command environment: Not usable outside of PowerShell
[1.027s] DEBUG:colcon.colcon_core.shell:Skip shell extension 'dsv' for command environment
[1.401s] INFO:colcon.colcon_core.task.python.build:Building Python package in '/home/ana/robot_ws/src/py_pubsub'
[1.401s] INFO:colcon.colcon_core.shell:Skip shell extension 'powershell' for command environment: Not usable outside of PowerShell
[1.402s] DEBUG:colcon.colcon_core.shell:Skip shell extension 'dsv' for command environment
[1.412s] DEBUG:colcon.colcon_core.event_handler.log_command:Invoking command in '/home/ana/robot_ws/build/ros2_control_demo_example_2': CMAKE_PREFIX_PATH=${CMAKE_PREFIX_PATH}:/opt/ros/humble:/home/ana/robot_ws/install/py_pubsub:/home/ana/robot_ws/install/firebot_py /usr/bin/cmake --build /home/ana/robot_ws/build/ros2_control_demo_example_2 -- -j20 -l20
[1.415s] DEBUG:colcon.colcon_core.event_handler.log_command:Invoking command in '/home/ana/robot_ws/build/rplidar_ros': CMAKE_PREFIX_PATH=${CMAKE_PREFIX_PATH}:/opt/ros/humble:/home/ana/robot_ws/install/py_pubsub:/home/ana/robot_ws/install/firebot_py /usr/bin/cmake --build /home/ana/robot_ws/build/rplidar_ros -- -j20 -l20
[1.436s] DEBUG:colcon.colcon_core.event_handler.log_command:Invoking command in '/home/ana/robot_ws/build/serial': CMAKE_PREFIX_PATH=${CMAKE_PREFIX_PATH}:/opt/ros/humble:/home/ana/robot_ws/install/py_pubsub:/home/ana/robot_ws/install/firebot_py /usr/bin/cmake --build /home/ana/robot_ws/build/serial -- -j20 -l20
[1.446s] DEBUG:colcon.colcon_core.event_handler.log_command:Invoking command in '/home/ana/robot_ws/build/test_package': CMAKE_PREFIX_PATH=${CMAKE_PREFIX_PATH}:/opt/ros/humble:/home/ana/robot_ws/install/py_pubsub:/home/ana/robot_ws/install/firebot_py /usr/bin/cmake --build /home/ana/robot_ws/build/test_package -- -j20 -l20
[1.448s] DEBUG:colcon.colcon_core.event_handler.log_command:Invoked command in '/home/ana/robot_ws/build/articubot_one' returned '0': CMAKE_PREFIX_PATH=${CMAKE_PREFIX_PATH}:/opt/ros/humble:/home/ana/robot_ws/install/py_pubsub:/home/ana/robot_ws/install/firebot_py /usr/bin/cmake --build /home/ana/robot_ws/build/articubot_one -- -j20 -l20
[1.467s] DEBUG:colcon.colcon_core.event_handler.log_command:Invoking command in '/home/ana/robot_ws/build/articubot_one': CMAKE_PREFIX_PATH=${CMAKE_PREFIX_PATH}:/opt/ros/humble:/home/ana/robot_ws/install/py_pubsub:/home/ana/robot_ws/install/firebot_py /usr/bin/cmake --install /home/ana/robot_ws/build/articubot_one
[1.468s] DEBUG:colcon.colcon_core.event_handler.log_command:Invoked command in '/home/ana/robot_ws/build/firebot_cpp' returned '0': CMAKE_PREFIX_PATH=${CMAKE_PREFIX_PATH}:/opt/ros/humble:/home/ana/robot_ws/install/py_pubsub:/home/ana/robot_ws/install/firebot_py /usr/bin/cmake --build /home/ana/robot_ws/build/firebot_cpp -- -j20 -l20
[1.473s] DEBUG:colcon.colcon_core.event_handler.log_command:Invoking command in '/home/ana/robot_ws/build/firebot_cpp': CMAKE_PREFIX_PATH=${CMAKE_PREFIX_PATH}:/opt/ros/humble:/home/ana/robot_ws/install/py_pubsub:/home/ana/robot_ws/install/firebot_py /usr/bin/cmake --install /home/ana/robot_ws/build/firebot_cpp
[1.475s] DEBUG:colcon.colcon_core.event_handler.log_command:Invoked command in '/home/ana/robot_ws/build/firebot_description' returned '0': CMAKE_PREFIX_PATH=${CMAKE_PREFIX_PATH}:/opt/ros/humble:/home/ana/robot_ws/install/py_pubsub:/home/ana/robot_ws/install/firebot_py /usr/bin/cmake --build /home/ana/robot_ws/build/firebot_description -- -j20 -l20
[1.478s] DEBUG:colcon.colcon_core.event_handler.log_command:Invoking command in '/home/ana/robot_ws/build/firebot_description': CMAKE_PREFIX_PATH=${CMAKE_PREFIX_PATH}:/opt/ros/humble:/home/ana/robot_ws/install/py_pubsub:/home/ana/robot_ws/install/firebot_py /usr/bin/cmake --install /home/ana/robot_ws/build/firebot_description
[1.530s] Level 1:colcon.colcon_core.environment:create_environment_scripts_only(firebot_cpp)
[1.533s] DEBUG:colcon.colcon_core.event_handler.log_command:Invoked command in '/home/ana/robot_ws/build/firebot_cpp' returned '0': CMAKE_PREFIX_PATH=${CMAKE_PREFIX_PATH}:/opt/ros/humble:/home/ana/robot_ws/install/py_pubsub:/home/ana/robot_ws/install/firebot_py /usr/bin/cmake --install /home/ana/robot_ws/build/firebot_cpp
[1.548s] Level 1:colcon.colcon_core.environment:checking '/home/ana/robot_ws/install/firebot_cpp' for CMake module files
[1.549s] Level 1:colcon.colcon_core.environment:checking '/home/ana/robot_ws/install/firebot_cpp' for CMake config files
[1.551s] Level 1:colcon.colcon_core.shell:create_environment_hook('firebot_cpp', 'cmake_prefix_path')
[1.552s] INFO:colcon.colcon_core.shell:Creating environment hook '/home/ana/robot_ws/install/firebot_cpp/share/firebot_cpp/hook/cmake_prefix_path.ps1'
[1.554s] INFO:colcon.colcon_core.shell:Creating environment descriptor '/home/ana/robot_ws/install/firebot_cpp/share/firebot_cpp/hook/cmake_prefix_path.dsv'
[1.555s] INFO:colcon.colcon_core.shell:Creating environment hook '/home/ana/robot_ws/install/firebot_cpp/share/firebot_cpp/hook/cmake_prefix_path.sh'
[1.559s] Level 1:colcon.colcon_core.environment:checking '/home/ana/robot_ws/install/firebot_cpp/bin'
[1.559s] Level 1:colcon.colcon_core.environment:checking '/home/ana/robot_ws/install/firebot_cpp/lib/pkgconfig/firebot_cpp.pc'
[1.560s] Level 1:colcon.colcon_core.environment:checking '/home/ana/robot_ws/install/firebot_cpp/lib/python3.10/site-packages'
[1.560s] Level 1:colcon.colcon_core.environment:checking '/home/ana/robot_ws/install/firebot_cpp/bin'
[1.561s] INFO:colcon.colcon_core.shell:Creating package script '/home/ana/robot_ws/install/firebot_cpp/share/firebot_cpp/package.ps1'
[1.563s] INFO:colcon.colcon_core.shell:Creating package descriptor '/home/ana/robot_ws/install/firebot_cpp/share/firebot_cpp/package.dsv'
[1.564s] INFO:colcon.colcon_core.shell:Creating package script '/home/ana/robot_ws/install/firebot_cpp/share/firebot_cpp/package.sh'
[1.565s] INFO:colcon.colcon_core.shell:Creating package script '/home/ana/robot_ws/install/firebot_cpp/share/firebot_cpp/package.bash'
[1.567s] INFO:colcon.colcon_core.shell:Creating package script '/home/ana/robot_ws/install/firebot_cpp/share/firebot_cpp/package.zsh'
[1.570s] Level 1:colcon.colcon_core.environment:create_file_with_runtime_dependencies(/home/ana/robot_ws/install/firebot_cpp/share/colcon-core/packages/firebot_cpp)
[1.572s] Level 1:colcon.colcon_core.environment:create_environment_scripts_only(firebot_cpp)
[1.572s] Level 1:colcon.colcon_core.environment:checking '/home/ana/robot_ws/install/firebot_cpp' for CMake module files
[1.573s] Level 1:colcon.colcon_core.environment:checking '/home/ana/robot_ws/install/firebot_cpp' for CMake config files
[1.574s] Level 1:colcon.colcon_core.shell:create_environment_hook('firebot_cpp', 'cmake_prefix_path')
[1.574s] INFO:colcon.colcon_core.shell:Creating environment hook '/home/ana/robot_ws/install/firebot_cpp/share/firebot_cpp/hook/cmake_prefix_path.ps1'
[1.575s] INFO:colcon.colcon_core.shell:Creating environment descriptor '/home/ana/robot_ws/install/firebot_cpp/share/firebot_cpp/hook/cmake_prefix_path.dsv'
[1.576s] INFO:colcon.colcon_core.shell:Creating environment hook '/home/ana/robot_ws/install/firebot_cpp/share/firebot_cpp/hook/cmake_prefix_path.sh'
[1.580s] Level 1:colcon.colcon_core.environment:checking '/home/ana/robot_ws/install/firebot_cpp/bin'
[1.580s] Level 1:colcon.colcon_core.environment:checking '/home/ana/robot_ws/install/firebot_cpp/lib/pkgconfig/firebot_cpp.pc'
[1.581s] Level 1:colcon.colcon_core.environment:checking '/home/ana/robot_ws/install/firebot_cpp/lib/python3.10/site-packages'
[1.581s] Level 1:colcon.colcon_core.environment:checking '/home/ana/robot_ws/install/firebot_cpp/bin'
[1.582s] INFO:colcon.colcon_core.shell:Creating package script '/home/ana/robot_ws/install/firebot_cpp/share/firebot_cpp/package.ps1'
[1.585s] INFO:colcon.colcon_core.shell:Creating package descriptor '/home/ana/robot_ws/install/firebot_cpp/share/firebot_cpp/package.dsv'
[1.587s] INFO:colcon.colcon_core.shell:Creating package script '/home/ana/robot_ws/install/firebot_cpp/share/firebot_cpp/package.sh'
[1.589s] INFO:colcon.colcon_core.shell:Creating package script '/home/ana/robot_ws/install/firebot_cpp/share/firebot_cpp/package.bash'
[1.591s] INFO:colcon.colcon_core.shell:Creating package script '/home/ana/robot_ws/install/firebot_cpp/share/firebot_cpp/package.zsh'
[1.593s] Level 1:colcon.colcon_core.environment:create_file_with_runtime_dependencies(/home/ana/robot_ws/install/firebot_cpp/share/colcon-core/packages/firebot_cpp)
[1.599s] Level 1:colcon.colcon_core.environment:create_environment_scripts_only(articubot_one)
[1.600s] Level 1:colcon.colcon_core.environment:checking '/home/ana/robot_ws/install/articubot_one' for CMake module files
[1.601s] DEBUG:colcon.colcon_core.event_handler.log_command:Invoked command in '/home/ana/robot_ws/build/articubot_one' returned '0': CMAKE_PREFIX_PATH=${CMAKE_PREFIX_PATH}:/opt/ros/humble:/home/ana/robot_ws/install/py_pubsub:/home/ana/robot_ws/install/firebot_py /usr/bin/cmake --install /home/ana/robot_ws/build/articubot_one
[1.603s] Level 1:colcon.colcon_core.environment:checking '/home/ana/robot_ws/install/articubot_one' for CMake config files
[1.603s] Level 1:colcon.colcon_core.shell:create_environment_hook('articubot_one', 'cmake_prefix_path')
[1.604s] INFO:colcon.colcon_core.shell:Creating environment hook '/home/ana/robot_ws/install/articubot_one/share/articubot_one/hook/cmake_prefix_path.ps1'
[1.605s] INFO:colcon.colcon_core.shell:Creating environment descriptor '/home/ana/robot_ws/install/articubot_one/share/articubot_one/hook/cmake_prefix_path.dsv'
[1.606s] INFO:colcon.colcon_core.shell:Creating environment hook '/home/ana/robot_ws/install/articubot_one/share/articubot_one/hook/cmake_prefix_path.sh'
[1.608s] Level 1:colcon.colcon_core.environment:checking '/home/ana/robot_ws/install/articubot_one/bin'
[1.608s] Level 1:colcon.colcon_core.environment:checking '/home/ana/robot_ws/install/articubot_one/lib/pkgconfig/articubot_one.pc'
[1.608s] Level 1:colcon.colcon_core.environment:checking '/home/ana/robot_ws/install/articubot_one/lib/python3.10/site-packages'
[1.609s] Level 1:colcon.colcon_core.environment:checking '/home/ana/robot_ws/install/articubot_one/bin'
[1.609s] INFO:colcon.colcon_core.shell:Creating package script '/home/ana/robot_ws/install/articubot_one/share/articubot_one/package.ps1'
[1.611s] INFO:colcon.colcon_core.shell:Creating package descriptor '/home/ana/robot_ws/install/articubot_one/share/articubot_one/package.dsv'
[1.611s] INFO:colcon.colcon_core.shell:Creating package script '/home/ana/robot_ws/install/articubot_one/share/articubot_one/package.sh'
[1.612s] INFO:colcon.colcon_core.shell:Creating package script '/home/ana/robot_ws/install/articubot_one/share/articubot_one/package.bash'
[1.614s] INFO:colcon.colcon_core.shell:Creating package script '/home/ana/robot_ws/install/articubot_one/share/articubot_one/package.zsh'
[1.615s] Level 1:colcon.colcon_core.environment:create_file_with_runtime_dependencies(/home/ana/robot_ws/install/articubot_one/share/colcon-core/packages/articubot_one)
[1.617s] Level 1:colcon.colcon_core.environment:create_environment_scripts_only(articubot_one)
[1.618s] Level 1:colcon.colcon_core.environment:checking '/home/ana/robot_ws/install/articubot_one' for CMake module files
[1.619s] Level 1:colcon.colcon_core.environment:checking '/home/ana/robot_ws/install/articubot_one' for CMake config files
[1.619s] Level 1:colcon.colcon_core.shell:create_environment_hook('articubot_one', 'cmake_prefix_path')
[1.620s] INFO:colcon.colcon_core.shell:Creating environment hook '/home/ana/robot_ws/install/articubot_one/share/articubot_one/hook/cmake_prefix_path.ps1'
[1.621s] INFO:colcon.colcon_core.shell:Creating environment descriptor '/home/ana/robot_ws/install/articubot_one/share/articubot_one/hook/cmake_prefix_path.dsv'
[1.622s] INFO:colcon.colcon_core.shell:Creating environment hook '/home/ana/robot_ws/install/articubot_one/share/articubot_one/hook/cmake_prefix_path.sh'
[1.623s] Level 1:colcon.colcon_core.environment:checking '/home/ana/robot_ws/install/articubot_one/bin'
[1.623s] Level 1:colcon.colcon_core.environment:checking '/home/ana/robot_ws/install/articubot_one/lib/pkgconfig/articubot_one.pc'
[1.623s] Level 1:colcon.colcon_core.environment:checking '/home/ana/robot_ws/install/articubot_one/lib/python3.10/site-packages'
[1.624s] Level 1:colcon.colcon_core.environment:checking '/home/ana/robot_ws/install/articubot_one/bin'
[1.625s] INFO:colcon.colcon_core.shell:Creating package script '/home/ana/robot_ws/install/articubot_one/share/articubot_one/package.ps1'
[1.626s] INFO:colcon.colcon_core.shell:Creating package descriptor '/home/ana/robot_ws/install/articubot_one/share/articubot_one/package.dsv'
[1.627s] INFO:colcon.colcon_core.shell:Creating package script '/home/ana/robot_ws/install/articubot_one/share/articubot_one/package.sh'
[1.628s] INFO:colcon.colcon_core.shell:Creating package script '/home/ana/robot_ws/install/articubot_one/share/articubot_one/package.bash'
[1.629s] INFO:colcon.colcon_core.shell:Creating package script '/home/ana/robot_ws/install/articubot_one/share/articubot_one/package.zsh'
[1.630s] Level 1:colcon.colcon_core.environment:create_file_with_runtime_dependencies(/home/ana/robot_ws/install/articubot_one/share/colcon-core/packages/articubot_one)
[1.632s] Level 1:colcon.colcon_core.environment:create_environment_scripts_only(firebot_description)
[1.633s] Level 1:colcon.colcon_core.environment:checking '/home/ana/robot_ws/install/firebot_description' for CMake module files
[1.636s] DEBUG:colcon.colcon_core.event_handler.log_command:Invoked command in '/home/ana/robot_ws/build/firebot_description' returned '0': CMAKE_PREFIX_PATH=${CMAKE_PREFIX_PATH}:/opt/ros/humble:/home/ana/robot_ws/install/py_pubsub:/home/ana/robot_ws/install/firebot_py /usr/bin/cmake --install /home/ana/robot_ws/build/firebot_description
[1.636s] Level 1:colcon.colcon_core.environment:checking '/home/ana/robot_ws/install/firebot_description' for CMake config files
[1.636s] Level 1:colcon.colcon_core.shell:create_environment_hook('firebot_description', 'cmake_prefix_path')
[1.637s] INFO:colcon.colcon_core.shell:Creating environment hook '/home/ana/robot_ws/install/firebot_description/share/firebot_description/hook/cmake_prefix_path.ps1'
[1.638s] INFO:colcon.colcon_core.shell:Creating environment descriptor '/home/ana/robot_ws/install/firebot_description/share/firebot_description/hook/cmake_prefix_path.dsv'
[1.639s] INFO:colcon.colcon_core.shell:Creating environment hook '/home/ana/robot_ws/install/firebot_description/share/firebot_description/hook/cmake_prefix_path.sh'
[1.640s] Level 1:colcon.colcon_core.environment:checking '/home/ana/robot_ws/install/firebot_description/bin'
[1.640s] Level 1:colcon.colcon_core.environment:checking '/home/ana/robot_ws/install/firebot_description/lib/pkgconfig/firebot_description.pc'
[1.641s] Level 1:colcon.colcon_core.environment:checking '/home/ana/robot_ws/install/firebot_description/lib/python3.10/site-packages'
[1.641s] Level 1:colcon.colcon_core.environment:checking '/home/ana/robot_ws/install/firebot_description/bin'
[1.642s] INFO:colcon.colcon_core.shell:Creating package script '/home/ana/robot_ws/install/firebot_description/share/firebot_description/package.ps1'
[1.643s] INFO:colcon.colcon_core.shell:Creating package descriptor '/home/ana/robot_ws/install/firebot_description/share/firebot_description/package.dsv'
[1.644s] INFO:colcon.colcon_core.shell:Creating package script '/home/ana/robot_ws/install/firebot_description/share/firebot_description/package.sh'
[1.645s] INFO:colcon.colcon_core.shell:Creating package script '/home/ana/robot_ws/install/firebot_description/share/firebot_description/package.bash'
[1.646s] INFO:colcon.colcon_core.shell:Creating package script '/home/ana/robot_ws/install/firebot_description/share/firebot_description/package.zsh'
[1.648s] Level 1:colcon.colcon_core.environment:create_file_with_runtime_dependencies(/home/ana/robot_ws/install/firebot_description/share/colcon-core/packages/firebot_description)
[1.649s] Level 1:colcon.colcon_core.environment:create_environment_scripts_only(firebot_description)
[1.650s] Level 1:colcon.colcon_core.environment:checking '/home/ana/robot_ws/install/firebot_description' for CMake module files
[1.652s] Level 1:colcon.colcon_core.environment:checking '/home/ana/robot_ws/install/firebot_description' for CMake config files
[1.652s] Level 1:colcon.colcon_core.shell:create_environment_hook('firebot_description', 'cmake_prefix_path')
[1.653s] INFO:colcon.colcon_core.shell:Creating environment hook '/home/ana/robot_ws/install/firebot_description/share/firebot_description/hook/cmake_prefix_path.ps1'
[1.654s] INFO:colcon.colcon_core.shell:Creating environment descriptor '/home/ana/robot_ws/install/firebot_description/share/firebot_description/hook/cmake_prefix_path.dsv'
[1.655s] INFO:colcon.colcon_core.shell:Creating environment hook '/home/ana/robot_ws/install/firebot_description/share/firebot_description/hook/cmake_prefix_path.sh'
[1.657s] Level 1:colcon.colcon_core.environment:checking '/home/ana/robot_ws/install/firebot_description/bin'
[1.657s] Level 1:colcon.colcon_core.environment:checking '/home/ana/robot_ws/install/firebot_description/lib/pkgconfig/firebot_description.pc'
[1.657s] Level 1:colcon.colcon_core.environment:checking '/home/ana/robot_ws/install/firebot_description/lib/python3.10/site-packages'
[1.658s] Level 1:colcon.colcon_core.environment:checking '/home/ana/robot_ws/install/firebot_description/bin'
[1.659s] INFO:colcon.colcon_core.shell:Creating package script '/home/ana/robot_ws/install/firebot_description/share/firebot_description/package.ps1'
[1.661s] INFO:colcon.colcon_core.shell:Creating package descriptor '/home/ana/robot_ws/install/firebot_description/share/firebot_description/package.dsv'
[1.664s] INFO:colcon.colcon_core.shell:Creating package script '/home/ana/robot_ws/install/firebot_description/share/firebot_description/package.sh'
[1.665s] INFO:colcon.colcon_core.shell:Creating package script '/home/ana/robot_ws/install/firebot_description/share/firebot_description/package.bash'
[1.665s] INFO:colcon.colcon_core.shell:Creating package script '/home/ana/robot_ws/install/firebot_description/share/firebot_description/package.zsh'
[1.666s] Level 1:colcon.colcon_core.environment:create_file_with_runtime_dependencies(/home/ana/robot_ws/install/firebot_description/share/colcon-core/packages/firebot_description)
[1.671s] DEBUG:colcon.colcon_core.event_handler.log_command:Invoked command in '/home/ana/robot_ws/build/ros2_control_demo_example_2' returned '0': CMAKE_PREFIX_PATH=${CMAKE_PREFIX_PATH}:/opt/ros/humble:/home/ana/robot_ws/install/py_pubsub:/home/ana/robot_ws/install/firebot_py /usr/bin/cmake --build /home/ana/robot_ws/build/ros2_control_demo_example_2 -- -j20 -l20
[1.673s] DEBUG:colcon.colcon_core.event_handler.log_command:Invoking command in '/home/ana/robot_ws/build/ros2_control_demo_example_2': CMAKE_PREFIX_PATH=${CMAKE_PREFIX_PATH}:/opt/ros/humble:/home/ana/robot_ws/install/py_pubsub:/home/ana/robot_ws/install/firebot_py /usr/bin/cmake --install /home/ana/robot_ws/build/ros2_control_demo_example_2
[1.675s] DEBUG:colcon.colcon_core.event_handler.log_command:Invoked command in '/home/ana/robot_ws/build/rplidar_ros' returned '0': CMAKE_PREFIX_PATH=${CMAKE_PREFIX_PATH}:/opt/ros/humble:/home/ana/robot_ws/install/py_pubsub:/home/ana/robot_ws/install/firebot_py /usr/bin/cmake --build /home/ana/robot_ws/build/rplidar_ros -- -j20 -l20
[1.679s] DEBUG:colcon.colcon_core.event_handler.log_command:Invoking command in '/home/ana/robot_ws/build/rplidar_ros': CMAKE_PREFIX_PATH=${CMAKE_PREFIX_PATH}:/opt/ros/humble:/home/ana/robot_ws/install/py_pubsub:/home/ana/robot_ws/install/firebot_py /usr/bin/cmake --install /home/ana/robot_ws/build/rplidar_ros
[1.682s] DEBUG:colcon.colcon_core.event_handler.log_command:Invoked command in '/home/ana/robot_ws/build/test_package' returned '0': CMAKE_PREFIX_PATH=${CMAKE_PREFIX_PATH}:/opt/ros/humble:/home/ana/robot_ws/install/py_pubsub:/home/ana/robot_ws/install/firebot_py /usr/bin/cmake --build /home/ana/robot_ws/build/test_package -- -j20 -l20
[1.687s] DEBUG:colcon.colcon_core.event_handler.log_command:Invoking command in '/home/ana/robot_ws/build/test_package': CMAKE_PREFIX_PATH=${CMAKE_PREFIX_PATH}:/opt/ros/humble:/home/ana/robot_ws/install/py_pubsub:/home/ana/robot_ws/install/firebot_py /usr/bin/cmake --install /home/ana/robot_ws/build/test_package
[1.688s] DEBUG:colcon.colcon_core.event_handler.log_command:Invoked command in '/home/ana/robot_ws/build/serial' returned '0': CMAKE_PREFIX_PATH=${CMAKE_PREFIX_PATH}:/opt/ros/humble:/home/ana/robot_ws/install/py_pubsub:/home/ana/robot_ws/install/firebot_py /usr/bin/cmake --build /home/ana/robot_ws/build/serial -- -j20 -l20
[1.698s] DEBUG:colcon.colcon_core.event_handler.log_command:Invoking command in '/home/ana/robot_ws/build/serial': CMAKE_PREFIX_PATH=${CMAKE_PREFIX_PATH}:/opt/ros/humble:/home/ana/robot_ws/install/py_pubsub:/home/ana/robot_ws/install/firebot_py /usr/bin/cmake --install /home/ana/robot_ws/build/serial
[1.728s] Level 1:colcon.colcon_core.environment:create_environment_scripts_only(ros2_control_demo_example_2)
[1.729s] Level 1:colcon.colcon_core.environment:checking '/home/ana/robot_ws/install/ros2_control_demo_example_2' for CMake module files
[1.732s] DEBUG:colcon.colcon_core.event_handler.log_command:Invoked command in '/home/ana/robot_ws/build/ros2_control_demo_example_2' returned '0': CMAKE_PREFIX_PATH=${CMAKE_PREFIX_PATH}:/opt/ros/humble:/home/ana/robot_ws/install/py_pubsub:/home/ana/robot_ws/install/firebot_py /usr/bin/cmake --install /home/ana/robot_ws/build/ros2_control_demo_example_2
[1.736s] Level 1:colcon.colcon_core.environment:checking '/home/ana/robot_ws/install/ros2_control_demo_example_2' for CMake config files
[1.736s] Level 1:colcon.colcon_core.shell:create_environment_hook('ros2_control_demo_example_2', 'cmake_prefix_path')
[1.737s] INFO:colcon.colcon_core.shell:Creating environment hook '/home/ana/robot_ws/install/ros2_control_demo_example_2/share/ros2_control_demo_example_2/hook/cmake_prefix_path.ps1'
[1.738s] INFO:colcon.colcon_core.shell:Creating environment descriptor '/home/ana/robot_ws/install/ros2_control_demo_example_2/share/ros2_control_demo_example_2/hook/cmake_prefix_path.dsv'
[1.740s] INFO:colcon.colcon_core.shell:Creating environment hook '/home/ana/robot_ws/install/ros2_control_demo_example_2/share/ros2_control_demo_example_2/hook/cmake_prefix_path.sh'
[1.744s] Level 1:colcon.colcon_core.environment:checking '/home/ana/robot_ws/install/ros2_control_demo_example_2/lib'
[1.745s] Level 1:colcon.colcon_core.shell:create_environment_hook('ros2_control_demo_example_2', 'ld_library_path_lib')
[1.746s] INFO:colcon.colcon_core.shell:Creating environment hook '/home/ana/robot_ws/install/ros2_control_demo_example_2/share/ros2_control_demo_example_2/hook/ld_library_path_lib.ps1'
[1.747s] INFO:colcon.colcon_core.shell:Creating environment descriptor '/home/ana/robot_ws/install/ros2_control_demo_example_2/share/ros2_control_demo_example_2/hook/ld_library_path_lib.dsv'
[1.748s] INFO:colcon.colcon_core.shell:Creating environment hook '/home/ana/robot_ws/install/ros2_control_demo_example_2/share/ros2_control_demo_example_2/hook/ld_library_path_lib.sh'
[1.749s] Level 1:colcon.colcon_core.environment:checking '/home/ana/robot_ws/install/ros2_control_demo_example_2/bin'
[1.750s] Level 1:colcon.colcon_core.environment:checking '/home/ana/robot_ws/install/ros2_control_demo_example_2/lib/pkgconfig/ros2_control_demo_example_2.pc'
[1.750s] Level 1:colcon.colcon_core.environment:checking '/home/ana/robot_ws/install/ros2_control_demo_example_2/lib/python3.10/site-packages'
[1.751s] Level 1:colcon.colcon_core.environment:checking '/home/ana/robot_ws/install/ros2_control_demo_example_2/bin'
[1.751s] INFO:colcon.colcon_core.shell:Creating package script '/home/ana/robot_ws/install/ros2_control_demo_example_2/share/ros2_control_demo_example_2/package.ps1'
[1.752s] INFO:colcon.colcon_core.shell:Creating package descriptor '/home/ana/robot_ws/install/ros2_control_demo_example_2/share/ros2_control_demo_example_2/package.dsv'
[1.753s] INFO:colcon.colcon_core.shell:Creating package script '/home/ana/robot_ws/install/ros2_control_demo_example_2/share/ros2_control_demo_example_2/package.sh'
[1.754s] INFO:colcon.colcon_core.shell:Creating package script '/home/ana/robot_ws/install/ros2_control_demo_example_2/share/ros2_control_demo_example_2/package.bash'
[1.755s] INFO:colcon.colcon_core.shell:Creating package script '/home/ana/robot_ws/install/ros2_control_demo_example_2/share/ros2_control_demo_example_2/package.zsh'
[1.755s] Level 1:colcon.colcon_core.environment:create_file_with_runtime_dependencies(/home/ana/robot_ws/install/ros2_control_demo_example_2/share/colcon-core/packages/ros2_control_demo_example_2)
[1.756s] Level 1:colcon.colcon_core.environment:create_environment_scripts_only(ros2_control_demo_example_2)
[1.756s] Level 1:colcon.colcon_core.environment:checking '/home/ana/robot_ws/install/ros2_control_demo_example_2' for CMake module files
[1.757s] Level 1:colcon.colcon_core.environment:checking '/home/ana/robot_ws/install/ros2_control_demo_example_2' for CMake config files
[1.758s] Level 1:colcon.colcon_core.shell:create_environment_hook('ros2_control_demo_example_2', 'cmake_prefix_path')
[1.758s] INFO:colcon.colcon_core.shell:Creating environment hook '/home/ana/robot_ws/install/ros2_control_demo_example_2/share/ros2_control_demo_example_2/hook/cmake_prefix_path.ps1'
[1.759s] INFO:colcon.colcon_core.shell:Creating environment descriptor '/home/ana/robot_ws/install/ros2_control_demo_example_2/share/ros2_control_demo_example_2/hook/cmake_prefix_path.dsv'
[1.760s] INFO:colcon.colcon_core.shell:Creating environment hook '/home/ana/robot_ws/install/ros2_control_demo_example_2/share/ros2_control_demo_example_2/hook/cmake_prefix_path.sh'
[1.761s] Level 1:colcon.colcon_core.environment:checking '/home/ana/robot_ws/install/ros2_control_demo_example_2/lib'
[1.761s] Level 1:colcon.colcon_core.shell:create_environment_hook('ros2_control_demo_example_2', 'ld_library_path_lib')
[1.762s] INFO:colcon.colcon_core.shell:Creating environment hook '/home/ana/robot_ws/install/ros2_control_demo_example_2/share/ros2_control_demo_example_2/hook/ld_library_path_lib.ps1'
[1.762s] INFO:colcon.colcon_core.shell:Creating environment descriptor '/home/ana/robot_ws/install/ros2_control_demo_example_2/share/ros2_control_demo_example_2/hook/ld_library_path_lib.dsv'
[1.763s] INFO:colcon.colcon_core.shell:Creating environment hook '/home/ana/robot_ws/install/ros2_control_demo_example_2/share/ros2_control_demo_example_2/hook/ld_library_path_lib.sh'
[1.764s] Level 1:colcon.colcon_core.environment:checking '/home/ana/robot_ws/install/ros2_control_demo_example_2/bin'
[1.764s] Level 1:colcon.colcon_core.environment:checking '/home/ana/robot_ws/install/ros2_control_demo_example_2/lib/pkgconfig/ros2_control_demo_example_2.pc'
[1.765s] Level 1:colcon.colcon_core.environment:checking '/home/ana/robot_ws/install/ros2_control_demo_example_2/lib/python3.10/site-packages'
[1.765s] Level 1:colcon.colcon_core.environment:checking '/home/ana/robot_ws/install/ros2_control_demo_example_2/bin'
[1.766s] INFO:colcon.colcon_core.shell:Creating package script '/home/ana/robot_ws/install/ros2_control_demo_example_2/share/ros2_control_demo_example_2/package.ps1'
[1.767s] INFO:colcon.colcon_core.shell:Creating package descriptor '/home/ana/robot_ws/install/ros2_control_demo_example_2/share/ros2_control_demo_example_2/package.dsv'
[1.768s] INFO:colcon.colcon_core.shell:Creating package script '/home/ana/robot_ws/install/ros2_control_demo_example_2/share/ros2_control_demo_example_2/package.sh'
[1.769s] INFO:colcon.colcon_core.shell:Creating package script '/home/ana/robot_ws/install/ros2_control_demo_example_2/share/ros2_control_demo_example_2/package.bash'
[1.770s] INFO:colcon.colcon_core.shell:Creating package script '/home/ana/robot_ws/install/ros2_control_demo_example_2/share/ros2_control_demo_example_2/package.zsh'
[1.771s] Level 1:colcon.colcon_core.environment:create_file_with_runtime_dependencies(/home/ana/robot_ws/install/ros2_control_demo_example_2/share/colcon-core/packages/ros2_control_demo_example_2)
[1.774s] Level 1:colcon.colcon_core.environment:create_environment_scripts_only(test_package)
[1.775s] Level 1:colcon.colcon_core.environment:checking '/home/ana/robot_ws/install/test_package' for CMake module files
[1.777s] DEBUG:colcon.colcon_core.event_handler.log_command:Invoked command in '/home/ana/robot_ws/build/test_package' returned '0': CMAKE_PREFIX_PATH=${CMAKE_PREFIX_PATH}:/opt/ros/humble:/home/ana/robot_ws/install/py_pubsub:/home/ana/robot_ws/install/firebot_py /usr/bin/cmake --install /home/ana/robot_ws/build/test_package
[1.778s] Level 1:colcon.colcon_core.environment:checking '/home/ana/robot_ws/install/test_package' for CMake config files
[1.779s] Level 1:colcon.colcon_core.shell:create_environment_hook('test_package', 'cmake_prefix_path')
[1.779s] INFO:colcon.colcon_core.shell:Creating environment hook '/home/ana/robot_ws/install/test_package/share/test_package/hook/cmake_prefix_path.ps1'
[1.781s] INFO:colcon.colcon_core.shell:Creating environment descriptor '/home/ana/robot_ws/install/test_package/share/test_package/hook/cmake_prefix_path.dsv'
[1.781s] INFO:colcon.colcon_core.shell:Creating environment hook '/home/ana/robot_ws/install/test_package/share/test_package/hook/cmake_prefix_path.sh'
[1.783s] Level 1:colcon.colcon_core.environment:checking '/home/ana/robot_ws/install/test_package/lib'
[1.783s] Level 1:colcon.colcon_core.environment:checking '/home/ana/robot_ws/install/test_package/bin'
[1.783s] Level 1:colcon.colcon_core.environment:checking '/home/ana/robot_ws/install/test_package/lib/pkgconfig/test_package.pc'
[1.784s] Level 1:colcon.colcon_core.environment:checking '/home/ana/robot_ws/install/test_package/lib/python3.10/site-packages'
[1.784s] Level 1:colcon.colcon_core.environment:checking '/home/ana/robot_ws/install/test_package/bin'
[1.785s] INFO:colcon.colcon_core.shell:Creating package script '/home/ana/robot_ws/install/test_package/share/test_package/package.ps1'
[1.786s] INFO:colcon.colcon_core.shell:Creating package descriptor '/home/ana/robot_ws/install/test_package/share/test_package/package.dsv'
[1.787s] INFO:colcon.colcon_core.shell:Creating package script '/home/ana/robot_ws/install/test_package/share/test_package/package.sh'
[1.788s] INFO:colcon.colcon_core.shell:Creating package script '/home/ana/robot_ws/install/test_package/share/test_package/package.bash'
[1.788s] INFO:colcon.colcon_core.shell:Creating package script '/home/ana/robot_ws/install/test_package/share/test_package/package.zsh'
[1.789s] Level 1:colcon.colcon_core.environment:create_file_with_runtime_dependencies(/home/ana/robot_ws/install/test_package/share/colcon-core/packages/test_package)
[1.790s] Level 1:colcon.colcon_core.environment:create_environment_scripts_only(test_package)
[1.791s] Level 1:colcon.colcon_core.environment:checking '/home/ana/robot_ws/install/test_package' for CMake module files
[1.792s] Level 1:colcon.colcon_core.environment:checking '/home/ana/robot_ws/install/test_package' for CMake config files
[1.793s] Level 1:colcon.colcon_core.shell:create_environment_hook('test_package', 'cmake_prefix_path')
[1.793s] INFO:colcon.colcon_core.shell:Creating environment hook '/home/ana/robot_ws/install/test_package/share/test_package/hook/cmake_prefix_path.ps1'
[1.794s] INFO:colcon.colcon_core.shell:Creating environment descriptor '/home/ana/robot_ws/install/test_package/share/test_package/hook/cmake_prefix_path.dsv'
[1.795s] INFO:colcon.colcon_core.shell:Creating environment hook '/home/ana/robot_ws/install/test_package/share/test_package/hook/cmake_prefix_path.sh'
[1.796s] Level 1:colcon.colcon_core.environment:checking '/home/ana/robot_ws/install/test_package/lib'
[1.796s] Level 1:colcon.colcon_core.environment:checking '/home/ana/robot_ws/install/test_package/bin'
[1.797s] Level 1:colcon.colcon_core.environment:checking '/home/ana/robot_ws/install/test_package/lib/pkgconfig/test_package.pc'
[1.797s] Level 1:colcon.colcon_core.environment:checking '/home/ana/robot_ws/install/test_package/lib/python3.10/site-packages'
[1.798s] Level 1:colcon.colcon_core.environment:checking '/home/ana/robot_ws/install/test_package/bin'
[1.798s] INFO:colcon.colcon_core.shell:Creating package script '/home/ana/robot_ws/install/test_package/share/test_package/package.ps1'
[1.799s] INFO:colcon.colcon_core.shell:Creating package descriptor '/home/ana/robot_ws/install/test_package/share/test_package/package.dsv'
[1.800s] INFO:colcon.colcon_core.shell:Creating package script '/home/ana/robot_ws/install/test_package/share/test_package/package.sh'
[1.801s] INFO:colcon.colcon_core.shell:Creating package script '/home/ana/robot_ws/install/test_package/share/test_package/package.bash'
[1.802s] INFO:colcon.colcon_core.shell:Creating package script '/home/ana/robot_ws/install/test_package/share/test_package/package.zsh'
[1.802s] Level 1:colcon.colcon_core.environment:create_file_with_runtime_dependencies(/home/ana/robot_ws/install/test_package/share/colcon-core/packages/test_package)
[1.803s] Level 1:colcon.colcon_core.environment:create_environment_scripts_only(rplidar_ros)
[1.804s] Level 1:colcon.colcon_core.environment:checking '/home/ana/robot_ws/install/rplidar_ros' for CMake module files
[1.807s] DEBUG:colcon.colcon_core.event_handler.log_command:Invoked command in '/home/ana/robot_ws/build/rplidar_ros' returned '0': CMAKE_PREFIX_PATH=${CMAKE_PREFIX_PATH}:/opt/ros/humble:/home/ana/robot_ws/install/py_pubsub:/home/ana/robot_ws/install/firebot_py /usr/bin/cmake --install /home/ana/robot_ws/build/rplidar_ros
[1.807s] Level 1:colcon.colcon_core.environment:checking '/home/ana/robot_ws/install/rplidar_ros' for CMake config files
[1.808s] Level 1:colcon.colcon_core.shell:create_environment_hook('rplidar_ros', 'cmake_prefix_path')
[1.808s] INFO:colcon.colcon_core.shell:Creating environment hook '/home/ana/robot_ws/install/rplidar_ros/share/rplidar_ros/hook/cmake_prefix_path.ps1'
[1.809s] INFO:colcon.colcon_core.shell:Creating environment descriptor '/home/ana/robot_ws/install/rplidar_ros/share/rplidar_ros/hook/cmake_prefix_path.dsv'
[1.810s] INFO:colcon.colcon_core.shell:Creating environment hook '/home/ana/robot_ws/install/rplidar_ros/share/rplidar_ros/hook/cmake_prefix_path.sh'
[1.811s] Level 1:colcon.colcon_core.environment:checking '/home/ana/robot_ws/install/rplidar_ros/lib'
[1.811s] Level 1:colcon.colcon_core.environment:checking '/home/ana/robot_ws/install/rplidar_ros/bin'
[1.811s] Level 1:colcon.colcon_core.environment:checking '/home/ana/robot_ws/install/rplidar_ros/lib/pkgconfig/rplidar_ros.pc'
[1.812s] Level 1:colcon.colcon_core.environment:checking '/home/ana/robot_ws/install/rplidar_ros/lib/python3.10/site-packages'
[1.812s] Level 1:colcon.colcon_core.environment:checking '/home/ana/robot_ws/install/rplidar_ros/bin'
[1.813s] INFO:colcon.colcon_core.shell:Creating package script '/home/ana/robot_ws/install/rplidar_ros/share/rplidar_ros/package.ps1'
[1.814s] INFO:colcon.colcon_core.shell:Creating package descriptor '/home/ana/robot_ws/install/rplidar_ros/share/rplidar_ros/package.dsv'
[1.814s] INFO:colcon.colcon_core.shell:Creating package script '/home/ana/robot_ws/install/rplidar_ros/share/rplidar_ros/package.sh'
[1.815s] INFO:colcon.colcon_core.shell:Creating package script '/home/ana/robot_ws/install/rplidar_ros/share/rplidar_ros/package.bash'
[1.815s] INFO:colcon.colcon_core.shell:Creating package script '/home/ana/robot_ws/install/rplidar_ros/share/rplidar_ros/package.zsh'
[1.816s] Level 1:colcon.colcon_core.environment:create_file_with_runtime_dependencies(/home/ana/robot_ws/install/rplidar_ros/share/colcon-core/packages/rplidar_ros)
[1.817s] Level 1:colcon.colcon_core.environment:create_environment_scripts_only(rplidar_ros)
[1.817s] Level 1:colcon.colcon_core.environment:checking '/home/ana/robot_ws/install/rplidar_ros' for CMake module files
[1.818s] Level 1:colcon.colcon_core.environment:checking '/home/ana/robot_ws/install/rplidar_ros' for CMake config files
[1.818s] Level 1:colcon.colcon_core.shell:create_environment_hook('rplidar_ros', 'cmake_prefix_path')
[1.819s] INFO:colcon.colcon_core.shell:Creating environment hook '/home/ana/robot_ws/install/rplidar_ros/share/rplidar_ros/hook/cmake_prefix_path.ps1'
[1.819s] INFO:colcon.colcon_core.shell:Creating environment descriptor '/home/ana/robot_ws/install/rplidar_ros/share/rplidar_ros/hook/cmake_prefix_path.dsv'
[1.820s] INFO:colcon.colcon_core.shell:Creating environment hook '/home/ana/robot_ws/install/rplidar_ros/share/rplidar_ros/hook/cmake_prefix_path.sh'
[1.821s] Level 1:colcon.colcon_core.environment:checking '/home/ana/robot_ws/install/rplidar_ros/lib'
[1.821s] Level 1:colcon.colcon_core.environment:checking '/home/ana/robot_ws/install/rplidar_ros/bin'
[1.821s] Level 1:colcon.colcon_core.environment:checking '/home/ana/robot_ws/install/rplidar_ros/lib/pkgconfig/rplidar_ros.pc'
[1.821s] Level 1:colcon.colcon_core.environment:checking '/home/ana/robot_ws/install/rplidar_ros/lib/python3.10/site-packages'
[1.822s] Level 1:colcon.colcon_core.environment:checking '/home/ana/robot_ws/install/rplidar_ros/bin'
[1.822s] INFO:colcon.colcon_core.shell:Creating package script '/home/ana/robot_ws/install/rplidar_ros/share/rplidar_ros/package.ps1'
[1.823s] INFO:colcon.colcon_core.shell:Creating package descriptor '/home/ana/robot_ws/install/rplidar_ros/share/rplidar_ros/package.dsv'
[1.824s] INFO:colcon.colcon_core.shell:Creating package script '/home/ana/robot_ws/install/rplidar_ros/share/rplidar_ros/package.sh'
[1.825s] INFO:colcon.colcon_core.shell:Creating package script '/home/ana/robot_ws/install/rplidar_ros/share/rplidar_ros/package.bash'
[1.826s] INFO:colcon.colcon_core.shell:Creating package script '/home/ana/robot_ws/install/rplidar_ros/share/rplidar_ros/package.zsh'
[1.827s] Level 1:colcon.colcon_core.environment:create_file_with_runtime_dependencies(/home/ana/robot_ws/install/rplidar_ros/share/colcon-core/packages/rplidar_ros)
[1.828s] Level 1:colcon.colcon_core.environment:create_environment_scripts_only(serial)
[1.828s] Level 1:colcon.colcon_core.environment:checking '/home/ana/robot_ws/install/serial' for CMake module files
[1.831s] Level 1:colcon.colcon_core.environment:checking '/home/ana/robot_ws/install/serial' for CMake config files
[1.832s] DEBUG:colcon.colcon_core.event_handler.log_command:Invoked command in '/home/ana/robot_ws/build/serial' returned '0': CMAKE_PREFIX_PATH=${CMAKE_PREFIX_PATH}:/opt/ros/humble:/home/ana/robot_ws/install/py_pubsub:/home/ana/robot_ws/install/firebot_py /usr/bin/cmake --install /home/ana/robot_ws/build/serial
[1.832s] Level 1:colcon.colcon_core.shell:create_environment_hook('serial', 'cmake_prefix_path')
[1.833s] INFO:colcon.colcon_core.shell:Creating environment hook '/home/ana/robot_ws/install/serial/share/serial/hook/cmake_prefix_path.ps1'
[1.835s] INFO:colcon.colcon_core.shell:Creating environment descriptor '/home/ana/robot_ws/install/serial/share/serial/hook/cmake_prefix_path.dsv'
[1.836s] INFO:colcon.colcon_core.shell:Creating environment hook '/home/ana/robot_ws/install/serial/share/serial/hook/cmake_prefix_path.sh'
[1.838s] Level 1:colcon.colcon_core.environment:checking '/home/ana/robot_ws/install/serial/lib'
[1.838s] Level 1:colcon.colcon_core.environment:checking '/home/ana/robot_ws/install/serial/bin'
[1.838s] Level 1:colcon.colcon_core.environment:checking '/home/ana/robot_ws/install/serial/lib/pkgconfig/serial.pc'
[1.839s] Level 1:colcon.colcon_core.environment:checking '/home/ana/robot_ws/install/serial/lib/python3.10/site-packages'
[1.840s] Level 1:colcon.colcon_core.environment:checking '/home/ana/robot_ws/install/serial/bin'
[1.841s] INFO:colcon.colcon_core.shell:Creating package script '/home/ana/robot_ws/install/serial/share/serial/package.ps1'
[1.842s] INFO:colcon.colcon_core.shell:Creating package descriptor '/home/ana/robot_ws/install/serial/share/serial/package.dsv'
[1.844s] INFO:colcon.colcon_core.shell:Creating package script '/home/ana/robot_ws/install/serial/share/serial/package.sh'
[1.845s] INFO:colcon.colcon_core.shell:Creating package script '/home/ana/robot_ws/install/serial/share/serial/package.bash'
[1.846s] INFO:colcon.colcon_core.shell:Creating package script '/home/ana/robot_ws/install/serial/share/serial/package.zsh'
[1.847s] Level 1:colcon.colcon_core.environment:create_file_with_runtime_dependencies(/home/ana/robot_ws/install/serial/share/colcon-core/packages/serial)
[1.848s] Level 1:colcon.colcon_core.environment:create_environment_scripts_only(serial)
[1.849s] Level 1:colcon.colcon_core.environment:checking '/home/ana/robot_ws/install/serial' for CMake module files
[1.849s] Level 1:colcon.colcon_core.environment:checking '/home/ana/robot_ws/install/serial' for CMake config files
[1.849s] Level 1:colcon.colcon_core.shell:create_environment_hook('serial', 'cmake_prefix_path')
[1.850s] INFO:colcon.colcon_core.shell:Creating environment hook '/home/ana/robot_ws/install/serial/share/serial/hook/cmake_prefix_path.ps1'
[1.851s] INFO:colcon.colcon_core.shell:Creating environment descriptor '/home/ana/robot_ws/install/serial/share/serial/hook/cmake_prefix_path.dsv'
[1.851s] INFO:colcon.colcon_core.shell:Creating environment hook '/home/ana/robot_ws/install/serial/share/serial/hook/cmake_prefix_path.sh'
[1.852s] Level 1:colcon.colcon_core.environment:checking '/home/ana/robot_ws/install/serial/lib'
[1.852s] Level 1:colcon.colcon_core.environment:checking '/home/ana/robot_ws/install/serial/bin'
[1.852s] Level 1:colcon.colcon_core.environment:checking '/home/ana/robot_ws/install/serial/lib/pkgconfig/serial.pc'
[1.853s] Level 1:colcon.colcon_core.environment:checking '/home/ana/robot_ws/install/serial/lib/python3.10/site-packages'
[1.853s] Level 1:colcon.colcon_core.environment:checking '/home/ana/robot_ws/install/serial/bin'
[1.853s] INFO:colcon.colcon_core.shell:Creating package script '/home/ana/robot_ws/install/serial/share/serial/package.ps1'
[1.854s] INFO:colcon.colcon_core.shell:Creating package descriptor '/home/ana/robot_ws/install/serial/share/serial/package.dsv'
[1.855s] INFO:colcon.colcon_core.shell:Creating package script '/home/ana/robot_ws/install/serial/share/serial/package.sh'
[1.855s] INFO:colcon.colcon_core.shell:Creating package script '/home/ana/robot_ws/install/serial/share/serial/package.bash'
[1.856s] INFO:colcon.colcon_core.shell:Creating package script '/home/ana/robot_ws/install/serial/share/serial/package.zsh'
[1.857s] Level 1:colcon.colcon_core.environment:create_file_with_runtime_dependencies(/home/ana/robot_ws/install/serial/share/colcon-core/packages/serial)
[2.226s] DEBUG:colcon.colcon_core.event_handler.log_command:Invoking command in '/home/ana/robot_ws/build/firebot_py': PYTHONPATH=/home/ana/robot_ws/build/firebot_py/prefix_override:/usr/lib/python3/dist-packages/colcon_core/task/python/colcon_distutils_commands:/home/ana/robot_ws/install/firebot_py/lib/python3.10/site-packages:${PYTHONPATH} /usr/bin/python3 -W ignore:setup.py install is deprecated -W ignore:easy_install command is deprecated setup.py develop --editable --build-directory /home/ana/robot_ws/build/firebot_py/build --no-deps symlink_data
[2.229s] DEBUG:colcon.colcon_core.event_handler.log_command:Invoking command in '/home/ana/robot_ws/build/py_pubsub': PYTHONPATH=/home/ana/robot_ws/build/py_pubsub/prefix_override:/usr/lib/python3/dist-packages/colcon_core/task/python/colcon_distutils_commands:/home/ana/robot_ws/install/py_pubsub/lib/python3.10/site-packages:${PYTHONPATH} /usr/bin/python3 -W ignore:setup.py install is deprecated -W ignore:easy_install command is deprecated setup.py develop --editable --build-directory /home/ana/robot_ws/build/py_pubsub/build --no-deps symlink_data
[2.931s] Level 1:colcon.colcon_core.shell:create_environment_hook('firebot_py', 'pythonpath_develop')
[2.932s] INFO:colcon.colcon_core.shell:Creating environment hook '/home/ana/robot_ws/build/firebot_py/share/firebot_py/hook/pythonpath_develop.ps1'
[2.935s] DEBUG:colcon.colcon_core.event_handler.log_command:Invoked command in '/home/ana/robot_ws/build/firebot_py' returned '0': PYTHONPATH=/home/ana/robot_ws/build/firebot_py/prefix_override:/usr/lib/python3/dist-packages/colcon_core/task/python/colcon_distutils_commands:/home/ana/robot_ws/install/firebot_py/lib/python3.10/site-packages:${PYTHONPATH} /usr/bin/python3 -W ignore:setup.py install is deprecated -W ignore:easy_install command is deprecated setup.py develop --editable --build-directory /home/ana/robot_ws/build/firebot_py/build --no-deps symlink_data
[2.935s] INFO:colcon.colcon_core.shell:Creating environment descriptor '/home/ana/robot_ws/build/firebot_py/share/firebot_py/hook/pythonpath_develop.dsv'
[2.937s] INFO:colcon.colcon_core.shell:Creating environment hook '/home/ana/robot_ws/build/firebot_py/share/firebot_py/hook/pythonpath_develop.sh'
[2.938s] Level 1:colcon.colcon_core.environment:checking '/home/ana/robot_ws/install/firebot_py' for CMake module files
[2.939s] Level 1:colcon.colcon_core.environment:checking '/home/ana/robot_ws/install/firebot_py' for CMake config files
[2.940s] Level 1:colcon.colcon_core.environment:checking '/home/ana/robot_ws/install/firebot_py/lib'
[2.940s] Level 1:colcon.colcon_core.environment:checking '/home/ana/robot_ws/install/firebot_py/bin'
[2.940s] Level 1:colcon.colcon_core.environment:checking '/home/ana/robot_ws/install/firebot_py/lib/pkgconfig/firebot_py.pc'
[2.941s] Level 1:colcon.colcon_core.environment:checking '/home/ana/robot_ws/install/firebot_py/lib/python3.10/site-packages'
[2.941s] Level 1:colcon.colcon_core.shell:create_environment_hook('firebot_py', 'pythonpath')
[2.941s] INFO:colcon.colcon_core.shell:Creating environment hook '/home/ana/robot_ws/install/firebot_py/share/firebot_py/hook/pythonpath.ps1'
[2.942s] INFO:colcon.colcon_core.shell:Creating environment descriptor '/home/ana/robot_ws/install/firebot_py/share/firebot_py/hook/pythonpath.dsv'
[2.943s] INFO:colcon.colcon_core.shell:Creating environment hook '/home/ana/robot_ws/install/firebot_py/share/firebot_py/hook/pythonpath.sh'
[2.944s] Level 1:colcon.colcon_core.environment:checking '/home/ana/robot_ws/install/firebot_py/bin'
[2.944s] Level 1:colcon.colcon_core.environment:create_environment_scripts_only(firebot_py)
[2.945s] INFO:colcon.colcon_core.shell:Creating package script '/home/ana/robot_ws/install/firebot_py/share/firebot_py/package.ps1'
[2.946s] INFO:colcon.colcon_core.shell:Creating package descriptor '/home/ana/robot_ws/install/firebot_py/share/firebot_py/package.dsv'
[2.946s] INFO:colcon.colcon_core.shell:Creating package script '/home/ana/robot_ws/install/firebot_py/share/firebot_py/package.sh'
[2.947s] INFO:colcon.colcon_core.shell:Creating package script '/home/ana/robot_ws/install/firebot_py/share/firebot_py/package.bash'
[2.948s] INFO:colcon.colcon_core.shell:Creating package script '/home/ana/robot_ws/install/firebot_py/share/firebot_py/package.zsh'
[2.949s] Level 1:colcon.colcon_core.environment:create_file_with_runtime_dependencies(/home/ana/robot_ws/install/firebot_py/share/colcon-core/packages/firebot_py)
[2.950s] Level 1:colcon.colcon_core.shell:create_environment_hook('py_pubsub', 'pythonpath_develop')
[2.951s] INFO:colcon.colcon_core.shell:Creating environment hook '/home/ana/robot_ws/build/py_pubsub/share/py_pubsub/hook/pythonpath_develop.ps1'
[2.952s] DEBUG:colcon.colcon_core.event_handler.log_command:Invoked command in '/home/ana/robot_ws/build/py_pubsub' returned '0': PYTHONPATH=/home/ana/robot_ws/build/py_pubsub/prefix_override:/usr/lib/python3/dist-packages/colcon_core/task/python/colcon_distutils_commands:/home/ana/robot_ws/install/py_pubsub/lib/python3.10/site-packages:${PYTHONPATH} /usr/bin/python3 -W ignore:setup.py install is deprecated -W ignore:easy_install command is deprecated setup.py develop --editable --build-directory /home/ana/robot_ws/build/py_pubsub/build --no-deps symlink_data
[2.952s] INFO:colcon.colcon_core.shell:Creating environment descriptor '/home/ana/robot_ws/build/py_pubsub/share/py_pubsub/hook/pythonpath_develop.dsv'
[2.952s] INFO:colcon.colcon_core.shell:Creating environment hook '/home/ana/robot_ws/build/py_pubsub/share/py_pubsub/hook/pythonpath_develop.sh'
[2.953s] Level 1:colcon.colcon_core.environment:checking '/home/ana/robot_ws/install/py_pubsub' for CMake module files
[2.954s] Level 1:colcon.colcon_core.environment:checking '/home/ana/robot_ws/install/py_pubsub' for CMake config files
[2.954s] Level 1:colcon.colcon_core.environment:checking '/home/ana/robot_ws/install/py_pubsub/lib'
[2.954s] Level 1:colcon.colcon_core.environment:checking '/home/ana/robot_ws/install/py_pubsub/bin'
[2.954s] Level 1:colcon.colcon_core.environment:checking '/home/ana/robot_ws/install/py_pubsub/lib/pkgconfig/py_pubsub.pc'
[2.955s] Level 1:colcon.colcon_core.environment:checking '/home/ana/robot_ws/install/py_pubsub/lib/python3.10/site-packages'
[2.955s] Level 1:colcon.colcon_core.shell:create_environment_hook('py_pubsub', 'pythonpath')
[2.955s] INFO:colcon.colcon_core.shell:Creating environment hook '/home/ana/robot_ws/install/py_pubsub/share/py_pubsub/hook/pythonpath.ps1'
[2.956s] INFO:colcon.colcon_core.shell:Creating environment descriptor '/home/ana/robot_ws/install/py_pubsub/share/py_pubsub/hook/pythonpath.dsv'
[2.956s] INFO:colcon.colcon_core.shell:Creating environment hook '/home/ana/robot_ws/install/py_pubsub/share/py_pubsub/hook/pythonpath.sh'
[2.957s] Level 1:colcon.colcon_core.environment:checking '/home/ana/robot_ws/install/py_pubsub/bin'
[2.957s] Level 1:colcon.colcon_core.environment:create_environment_scripts_only(py_pubsub)
[2.958s] INFO:colcon.colcon_core.shell:Creating package script '/home/ana/robot_ws/install/py_pubsub/share/py_pubsub/package.ps1'
[2.959s] INFO:colcon.colcon_core.shell:Creating package descriptor '/home/ana/robot_ws/install/py_pubsub/share/py_pubsub/package.dsv'
[2.959s] INFO:colcon.colcon_core.shell:Creating package script '/home/ana/robot_ws/install/py_pubsub/share/py_pubsub/package.sh'
[2.960s] INFO:colcon.colcon_core.shell:Creating package script '/home/ana/robot_ws/install/py_pubsub/share/py_pubsub/package.bash'
[2.960s] INFO:colcon.colcon_core.shell:Creating package script '/home/ana/robot_ws/install/py_pubsub/share/py_pubsub/package.zsh'
[2.961s] Level 1:colcon.colcon_core.environment:create_file_with_runtime_dependencies(/home/ana/robot_ws/install/py_pubsub/share/colcon-core/packages/py_pubsub)
[2.961s] DEBUG:colcon.colcon_parallel_executor.executor.parallel:closing loop
[2.962s] DEBUG:colcon.colcon_parallel_executor.executor.parallel:loop closed
[2.962s] DEBUG:colcon.colcon_parallel_executor.executor.parallel:run_until_complete finished with '0'
[2.962s] DEBUG:colcon.colcon_core.event_reactor:joining thread
[2.972s] INFO:colcon.colcon_core.plugin_system:Skipping extension 'colcon_notification.desktop_notification.terminal_notifier': Not used on non-Darwin systems
[2.972s] INFO:colcon.colcon_core.plugin_system:Skipping extension 'colcon_notification.desktop_notification.win32': Not used on non-Windows systems
[2.972s] INFO:colcon.colcon_notification.desktop_notification:Sending desktop notification using 'notify2'
[2.991s] DEBUG:colcon.colcon_core.event_reactor:joined thread
[2.992s] INFO:colcon.colcon_core.shell:Creating prefix script '/home/ana/robot_ws/install/local_setup.ps1'
[2.994s] INFO:colcon.colcon_core.shell:Creating prefix util module '/home/ana/robot_ws/install/_local_setup_util_ps1.py'
[2.996s] INFO:colcon.colcon_core.shell:Creating prefix chain script '/home/ana/robot_ws/install/setup.ps1'
[2.998s] INFO:colcon.colcon_core.shell:Creating prefix script '/home/ana/robot_ws/install/local_setup.sh'
[2.998s] INFO:colcon.colcon_core.shell:Creating prefix util module '/home/ana/robot_ws/install/_local_setup_util_sh.py'
[2.999s] INFO:colcon.colcon_core.shell:Creating prefix chain script '/home/ana/robot_ws/install/setup.sh'
[3.002s] INFO:colcon.colcon_core.shell:Creating prefix script '/home/ana/robot_ws/install/local_setup.bash'
[3.003s] INFO:colcon.colcon_core.shell:Creating prefix chain script '/home/ana/robot_ws/install/setup.bash'
[3.006s] INFO:colcon.colcon_core.shell:Creating prefix script '/home/ana/robot_ws/install/local_setup.zsh'
[3.007s] INFO:colcon.colcon_core.shell:Creating prefix chain script '/home/ana/robot_ws/install/setup.zsh'
