[0.677s] Invoking command in '/home/ana/robot_ws/build/firebot_py': PYTHONPATH=/home/ana/robot_ws/build/firebot_py/prefix_override:/usr/lib/python3/dist-packages/colcon_core/task/python/colcon_distutils_commands:/home/ana/robot_ws/install/firebot_py/lib/python3.10/site-packages:${PYTHONPATH} /usr/bin/python3 -W ignore:setup.py install is deprecated -W ignore:easy_install command is deprecated setup.py develop --editable --build-directory /home/ana/robot_ws/build/firebot_py/build --no-deps symlink_data
[0.955s] running develop
[1.121s] running egg_info
[1.121s] writing firebot_py.egg-info/PKG-INFO
[1.122s] writing dependency_links to firebot_py.egg-info/dependency_links.txt
[1.122s] writing entry points to firebot_py.egg-info/entry_points.txt
[1.122s] writing requirements to firebot_py.egg-info/requires.txt
[1.122s] writing top-level names to firebot_py.egg-info/top_level.txt
[1.124s] reading manifest file 'firebot_py.egg-info/SOURCES.txt'
[1.125s] writing manifest file 'firebot_py.egg-info/SOURCES.txt'
[1.127s] running build_ext
[1.127s] Creating /home/ana/robot_ws/install/firebot_py/lib/python3.10/site-packages/firebot-py.egg-link (link to .)
[1.128s] Installing lidar_processing script to /home/ana/robot_ws/install/firebot_py/lib/firebot_py
[1.129s] Installing navigation_control script to /home/ana/robot_ws/install/firebot_py/lib/firebot_py
[1.129s] Installing serial_bridge script to /home/ana/robot_ws/install/firebot_py/lib/firebot_py
[1.129s] Installing thermal_camera script to /home/ana/robot_ws/install/firebot_py/lib/firebot_py
[1.129s] 
[1.129s] Installed /home/ana/robot_ws/build/firebot_py
[1.129s] running symlink_data
[1.167s] Invoked command in '/home/ana/robot_ws/build/firebot_py' returned '0': PYTHONPATH=/home/ana/robot_ws/build/firebot_py/prefix_override:/usr/lib/python3/dist-packages/colcon_core/task/python/colcon_distutils_commands:/home/ana/robot_ws/install/firebot_py/lib/python3.10/site-packages:${PYTHONPATH} /usr/bin/python3 -W ignore:setup.py install is deprecated -W ignore:easy_install command is deprecated setup.py develop --editable --build-directory /home/ana/robot_ws/build/firebot_py/build --no-deps symlink_data
