[2.626s] Invoking command in '/home/ana/robot_ws/build/py_pubsub': PYTHONPATH=/home/ana/robot_ws/build/py_pubsub/prefix_override:/usr/lib/python3/dist-packages/colcon_core/task/python/colcon_distutils_commands:/home/ana/robot_ws/install/py_pubsub/lib/python3.10/site-packages:${PYTHONPATH} /usr/bin/python3 -W ignore:setup.py install is deprecated -W ignore:easy_install command is deprecated setup.py develop --editable --build-directory /home/ana/robot_ws/build/py_pubsub/build --no-deps symlink_data
[3.554s] running develop
[4.258s] running egg_info
[4.259s] creating py_pubsub.egg-info
[4.259s] writing py_pubsub.egg-info/PKG-INFO
[4.260s] writing dependency_links to py_pubsub.egg-info/dependency_links.txt
[4.261s] writing entry points to py_pubsub.egg-info/entry_points.txt
[4.261s] writing requirements to py_pubsub.egg-info/requires.txt
[4.262s] writing top-level names to py_pubsub.egg-info/top_level.txt
[4.263s] writing manifest file 'py_pubsub.egg-info/SOURCES.txt'
[4.270s] reading manifest file 'py_pubsub.egg-info/SOURCES.txt'
[4.272s] writing manifest file 'py_pubsub.egg-info/SOURCES.txt'
[4.278s] running build_ext
[4.279s] Creating /home/ana/robot_ws/install/py_pubsub/lib/python3.10/site-packages/py-pubsub.egg-link (link to .)
[4.283s] Installing listener script to /home/ana/robot_ws/install/py_pubsub/lib/py_pubsub
[4.283s] Installing talker script to /home/ana/robot_ws/install/py_pubsub/lib/py_pubsub
[4.284s] 
[4.285s] Installed /home/ana/robot_ws/build/py_pubsub
[4.285s] running symlink_data
[4.286s] creating /home/ana/robot_ws/install/py_pubsub/share/ament_index
[4.286s] creating /home/ana/robot_ws/install/py_pubsub/share/ament_index/resource_index
[4.286s] creating /home/ana/robot_ws/install/py_pubsub/share/ament_index/resource_index/packages
[4.286s] symbolically linking /home/ana/robot_ws/build/py_pubsub/resource/py_pubsub -> /home/ana/robot_ws/install/py_pubsub/share/ament_index/resource_index/packages
[4.287s] symbolically linking /home/ana/robot_ws/build/py_pubsub/package.xml -> /home/ana/robot_ws/install/py_pubsub/share/py_pubsub
[4.434s] Invoked command in '/home/ana/robot_ws/build/py_pubsub' returned '0': PYTHONPATH=/home/ana/robot_ws/build/py_pubsub/prefix_override:/usr/lib/python3/dist-packages/colcon_core/task/python/colcon_distutils_commands:/home/ana/robot_ws/install/py_pubsub/lib/python3.10/site-packages:${PYTHONPATH} /usr/bin/python3 -W ignore:setup.py install is deprecated -W ignore:easy_install command is deprecated setup.py develop --editable --build-directory /home/ana/robot_ws/build/py_pubsub/build --no-deps symlink_data
