[0.084s] Invoking command in '/home/ana/robot_ws/build/firebot_cpp': CMAKE_PREFIX_PATH=${CMAKE_PREFIX_PATH}:/home/ana/robot_ws/install/py_pubsub:/home/ana/robot_ws/install/firebot_py:/opt/ros/humble /usr/bin/cmake /home/ana/robot_ws/src/firebot_cpp -DAMENT_CMAKE_SYMLINK_INSTALL=1 -DCMAKE_INSTALL_PREFIX=/home/ana/robot_ws/install/firebot_cpp
[1.361s] -- The C compiler identification is GNU 11.4.0
[1.362s] -- The CXX compiler identification is GNU 11.4.0
[1.363s] -- Detecting C compiler ABI info
[1.363s] -- Detecting C compiler ABI info - done
[1.364s] -- Check for working C compiler: /usr/bin/cc - skipped
[1.364s] -- Detecting C compile features
[1.364s] -- Detecting C compile features - done
[1.365s] -- Detecting CXX compiler ABI info
[1.366s] -- Detecting CXX compiler ABI info - done
[1.367s] -- Check for working CXX compiler: /usr/bin/c++ - skipped
[1.367s] -- Detecting CXX compile features
[1.367s] -- Detecting CXX compile features - done
[1.367s] -- Found ament_cmake: 1.3.11 (/opt/ros/humble/share/ament_cmake/cmake)
[1.368s] -- Found Python3: /usr/bin/python3 (found version "3.10.12") found components: Interpreter 
[1.368s] -- Override CMake install command with custom implementation using symlinks instead of copying resources
[1.384s] -- Found rclcpp: 16.0.11 (/opt/ros/humble/share/rclcpp/cmake)
[1.517s] -- Found rosidl_generator_c: 3.1.6 (/opt/ros/humble/share/rosidl_generator_c/cmake)
[1.538s] -- Found rosidl_adapter: 3.1.6 (/opt/ros/humble/share/rosidl_adapter/cmake)
[1.573s] -- Found rosidl_generator_cpp: 3.1.6 (/opt/ros/humble/share/rosidl_generator_cpp/cmake)
[1.630s] -- Using all available rosidl_typesupport_c: rosidl_typesupport_fastrtps_c;rosidl_typesupport_introspection_c
[1.696s] -- Using all available rosidl_typesupport_cpp: rosidl_typesupport_fastrtps_cpp;rosidl_typesupport_introspection_cpp
[1.879s] -- Found rmw_implementation_cmake: 6.1.2 (/opt/ros/humble/share/rmw_implementation_cmake/cmake)
[1.890s] -- Found rmw_fastrtps_cpp: 6.2.7 (/opt/ros/humble/share/rmw_fastrtps_cpp/cmake)
[2.219s] -- Found OpenSSL: /usr/lib/x86_64-linux-gnu/libcrypto.so (found version "3.0.2")  
[2.329s] -- Found FastRTPS: /opt/ros/humble/include  
[2.496s] -- Using RMW implementation 'rmw_fastrtps_cpp' as default
[2.530s] -- Looking for pthread.h
[2.787s] -- Looking for pthread.h - found
[2.789s] -- Performing Test CMAKE_HAVE_LIBC_PTHREAD
[3.050s] -- Performing Test CMAKE_HAVE_LIBC_PTHREAD - Success
[3.055s] -- Found Threads: TRUE  
[3.239s] -- Found sensor_msgs: 4.2.4 (/opt/ros/humble/share/sensor_msgs/cmake)
[3.342s] -- Found ament_lint_auto: 0.12.11 (/opt/ros/humble/share/ament_lint_auto/cmake)
[3.566s] -- Added test 'cppcheck' to perform static code analysis on C / C++ code
[3.566s] -- Configured cppcheck include dirs: 
[3.566s] -- Configured cppcheck exclude dirs and/or files: 
[3.568s] -- Added test 'lint_cmake' to check CMake code style
[3.571s] -- Added test 'uncrustify' to check C / C++ code style
[3.571s] -- Configured uncrustify additional arguments: 
[3.572s] -- Added test 'xmllint' to check XML markup files
[3.577s] -- Configuring done
[3.584s] -- Generating done
[3.590s] -- Build files have been written to: /home/ana/robot_ws/build/firebot_cpp
[3.612s] Invoked command in '/home/ana/robot_ws/build/firebot_cpp' returned '0': CMAKE_PREFIX_PATH=${CMAKE_PREFIX_PATH}:/home/ana/robot_ws/install/py_pubsub:/home/ana/robot_ws/install/firebot_py:/opt/ros/humble /usr/bin/cmake /home/ana/robot_ws/src/firebot_cpp -DAMENT_CMAKE_SYMLINK_INSTALL=1 -DCMAKE_INSTALL_PREFIX=/home/ana/robot_ws/install/firebot_cpp
[3.617s] Invoking command in '/home/ana/robot_ws/build/firebot_cpp': CMAKE_PREFIX_PATH=${CMAKE_PREFIX_PATH}:/home/ana/robot_ws/install/py_pubsub:/home/ana/robot_ws/install/firebot_py:/opt/ros/humble /usr/bin/cmake --build /home/ana/robot_ws/build/firebot_cpp -- -j20 -l20
[3.714s] Invoked command in '/home/ana/robot_ws/build/firebot_cpp' returned '0': CMAKE_PREFIX_PATH=${CMAKE_PREFIX_PATH}:/home/ana/robot_ws/install/py_pubsub:/home/ana/robot_ws/install/firebot_py:/opt/ros/humble /usr/bin/cmake --build /home/ana/robot_ws/build/firebot_cpp -- -j20 -l20
[3.719s] Invoking command in '/home/ana/robot_ws/build/firebot_cpp': CMAKE_PREFIX_PATH=${CMAKE_PREFIX_PATH}:/home/ana/robot_ws/install/py_pubsub:/home/ana/robot_ws/install/firebot_py:/opt/ros/humble /usr/bin/cmake --install /home/ana/robot_ws/build/firebot_cpp
[3.737s] -- Install configuration: ""
[3.738s] -- Execute custom install script
[3.739s] -- Symlinking: /home/ana/robot_ws/install/firebot_cpp/share/ament_index/resource_index/package_run_dependencies/firebot_cpp
[3.761s] -- Symlinking: /home/ana/robot_ws/install/firebot_cpp/share/ament_index/resource_index/parent_prefix_path/firebot_cpp
[3.782s] -- Symlinking: /home/ana/robot_ws/install/firebot_cpp/share/firebot_cpp/environment/ament_prefix_path.sh
[3.809s] -- Symlinking: /home/ana/robot_ws/install/firebot_cpp/share/firebot_cpp/environment/ament_prefix_path.dsv
[3.831s] -- Symlinking: /home/ana/robot_ws/install/firebot_cpp/share/firebot_cpp/environment/path.sh
[3.850s] -- Symlinking: /home/ana/robot_ws/install/firebot_cpp/share/firebot_cpp/environment/path.dsv
[3.871s] -- Symlinking: /home/ana/robot_ws/install/firebot_cpp/share/firebot_cpp/local_setup.bash
[3.891s] -- Symlinking: /home/ana/robot_ws/install/firebot_cpp/share/firebot_cpp/local_setup.sh
[3.914s] -- Symlinking: /home/ana/robot_ws/install/firebot_cpp/share/firebot_cpp/local_setup.zsh
[3.937s] -- Symlinking: /home/ana/robot_ws/install/firebot_cpp/share/firebot_cpp/local_setup.dsv
[3.966s] -- Symlinking: /home/ana/robot_ws/install/firebot_cpp/share/firebot_cpp/package.dsv
[3.995s] -- Symlinking: /home/ana/robot_ws/install/firebot_cpp/share/ament_index/resource_index/packages/firebot_cpp
[4.025s] -- Symlinking: /home/ana/robot_ws/install/firebot_cpp/share/firebot_cpp/cmake/firebot_cppConfig.cmake
[4.050s] -- Symlinking: /home/ana/robot_ws/install/firebot_cpp/share/firebot_cpp/cmake/firebot_cppConfig-version.cmake
[4.080s] -- Symlinking: /home/ana/robot_ws/install/firebot_cpp/share/firebot_cpp/package.xml
[4.116s] Invoked command in '/home/ana/robot_ws/build/firebot_cpp' returned '0': CMAKE_PREFIX_PATH=${CMAKE_PREFIX_PATH}:/home/ana/robot_ws/install/py_pubsub:/home/ana/robot_ws/install/firebot_py:/opt/ros/humble /usr/bin/cmake --install /home/ana/robot_ws/build/firebot_cpp
