[0.919s] Invoking command in '/home/ana/robot_ws/build/ros2_control_demo_example_2': CMAKE_PREFIX_PATH=${CMAKE_PREFIX_PATH}:/home/ana/robot_ws/install/py_pubsub:/home/ana/robot_ws/install/firebot_py:/opt/ros/humble /usr/bin/cmake --build /home/ana/robot_ws/build/ros2_control_demo_example_2 -- -j20 -l20
[1.065s] [100%] Built target ros2_control_demo_example_2
[1.141s] Invoked command in '/home/ana/robot_ws/build/ros2_control_demo_example_2' returned '0': CMAKE_PREFIX_PATH=${CMAKE_PREFIX_PATH}:/home/ana/robot_ws/install/py_pubsub:/home/ana/robot_ws/install/firebot_py:/opt/ros/humble /usr/bin/cmake --build /home/ana/robot_ws/build/ros2_control_demo_example_2 -- -j20 -l20
[1.146s] Invoking command in '/home/ana/robot_ws/build/ros2_control_demo_example_2': CMAKE_PREFIX_PATH=${CMAKE_PREFIX_PATH}:/home/ana/robot_ws/install/py_pubsub:/home/ana/robot_ws/install/firebot_py:/opt/ros/humble /usr/bin/cmake --install /home/ana/robot_ws/build/ros2_control_demo_example_2
[1.188s] -- Install configuration: ""
[1.188s] -- Execute custom install script
[1.189s] -- Up-to-date symlink: /home/ana/robot_ws/install/ros2_control_demo_example_2/share/ros2_control_demo_example_2//ros2_control_demo_example_2.xml
[1.189s] -- Up-to-date symlink: /home/ana/robot_ws/install/ros2_control_demo_example_2/include/ros2_control_demo_example_2/ros2_control_demo_example_2/arduino_comms.hpp
[1.191s] -- Up-to-date symlink: /home/ana/robot_ws/install/ros2_control_demo_example_2/include/ros2_control_demo_example_2/ros2_control_demo_example_2/diffbot_system.hpp
[1.193s] -- Up-to-date symlink: /home/ana/robot_ws/install/ros2_control_demo_example_2/include/ros2_control_demo_example_2/ros2_control_demo_example_2/wheel.hpp
[1.195s] -- Up-to-date symlink: /home/ana/robot_ws/install/ros2_control_demo_example_2/share/ros2_control_demo_example_2/launch/view_robot.launch.py
[1.196s] -- Up-to-date symlink: /home/ana/robot_ws/install/ros2_control_demo_example_2/share/ros2_control_demo_example_2/ros2_control/diffbot.ros2_control.xacro
[1.196s] -- Up-to-date symlink: /home/ana/robot_ws/install/ros2_control_demo_example_2/share/ros2_control_demo_example_2/urdf/diffbot.urdf.xacro
[1.196s] -- Up-to-date symlink: /home/ana/robot_ws/install/ros2_control_demo_example_2/share/ros2_control_demo_example_2/launch/diffbot.launch.py
[1.197s] -- Up-to-date symlink: /home/ana/robot_ws/install/ros2_control_demo_example_2/share/ros2_control_demo_example_2/config/diffbot_controllers.yaml
[1.197s] -- Up-to-date symlink: /home/ana/robot_ws/install/ros2_control_demo_example_2/share/ros2_control_demo_example_2/environment/library_path.sh
[1.197s] -- Up-to-date symlink: /home/ana/robot_ws/install/ros2_control_demo_example_2/share/ros2_control_demo_example_2/environment/library_path.dsv
[1.198s] -- Up-to-date symlink: /home/ana/robot_ws/install/ros2_control_demo_example_2/share/ament_index/resource_index/package_run_dependencies/ros2_control_demo_example_2
[1.198s] -- Up-to-date symlink: /home/ana/robot_ws/install/ros2_control_demo_example_2/share/ament_index/resource_index/parent_prefix_path/ros2_control_demo_example_2
[1.198s] -- Up-to-date symlink: /home/ana/robot_ws/install/ros2_control_demo_example_2/share/ros2_control_demo_example_2/environment/ament_prefix_path.sh
[1.198s] -- Up-to-date symlink: /home/ana/robot_ws/install/ros2_control_demo_example_2/share/ros2_control_demo_example_2/environment/ament_prefix_path.dsv
[1.198s] -- Up-to-date symlink: /home/ana/robot_ws/install/ros2_control_demo_example_2/share/ros2_control_demo_example_2/environment/path.sh
[1.199s] -- Up-to-date symlink: /home/ana/robot_ws/install/ros2_control_demo_example_2/share/ros2_control_demo_example_2/environment/path.dsv
[1.199s] -- Up-to-date symlink: /home/ana/robot_ws/install/ros2_control_demo_example_2/share/ros2_control_demo_example_2/local_setup.bash
[1.199s] -- Up-to-date symlink: /home/ana/robot_ws/install/ros2_control_demo_example_2/share/ros2_control_demo_example_2/local_setup.sh
[1.200s] -- Up-to-date symlink: /home/ana/robot_ws/install/ros2_control_demo_example_2/share/ros2_control_demo_example_2/local_setup.zsh
[1.201s] -- Up-to-date symlink: /home/ana/robot_ws/install/ros2_control_demo_example_2/share/ros2_control_demo_example_2/local_setup.dsv
[1.201s] -- Symlinking: /home/ana/robot_ws/install/ros2_control_demo_example_2/share/ros2_control_demo_example_2/package.dsv
[1.207s] -- Up-to-date symlink: /home/ana/robot_ws/install/ros2_control_demo_example_2/share/ament_index/resource_index/packages/ros2_control_demo_example_2
[1.207s] -- Up-to-date symlink: /home/ana/robot_ws/install/ros2_control_demo_example_2/share/ament_index/resource_index/hardware_interface__pluginlib__plugin/ros2_control_demo_example_2
[1.207s] -- Up-to-date symlink: /home/ana/robot_ws/install/ros2_control_demo_example_2/share/ros2_control_demo_example_2/cmake/ament_cmake_export_targets-extras.cmake
[1.208s] -- Up-to-date symlink: /home/ana/robot_ws/install/ros2_control_demo_example_2/share/ros2_control_demo_example_2/cmake/ament_cmake_export_dependencies-extras.cmake
[1.208s] -- Up-to-date symlink: /home/ana/robot_ws/install/ros2_control_demo_example_2/share/ros2_control_demo_example_2/cmake/ros2_control_demo_example_2Config.cmake
[1.208s] -- Up-to-date symlink: /home/ana/robot_ws/install/ros2_control_demo_example_2/share/ros2_control_demo_example_2/cmake/ros2_control_demo_example_2Config-version.cmake
[1.209s] -- Up-to-date symlink: /home/ana/robot_ws/install/ros2_control_demo_example_2/share/ros2_control_demo_example_2/package.xml
[1.209s] -- Up-to-date: /home/ana/robot_ws/install/ros2_control_demo_example_2/lib/libros2_control_demo_example_2.so
[1.212s] -- Up-to-date: /home/ana/robot_ws/install/ros2_control_demo_example_2/share/ros2_control_demo_example_2/cmake/export_ros2_control_demo_example_2Export.cmake
[1.212s] -- Up-to-date: /home/ana/robot_ws/install/ros2_control_demo_example_2/share/ros2_control_demo_example_2/cmake/export_ros2_control_demo_example_2Export-noconfig.cmake
[1.227s] Invoked command in '/home/ana/robot_ws/build/ros2_control_demo_example_2' returned '0': CMAKE_PREFIX_PATH=${CMAKE_PREFIX_PATH}:/home/ana/robot_ws/install/py_pubsub:/home/ana/robot_ws/install/firebot_py:/opt/ros/humble /usr/bin/cmake --install /home/ana/robot_ws/build/ros2_control_demo_example_2
