[0.063s] Invoking command in '/home/ana/robot_ws/build/articubot_one': CMAKE_PREFIX_PATH=${CMAKE_PREFIX_PATH}:/opt/ros/humble:/home/ana/robot_ws/install/py_pubsub:/home/ana/robot_ws/install/firebot_py /usr/bin/cmake /home/ana/robot_ws/src/articubot_one -DAMENT_CMAKE_SYMLINK_INSTALL=1 -DCMAKE_INSTALL_PREFIX=/home/ana/robot_ws/install/articubot_one
[1.041s] -- The C compiler identification is GNU 11.4.0
[1.041s] -- The CXX compiler identification is GNU 11.4.0
[1.041s] -- Detecting C compiler ABI info
[1.041s] -- Detecting C compiler ABI info - done
[1.041s] -- Check for working C compiler: /usr/bin/cc - skipped
[1.041s] -- Detecting C compile features
[1.041s] -- Detecting C compile features - done
[1.041s] -- Detecting CXX compiler ABI info
[1.042s] -- Detecting CXX compiler ABI info - done
[1.042s] -- Check for working CXX compiler: /usr/bin/c++ - skipped
[1.042s] -- Detecting CXX compile features
[1.042s] -- Detecting CXX compile features - done
[1.042s] -- Found ament_cmake: 1.3.11 (/opt/ros/humble/share/ament_cmake/cmake)
[1.042s] -- Found Python3: /usr/bin/python3 (found version "3.10.12") found components: Interpreter 
[1.175s] -- Override CMake install command with custom implementation using symlinks instead of copying resources
[1.243s] -- Found ament_lint_auto: 0.12.11 (/opt/ros/humble/share/ament_lint_auto/cmake)
[1.508s] -- Added test 'copyright' to check source files copyright and LICENSE
[1.521s] -- Added test 'flake8' to check Python code syntax and style conventions
[1.524s] -- Added test 'lint_cmake' to check CMake code style
[1.525s] -- Added test 'pep257' to check Python code against some of the docstring style conventions in PEP 257
[1.532s] -- Added test 'xmllint' to check XML markup files
[1.539s] -- Configuring done
[1.546s] -- Generating done
[1.551s] -- Build files have been written to: /home/ana/robot_ws/build/articubot_one
[1.562s] Invoked command in '/home/ana/robot_ws/build/articubot_one' returned '0': CMAKE_PREFIX_PATH=${CMAKE_PREFIX_PATH}:/opt/ros/humble:/home/ana/robot_ws/install/py_pubsub:/home/ana/robot_ws/install/firebot_py /usr/bin/cmake /home/ana/robot_ws/src/articubot_one -DAMENT_CMAKE_SYMLINK_INSTALL=1 -DCMAKE_INSTALL_PREFIX=/home/ana/robot_ws/install/articubot_one
[1.566s] Invoking command in '/home/ana/robot_ws/build/articubot_one': CMAKE_PREFIX_PATH=${CMAKE_PREFIX_PATH}:/opt/ros/humble:/home/ana/robot_ws/install/py_pubsub:/home/ana/robot_ws/install/firebot_py /usr/bin/cmake --build /home/ana/robot_ws/build/articubot_one -- -j20 -l20
[1.698s] Invoked command in '/home/ana/robot_ws/build/articubot_one' returned '0': CMAKE_PREFIX_PATH=${CMAKE_PREFIX_PATH}:/opt/ros/humble:/home/ana/robot_ws/install/py_pubsub:/home/ana/robot_ws/install/firebot_py /usr/bin/cmake --build /home/ana/robot_ws/build/articubot_one -- -j20 -l20
[1.704s] Invoking command in '/home/ana/robot_ws/build/articubot_one': CMAKE_PREFIX_PATH=${CMAKE_PREFIX_PATH}:/opt/ros/humble:/home/ana/robot_ws/install/py_pubsub:/home/ana/robot_ws/install/firebot_py /usr/bin/cmake --install /home/ana/robot_ws/build/articubot_one
[1.726s] -- Install configuration: ""
[1.727s] -- Execute custom install script
[1.729s] -- Symlinking: /home/ana/robot_ws/install/articubot_one/share/articubot_one/config/ball_tracker_params_robot.yaml
[1.767s] -- Symlinking: /home/ana/robot_ws/install/articubot_one/share/articubot_one/config/ball_tracker_params_sim.yaml
[1.789s] -- Symlinking: /home/ana/robot_ws/install/articubot_one/share/articubot_one/config/drive_bot.rviz
[1.811s] -- Symlinking: /home/ana/robot_ws/install/articubot_one/share/articubot_one/config/empty.yaml
[1.836s] -- Symlinking: /home/ana/robot_ws/install/articubot_one/share/articubot_one/config/gaz_ros2_ctl_use_sim.yaml
[1.860s] -- Symlinking: /home/ana/robot_ws/install/articubot_one/share/articubot_one/config/gazebo_params.yaml
[1.885s] -- Symlinking: /home/ana/robot_ws/install/articubot_one/share/articubot_one/config/joystick.yaml
[1.914s] -- Symlinking: /home/ana/robot_ws/install/articubot_one/share/articubot_one/config/main.rviz
[1.944s] -- Symlinking: /home/ana/robot_ws/install/articubot_one/share/articubot_one/config/map.rviz
[1.967s] -- Symlinking: /home/ana/robot_ws/install/articubot_one/share/articubot_one/config/mapper_params_online_async.yaml
[1.988s] -- Symlinking: /home/ana/robot_ws/install/articubot_one/share/articubot_one/config/my_controllers.yaml
[2.013s] -- Symlinking: /home/ana/robot_ws/install/articubot_one/share/articubot_one/config/nav2_params.yaml
[2.046s] -- Symlinking: /home/ana/robot_ws/install/articubot_one/share/articubot_one/config/twist_mux.yaml
[2.074s] -- Symlinking: /home/ana/robot_ws/install/articubot_one/share/articubot_one/config/view_bot.rviz
[2.106s] -- Symlinking: /home/ana/robot_ws/install/articubot_one/share/articubot_one/description/camera.xacro
[2.131s] -- Symlinking: /home/ana/robot_ws/install/articubot_one/share/articubot_one/description/depth_camera.xacro
[2.156s] -- Symlinking: /home/ana/robot_ws/install/articubot_one/share/articubot_one/description/face.xacro
[2.190s] -- Symlinking: /home/ana/robot_ws/install/articubot_one/share/articubot_one/description/gazebo_control.xacro
[2.217s] -- Symlinking: /home/ana/robot_ws/install/articubot_one/share/articubot_one/description/inertial_macros.xacro
[2.248s] -- Symlinking: /home/ana/robot_ws/install/articubot_one/share/articubot_one/description/lidar.xacro
[2.275s] -- Symlinking: /home/ana/robot_ws/install/articubot_one/share/articubot_one/description/robot.urdf.xacro
[2.295s] -- Symlinking: /home/ana/robot_ws/install/articubot_one/share/articubot_one/description/robot_core.xacro
[2.317s] -- Symlinking: /home/ana/robot_ws/install/articubot_one/share/articubot_one/description/ros2_control.xacro
[2.339s] -- Symlinking: /home/ana/robot_ws/install/articubot_one/share/articubot_one/launch/ball_tracker.launch.py
[2.359s] -- Symlinking: /home/ana/robot_ws/install/articubot_one/share/articubot_one/launch/camera.launch.py
[2.383s] -- Symlinking: /home/ana/robot_ws/install/articubot_one/share/articubot_one/launch/joystick.launch.py
[2.404s] -- Symlinking: /home/ana/robot_ws/install/articubot_one/share/articubot_one/launch/launch_robot.launch.py
[2.426s] -- Symlinking: /home/ana/robot_ws/install/articubot_one/share/articubot_one/launch/launch_sim.launch.py
[2.448s] -- Symlinking: /home/ana/robot_ws/install/articubot_one/share/articubot_one/launch/localization_launch.py
[2.480s] -- Symlinking: /home/ana/robot_ws/install/articubot_one/share/articubot_one/launch/navigation_launch.py
[2.503s] -- Symlinking: /home/ana/robot_ws/install/articubot_one/share/articubot_one/launch/online_async_launch.py
[2.525s] -- Symlinking: /home/ana/robot_ws/install/articubot_one/share/articubot_one/launch/rplidar.launch.py
[2.546s] -- Symlinking: /home/ana/robot_ws/install/articubot_one/share/articubot_one/launch/rsp.launch.py
[2.568s] -- Symlinking: /home/ana/robot_ws/install/articubot_one/share/articubot_one/worlds/empty.world
[2.595s] -- Symlinking: /home/ana/robot_ws/install/articubot_one/share/articubot_one/worlds/obstacles.world
[2.623s] -- Symlinking: /home/ana/robot_ws/install/articubot_one/share/ament_index/resource_index/package_run_dependencies/articubot_one
[2.653s] -- Symlinking: /home/ana/robot_ws/install/articubot_one/share/ament_index/resource_index/parent_prefix_path/articubot_one
[2.677s] -- Symlinking: /home/ana/robot_ws/install/articubot_one/share/articubot_one/environment/ament_prefix_path.sh
[2.706s] -- Symlinking: /home/ana/robot_ws/install/articubot_one/share/articubot_one/environment/ament_prefix_path.dsv
[2.735s] -- Symlinking: /home/ana/robot_ws/install/articubot_one/share/articubot_one/environment/path.sh
[2.763s] -- Symlinking: /home/ana/robot_ws/install/articubot_one/share/articubot_one/environment/path.dsv
[2.793s] -- Symlinking: /home/ana/robot_ws/install/articubot_one/share/articubot_one/local_setup.bash
[2.817s] -- Symlinking: /home/ana/robot_ws/install/articubot_one/share/articubot_one/local_setup.sh
[2.841s] -- Symlinking: /home/ana/robot_ws/install/articubot_one/share/articubot_one/local_setup.zsh
[2.867s] -- Symlinking: /home/ana/robot_ws/install/articubot_one/share/articubot_one/local_setup.dsv
[2.890s] -- Symlinking: /home/ana/robot_ws/install/articubot_one/share/articubot_one/package.dsv
[2.916s] -- Symlinking: /home/ana/robot_ws/install/articubot_one/share/ament_index/resource_index/packages/articubot_one
[2.936s] -- Symlinking: /home/ana/robot_ws/install/articubot_one/share/articubot_one/cmake/articubot_oneConfig.cmake
[2.956s] -- Symlinking: /home/ana/robot_ws/install/articubot_one/share/articubot_one/cmake/articubot_oneConfig-version.cmake
[2.979s] -- Symlinking: /home/ana/robot_ws/install/articubot_one/share/articubot_one/package.xml
[3.013s] Invoked command in '/home/ana/robot_ws/build/articubot_one' returned '0': CMAKE_PREFIX_PATH=${CMAKE_PREFIX_PATH}:/opt/ros/humble:/home/ana/robot_ws/install/py_pubsub:/home/ana/robot_ws/install/firebot_py /usr/bin/cmake --install /home/ana/robot_ws/build/articubot_one
