[0.113s] DEBUG:colcon:Command line arguments: ['/usr/bin/colcon', 'build', '--symlink-install']
[0.113s] DEBUG:colcon:Parsed command line arguments: Namespace(log_base=None, log_level=None, verb_name='build', build_base='build', install_base='install', merge_install=False, symlink_install=True, test_result_base=None, continue_on_error=False, executor='parallel', parallel_workers=20, event_handlers=None, ignore_user_meta=False, metas=['./colcon.meta'], base_paths=['.'], packages_ignore=None, packages_ignore_regex=None, paths=None, packages_up_to=None, packages_up_to_regex=None, packages_above=None, packages_above_and_dependencies=None, packages_above_depth=None, packages_select_by_dep=None, packages_skip_by_dep=None, packages_skip_up_to=None, packages_select_build_failed=False, packages_skip_build_finished=False, packages_select_test_failures=False, packages_skip_test_passed=False, packages_select=None, packages_skip=None, packages_select_regex=None, packages_skip_regex=None, packages_start=None, packages_end=None, allow_overriding=[], cmake_args=None, cmake_target=None, cmake_target_skip_unavailable=False, cmake_clean_cache=False, cmake_clean_first=False, cmake_force_configure=False, ament_cmake_args=None, catkin_cmake_args=None, catkin_skip_building_tests=False, mixin_files=None, mixin=None, verb_parser=<colcon_mixin.mixin.mixin_argument.MixinArgumentDecorator object at 0x7bb021263490>, verb_extension=<colcon_core.verb.build.BuildVerb object at 0x7bb021262fe0>, main=<bound method BuildVerb.main of <colcon_core.verb.build.BuildVerb object at 0x7bb021262fe0>>, mixin_verb=('build',))
[0.298s] Level 1:colcon.colcon_core.package_discovery:discover_packages(colcon_meta) check parameters
[0.298s] Level 1:colcon.colcon_core.package_discovery:discover_packages(recursive) check parameters
[0.298s] Level 1:colcon.colcon_core.package_discovery:discover_packages(ignore) check parameters
[0.298s] Level 1:colcon.colcon_core.package_discovery:discover_packages(path) check parameters
[0.298s] Level 1:colcon.colcon_core.package_discovery:discover_packages(colcon_meta) discover
[0.298s] Level 1:colcon.colcon_core.package_discovery:discover_packages(recursive) discover
[0.298s] INFO:colcon.colcon_core.package_discovery:Crawling recursively for packages in '/home/ana/robot_ws'
[0.298s] Level 1:colcon.colcon_core.package_identification:_identify(.) by extensions ['ignore', 'ignore_ament_install']
[0.298s] Level 1:colcon.colcon_core.package_identification:_identify(.) by extension 'ignore'
[0.298s] Level 1:colcon.colcon_core.package_identification:_identify(.) by extension 'ignore_ament_install'
[0.298s] Level 1:colcon.colcon_core.package_identification:_identify(.) by extensions ['colcon_pkg']
[0.298s] Level 1:colcon.colcon_core.package_identification:_identify(.) by extension 'colcon_pkg'
[0.298s] Level 1:colcon.colcon_core.package_identification:_identify(.) by extensions ['colcon_meta']
[0.298s] Level 1:colcon.colcon_core.package_identification:_identify(.) by extension 'colcon_meta'
[0.298s] Level 1:colcon.colcon_core.package_identification:_identify(.) by extensions ['ros']
[0.298s] Level 1:colcon.colcon_core.package_identification:_identify(.) by extension 'ros'
[0.311s] Level 1:colcon.colcon_core.package_identification:_identify(.) by extensions ['cmake', 'python']
[0.311s] Level 1:colcon.colcon_core.package_identification:_identify(.) by extension 'cmake'
[0.311s] Level 1:colcon.colcon_core.package_identification:_identify(.) by extension 'python'
[0.311s] Level 1:colcon.colcon_core.package_identification:_identify(.) by extensions ['python_setup_py']
[0.311s] Level 1:colcon.colcon_core.package_identification:_identify(.) by extension 'python_setup_py'
[0.312s] Level 1:colcon.colcon_core.package_identification:_identify(build) by extensions ['ignore', 'ignore_ament_install']
[0.312s] Level 1:colcon.colcon_core.package_identification:_identify(build) by extension 'ignore'
[0.312s] Level 1:colcon.colcon_core.package_identification:_identify(build) ignored
[0.312s] Level 1:colcon.colcon_core.package_identification:_identify(install) by extensions ['ignore', 'ignore_ament_install']
[0.312s] Level 1:colcon.colcon_core.package_identification:_identify(install) by extension 'ignore'
[0.312s] Level 1:colcon.colcon_core.package_identification:_identify(install) ignored
[0.312s] Level 1:colcon.colcon_core.package_identification:_identify(log) by extensions ['ignore', 'ignore_ament_install']
[0.312s] Level 1:colcon.colcon_core.package_identification:_identify(log) by extension 'ignore'
[0.312s] Level 1:colcon.colcon_core.package_identification:_identify(log) ignored
[0.312s] Level 1:colcon.colcon_core.package_identification:_identify(src) by extensions ['ignore', 'ignore_ament_install']
[0.312s] Level 1:colcon.colcon_core.package_identification:_identify(src) by extension 'ignore'
[0.312s] Level 1:colcon.colcon_core.package_identification:_identify(src) by extension 'ignore_ament_install'
[0.312s] Level 1:colcon.colcon_core.package_identification:_identify(src) by extensions ['colcon_pkg']
[0.312s] Level 1:colcon.colcon_core.package_identification:_identify(src) by extension 'colcon_pkg'
[0.313s] Level 1:colcon.colcon_core.package_identification:_identify(src) by extensions ['colcon_meta']
[0.313s] Level 1:colcon.colcon_core.package_identification:_identify(src) by extension 'colcon_meta'
[0.313s] Level 1:colcon.colcon_core.package_identification:_identify(src) by extensions ['ros']
[0.313s] Level 1:colcon.colcon_core.package_identification:_identify(src) by extension 'ros'
[0.313s] Level 1:colcon.colcon_core.package_identification:_identify(src) by extensions ['cmake', 'python']
[0.313s] Level 1:colcon.colcon_core.package_identification:_identify(src) by extension 'cmake'
[0.313s] Level 1:colcon.colcon_core.package_identification:_identify(src) by extension 'python'
[0.313s] Level 1:colcon.colcon_core.package_identification:_identify(src) by extensions ['python_setup_py']
[0.313s] Level 1:colcon.colcon_core.package_identification:_identify(src) by extension 'python_setup_py'
[0.313s] Level 1:colcon.colcon_core.package_identification:_identify(src/ROSArduinoBridge) by extensions ['ignore', 'ignore_ament_install']
[0.313s] Level 1:colcon.colcon_core.package_identification:_identify(src/ROSArduinoBridge) by extension 'ignore'
[0.313s] Level 1:colcon.colcon_core.package_identification:_identify(src/ROSArduinoBridge) by extension 'ignore_ament_install'
[0.313s] Level 1:colcon.colcon_core.package_identification:_identify(src/ROSArduinoBridge) by extensions ['colcon_pkg']
[0.313s] Level 1:colcon.colcon_core.package_identification:_identify(src/ROSArduinoBridge) by extension 'colcon_pkg'
[0.313s] Level 1:colcon.colcon_core.package_identification:_identify(src/ROSArduinoBridge) by extensions ['colcon_meta']
[0.313s] Level 1:colcon.colcon_core.package_identification:_identify(src/ROSArduinoBridge) by extension 'colcon_meta'
[0.313s] Level 1:colcon.colcon_core.package_identification:_identify(src/ROSArduinoBridge) by extensions ['ros']
[0.313s] Level 1:colcon.colcon_core.package_identification:_identify(src/ROSArduinoBridge) by extension 'ros'
[0.313s] Level 1:colcon.colcon_core.package_identification:_identify(src/ROSArduinoBridge) by extensions ['cmake', 'python']
[0.313s] Level 1:colcon.colcon_core.package_identification:_identify(src/ROSArduinoBridge) by extension 'cmake'
[0.313s] Level 1:colcon.colcon_core.package_identification:_identify(src/ROSArduinoBridge) by extension 'python'
[0.313s] Level 1:colcon.colcon_core.package_identification:_identify(src/ROSArduinoBridge) by extensions ['python_setup_py']
[0.313s] Level 1:colcon.colcon_core.package_identification:_identify(src/ROSArduinoBridge) by extension 'python_setup_py'
[0.314s] Level 1:colcon.colcon_core.package_identification:_identify(src/articubot_one) by extensions ['ignore', 'ignore_ament_install']
[0.314s] Level 1:colcon.colcon_core.package_identification:_identify(src/articubot_one) by extension 'ignore'
[0.314s] Level 1:colcon.colcon_core.package_identification:_identify(src/articubot_one) by extension 'ignore_ament_install'
[0.314s] Level 1:colcon.colcon_core.package_identification:_identify(src/articubot_one) by extensions ['colcon_pkg']
[0.314s] Level 1:colcon.colcon_core.package_identification:_identify(src/articubot_one) by extension 'colcon_pkg'
[0.314s] Level 1:colcon.colcon_core.package_identification:_identify(src/articubot_one) by extensions ['colcon_meta']
[0.314s] Level 1:colcon.colcon_core.package_identification:_identify(src/articubot_one) by extension 'colcon_meta'
[0.314s] Level 1:colcon.colcon_core.package_identification:_identify(src/articubot_one) by extensions ['ros']
[0.314s] Level 1:colcon.colcon_core.package_identification:_identify(src/articubot_one) by extension 'ros'
[0.317s] DEBUG:colcon.colcon_core.package_identification:Package 'src/articubot_one' with type 'ros.ament_cmake' and name 'articubot_one'
[0.317s] Level 1:colcon.colcon_core.package_identification:_identify(src/example_2) by extensions ['ignore', 'ignore_ament_install']
[0.317s] Level 1:colcon.colcon_core.package_identification:_identify(src/example_2) by extension 'ignore'
[0.317s] Level 1:colcon.colcon_core.package_identification:_identify(src/example_2) by extension 'ignore_ament_install'
[0.317s] Level 1:colcon.colcon_core.package_identification:_identify(src/example_2) by extensions ['colcon_pkg']
[0.317s] Level 1:colcon.colcon_core.package_identification:_identify(src/example_2) by extension 'colcon_pkg'
[0.317s] Level 1:colcon.colcon_core.package_identification:_identify(src/example_2) by extensions ['colcon_meta']
[0.317s] Level 1:colcon.colcon_core.package_identification:_identify(src/example_2) by extension 'colcon_meta'
[0.317s] Level 1:colcon.colcon_core.package_identification:_identify(src/example_2) by extensions ['ros']
[0.317s] Level 1:colcon.colcon_core.package_identification:_identify(src/example_2) by extension 'ros'
[0.319s] DEBUG:colcon.colcon_core.package_identification:Package 'src/example_2' with type 'ros.ament_cmake' and name 'ros2_control_demo_example_2'
[0.319s] Level 1:colcon.colcon_core.package_identification:_identify(src/firebot_cpp) by extensions ['ignore', 'ignore_ament_install']
[0.319s] Level 1:colcon.colcon_core.package_identification:_identify(src/firebot_cpp) by extension 'ignore'
[0.319s] Level 1:colcon.colcon_core.package_identification:_identify(src/firebot_cpp) by extension 'ignore_ament_install'
[0.319s] Level 1:colcon.colcon_core.package_identification:_identify(src/firebot_cpp) by extensions ['colcon_pkg']
[0.319s] Level 1:colcon.colcon_core.package_identification:_identify(src/firebot_cpp) by extension 'colcon_pkg'
[0.319s] Level 1:colcon.colcon_core.package_identification:_identify(src/firebot_cpp) by extensions ['colcon_meta']
[0.319s] Level 1:colcon.colcon_core.package_identification:_identify(src/firebot_cpp) by extension 'colcon_meta'
[0.319s] Level 1:colcon.colcon_core.package_identification:_identify(src/firebot_cpp) by extensions ['ros']
[0.319s] Level 1:colcon.colcon_core.package_identification:_identify(src/firebot_cpp) by extension 'ros'
[0.320s] DEBUG:colcon.colcon_core.package_identification:Package 'src/firebot_cpp' with type 'ros.ament_cmake' and name 'firebot_cpp'
[0.320s] Level 1:colcon.colcon_core.package_identification:_identify(src/firebot_description) by extensions ['ignore', 'ignore_ament_install']
[0.320s] Level 1:colcon.colcon_core.package_identification:_identify(src/firebot_description) by extension 'ignore'
[0.320s] Level 1:colcon.colcon_core.package_identification:_identify(src/firebot_description) by extension 'ignore_ament_install'
[0.321s] Level 1:colcon.colcon_core.package_identification:_identify(src/firebot_description) by extensions ['colcon_pkg']
[0.321s] Level 1:colcon.colcon_core.package_identification:_identify(src/firebot_description) by extension 'colcon_pkg'
[0.321s] Level 1:colcon.colcon_core.package_identification:_identify(src/firebot_description) by extensions ['colcon_meta']
[0.321s] Level 1:colcon.colcon_core.package_identification:_identify(src/firebot_description) by extension 'colcon_meta'
[0.321s] Level 1:colcon.colcon_core.package_identification:_identify(src/firebot_description) by extensions ['ros']
[0.321s] Level 1:colcon.colcon_core.package_identification:_identify(src/firebot_description) by extension 'ros'
[0.321s] DEBUG:colcon.colcon_core.package_identification:Package 'src/firebot_description' with type 'ros.ament_cmake' and name 'firebot_description'
[0.322s] Level 1:colcon.colcon_core.package_identification:_identify(src/firebot_py) by extensions ['ignore', 'ignore_ament_install']
[0.322s] Level 1:colcon.colcon_core.package_identification:_identify(src/firebot_py) by extension 'ignore'
[0.322s] Level 1:colcon.colcon_core.package_identification:_identify(src/firebot_py) by extension 'ignore_ament_install'
[0.322s] Level 1:colcon.colcon_core.package_identification:_identify(src/firebot_py) by extensions ['colcon_pkg']
[0.322s] Level 1:colcon.colcon_core.package_identification:_identify(src/firebot_py) by extension 'colcon_pkg'
[0.322s] Level 1:colcon.colcon_core.package_identification:_identify(src/firebot_py) by extensions ['colcon_meta']
[0.322s] Level 1:colcon.colcon_core.package_identification:_identify(src/firebot_py) by extension 'colcon_meta'
[0.322s] Level 1:colcon.colcon_core.package_identification:_identify(src/firebot_py) by extensions ['ros']
[0.322s] Level 1:colcon.colcon_core.package_identification:_identify(src/firebot_py) by extension 'ros'
[0.324s] DEBUG:colcon.colcon_core.package_identification:Package 'src/firebot_py' with type 'ros.ament_python' and name 'firebot_py'
[0.324s] Level 1:colcon.colcon_core.package_identification:_identify(src/py_pubsub) by extensions ['ignore', 'ignore_ament_install']
[0.324s] Level 1:colcon.colcon_core.package_identification:_identify(src/py_pubsub) by extension 'ignore'
[0.325s] Level 1:colcon.colcon_core.package_identification:_identify(src/py_pubsub) by extension 'ignore_ament_install'
[0.325s] Level 1:colcon.colcon_core.package_identification:_identify(src/py_pubsub) by extensions ['colcon_pkg']
[0.325s] Level 1:colcon.colcon_core.package_identification:_identify(src/py_pubsub) by extension 'colcon_pkg'
[0.325s] Level 1:colcon.colcon_core.package_identification:_identify(src/py_pubsub) by extensions ['colcon_meta']
[0.325s] Level 1:colcon.colcon_core.package_identification:_identify(src/py_pubsub) by extension 'colcon_meta'
[0.325s] Level 1:colcon.colcon_core.package_identification:_identify(src/py_pubsub) by extensions ['ros']
[0.325s] Level 1:colcon.colcon_core.package_identification:_identify(src/py_pubsub) by extension 'ros'
[0.325s] DEBUG:colcon.colcon_core.package_identification:Package 'src/py_pubsub' with type 'ros.ament_python' and name 'py_pubsub'
[0.326s] Level 1:colcon.colcon_core.package_identification:_identify(src/rplidar_ros) by extensions ['ignore', 'ignore_ament_install']
[0.326s] Level 1:colcon.colcon_core.package_identification:_identify(src/rplidar_ros) by extension 'ignore'
[0.326s] Level 1:colcon.colcon_core.package_identification:_identify(src/rplidar_ros) by extension 'ignore_ament_install'
[0.326s] Level 1:colcon.colcon_core.package_identification:_identify(src/rplidar_ros) by extensions ['colcon_pkg']
[0.326s] Level 1:colcon.colcon_core.package_identification:_identify(src/rplidar_ros) by extension 'colcon_pkg'
[0.326s] Level 1:colcon.colcon_core.package_identification:_identify(src/rplidar_ros) by extensions ['colcon_meta']
[0.326s] Level 1:colcon.colcon_core.package_identification:_identify(src/rplidar_ros) by extension 'colcon_meta'
[0.326s] Level 1:colcon.colcon_core.package_identification:_identify(src/rplidar_ros) by extensions ['ros']
[0.326s] Level 1:colcon.colcon_core.package_identification:_identify(src/rplidar_ros) by extension 'ros'
[0.327s] DEBUG:colcon.colcon_core.package_identification:Package 'src/rplidar_ros' with type 'ros.ament_cmake' and name 'rplidar_ros'
[0.327s] Level 1:colcon.colcon_core.package_identification:_identify(src/serial) by extensions ['ignore', 'ignore_ament_install']
[0.327s] Level 1:colcon.colcon_core.package_identification:_identify(src/serial) by extension 'ignore'
[0.327s] Level 1:colcon.colcon_core.package_identification:_identify(src/serial) by extension 'ignore_ament_install'
[0.327s] Level 1:colcon.colcon_core.package_identification:_identify(src/serial) by extensions ['colcon_pkg']
[0.327s] Level 1:colcon.colcon_core.package_identification:_identify(src/serial) by extension 'colcon_pkg'
[0.327s] Level 1:colcon.colcon_core.package_identification:_identify(src/serial) by extensions ['colcon_meta']
[0.327s] Level 1:colcon.colcon_core.package_identification:_identify(src/serial) by extension 'colcon_meta'
[0.327s] Level 1:colcon.colcon_core.package_identification:_identify(src/serial) by extensions ['ros']
[0.327s] Level 1:colcon.colcon_core.package_identification:_identify(src/serial) by extension 'ros'
[0.328s] DEBUG:colcon.colcon_core.package_identification:Package 'src/serial' with type 'ros.ament_cmake' and name 'serial'
[0.328s] Level 1:colcon.colcon_core.package_identification:_identify(src/test_package) by extensions ['ignore', 'ignore_ament_install']
[0.328s] Level 1:colcon.colcon_core.package_identification:_identify(src/test_package) by extension 'ignore'
[0.328s] Level 1:colcon.colcon_core.package_identification:_identify(src/test_package) by extension 'ignore_ament_install'
[0.328s] Level 1:colcon.colcon_core.package_identification:_identify(src/test_package) by extensions ['colcon_pkg']
[0.328s] Level 1:colcon.colcon_core.package_identification:_identify(src/test_package) by extension 'colcon_pkg'
[0.328s] Level 1:colcon.colcon_core.package_identification:_identify(src/test_package) by extensions ['colcon_meta']
[0.328s] Level 1:colcon.colcon_core.package_identification:_identify(src/test_package) by extension 'colcon_meta'
[0.328s] Level 1:colcon.colcon_core.package_identification:_identify(src/test_package) by extensions ['ros']
[0.328s] Level 1:colcon.colcon_core.package_identification:_identify(src/test_package) by extension 'ros'
[0.329s] DEBUG:colcon.colcon_core.package_identification:Package 'src/test_package' with type 'ros.ament_cmake' and name 'test_package'
[0.329s] Level 1:colcon.colcon_core.package_discovery:discover_packages(recursive) using defaults
[0.329s] Level 1:colcon.colcon_core.package_discovery:discover_packages(ignore) discover
[0.329s] Level 1:colcon.colcon_core.package_discovery:discover_packages(ignore) using defaults
[0.329s] Level 1:colcon.colcon_core.package_discovery:discover_packages(path) discover
[0.329s] Level 1:colcon.colcon_core.package_discovery:discover_packages(path) using defaults
[0.363s] Level 1:colcon.colcon_core.package_discovery:discover_packages(prefix_path) check parameters
[0.363s] Level 1:colcon.colcon_core.package_discovery:discover_packages(prefix_path) discover
[0.365s] DEBUG:colcon.colcon_installed_package_information.package_discovery:Found 9 installed packages in /home/ana/robot_ws/install
[0.367s] DEBUG:colcon.colcon_installed_package_information.package_discovery:Found 422 installed packages in /opt/ros/humble
[0.369s] Level 1:colcon.colcon_core.package_discovery:discover_packages(prefix_path) using defaults
[0.421s] Level 5:colcon.colcon_core.verb:set package 'articubot_one' build argument 'cmake_args' from command line to 'None'
[0.421s] Level 5:colcon.colcon_core.verb:set package 'articubot_one' build argument 'cmake_target' from command line to 'None'
[0.421s] Level 5:colcon.colcon_core.verb:set package 'articubot_one' build argument 'cmake_target_skip_unavailable' from command line to 'False'
[0.421s] Level 5:colcon.colcon_core.verb:set package 'articubot_one' build argument 'cmake_clean_cache' from command line to 'False'
[0.421s] Level 5:colcon.colcon_core.verb:set package 'articubot_one' build argument 'cmake_clean_first' from command line to 'False'
[0.421s] Level 5:colcon.colcon_core.verb:set package 'articubot_one' build argument 'cmake_force_configure' from command line to 'False'
[0.421s] Level 5:colcon.colcon_core.verb:set package 'articubot_one' build argument 'ament_cmake_args' from command line to 'None'
[0.421s] Level 5:colcon.colcon_core.verb:set package 'articubot_one' build argument 'catkin_cmake_args' from command line to 'None'
[0.421s] Level 5:colcon.colcon_core.verb:set package 'articubot_one' build argument 'catkin_skip_building_tests' from command line to 'False'
[0.421s] DEBUG:colcon.colcon_core.verb:Building package 'articubot_one' with the following arguments: {'ament_cmake_args': None, 'build_base': '/home/ana/robot_ws/build/articubot_one', 'catkin_cmake_args': None, 'catkin_skip_building_tests': False, 'cmake_args': None, 'cmake_clean_cache': False, 'cmake_clean_first': False, 'cmake_force_configure': False, 'cmake_target': None, 'cmake_target_skip_unavailable': False, 'install_base': '/home/ana/robot_ws/install/articubot_one', 'merge_install': False, 'path': '/home/ana/robot_ws/src/articubot_one', 'symlink_install': True, 'test_result_base': None}
[0.422s] Level 5:colcon.colcon_core.verb:set package 'firebot_cpp' build argument 'cmake_args' from command line to 'None'
[0.422s] Level 5:colcon.colcon_core.verb:set package 'firebot_cpp' build argument 'cmake_target' from command line to 'None'
[0.422s] Level 5:colcon.colcon_core.verb:set package 'firebot_cpp' build argument 'cmake_target_skip_unavailable' from command line to 'False'
[0.422s] Level 5:colcon.colcon_core.verb:set package 'firebot_cpp' build argument 'cmake_clean_cache' from command line to 'False'
[0.422s] Level 5:colcon.colcon_core.verb:set package 'firebot_cpp' build argument 'cmake_clean_first' from command line to 'False'
[0.422s] Level 5:colcon.colcon_core.verb:set package 'firebot_cpp' build argument 'cmake_force_configure' from command line to 'False'
[0.422s] Level 5:colcon.colcon_core.verb:set package 'firebot_cpp' build argument 'ament_cmake_args' from command line to 'None'
[0.422s] Level 5:colcon.colcon_core.verb:set package 'firebot_cpp' build argument 'catkin_cmake_args' from command line to 'None'
[0.422s] Level 5:colcon.colcon_core.verb:set package 'firebot_cpp' build argument 'catkin_skip_building_tests' from command line to 'False'
[0.422s] DEBUG:colcon.colcon_core.verb:Building package 'firebot_cpp' with the following arguments: {'ament_cmake_args': None, 'build_base': '/home/ana/robot_ws/build/firebot_cpp', 'catkin_cmake_args': None, 'catkin_skip_building_tests': False, 'cmake_args': None, 'cmake_clean_cache': False, 'cmake_clean_first': False, 'cmake_force_configure': False, 'cmake_target': None, 'cmake_target_skip_unavailable': False, 'install_base': '/home/ana/robot_ws/install/firebot_cpp', 'merge_install': False, 'path': '/home/ana/robot_ws/src/firebot_cpp', 'symlink_install': True, 'test_result_base': None}
[0.422s] Level 5:colcon.colcon_core.verb:set package 'firebot_description' build argument 'cmake_args' from command line to 'None'
[0.422s] Level 5:colcon.colcon_core.verb:set package 'firebot_description' build argument 'cmake_target' from command line to 'None'
[0.422s] Level 5:colcon.colcon_core.verb:set package 'firebot_description' build argument 'cmake_target_skip_unavailable' from command line to 'False'
[0.422s] Level 5:colcon.colcon_core.verb:set package 'firebot_description' build argument 'cmake_clean_cache' from command line to 'False'
[0.422s] Level 5:colcon.colcon_core.verb:set package 'firebot_description' build argument 'cmake_clean_first' from command line to 'False'
[0.422s] Level 5:colcon.colcon_core.verb:set package 'firebot_description' build argument 'cmake_force_configure' from command line to 'False'
[0.423s] Level 5:colcon.colcon_core.verb:set package 'firebot_description' build argument 'ament_cmake_args' from command line to 'None'
[0.423s] Level 5:colcon.colcon_core.verb:set package 'firebot_description' build argument 'catkin_cmake_args' from command line to 'None'
[0.423s] Level 5:colcon.colcon_core.verb:set package 'firebot_description' build argument 'catkin_skip_building_tests' from command line to 'False'
[0.423s] DEBUG:colcon.colcon_core.verb:Building package 'firebot_description' with the following arguments: {'ament_cmake_args': None, 'build_base': '/home/ana/robot_ws/build/firebot_description', 'catkin_cmake_args': None, 'catkin_skip_building_tests': False, 'cmake_args': None, 'cmake_clean_cache': False, 'cmake_clean_first': False, 'cmake_force_configure': False, 'cmake_target': None, 'cmake_target_skip_unavailable': False, 'install_base': '/home/ana/robot_ws/install/firebot_description', 'merge_install': False, 'path': '/home/ana/robot_ws/src/firebot_description', 'symlink_install': True, 'test_result_base': None}
[0.423s] Level 5:colcon.colcon_core.verb:set package 'firebot_py' build argument 'cmake_args' from command line to 'None'
[0.423s] Level 5:colcon.colcon_core.verb:set package 'firebot_py' build argument 'cmake_target' from command line to 'None'
[0.423s] Level 5:colcon.colcon_core.verb:set package 'firebot_py' build argument 'cmake_target_skip_unavailable' from command line to 'False'
[0.423s] Level 5:colcon.colcon_core.verb:set package 'firebot_py' build argument 'cmake_clean_cache' from command line to 'False'
[0.423s] Level 5:colcon.colcon_core.verb:set package 'firebot_py' build argument 'cmake_clean_first' from command line to 'False'
[0.423s] Level 5:colcon.colcon_core.verb:set package 'firebot_py' build argument 'cmake_force_configure' from command line to 'False'
[0.423s] Level 5:colcon.colcon_core.verb:set package 'firebot_py' build argument 'ament_cmake_args' from command line to 'None'
[0.423s] Level 5:colcon.colcon_core.verb:set package 'firebot_py' build argument 'catkin_cmake_args' from command line to 'None'
[0.423s] Level 5:colcon.colcon_core.verb:set package 'firebot_py' build argument 'catkin_skip_building_tests' from command line to 'False'
[0.423s] DEBUG:colcon.colcon_core.verb:Building package 'firebot_py' with the following arguments: {'ament_cmake_args': None, 'build_base': '/home/ana/robot_ws/build/firebot_py', 'catkin_cmake_args': None, 'catkin_skip_building_tests': False, 'cmake_args': None, 'cmake_clean_cache': False, 'cmake_clean_first': False, 'cmake_force_configure': False, 'cmake_target': None, 'cmake_target_skip_unavailable': False, 'install_base': '/home/ana/robot_ws/install/firebot_py', 'merge_install': False, 'path': '/home/ana/robot_ws/src/firebot_py', 'symlink_install': True, 'test_result_base': None}
[0.424s] Level 5:colcon.colcon_core.verb:set package 'py_pubsub' build argument 'cmake_args' from command line to 'None'
[0.424s] Level 5:colcon.colcon_core.verb:set package 'py_pubsub' build argument 'cmake_target' from command line to 'None'
[0.424s] Level 5:colcon.colcon_core.verb:set package 'py_pubsub' build argument 'cmake_target_skip_unavailable' from command line to 'False'
[0.424s] Level 5:colcon.colcon_core.verb:set package 'py_pubsub' build argument 'cmake_clean_cache' from command line to 'False'
[0.424s] Level 5:colcon.colcon_core.verb:set package 'py_pubsub' build argument 'cmake_clean_first' from command line to 'False'
[0.424s] Level 5:colcon.colcon_core.verb:set package 'py_pubsub' build argument 'cmake_force_configure' from command line to 'False'
[0.424s] Level 5:colcon.colcon_core.verb:set package 'py_pubsub' build argument 'ament_cmake_args' from command line to 'None'
[0.424s] Level 5:colcon.colcon_core.verb:set package 'py_pubsub' build argument 'catkin_cmake_args' from command line to 'None'
[0.424s] Level 5:colcon.colcon_core.verb:set package 'py_pubsub' build argument 'catkin_skip_building_tests' from command line to 'False'
[0.424s] DEBUG:colcon.colcon_core.verb:Building package 'py_pubsub' with the following arguments: {'ament_cmake_args': None, 'build_base': '/home/ana/robot_ws/build/py_pubsub', 'catkin_cmake_args': None, 'catkin_skip_building_tests': False, 'cmake_args': None, 'cmake_clean_cache': False, 'cmake_clean_first': False, 'cmake_force_configure': False, 'cmake_target': None, 'cmake_target_skip_unavailable': False, 'install_base': '/home/ana/robot_ws/install/py_pubsub', 'merge_install': False, 'path': '/home/ana/robot_ws/src/py_pubsub', 'symlink_install': True, 'test_result_base': None}
[0.424s] Level 5:colcon.colcon_core.verb:set package 'ros2_control_demo_example_2' build argument 'cmake_args' from command line to 'None'
[0.424s] Level 5:colcon.colcon_core.verb:set package 'ros2_control_demo_example_2' build argument 'cmake_target' from command line to 'None'
[0.424s] Level 5:colcon.colcon_core.verb:set package 'ros2_control_demo_example_2' build argument 'cmake_target_skip_unavailable' from command line to 'False'
[0.424s] Level 5:colcon.colcon_core.verb:set package 'ros2_control_demo_example_2' build argument 'cmake_clean_cache' from command line to 'False'
[0.424s] Level 5:colcon.colcon_core.verb:set package 'ros2_control_demo_example_2' build argument 'cmake_clean_first' from command line to 'False'
[0.424s] Level 5:colcon.colcon_core.verb:set package 'ros2_control_demo_example_2' build argument 'cmake_force_configure' from command line to 'False'
[0.424s] Level 5:colcon.colcon_core.verb:set package 'ros2_control_demo_example_2' build argument 'ament_cmake_args' from command line to 'None'
[0.424s] Level 5:colcon.colcon_core.verb:set package 'ros2_control_demo_example_2' build argument 'catkin_cmake_args' from command line to 'None'
[0.424s] Level 5:colcon.colcon_core.verb:set package 'ros2_control_demo_example_2' build argument 'catkin_skip_building_tests' from command line to 'False'
[0.424s] DEBUG:colcon.colcon_core.verb:Building package 'ros2_control_demo_example_2' with the following arguments: {'ament_cmake_args': None, 'build_base': '/home/ana/robot_ws/build/ros2_control_demo_example_2', 'catkin_cmake_args': None, 'catkin_skip_building_tests': False, 'cmake_args': None, 'cmake_clean_cache': False, 'cmake_clean_first': False, 'cmake_force_configure': False, 'cmake_target': None, 'cmake_target_skip_unavailable': False, 'install_base': '/home/ana/robot_ws/install/ros2_control_demo_example_2', 'merge_install': False, 'path': '/home/ana/robot_ws/src/example_2', 'symlink_install': True, 'test_result_base': None}
[0.425s] Level 5:colcon.colcon_core.verb:set package 'rplidar_ros' build argument 'cmake_args' from command line to 'None'
[0.425s] Level 5:colcon.colcon_core.verb:set package 'rplidar_ros' build argument 'cmake_target' from command line to 'None'
[0.425s] Level 5:colcon.colcon_core.verb:set package 'rplidar_ros' build argument 'cmake_target_skip_unavailable' from command line to 'False'
[0.425s] Level 5:colcon.colcon_core.verb:set package 'rplidar_ros' build argument 'cmake_clean_cache' from command line to 'False'
[0.425s] Level 5:colcon.colcon_core.verb:set package 'rplidar_ros' build argument 'cmake_clean_first' from command line to 'False'
[0.425s] Level 5:colcon.colcon_core.verb:set package 'rplidar_ros' build argument 'cmake_force_configure' from command line to 'False'
[0.425s] Level 5:colcon.colcon_core.verb:set package 'rplidar_ros' build argument 'ament_cmake_args' from command line to 'None'
[0.425s] Level 5:colcon.colcon_core.verb:set package 'rplidar_ros' build argument 'catkin_cmake_args' from command line to 'None'
[0.425s] Level 5:colcon.colcon_core.verb:set package 'rplidar_ros' build argument 'catkin_skip_building_tests' from command line to 'False'
[0.425s] DEBUG:colcon.colcon_core.verb:Building package 'rplidar_ros' with the following arguments: {'ament_cmake_args': None, 'build_base': '/home/ana/robot_ws/build/rplidar_ros', 'catkin_cmake_args': None, 'catkin_skip_building_tests': False, 'cmake_args': None, 'cmake_clean_cache': False, 'cmake_clean_first': False, 'cmake_force_configure': False, 'cmake_target': None, 'cmake_target_skip_unavailable': False, 'install_base': '/home/ana/robot_ws/install/rplidar_ros', 'merge_install': False, 'path': '/home/ana/robot_ws/src/rplidar_ros', 'symlink_install': True, 'test_result_base': None}
[0.425s] Level 5:colcon.colcon_core.verb:set package 'serial' build argument 'cmake_args' from command line to 'None'
[0.425s] Level 5:colcon.colcon_core.verb:set package 'serial' build argument 'cmake_target' from command line to 'None'
[0.425s] Level 5:colcon.colcon_core.verb:set package 'serial' build argument 'cmake_target_skip_unavailable' from command line to 'False'
[0.425s] Level 5:colcon.colcon_core.verb:set package 'serial' build argument 'cmake_clean_cache' from command line to 'False'
[0.425s] Level 5:colcon.colcon_core.verb:set package 'serial' build argument 'cmake_clean_first' from command line to 'False'
[0.425s] Level 5:colcon.colcon_core.verb:set package 'serial' build argument 'cmake_force_configure' from command line to 'False'
[0.425s] Level 5:colcon.colcon_core.verb:set package 'serial' build argument 'ament_cmake_args' from command line to 'None'
[0.425s] Level 5:colcon.colcon_core.verb:set package 'serial' build argument 'catkin_cmake_args' from command line to 'None'
[0.425s] Level 5:colcon.colcon_core.verb:set package 'serial' build argument 'catkin_skip_building_tests' from command line to 'False'
[0.425s] DEBUG:colcon.colcon_core.verb:Building package 'serial' with the following arguments: {'ament_cmake_args': None, 'build_base': '/home/ana/robot_ws/build/serial', 'catkin_cmake_args': None, 'catkin_skip_building_tests': False, 'cmake_args': None, 'cmake_clean_cache': False, 'cmake_clean_first': False, 'cmake_force_configure': False, 'cmake_target': None, 'cmake_target_skip_unavailable': False, 'install_base': '/home/ana/robot_ws/install/serial', 'merge_install': False, 'path': '/home/ana/robot_ws/src/serial', 'symlink_install': True, 'test_result_base': None}
[0.426s] Level 5:colcon.colcon_core.verb:set package 'test_package' build argument 'cmake_args' from command line to 'None'
[0.426s] Level 5:colcon.colcon_core.verb:set package 'test_package' build argument 'cmake_target' from command line to 'None'
[0.426s] Level 5:colcon.colcon_core.verb:set package 'test_package' build argument 'cmake_target_skip_unavailable' from command line to 'False'
[0.426s] Level 5:colcon.colcon_core.verb:set package 'test_package' build argument 'cmake_clean_cache' from command line to 'False'
[0.426s] Level 5:colcon.colcon_core.verb:set package 'test_package' build argument 'cmake_clean_first' from command line to 'False'
[0.426s] Level 5:colcon.colcon_core.verb:set package 'test_package' build argument 'cmake_force_configure' from command line to 'False'
[0.426s] Level 5:colcon.colcon_core.verb:set package 'test_package' build argument 'ament_cmake_args' from command line to 'None'
[0.426s] Level 5:colcon.colcon_core.verb:set package 'test_package' build argument 'catkin_cmake_args' from command line to 'None'
[0.426s] Level 5:colcon.colcon_core.verb:set package 'test_package' build argument 'catkin_skip_building_tests' from command line to 'False'
[0.426s] DEBUG:colcon.colcon_core.verb:Building package 'test_package' with the following arguments: {'ament_cmake_args': None, 'build_base': '/home/ana/robot_ws/build/test_package', 'catkin_cmake_args': None, 'catkin_skip_building_tests': False, 'cmake_args': None, 'cmake_clean_cache': False, 'cmake_clean_first': False, 'cmake_force_configure': False, 'cmake_target': None, 'cmake_target_skip_unavailable': False, 'install_base': '/home/ana/robot_ws/install/test_package', 'merge_install': False, 'path': '/home/ana/robot_ws/src/test_package', 'symlink_install': True, 'test_result_base': None}
[0.426s] INFO:colcon.colcon_core.executor:Executing jobs using 'parallel' executor
[0.428s] DEBUG:colcon.colcon_parallel_executor.executor.parallel:run_until_complete
[0.428s] INFO:colcon.colcon_ros.task.ament_cmake.build:Building ROS package in '/home/ana/robot_ws/src/articubot_one' with build type 'ament_cmake'
[0.428s] INFO:colcon.colcon_cmake.task.cmake.build:Building CMake package in '/home/ana/robot_ws/src/articubot_one'
[0.431s] INFO:colcon.colcon_core.plugin_system:Skipping extension 'colcon_core.shell.bat': Not used on non-Windows systems
[0.431s] INFO:colcon.colcon_core.shell:Skip shell extension 'powershell' for command environment: Not usable outside of PowerShell
[0.431s] DEBUG:colcon.colcon_core.shell:Skip shell extension 'dsv' for command environment
[0.436s] INFO:colcon.colcon_ros.task.ament_cmake.build:Building ROS package in '/home/ana/robot_ws/src/firebot_cpp' with build type 'ament_cmake'
[0.436s] INFO:colcon.colcon_cmake.task.cmake.build:Building CMake package in '/home/ana/robot_ws/src/firebot_cpp'
[0.436s] INFO:colcon.colcon_core.shell:Skip shell extension 'powershell' for command environment: Not usable outside of PowerShell
[0.437s] DEBUG:colcon.colcon_core.shell:Skip shell extension 'dsv' for command environment
[0.441s] INFO:colcon.colcon_ros.task.ament_cmake.build:Building ROS package in '/home/ana/robot_ws/src/firebot_description' with build type 'ament_cmake'
[0.441s] INFO:colcon.colcon_cmake.task.cmake.build:Building CMake package in '/home/ana/robot_ws/src/firebot_description'
[0.441s] INFO:colcon.colcon_core.shell:Skip shell extension 'powershell' for command environment: Not usable outside of PowerShell
[0.441s] DEBUG:colcon.colcon_core.shell:Skip shell extension 'dsv' for command environment
[0.447s] INFO:colcon.colcon_ros.task.ament_python.build:Building ROS package in '/home/ana/robot_ws/src/firebot_py' with build type 'ament_python'
[0.447s] Level 1:colcon.colcon_core.shell:create_environment_hook('firebot_py', 'ament_prefix_path')
[0.448s] INFO:colcon.colcon_core.shell:Creating environment hook '/home/ana/robot_ws/install/firebot_py/share/firebot_py/hook/ament_prefix_path.ps1'
[0.449s] INFO:colcon.colcon_core.shell:Creating environment descriptor '/home/ana/robot_ws/install/firebot_py/share/firebot_py/hook/ament_prefix_path.dsv'
[0.450s] INFO:colcon.colcon_core.shell:Creating environment hook '/home/ana/robot_ws/install/firebot_py/share/firebot_py/hook/ament_prefix_path.sh'
[0.451s] INFO:colcon.colcon_core.shell:Skip shell extension 'powershell' for command environment: Not usable outside of PowerShell
[0.451s] DEBUG:colcon.colcon_core.shell:Skip shell extension 'dsv' for command environment
[0.456s] INFO:colcon.colcon_ros.task.ament_python.build:Building ROS package in '/home/ana/robot_ws/src/py_pubsub' with build type 'ament_python'
[0.456s] Level 1:colcon.colcon_core.shell:create_environment_hook('py_pubsub', 'ament_prefix_path')
[0.456s] INFO:colcon.colcon_core.shell:Creating environment hook '/home/ana/robot_ws/install/py_pubsub/share/py_pubsub/hook/ament_prefix_path.ps1'
[0.457s] INFO:colcon.colcon_core.shell:Creating environment descriptor '/home/ana/robot_ws/install/py_pubsub/share/py_pubsub/hook/ament_prefix_path.dsv'
[0.457s] INFO:colcon.colcon_core.shell:Creating environment hook '/home/ana/robot_ws/install/py_pubsub/share/py_pubsub/hook/ament_prefix_path.sh'
[0.458s] INFO:colcon.colcon_core.shell:Skip shell extension 'powershell' for command environment: Not usable outside of PowerShell
[0.458s] DEBUG:colcon.colcon_core.shell:Skip shell extension 'dsv' for command environment
[0.463s] INFO:colcon.colcon_ros.task.ament_cmake.build:Building ROS package in '/home/ana/robot_ws/src/example_2' with build type 'ament_cmake'
[0.463s] INFO:colcon.colcon_cmake.task.cmake.build:Building CMake package in '/home/ana/robot_ws/src/example_2'
[0.463s] INFO:colcon.colcon_core.shell:Skip shell extension 'powershell' for command environment: Not usable outside of PowerShell
[0.463s] DEBUG:colcon.colcon_core.shell:Skip shell extension 'dsv' for command environment
[0.468s] INFO:colcon.colcon_ros.task.ament_cmake.build:Building ROS package in '/home/ana/robot_ws/src/rplidar_ros' with build type 'ament_cmake'
[0.468s] INFO:colcon.colcon_cmake.task.cmake.build:Building CMake package in '/home/ana/robot_ws/src/rplidar_ros'
[0.469s] INFO:colcon.colcon_core.shell:Skip shell extension 'powershell' for command environment: Not usable outside of PowerShell
[0.469s] DEBUG:colcon.colcon_core.shell:Skip shell extension 'dsv' for command environment
[0.475s] INFO:colcon.colcon_ros.task.ament_cmake.build:Building ROS package in '/home/ana/robot_ws/src/serial' with build type 'ament_cmake'
[0.475s] INFO:colcon.colcon_cmake.task.cmake.build:Building CMake package in '/home/ana/robot_ws/src/serial'
[0.476s] INFO:colcon.colcon_core.shell:Skip shell extension 'powershell' for command environment: Not usable outside of PowerShell
[0.476s] DEBUG:colcon.colcon_core.shell:Skip shell extension 'dsv' for command environment
[0.482s] INFO:colcon.colcon_ros.task.ament_cmake.build:Building ROS package in '/home/ana/robot_ws/src/test_package' with build type 'ament_cmake'
[0.482s] INFO:colcon.colcon_cmake.task.cmake.build:Building CMake package in '/home/ana/robot_ws/src/test_package'
[0.482s] INFO:colcon.colcon_core.shell:Skip shell extension 'powershell' for command environment: Not usable outside of PowerShell
[0.482s] DEBUG:colcon.colcon_core.shell:Skip shell extension 'dsv' for command environment
[0.497s] DEBUG:colcon.colcon_core.event_handler.log_command:Invoking command in '/home/ana/robot_ws/build/articubot_one': CMAKE_PREFIX_PATH=${CMAKE_PREFIX_PATH}:/home/ana/robot_ws/install/py_pubsub:/home/ana/robot_ws/install/firebot_py:/opt/ros/humble /usr/bin/cmake --build /home/ana/robot_ws/build/articubot_one -- -j20 -l20
[0.502s] DEBUG:colcon.colcon_core.event_handler.log_command:Invoking command in '/home/ana/robot_ws/build/firebot_cpp': CMAKE_PREFIX_PATH=${CMAKE_PREFIX_PATH}:/home/ana/robot_ws/install/py_pubsub:/home/ana/robot_ws/install/firebot_py:/opt/ros/humble /usr/bin/cmake --build /home/ana/robot_ws/build/firebot_cpp -- -j20 -l20
[0.507s] DEBUG:colcon.colcon_core.event_handler.log_command:Invoking command in '/home/ana/robot_ws/build/firebot_description': CMAKE_PREFIX_PATH=${CMAKE_PREFIX_PATH}:/home/ana/robot_ws/install/py_pubsub:/home/ana/robot_ws/install/firebot_py:/opt/ros/humble /usr/bin/cmake --build /home/ana/robot_ws/build/firebot_description -- -j20 -l20
[0.934s] INFO:colcon.colcon_core.task.python.build:Building Python package in '/home/ana/robot_ws/src/firebot_py'
[0.935s] INFO:colcon.colcon_core.shell:Skip shell extension 'powershell' for command environment: Not usable outside of PowerShell
[0.935s] DEBUG:colcon.colcon_core.shell:Skip shell extension 'dsv' for command environment
[1.251s] INFO:colcon.colcon_core.task.python.build:Building Python package in '/home/ana/robot_ws/src/py_pubsub'
[1.252s] INFO:colcon.colcon_core.shell:Skip shell extension 'powershell' for command environment: Not usable outside of PowerShell
[1.252s] DEBUG:colcon.colcon_core.shell:Skip shell extension 'dsv' for command environment
[1.260s] DEBUG:colcon.colcon_core.event_handler.log_command:Invoking command in '/home/ana/robot_ws/build/ros2_control_demo_example_2': CMAKE_PREFIX_PATH=${CMAKE_PREFIX_PATH}:/home/ana/robot_ws/install/py_pubsub:/home/ana/robot_ws/install/firebot_py:/opt/ros/humble /usr/bin/cmake --build /home/ana/robot_ws/build/ros2_control_demo_example_2 -- -j20 -l20
[1.263s] DEBUG:colcon.colcon_core.event_handler.log_command:Invoking command in '/home/ana/robot_ws/build/rplidar_ros': CMAKE_PREFIX_PATH=${CMAKE_PREFIX_PATH}:/home/ana/robot_ws/install/py_pubsub:/home/ana/robot_ws/install/firebot_py:/opt/ros/humble /usr/bin/cmake --build /home/ana/robot_ws/build/rplidar_ros -- -j20 -l20
[1.274s] DEBUG:colcon.colcon_core.event_handler.log_command:Invoking command in '/home/ana/robot_ws/build/serial': CMAKE_PREFIX_PATH=${CMAKE_PREFIX_PATH}:/home/ana/robot_ws/install/py_pubsub:/home/ana/robot_ws/install/firebot_py:/opt/ros/humble /usr/bin/cmake --build /home/ana/robot_ws/build/serial -- -j20 -l20
[1.285s] DEBUG:colcon.colcon_core.event_handler.log_command:Invoking command in '/home/ana/robot_ws/build/test_package': CMAKE_PREFIX_PATH=${CMAKE_PREFIX_PATH}:/home/ana/robot_ws/install/py_pubsub:/home/ana/robot_ws/install/firebot_py:/opt/ros/humble /usr/bin/cmake --build /home/ana/robot_ws/build/test_package -- -j20 -l20
[1.287s] DEBUG:colcon.colcon_core.event_handler.log_command:Invoked command in '/home/ana/robot_ws/build/firebot_cpp' returned '0': CMAKE_PREFIX_PATH=${CMAKE_PREFIX_PATH}:/home/ana/robot_ws/install/py_pubsub:/home/ana/robot_ws/install/firebot_py:/opt/ros/humble /usr/bin/cmake --build /home/ana/robot_ws/build/firebot_cpp -- -j20 -l20
[1.303s] DEBUG:colcon.colcon_core.event_handler.log_command:Invoking command in '/home/ana/robot_ws/build/firebot_cpp': CMAKE_PREFIX_PATH=${CMAKE_PREFIX_PATH}:/home/ana/robot_ws/install/py_pubsub:/home/ana/robot_ws/install/firebot_py:/opt/ros/humble /usr/bin/cmake --install /home/ana/robot_ws/build/firebot_cpp
[1.304s] DEBUG:colcon.colcon_core.event_handler.log_command:Invoked command in '/home/ana/robot_ws/build/articubot_one' returned '0': CMAKE_PREFIX_PATH=${CMAKE_PREFIX_PATH}:/home/ana/robot_ws/install/py_pubsub:/home/ana/robot_ws/install/firebot_py:/opt/ros/humble /usr/bin/cmake --build /home/ana/robot_ws/build/articubot_one -- -j20 -l20
[1.307s] DEBUG:colcon.colcon_core.event_handler.log_command:Invoking command in '/home/ana/robot_ws/build/articubot_one': CMAKE_PREFIX_PATH=${CMAKE_PREFIX_PATH}:/home/ana/robot_ws/install/py_pubsub:/home/ana/robot_ws/install/firebot_py:/opt/ros/humble /usr/bin/cmake --install /home/ana/robot_ws/build/articubot_one
[1.308s] DEBUG:colcon.colcon_core.event_handler.log_command:Invoked command in '/home/ana/robot_ws/build/firebot_description' returned '0': CMAKE_PREFIX_PATH=${CMAKE_PREFIX_PATH}:/home/ana/robot_ws/install/py_pubsub:/home/ana/robot_ws/install/firebot_py:/opt/ros/humble /usr/bin/cmake --build /home/ana/robot_ws/build/firebot_description -- -j20 -l20
[1.312s] DEBUG:colcon.colcon_core.event_handler.log_command:Invoking command in '/home/ana/robot_ws/build/firebot_description': CMAKE_PREFIX_PATH=${CMAKE_PREFIX_PATH}:/home/ana/robot_ws/install/py_pubsub:/home/ana/robot_ws/install/firebot_py:/opt/ros/humble /usr/bin/cmake --install /home/ana/robot_ws/build/firebot_description
[1.355s] Level 1:colcon.colcon_core.environment:create_environment_scripts_only(firebot_cpp)
[1.359s] DEBUG:colcon.colcon_core.event_handler.log_command:Invoked command in '/home/ana/robot_ws/build/firebot_cpp' returned '0': CMAKE_PREFIX_PATH=${CMAKE_PREFIX_PATH}:/home/ana/robot_ws/install/py_pubsub:/home/ana/robot_ws/install/firebot_py:/opt/ros/humble /usr/bin/cmake --install /home/ana/robot_ws/build/firebot_cpp
[1.372s] Level 1:colcon.colcon_core.environment:checking '/home/ana/robot_ws/install/firebot_cpp' for CMake module files
[1.374s] Level 1:colcon.colcon_core.environment:checking '/home/ana/robot_ws/install/firebot_cpp' for CMake config files
[1.375s] Level 1:colcon.colcon_core.shell:create_environment_hook('firebot_cpp', 'cmake_prefix_path')
[1.375s] INFO:colcon.colcon_core.shell:Creating environment hook '/home/ana/robot_ws/install/firebot_cpp/share/firebot_cpp/hook/cmake_prefix_path.ps1'
[1.377s] INFO:colcon.colcon_core.shell:Creating environment descriptor '/home/ana/robot_ws/install/firebot_cpp/share/firebot_cpp/hook/cmake_prefix_path.dsv'
[1.377s] INFO:colcon.colcon_core.shell:Creating environment hook '/home/ana/robot_ws/install/firebot_cpp/share/firebot_cpp/hook/cmake_prefix_path.sh'
[1.379s] Level 1:colcon.colcon_core.environment:checking '/home/ana/robot_ws/install/firebot_cpp/bin'
[1.379s] Level 1:colcon.colcon_core.environment:checking '/home/ana/robot_ws/install/firebot_cpp/lib/pkgconfig/firebot_cpp.pc'
[1.381s] Level 1:colcon.colcon_core.environment:checking '/home/ana/robot_ws/install/firebot_cpp/lib/python3.10/site-packages'
[1.382s] Level 1:colcon.colcon_core.environment:checking '/home/ana/robot_ws/install/firebot_cpp/bin'
[1.383s] INFO:colcon.colcon_core.shell:Creating package script '/home/ana/robot_ws/install/firebot_cpp/share/firebot_cpp/package.ps1'
[1.387s] INFO:colcon.colcon_core.shell:Creating package descriptor '/home/ana/robot_ws/install/firebot_cpp/share/firebot_cpp/package.dsv'
[1.389s] INFO:colcon.colcon_core.shell:Creating package script '/home/ana/robot_ws/install/firebot_cpp/share/firebot_cpp/package.sh'
[1.391s] INFO:colcon.colcon_core.shell:Creating package script '/home/ana/robot_ws/install/firebot_cpp/share/firebot_cpp/package.bash'
[1.393s] INFO:colcon.colcon_core.shell:Creating package script '/home/ana/robot_ws/install/firebot_cpp/share/firebot_cpp/package.zsh'
[1.395s] Level 1:colcon.colcon_core.environment:create_file_with_runtime_dependencies(/home/ana/robot_ws/install/firebot_cpp/share/colcon-core/packages/firebot_cpp)
[1.398s] Level 1:colcon.colcon_core.environment:create_environment_scripts_only(firebot_cpp)
[1.398s] Level 1:colcon.colcon_core.environment:checking '/home/ana/robot_ws/install/firebot_cpp' for CMake module files
[1.400s] Level 1:colcon.colcon_core.environment:checking '/home/ana/robot_ws/install/firebot_cpp' for CMake config files
[1.400s] Level 1:colcon.colcon_core.shell:create_environment_hook('firebot_cpp', 'cmake_prefix_path')
[1.401s] INFO:colcon.colcon_core.shell:Creating environment hook '/home/ana/robot_ws/install/firebot_cpp/share/firebot_cpp/hook/cmake_prefix_path.ps1'
[1.402s] INFO:colcon.colcon_core.shell:Creating environment descriptor '/home/ana/robot_ws/install/firebot_cpp/share/firebot_cpp/hook/cmake_prefix_path.dsv'
[1.403s] INFO:colcon.colcon_core.shell:Creating environment hook '/home/ana/robot_ws/install/firebot_cpp/share/firebot_cpp/hook/cmake_prefix_path.sh'
[1.405s] Level 1:colcon.colcon_core.environment:checking '/home/ana/robot_ws/install/firebot_cpp/bin'
[1.405s] Level 1:colcon.colcon_core.environment:checking '/home/ana/robot_ws/install/firebot_cpp/lib/pkgconfig/firebot_cpp.pc'
[1.406s] Level 1:colcon.colcon_core.environment:checking '/home/ana/robot_ws/install/firebot_cpp/lib/python3.10/site-packages'
[1.407s] Level 1:colcon.colcon_core.environment:checking '/home/ana/robot_ws/install/firebot_cpp/bin'
[1.409s] INFO:colcon.colcon_core.shell:Creating package script '/home/ana/robot_ws/install/firebot_cpp/share/firebot_cpp/package.ps1'
[1.410s] INFO:colcon.colcon_core.shell:Creating package descriptor '/home/ana/robot_ws/install/firebot_cpp/share/firebot_cpp/package.dsv'
[1.412s] INFO:colcon.colcon_core.shell:Creating package script '/home/ana/robot_ws/install/firebot_cpp/share/firebot_cpp/package.sh'
[1.413s] INFO:colcon.colcon_core.shell:Creating package script '/home/ana/robot_ws/install/firebot_cpp/share/firebot_cpp/package.bash'
[1.416s] INFO:colcon.colcon_core.shell:Creating package script '/home/ana/robot_ws/install/firebot_cpp/share/firebot_cpp/package.zsh'
[1.417s] Level 1:colcon.colcon_core.environment:create_file_with_runtime_dependencies(/home/ana/robot_ws/install/firebot_cpp/share/colcon-core/packages/firebot_cpp)
[1.422s] Level 1:colcon.colcon_core.environment:create_environment_scripts_only(firebot_description)
[1.423s] Level 1:colcon.colcon_core.environment:checking '/home/ana/robot_ws/install/firebot_description' for CMake module files
[1.424s] DEBUG:colcon.colcon_core.event_handler.log_command:Invoked command in '/home/ana/robot_ws/build/firebot_description' returned '0': CMAKE_PREFIX_PATH=${CMAKE_PREFIX_PATH}:/home/ana/robot_ws/install/py_pubsub:/home/ana/robot_ws/install/firebot_py:/opt/ros/humble /usr/bin/cmake --install /home/ana/robot_ws/build/firebot_description
[1.425s] Level 1:colcon.colcon_core.environment:checking '/home/ana/robot_ws/install/firebot_description' for CMake config files
[1.425s] Level 1:colcon.colcon_core.shell:create_environment_hook('firebot_description', 'cmake_prefix_path')
[1.426s] INFO:colcon.colcon_core.shell:Creating environment hook '/home/ana/robot_ws/install/firebot_description/share/firebot_description/hook/cmake_prefix_path.ps1'
[1.426s] INFO:colcon.colcon_core.shell:Creating environment descriptor '/home/ana/robot_ws/install/firebot_description/share/firebot_description/hook/cmake_prefix_path.dsv'
[1.427s] INFO:colcon.colcon_core.shell:Creating environment hook '/home/ana/robot_ws/install/firebot_description/share/firebot_description/hook/cmake_prefix_path.sh'
[1.428s] Level 1:colcon.colcon_core.environment:checking '/home/ana/robot_ws/install/firebot_description/bin'
[1.428s] Level 1:colcon.colcon_core.environment:checking '/home/ana/robot_ws/install/firebot_description/lib/pkgconfig/firebot_description.pc'
[1.429s] Level 1:colcon.colcon_core.environment:checking '/home/ana/robot_ws/install/firebot_description/lib/python3.10/site-packages'
[1.429s] Level 1:colcon.colcon_core.environment:checking '/home/ana/robot_ws/install/firebot_description/bin'
[1.429s] INFO:colcon.colcon_core.shell:Creating package script '/home/ana/robot_ws/install/firebot_description/share/firebot_description/package.ps1'
[1.430s] INFO:colcon.colcon_core.shell:Creating package descriptor '/home/ana/robot_ws/install/firebot_description/share/firebot_description/package.dsv'
[1.431s] INFO:colcon.colcon_core.shell:Creating package script '/home/ana/robot_ws/install/firebot_description/share/firebot_description/package.sh'
[1.432s] INFO:colcon.colcon_core.shell:Creating package script '/home/ana/robot_ws/install/firebot_description/share/firebot_description/package.bash'
[1.434s] INFO:colcon.colcon_core.shell:Creating package script '/home/ana/robot_ws/install/firebot_description/share/firebot_description/package.zsh'
[1.434s] Level 1:colcon.colcon_core.environment:create_file_with_runtime_dependencies(/home/ana/robot_ws/install/firebot_description/share/colcon-core/packages/firebot_description)
[1.436s] Level 1:colcon.colcon_core.environment:create_environment_scripts_only(firebot_description)
[1.437s] Level 1:colcon.colcon_core.environment:checking '/home/ana/robot_ws/install/firebot_description' for CMake module files
[1.438s] Level 1:colcon.colcon_core.environment:checking '/home/ana/robot_ws/install/firebot_description' for CMake config files
[1.439s] Level 1:colcon.colcon_core.shell:create_environment_hook('firebot_description', 'cmake_prefix_path')
[1.439s] INFO:colcon.colcon_core.shell:Creating environment hook '/home/ana/robot_ws/install/firebot_description/share/firebot_description/hook/cmake_prefix_path.ps1'
[1.440s] INFO:colcon.colcon_core.shell:Creating environment descriptor '/home/ana/robot_ws/install/firebot_description/share/firebot_description/hook/cmake_prefix_path.dsv'
[1.441s] INFO:colcon.colcon_core.shell:Creating environment hook '/home/ana/robot_ws/install/firebot_description/share/firebot_description/hook/cmake_prefix_path.sh'
[1.442s] Level 1:colcon.colcon_core.environment:checking '/home/ana/robot_ws/install/firebot_description/bin'
[1.442s] Level 1:colcon.colcon_core.environment:checking '/home/ana/robot_ws/install/firebot_description/lib/pkgconfig/firebot_description.pc'
[1.442s] Level 1:colcon.colcon_core.environment:checking '/home/ana/robot_ws/install/firebot_description/lib/python3.10/site-packages'
[1.443s] Level 1:colcon.colcon_core.environment:checking '/home/ana/robot_ws/install/firebot_description/bin'
[1.443s] INFO:colcon.colcon_core.shell:Creating package script '/home/ana/robot_ws/install/firebot_description/share/firebot_description/package.ps1'
[1.444s] INFO:colcon.colcon_core.shell:Creating package descriptor '/home/ana/robot_ws/install/firebot_description/share/firebot_description/package.dsv'
[1.445s] INFO:colcon.colcon_core.shell:Creating package script '/home/ana/robot_ws/install/firebot_description/share/firebot_description/package.sh'
[1.446s] INFO:colcon.colcon_core.shell:Creating package script '/home/ana/robot_ws/install/firebot_description/share/firebot_description/package.bash'
[1.446s] INFO:colcon.colcon_core.shell:Creating package script '/home/ana/robot_ws/install/firebot_description/share/firebot_description/package.zsh'
[1.447s] Level 1:colcon.colcon_core.environment:create_file_with_runtime_dependencies(/home/ana/robot_ws/install/firebot_description/share/colcon-core/packages/firebot_description)
[1.447s] Level 1:colcon.colcon_core.environment:create_environment_scripts_only(articubot_one)
[1.448s] Level 1:colcon.colcon_core.environment:checking '/home/ana/robot_ws/install/articubot_one' for CMake module files
[1.450s] DEBUG:colcon.colcon_core.event_handler.log_command:Invoked command in '/home/ana/robot_ws/build/articubot_one' returned '0': CMAKE_PREFIX_PATH=${CMAKE_PREFIX_PATH}:/home/ana/robot_ws/install/py_pubsub:/home/ana/robot_ws/install/firebot_py:/opt/ros/humble /usr/bin/cmake --install /home/ana/robot_ws/build/articubot_one
[1.450s] Level 1:colcon.colcon_core.environment:checking '/home/ana/robot_ws/install/articubot_one' for CMake config files
[1.450s] Level 1:colcon.colcon_core.shell:create_environment_hook('articubot_one', 'cmake_prefix_path')
[1.451s] INFO:colcon.colcon_core.shell:Creating environment hook '/home/ana/robot_ws/install/articubot_one/share/articubot_one/hook/cmake_prefix_path.ps1'
[1.452s] INFO:colcon.colcon_core.shell:Creating environment descriptor '/home/ana/robot_ws/install/articubot_one/share/articubot_one/hook/cmake_prefix_path.dsv'
[1.453s] INFO:colcon.colcon_core.shell:Creating environment hook '/home/ana/robot_ws/install/articubot_one/share/articubot_one/hook/cmake_prefix_path.sh'
[1.454s] Level 1:colcon.colcon_core.environment:checking '/home/ana/robot_ws/install/articubot_one/bin'
[1.454s] Level 1:colcon.colcon_core.environment:checking '/home/ana/robot_ws/install/articubot_one/lib/pkgconfig/articubot_one.pc'
[1.454s] Level 1:colcon.colcon_core.environment:checking '/home/ana/robot_ws/install/articubot_one/lib/python3.10/site-packages'
[1.454s] Level 1:colcon.colcon_core.environment:checking '/home/ana/robot_ws/install/articubot_one/bin'
[1.455s] INFO:colcon.colcon_core.shell:Creating package script '/home/ana/robot_ws/install/articubot_one/share/articubot_one/package.ps1'
[1.456s] INFO:colcon.colcon_core.shell:Creating package descriptor '/home/ana/robot_ws/install/articubot_one/share/articubot_one/package.dsv'
[1.457s] INFO:colcon.colcon_core.shell:Creating package script '/home/ana/robot_ws/install/articubot_one/share/articubot_one/package.sh'
[1.457s] INFO:colcon.colcon_core.shell:Creating package script '/home/ana/robot_ws/install/articubot_one/share/articubot_one/package.bash'
[1.458s] INFO:colcon.colcon_core.shell:Creating package script '/home/ana/robot_ws/install/articubot_one/share/articubot_one/package.zsh'
[1.458s] Level 1:colcon.colcon_core.environment:create_file_with_runtime_dependencies(/home/ana/robot_ws/install/articubot_one/share/colcon-core/packages/articubot_one)
[1.459s] Level 1:colcon.colcon_core.environment:create_environment_scripts_only(articubot_one)
[1.460s] Level 1:colcon.colcon_core.environment:checking '/home/ana/robot_ws/install/articubot_one' for CMake module files
[1.460s] Level 1:colcon.colcon_core.environment:checking '/home/ana/robot_ws/install/articubot_one' for CMake config files
[1.461s] Level 1:colcon.colcon_core.shell:create_environment_hook('articubot_one', 'cmake_prefix_path')
[1.461s] INFO:colcon.colcon_core.shell:Creating environment hook '/home/ana/robot_ws/install/articubot_one/share/articubot_one/hook/cmake_prefix_path.ps1'
[1.462s] INFO:colcon.colcon_core.shell:Creating environment descriptor '/home/ana/robot_ws/install/articubot_one/share/articubot_one/hook/cmake_prefix_path.dsv'
[1.462s] INFO:colcon.colcon_core.shell:Creating environment hook '/home/ana/robot_ws/install/articubot_one/share/articubot_one/hook/cmake_prefix_path.sh'
[1.463s] Level 1:colcon.colcon_core.environment:checking '/home/ana/robot_ws/install/articubot_one/bin'
[1.463s] Level 1:colcon.colcon_core.environment:checking '/home/ana/robot_ws/install/articubot_one/lib/pkgconfig/articubot_one.pc'
[1.464s] Level 1:colcon.colcon_core.environment:checking '/home/ana/robot_ws/install/articubot_one/lib/python3.10/site-packages'
[1.464s] Level 1:colcon.colcon_core.environment:checking '/home/ana/robot_ws/install/articubot_one/bin'
[1.465s] INFO:colcon.colcon_core.shell:Creating package script '/home/ana/robot_ws/install/articubot_one/share/articubot_one/package.ps1'
[1.466s] INFO:colcon.colcon_core.shell:Creating package descriptor '/home/ana/robot_ws/install/articubot_one/share/articubot_one/package.dsv'
[1.467s] INFO:colcon.colcon_core.shell:Creating package script '/home/ana/robot_ws/install/articubot_one/share/articubot_one/package.sh'
[1.468s] INFO:colcon.colcon_core.shell:Creating package script '/home/ana/robot_ws/install/articubot_one/share/articubot_one/package.bash'
[1.468s] INFO:colcon.colcon_core.shell:Creating package script '/home/ana/robot_ws/install/articubot_one/share/articubot_one/package.zsh'
[1.469s] Level 1:colcon.colcon_core.environment:create_file_with_runtime_dependencies(/home/ana/robot_ws/install/articubot_one/share/colcon-core/packages/articubot_one)
[1.471s] DEBUG:colcon.colcon_core.event_handler.log_command:Invoked command in '/home/ana/robot_ws/build/ros2_control_demo_example_2' returned '0': CMAKE_PREFIX_PATH=${CMAKE_PREFIX_PATH}:/home/ana/robot_ws/install/py_pubsub:/home/ana/robot_ws/install/firebot_py:/opt/ros/humble /usr/bin/cmake --build /home/ana/robot_ws/build/ros2_control_demo_example_2 -- -j20 -l20
[1.474s] DEBUG:colcon.colcon_core.event_handler.log_command:Invoking command in '/home/ana/robot_ws/build/ros2_control_demo_example_2': CMAKE_PREFIX_PATH=${CMAKE_PREFIX_PATH}:/home/ana/robot_ws/install/py_pubsub:/home/ana/robot_ws/install/firebot_py:/opt/ros/humble /usr/bin/cmake --install /home/ana/robot_ws/build/ros2_control_demo_example_2
[1.476s] DEBUG:colcon.colcon_core.event_handler.log_command:Invoked command in '/home/ana/robot_ws/build/test_package' returned '0': CMAKE_PREFIX_PATH=${CMAKE_PREFIX_PATH}:/home/ana/robot_ws/install/py_pubsub:/home/ana/robot_ws/install/firebot_py:/opt/ros/humble /usr/bin/cmake --build /home/ana/robot_ws/build/test_package -- -j20 -l20
[1.478s] DEBUG:colcon.colcon_core.event_handler.log_command:Invoking command in '/home/ana/robot_ws/build/test_package': CMAKE_PREFIX_PATH=${CMAKE_PREFIX_PATH}:/home/ana/robot_ws/install/py_pubsub:/home/ana/robot_ws/install/firebot_py:/opt/ros/humble /usr/bin/cmake --install /home/ana/robot_ws/build/test_package
[1.479s] DEBUG:colcon.colcon_core.event_handler.log_command:Invoked command in '/home/ana/robot_ws/build/rplidar_ros' returned '0': CMAKE_PREFIX_PATH=${CMAKE_PREFIX_PATH}:/home/ana/robot_ws/install/py_pubsub:/home/ana/robot_ws/install/firebot_py:/opt/ros/humble /usr/bin/cmake --build /home/ana/robot_ws/build/rplidar_ros -- -j20 -l20
[1.482s] DEBUG:colcon.colcon_core.event_handler.log_command:Invoking command in '/home/ana/robot_ws/build/rplidar_ros': CMAKE_PREFIX_PATH=${CMAKE_PREFIX_PATH}:/home/ana/robot_ws/install/py_pubsub:/home/ana/robot_ws/install/firebot_py:/opt/ros/humble /usr/bin/cmake --install /home/ana/robot_ws/build/rplidar_ros
[1.485s] DEBUG:colcon.colcon_core.event_handler.log_command:Invoked command in '/home/ana/robot_ws/build/serial' returned '0': CMAKE_PREFIX_PATH=${CMAKE_PREFIX_PATH}:/home/ana/robot_ws/install/py_pubsub:/home/ana/robot_ws/install/firebot_py:/opt/ros/humble /usr/bin/cmake --build /home/ana/robot_ws/build/serial -- -j20 -l20
[1.487s] DEBUG:colcon.colcon_core.event_handler.log_command:Invoking command in '/home/ana/robot_ws/build/serial': CMAKE_PREFIX_PATH=${CMAKE_PREFIX_PATH}:/home/ana/robot_ws/install/py_pubsub:/home/ana/robot_ws/install/firebot_py:/opt/ros/humble /usr/bin/cmake --install /home/ana/robot_ws/build/serial
[1.525s] Level 1:colcon.colcon_core.environment:create_environment_scripts_only(ros2_control_demo_example_2)
[1.527s] Level 1:colcon.colcon_core.environment:checking '/home/ana/robot_ws/install/ros2_control_demo_example_2' for CMake module files
[1.528s] DEBUG:colcon.colcon_core.event_handler.log_command:Invoked command in '/home/ana/robot_ws/build/ros2_control_demo_example_2' returned '0': CMAKE_PREFIX_PATH=${CMAKE_PREFIX_PATH}:/home/ana/robot_ws/install/py_pubsub:/home/ana/robot_ws/install/firebot_py:/opt/ros/humble /usr/bin/cmake --install /home/ana/robot_ws/build/ros2_control_demo_example_2
[1.532s] Level 1:colcon.colcon_core.environment:checking '/home/ana/robot_ws/install/ros2_control_demo_example_2' for CMake config files
[1.533s] Level 1:colcon.colcon_core.shell:create_environment_hook('ros2_control_demo_example_2', 'cmake_prefix_path')
[1.533s] INFO:colcon.colcon_core.shell:Creating environment hook '/home/ana/robot_ws/install/ros2_control_demo_example_2/share/ros2_control_demo_example_2/hook/cmake_prefix_path.ps1'
[1.535s] INFO:colcon.colcon_core.shell:Creating environment descriptor '/home/ana/robot_ws/install/ros2_control_demo_example_2/share/ros2_control_demo_example_2/hook/cmake_prefix_path.dsv'
[1.535s] INFO:colcon.colcon_core.shell:Creating environment hook '/home/ana/robot_ws/install/ros2_control_demo_example_2/share/ros2_control_demo_example_2/hook/cmake_prefix_path.sh'
[1.536s] Level 1:colcon.colcon_core.environment:checking '/home/ana/robot_ws/install/ros2_control_demo_example_2/lib'
[1.537s] Level 1:colcon.colcon_core.shell:create_environment_hook('ros2_control_demo_example_2', 'ld_library_path_lib')
[1.537s] INFO:colcon.colcon_core.shell:Creating environment hook '/home/ana/robot_ws/install/ros2_control_demo_example_2/share/ros2_control_demo_example_2/hook/ld_library_path_lib.ps1'
[1.538s] INFO:colcon.colcon_core.shell:Creating environment descriptor '/home/ana/robot_ws/install/ros2_control_demo_example_2/share/ros2_control_demo_example_2/hook/ld_library_path_lib.dsv'
[1.539s] INFO:colcon.colcon_core.shell:Creating environment hook '/home/ana/robot_ws/install/ros2_control_demo_example_2/share/ros2_control_demo_example_2/hook/ld_library_path_lib.sh'
[1.539s] Level 1:colcon.colcon_core.environment:checking '/home/ana/robot_ws/install/ros2_control_demo_example_2/bin'
[1.539s] Level 1:colcon.colcon_core.environment:checking '/home/ana/robot_ws/install/ros2_control_demo_example_2/lib/pkgconfig/ros2_control_demo_example_2.pc'
[1.540s] Level 1:colcon.colcon_core.environment:checking '/home/ana/robot_ws/install/ros2_control_demo_example_2/lib/python3.10/site-packages'
[1.540s] Level 1:colcon.colcon_core.environment:checking '/home/ana/robot_ws/install/ros2_control_demo_example_2/bin'
[1.541s] INFO:colcon.colcon_core.shell:Creating package script '/home/ana/robot_ws/install/ros2_control_demo_example_2/share/ros2_control_demo_example_2/package.ps1'
[1.542s] INFO:colcon.colcon_core.shell:Creating package descriptor '/home/ana/robot_ws/install/ros2_control_demo_example_2/share/ros2_control_demo_example_2/package.dsv'
[1.542s] INFO:colcon.colcon_core.shell:Creating package script '/home/ana/robot_ws/install/ros2_control_demo_example_2/share/ros2_control_demo_example_2/package.sh'
[1.543s] INFO:colcon.colcon_core.shell:Creating package script '/home/ana/robot_ws/install/ros2_control_demo_example_2/share/ros2_control_demo_example_2/package.bash'
[1.544s] INFO:colcon.colcon_core.shell:Creating package script '/home/ana/robot_ws/install/ros2_control_demo_example_2/share/ros2_control_demo_example_2/package.zsh'
[1.544s] Level 1:colcon.colcon_core.environment:create_file_with_runtime_dependencies(/home/ana/robot_ws/install/ros2_control_demo_example_2/share/colcon-core/packages/ros2_control_demo_example_2)
[1.545s] Level 1:colcon.colcon_core.environment:create_environment_scripts_only(ros2_control_demo_example_2)
[1.546s] Level 1:colcon.colcon_core.environment:checking '/home/ana/robot_ws/install/ros2_control_demo_example_2' for CMake module files
[1.546s] Level 1:colcon.colcon_core.environment:checking '/home/ana/robot_ws/install/ros2_control_demo_example_2' for CMake config files
[1.547s] Level 1:colcon.colcon_core.shell:create_environment_hook('ros2_control_demo_example_2', 'cmake_prefix_path')
[1.547s] INFO:colcon.colcon_core.shell:Creating environment hook '/home/ana/robot_ws/install/ros2_control_demo_example_2/share/ros2_control_demo_example_2/hook/cmake_prefix_path.ps1'
[1.548s] INFO:colcon.colcon_core.shell:Creating environment descriptor '/home/ana/robot_ws/install/ros2_control_demo_example_2/share/ros2_control_demo_example_2/hook/cmake_prefix_path.dsv'
[1.548s] INFO:colcon.colcon_core.shell:Creating environment hook '/home/ana/robot_ws/install/ros2_control_demo_example_2/share/ros2_control_demo_example_2/hook/cmake_prefix_path.sh'
[1.549s] Level 1:colcon.colcon_core.environment:checking '/home/ana/robot_ws/install/ros2_control_demo_example_2/lib'
[1.549s] Level 1:colcon.colcon_core.shell:create_environment_hook('ros2_control_demo_example_2', 'ld_library_path_lib')
[1.550s] INFO:colcon.colcon_core.shell:Creating environment hook '/home/ana/robot_ws/install/ros2_control_demo_example_2/share/ros2_control_demo_example_2/hook/ld_library_path_lib.ps1'
[1.550s] INFO:colcon.colcon_core.shell:Creating environment descriptor '/home/ana/robot_ws/install/ros2_control_demo_example_2/share/ros2_control_demo_example_2/hook/ld_library_path_lib.dsv'
[1.551s] INFO:colcon.colcon_core.shell:Creating environment hook '/home/ana/robot_ws/install/ros2_control_demo_example_2/share/ros2_control_demo_example_2/hook/ld_library_path_lib.sh'
[1.552s] Level 1:colcon.colcon_core.environment:checking '/home/ana/robot_ws/install/ros2_control_demo_example_2/bin'
[1.552s] Level 1:colcon.colcon_core.environment:checking '/home/ana/robot_ws/install/ros2_control_demo_example_2/lib/pkgconfig/ros2_control_demo_example_2.pc'
[1.553s] Level 1:colcon.colcon_core.environment:checking '/home/ana/robot_ws/install/ros2_control_demo_example_2/lib/python3.10/site-packages'
[1.553s] Level 1:colcon.colcon_core.environment:checking '/home/ana/robot_ws/install/ros2_control_demo_example_2/bin'
[1.554s] INFO:colcon.colcon_core.shell:Creating package script '/home/ana/robot_ws/install/ros2_control_demo_example_2/share/ros2_control_demo_example_2/package.ps1'
[1.554s] INFO:colcon.colcon_core.shell:Creating package descriptor '/home/ana/robot_ws/install/ros2_control_demo_example_2/share/ros2_control_demo_example_2/package.dsv'
[1.555s] INFO:colcon.colcon_core.shell:Creating package script '/home/ana/robot_ws/install/ros2_control_demo_example_2/share/ros2_control_demo_example_2/package.sh'
[1.556s] INFO:colcon.colcon_core.shell:Creating package script '/home/ana/robot_ws/install/ros2_control_demo_example_2/share/ros2_control_demo_example_2/package.bash'
[1.557s] INFO:colcon.colcon_core.shell:Creating package script '/home/ana/robot_ws/install/ros2_control_demo_example_2/share/ros2_control_demo_example_2/package.zsh'
[1.557s] Level 1:colcon.colcon_core.environment:create_file_with_runtime_dependencies(/home/ana/robot_ws/install/ros2_control_demo_example_2/share/colcon-core/packages/ros2_control_demo_example_2)
[1.559s] Level 1:colcon.colcon_core.environment:create_environment_scripts_only(test_package)
[1.559s] Level 1:colcon.colcon_core.environment:checking '/home/ana/robot_ws/install/test_package' for CMake module files
[1.561s] DEBUG:colcon.colcon_core.event_handler.log_command:Invoked command in '/home/ana/robot_ws/build/test_package' returned '0': CMAKE_PREFIX_PATH=${CMAKE_PREFIX_PATH}:/home/ana/robot_ws/install/py_pubsub:/home/ana/robot_ws/install/firebot_py:/opt/ros/humble /usr/bin/cmake --install /home/ana/robot_ws/build/test_package
[1.562s] Level 1:colcon.colcon_core.environment:checking '/home/ana/robot_ws/install/test_package' for CMake config files
[1.563s] Level 1:colcon.colcon_core.shell:create_environment_hook('test_package', 'cmake_prefix_path')
[1.563s] INFO:colcon.colcon_core.shell:Creating environment hook '/home/ana/robot_ws/install/test_package/share/test_package/hook/cmake_prefix_path.ps1'
[1.565s] INFO:colcon.colcon_core.shell:Creating environment descriptor '/home/ana/robot_ws/install/test_package/share/test_package/hook/cmake_prefix_path.dsv'
[1.566s] INFO:colcon.colcon_core.shell:Creating environment hook '/home/ana/robot_ws/install/test_package/share/test_package/hook/cmake_prefix_path.sh'
[1.568s] Level 1:colcon.colcon_core.environment:checking '/home/ana/robot_ws/install/test_package/lib'
[1.568s] Level 1:colcon.colcon_core.environment:checking '/home/ana/robot_ws/install/test_package/bin'
[1.568s] Level 1:colcon.colcon_core.environment:checking '/home/ana/robot_ws/install/test_package/lib/pkgconfig/test_package.pc'
[1.569s] Level 1:colcon.colcon_core.environment:checking '/home/ana/robot_ws/install/test_package/lib/python3.10/site-packages'
[1.569s] Level 1:colcon.colcon_core.environment:checking '/home/ana/robot_ws/install/test_package/bin'
[1.570s] INFO:colcon.colcon_core.shell:Creating package script '/home/ana/robot_ws/install/test_package/share/test_package/package.ps1'
[1.571s] INFO:colcon.colcon_core.shell:Creating package descriptor '/home/ana/robot_ws/install/test_package/share/test_package/package.dsv'
[1.572s] INFO:colcon.colcon_core.shell:Creating package script '/home/ana/robot_ws/install/test_package/share/test_package/package.sh'
[1.573s] INFO:colcon.colcon_core.shell:Creating package script '/home/ana/robot_ws/install/test_package/share/test_package/package.bash'
[1.574s] INFO:colcon.colcon_core.shell:Creating package script '/home/ana/robot_ws/install/test_package/share/test_package/package.zsh'
[1.575s] Level 1:colcon.colcon_core.environment:create_file_with_runtime_dependencies(/home/ana/robot_ws/install/test_package/share/colcon-core/packages/test_package)
[1.576s] Level 1:colcon.colcon_core.environment:create_environment_scripts_only(test_package)
[1.576s] Level 1:colcon.colcon_core.environment:checking '/home/ana/robot_ws/install/test_package' for CMake module files
[1.577s] Level 1:colcon.colcon_core.environment:checking '/home/ana/robot_ws/install/test_package' for CMake config files
[1.577s] Level 1:colcon.colcon_core.shell:create_environment_hook('test_package', 'cmake_prefix_path')
[1.578s] INFO:colcon.colcon_core.shell:Creating environment hook '/home/ana/robot_ws/install/test_package/share/test_package/hook/cmake_prefix_path.ps1'
[1.578s] INFO:colcon.colcon_core.shell:Creating environment descriptor '/home/ana/robot_ws/install/test_package/share/test_package/hook/cmake_prefix_path.dsv'
[1.579s] INFO:colcon.colcon_core.shell:Creating environment hook '/home/ana/robot_ws/install/test_package/share/test_package/hook/cmake_prefix_path.sh'
[1.580s] Level 1:colcon.colcon_core.environment:checking '/home/ana/robot_ws/install/test_package/lib'
[1.580s] Level 1:colcon.colcon_core.environment:checking '/home/ana/robot_ws/install/test_package/bin'
[1.580s] Level 1:colcon.colcon_core.environment:checking '/home/ana/robot_ws/install/test_package/lib/pkgconfig/test_package.pc'
[1.581s] Level 1:colcon.colcon_core.environment:checking '/home/ana/robot_ws/install/test_package/lib/python3.10/site-packages'
[1.581s] Level 1:colcon.colcon_core.environment:checking '/home/ana/robot_ws/install/test_package/bin'
[1.581s] INFO:colcon.colcon_core.shell:Creating package script '/home/ana/robot_ws/install/test_package/share/test_package/package.ps1'
[1.582s] INFO:colcon.colcon_core.shell:Creating package descriptor '/home/ana/robot_ws/install/test_package/share/test_package/package.dsv'
[1.583s] INFO:colcon.colcon_core.shell:Creating package script '/home/ana/robot_ws/install/test_package/share/test_package/package.sh'
[1.584s] INFO:colcon.colcon_core.shell:Creating package script '/home/ana/robot_ws/install/test_package/share/test_package/package.bash'
[1.584s] INFO:colcon.colcon_core.shell:Creating package script '/home/ana/robot_ws/install/test_package/share/test_package/package.zsh'
[1.585s] Level 1:colcon.colcon_core.environment:create_file_with_runtime_dependencies(/home/ana/robot_ws/install/test_package/share/colcon-core/packages/test_package)
[1.587s] Level 1:colcon.colcon_core.environment:create_environment_scripts_only(serial)
[1.588s] Level 1:colcon.colcon_core.environment:checking '/home/ana/robot_ws/install/serial' for CMake module files
[1.589s] DEBUG:colcon.colcon_core.event_handler.log_command:Invoked command in '/home/ana/robot_ws/build/serial' returned '0': CMAKE_PREFIX_PATH=${CMAKE_PREFIX_PATH}:/home/ana/robot_ws/install/py_pubsub:/home/ana/robot_ws/install/firebot_py:/opt/ros/humble /usr/bin/cmake --install /home/ana/robot_ws/build/serial
[1.589s] Level 1:colcon.colcon_core.environment:checking '/home/ana/robot_ws/install/serial' for CMake config files
[1.589s] Level 1:colcon.colcon_core.shell:create_environment_hook('serial', 'cmake_prefix_path')
[1.590s] INFO:colcon.colcon_core.shell:Creating environment hook '/home/ana/robot_ws/install/serial/share/serial/hook/cmake_prefix_path.ps1'
[1.590s] INFO:colcon.colcon_core.shell:Creating environment descriptor '/home/ana/robot_ws/install/serial/share/serial/hook/cmake_prefix_path.dsv'
[1.591s] INFO:colcon.colcon_core.shell:Creating environment hook '/home/ana/robot_ws/install/serial/share/serial/hook/cmake_prefix_path.sh'
[1.592s] Level 1:colcon.colcon_core.environment:checking '/home/ana/robot_ws/install/serial/lib'
[1.592s] Level 1:colcon.colcon_core.environment:checking '/home/ana/robot_ws/install/serial/bin'
[1.592s] Level 1:colcon.colcon_core.environment:checking '/home/ana/robot_ws/install/serial/lib/pkgconfig/serial.pc'
[1.592s] Level 1:colcon.colcon_core.environment:checking '/home/ana/robot_ws/install/serial/lib/python3.10/site-packages'
[1.593s] Level 1:colcon.colcon_core.environment:checking '/home/ana/robot_ws/install/serial/bin'
[1.593s] INFO:colcon.colcon_core.shell:Creating package script '/home/ana/robot_ws/install/serial/share/serial/package.ps1'
[1.594s] INFO:colcon.colcon_core.shell:Creating package descriptor '/home/ana/robot_ws/install/serial/share/serial/package.dsv'
[1.594s] INFO:colcon.colcon_core.shell:Creating package script '/home/ana/robot_ws/install/serial/share/serial/package.sh'
[1.595s] INFO:colcon.colcon_core.shell:Creating package script '/home/ana/robot_ws/install/serial/share/serial/package.bash'
[1.595s] INFO:colcon.colcon_core.shell:Creating package script '/home/ana/robot_ws/install/serial/share/serial/package.zsh'
[1.596s] Level 1:colcon.colcon_core.environment:create_file_with_runtime_dependencies(/home/ana/robot_ws/install/serial/share/colcon-core/packages/serial)
[1.597s] Level 1:colcon.colcon_core.environment:create_environment_scripts_only(serial)
[1.597s] Level 1:colcon.colcon_core.environment:checking '/home/ana/robot_ws/install/serial' for CMake module files
[1.598s] Level 1:colcon.colcon_core.environment:checking '/home/ana/robot_ws/install/serial' for CMake config files
[1.598s] Level 1:colcon.colcon_core.shell:create_environment_hook('serial', 'cmake_prefix_path')
[1.598s] INFO:colcon.colcon_core.shell:Creating environment hook '/home/ana/robot_ws/install/serial/share/serial/hook/cmake_prefix_path.ps1'
[1.599s] INFO:colcon.colcon_core.shell:Creating environment descriptor '/home/ana/robot_ws/install/serial/share/serial/hook/cmake_prefix_path.dsv'
[1.599s] INFO:colcon.colcon_core.shell:Creating environment hook '/home/ana/robot_ws/install/serial/share/serial/hook/cmake_prefix_path.sh'
[1.600s] Level 1:colcon.colcon_core.environment:checking '/home/ana/robot_ws/install/serial/lib'
[1.600s] Level 1:colcon.colcon_core.environment:checking '/home/ana/robot_ws/install/serial/bin'
[1.600s] Level 1:colcon.colcon_core.environment:checking '/home/ana/robot_ws/install/serial/lib/pkgconfig/serial.pc'
[1.600s] Level 1:colcon.colcon_core.environment:checking '/home/ana/robot_ws/install/serial/lib/python3.10/site-packages'
[1.601s] Level 1:colcon.colcon_core.environment:checking '/home/ana/robot_ws/install/serial/bin'
[1.601s] INFO:colcon.colcon_core.shell:Creating package script '/home/ana/robot_ws/install/serial/share/serial/package.ps1'
[1.602s] INFO:colcon.colcon_core.shell:Creating package descriptor '/home/ana/robot_ws/install/serial/share/serial/package.dsv'
[1.603s] INFO:colcon.colcon_core.shell:Creating package script '/home/ana/robot_ws/install/serial/share/serial/package.sh'
[1.603s] INFO:colcon.colcon_core.shell:Creating package script '/home/ana/robot_ws/install/serial/share/serial/package.bash'
[1.604s] INFO:colcon.colcon_core.shell:Creating package script '/home/ana/robot_ws/install/serial/share/serial/package.zsh'
[1.604s] Level 1:colcon.colcon_core.environment:create_file_with_runtime_dependencies(/home/ana/robot_ws/install/serial/share/colcon-core/packages/serial)
[1.605s] Level 1:colcon.colcon_core.environment:create_environment_scripts_only(rplidar_ros)
[1.605s] Level 1:colcon.colcon_core.environment:checking '/home/ana/robot_ws/install/rplidar_ros' for CMake module files
[1.606s] DEBUG:colcon.colcon_core.event_handler.log_command:Invoked command in '/home/ana/robot_ws/build/rplidar_ros' returned '0': CMAKE_PREFIX_PATH=${CMAKE_PREFIX_PATH}:/home/ana/robot_ws/install/py_pubsub:/home/ana/robot_ws/install/firebot_py:/opt/ros/humble /usr/bin/cmake --install /home/ana/robot_ws/build/rplidar_ros
[1.606s] Level 1:colcon.colcon_core.environment:checking '/home/ana/robot_ws/install/rplidar_ros' for CMake config files
[1.607s] Level 1:colcon.colcon_core.shell:create_environment_hook('rplidar_ros', 'cmake_prefix_path')
[1.607s] INFO:colcon.colcon_core.shell:Creating environment hook '/home/ana/robot_ws/install/rplidar_ros/share/rplidar_ros/hook/cmake_prefix_path.ps1'
[1.608s] INFO:colcon.colcon_core.shell:Creating environment descriptor '/home/ana/robot_ws/install/rplidar_ros/share/rplidar_ros/hook/cmake_prefix_path.dsv'
[1.608s] INFO:colcon.colcon_core.shell:Creating environment hook '/home/ana/robot_ws/install/rplidar_ros/share/rplidar_ros/hook/cmake_prefix_path.sh'
[1.609s] Level 1:colcon.colcon_core.environment:checking '/home/ana/robot_ws/install/rplidar_ros/lib'
[1.609s] Level 1:colcon.colcon_core.environment:checking '/home/ana/robot_ws/install/rplidar_ros/bin'
[1.609s] Level 1:colcon.colcon_core.environment:checking '/home/ana/robot_ws/install/rplidar_ros/lib/pkgconfig/rplidar_ros.pc'
[1.609s] Level 1:colcon.colcon_core.environment:checking '/home/ana/robot_ws/install/rplidar_ros/lib/python3.10/site-packages'
[1.610s] Level 1:colcon.colcon_core.environment:checking '/home/ana/robot_ws/install/rplidar_ros/bin'
[1.610s] INFO:colcon.colcon_core.shell:Creating package script '/home/ana/robot_ws/install/rplidar_ros/share/rplidar_ros/package.ps1'
[1.611s] INFO:colcon.colcon_core.shell:Creating package descriptor '/home/ana/robot_ws/install/rplidar_ros/share/rplidar_ros/package.dsv'
[1.612s] INFO:colcon.colcon_core.shell:Creating package script '/home/ana/robot_ws/install/rplidar_ros/share/rplidar_ros/package.sh'
[1.612s] INFO:colcon.colcon_core.shell:Creating package script '/home/ana/robot_ws/install/rplidar_ros/share/rplidar_ros/package.bash'
[1.613s] INFO:colcon.colcon_core.shell:Creating package script '/home/ana/robot_ws/install/rplidar_ros/share/rplidar_ros/package.zsh'
[1.613s] Level 1:colcon.colcon_core.environment:create_file_with_runtime_dependencies(/home/ana/robot_ws/install/rplidar_ros/share/colcon-core/packages/rplidar_ros)
[1.614s] Level 1:colcon.colcon_core.environment:create_environment_scripts_only(rplidar_ros)
[1.615s] Level 1:colcon.colcon_core.environment:checking '/home/ana/robot_ws/install/rplidar_ros' for CMake module files
[1.615s] Level 1:colcon.colcon_core.environment:checking '/home/ana/robot_ws/install/rplidar_ros' for CMake config files
[1.616s] Level 1:colcon.colcon_core.shell:create_environment_hook('rplidar_ros', 'cmake_prefix_path')
[1.616s] INFO:colcon.colcon_core.shell:Creating environment hook '/home/ana/robot_ws/install/rplidar_ros/share/rplidar_ros/hook/cmake_prefix_path.ps1'
[1.617s] INFO:colcon.colcon_core.shell:Creating environment descriptor '/home/ana/robot_ws/install/rplidar_ros/share/rplidar_ros/hook/cmake_prefix_path.dsv'
[1.617s] INFO:colcon.colcon_core.shell:Creating environment hook '/home/ana/robot_ws/install/rplidar_ros/share/rplidar_ros/hook/cmake_prefix_path.sh'
[1.618s] Level 1:colcon.colcon_core.environment:checking '/home/ana/robot_ws/install/rplidar_ros/lib'
[1.618s] Level 1:colcon.colcon_core.environment:checking '/home/ana/robot_ws/install/rplidar_ros/bin'
[1.618s] Level 1:colcon.colcon_core.environment:checking '/home/ana/robot_ws/install/rplidar_ros/lib/pkgconfig/rplidar_ros.pc'
[1.618s] Level 1:colcon.colcon_core.environment:checking '/home/ana/robot_ws/install/rplidar_ros/lib/python3.10/site-packages'
[1.619s] Level 1:colcon.colcon_core.environment:checking '/home/ana/robot_ws/install/rplidar_ros/bin'
[1.619s] INFO:colcon.colcon_core.shell:Creating package script '/home/ana/robot_ws/install/rplidar_ros/share/rplidar_ros/package.ps1'
[1.620s] INFO:colcon.colcon_core.shell:Creating package descriptor '/home/ana/robot_ws/install/rplidar_ros/share/rplidar_ros/package.dsv'
[1.621s] INFO:colcon.colcon_core.shell:Creating package script '/home/ana/robot_ws/install/rplidar_ros/share/rplidar_ros/package.sh'
[1.621s] INFO:colcon.colcon_core.shell:Creating package script '/home/ana/robot_ws/install/rplidar_ros/share/rplidar_ros/package.bash'
[1.622s] INFO:colcon.colcon_core.shell:Creating package script '/home/ana/robot_ws/install/rplidar_ros/share/rplidar_ros/package.zsh'
[1.622s] Level 1:colcon.colcon_core.environment:create_file_with_runtime_dependencies(/home/ana/robot_ws/install/rplidar_ros/share/colcon-core/packages/rplidar_ros)
[1.917s] DEBUG:colcon.colcon_core.event_handler.log_command:Invoking command in '/home/ana/robot_ws/build/py_pubsub': PYTHONPATH=/home/ana/robot_ws/build/py_pubsub/prefix_override:/usr/lib/python3/dist-packages/colcon_core/task/python/colcon_distutils_commands:/home/ana/robot_ws/install/py_pubsub/lib/python3.10/site-packages:${PYTHONPATH} /usr/bin/python3 -W ignore:setup.py install is deprecated -W ignore:easy_install command is deprecated setup.py develop --editable --build-directory /home/ana/robot_ws/build/py_pubsub/build --no-deps symlink_data
[1.920s] DEBUG:colcon.colcon_core.event_handler.log_command:Invoking command in '/home/ana/robot_ws/build/firebot_py': PYTHONPATH=/home/ana/robot_ws/build/firebot_py/prefix_override:/usr/lib/python3/dist-packages/colcon_core/task/python/colcon_distutils_commands:/home/ana/robot_ws/install/firebot_py/lib/python3.10/site-packages:${PYTHONPATH} /usr/bin/python3 -W ignore:setup.py install is deprecated -W ignore:easy_install command is deprecated setup.py develop --editable --build-directory /home/ana/robot_ws/build/firebot_py/build --no-deps symlink_data
[2.529s] Level 1:colcon.colcon_core.shell:create_environment_hook('py_pubsub', 'pythonpath_develop')
[2.530s] INFO:colcon.colcon_core.shell:Creating environment hook '/home/ana/robot_ws/build/py_pubsub/share/py_pubsub/hook/pythonpath_develop.ps1'
[2.531s] DEBUG:colcon.colcon_core.event_handler.log_command:Invoked command in '/home/ana/robot_ws/build/py_pubsub' returned '0': PYTHONPATH=/home/ana/robot_ws/build/py_pubsub/prefix_override:/usr/lib/python3/dist-packages/colcon_core/task/python/colcon_distutils_commands:/home/ana/robot_ws/install/py_pubsub/lib/python3.10/site-packages:${PYTHONPATH} /usr/bin/python3 -W ignore:setup.py install is deprecated -W ignore:easy_install command is deprecated setup.py develop --editable --build-directory /home/ana/robot_ws/build/py_pubsub/build --no-deps symlink_data
[2.532s] INFO:colcon.colcon_core.shell:Creating environment descriptor '/home/ana/robot_ws/build/py_pubsub/share/py_pubsub/hook/pythonpath_develop.dsv'
[2.533s] INFO:colcon.colcon_core.shell:Creating environment hook '/home/ana/robot_ws/build/py_pubsub/share/py_pubsub/hook/pythonpath_develop.sh'
[2.533s] Level 1:colcon.colcon_core.environment:checking '/home/ana/robot_ws/install/py_pubsub' for CMake module files
[2.534s] Level 1:colcon.colcon_core.environment:checking '/home/ana/robot_ws/install/py_pubsub' for CMake config files
[2.534s] Level 1:colcon.colcon_core.environment:checking '/home/ana/robot_ws/install/py_pubsub/lib'
[2.535s] Level 1:colcon.colcon_core.environment:checking '/home/ana/robot_ws/install/py_pubsub/bin'
[2.535s] Level 1:colcon.colcon_core.environment:checking '/home/ana/robot_ws/install/py_pubsub/lib/pkgconfig/py_pubsub.pc'
[2.535s] Level 1:colcon.colcon_core.environment:checking '/home/ana/robot_ws/install/py_pubsub/lib/python3.10/site-packages'
[2.535s] Level 1:colcon.colcon_core.shell:create_environment_hook('py_pubsub', 'pythonpath')
[2.536s] INFO:colcon.colcon_core.shell:Creating environment hook '/home/ana/robot_ws/install/py_pubsub/share/py_pubsub/hook/pythonpath.ps1'
[2.536s] INFO:colcon.colcon_core.shell:Creating environment descriptor '/home/ana/robot_ws/install/py_pubsub/share/py_pubsub/hook/pythonpath.dsv'
[2.537s] INFO:colcon.colcon_core.shell:Creating environment hook '/home/ana/robot_ws/install/py_pubsub/share/py_pubsub/hook/pythonpath.sh'
[2.538s] Level 1:colcon.colcon_core.environment:checking '/home/ana/robot_ws/install/py_pubsub/bin'
[2.538s] Level 1:colcon.colcon_core.environment:create_environment_scripts_only(py_pubsub)
[2.538s] INFO:colcon.colcon_core.shell:Creating package script '/home/ana/robot_ws/install/py_pubsub/share/py_pubsub/package.ps1'
[2.539s] INFO:colcon.colcon_core.shell:Creating package descriptor '/home/ana/robot_ws/install/py_pubsub/share/py_pubsub/package.dsv'
[2.540s] INFO:colcon.colcon_core.shell:Creating package script '/home/ana/robot_ws/install/py_pubsub/share/py_pubsub/package.sh'
[2.540s] INFO:colcon.colcon_core.shell:Creating package script '/home/ana/robot_ws/install/py_pubsub/share/py_pubsub/package.bash'
[2.541s] INFO:colcon.colcon_core.shell:Creating package script '/home/ana/robot_ws/install/py_pubsub/share/py_pubsub/package.zsh'
[2.541s] Level 1:colcon.colcon_core.environment:create_file_with_runtime_dependencies(/home/ana/robot_ws/install/py_pubsub/share/colcon-core/packages/py_pubsub)
[2.542s] Level 1:colcon.colcon_core.shell:create_environment_hook('firebot_py', 'pythonpath_develop')
[2.542s] INFO:colcon.colcon_core.shell:Creating environment hook '/home/ana/robot_ws/build/firebot_py/share/firebot_py/hook/pythonpath_develop.ps1'
[2.543s] INFO:colcon.colcon_core.shell:Creating environment descriptor '/home/ana/robot_ws/build/firebot_py/share/firebot_py/hook/pythonpath_develop.dsv'
[2.544s] DEBUG:colcon.colcon_core.event_handler.log_command:Invoked command in '/home/ana/robot_ws/build/firebot_py' returned '0': PYTHONPATH=/home/ana/robot_ws/build/firebot_py/prefix_override:/usr/lib/python3/dist-packages/colcon_core/task/python/colcon_distutils_commands:/home/ana/robot_ws/install/firebot_py/lib/python3.10/site-packages:${PYTHONPATH} /usr/bin/python3 -W ignore:setup.py install is deprecated -W ignore:easy_install command is deprecated setup.py develop --editable --build-directory /home/ana/robot_ws/build/firebot_py/build --no-deps symlink_data
[2.544s] INFO:colcon.colcon_core.shell:Creating environment hook '/home/ana/robot_ws/build/firebot_py/share/firebot_py/hook/pythonpath_develop.sh'
[2.545s] Level 1:colcon.colcon_core.environment:checking '/home/ana/robot_ws/install/firebot_py' for CMake module files
[2.545s] Level 1:colcon.colcon_core.environment:checking '/home/ana/robot_ws/install/firebot_py' for CMake config files
[2.546s] Level 1:colcon.colcon_core.environment:checking '/home/ana/robot_ws/install/firebot_py/lib'
[2.546s] Level 1:colcon.colcon_core.environment:checking '/home/ana/robot_ws/install/firebot_py/bin'
[2.546s] Level 1:colcon.colcon_core.environment:checking '/home/ana/robot_ws/install/firebot_py/lib/pkgconfig/firebot_py.pc'
[2.547s] Level 1:colcon.colcon_core.environment:checking '/home/ana/robot_ws/install/firebot_py/lib/python3.10/site-packages'
[2.547s] Level 1:colcon.colcon_core.shell:create_environment_hook('firebot_py', 'pythonpath')
[2.547s] INFO:colcon.colcon_core.shell:Creating environment hook '/home/ana/robot_ws/install/firebot_py/share/firebot_py/hook/pythonpath.ps1'
[2.548s] INFO:colcon.colcon_core.shell:Creating environment descriptor '/home/ana/robot_ws/install/firebot_py/share/firebot_py/hook/pythonpath.dsv'
[2.548s] INFO:colcon.colcon_core.shell:Creating environment hook '/home/ana/robot_ws/install/firebot_py/share/firebot_py/hook/pythonpath.sh'
[2.549s] Level 1:colcon.colcon_core.environment:checking '/home/ana/robot_ws/install/firebot_py/bin'
[2.549s] Level 1:colcon.colcon_core.environment:create_environment_scripts_only(firebot_py)
[2.549s] INFO:colcon.colcon_core.shell:Creating package script '/home/ana/robot_ws/install/firebot_py/share/firebot_py/package.ps1'
[2.550s] INFO:colcon.colcon_core.shell:Creating package descriptor '/home/ana/robot_ws/install/firebot_py/share/firebot_py/package.dsv'
[2.551s] INFO:colcon.colcon_core.shell:Creating package script '/home/ana/robot_ws/install/firebot_py/share/firebot_py/package.sh'
[2.551s] INFO:colcon.colcon_core.shell:Creating package script '/home/ana/robot_ws/install/firebot_py/share/firebot_py/package.bash'
[2.552s] INFO:colcon.colcon_core.shell:Creating package script '/home/ana/robot_ws/install/firebot_py/share/firebot_py/package.zsh'
[2.552s] Level 1:colcon.colcon_core.environment:create_file_with_runtime_dependencies(/home/ana/robot_ws/install/firebot_py/share/colcon-core/packages/firebot_py)
[2.552s] DEBUG:colcon.colcon_parallel_executor.executor.parallel:closing loop
[2.553s] DEBUG:colcon.colcon_parallel_executor.executor.parallel:loop closed
[2.553s] DEBUG:colcon.colcon_parallel_executor.executor.parallel:run_until_complete finished with '0'
[2.553s] DEBUG:colcon.colcon_core.event_reactor:joining thread
[2.561s] INFO:colcon.colcon_core.plugin_system:Skipping extension 'colcon_notification.desktop_notification.terminal_notifier': Not used on non-Darwin systems
[2.562s] INFO:colcon.colcon_core.plugin_system:Skipping extension 'colcon_notification.desktop_notification.win32': Not used on non-Windows systems
[2.562s] INFO:colcon.colcon_notification.desktop_notification:Sending desktop notification using 'notify2'
[2.579s] DEBUG:colcon.colcon_core.event_reactor:joined thread
[2.580s] INFO:colcon.colcon_core.shell:Creating prefix script '/home/ana/robot_ws/install/local_setup.ps1'
[2.581s] INFO:colcon.colcon_core.shell:Creating prefix util module '/home/ana/robot_ws/install/_local_setup_util_ps1.py'
[2.583s] INFO:colcon.colcon_core.shell:Creating prefix chain script '/home/ana/robot_ws/install/setup.ps1'
[2.585s] INFO:colcon.colcon_core.shell:Creating prefix script '/home/ana/robot_ws/install/local_setup.sh'
[2.586s] INFO:colcon.colcon_core.shell:Creating prefix util module '/home/ana/robot_ws/install/_local_setup_util_sh.py'
[2.588s] INFO:colcon.colcon_core.shell:Creating prefix chain script '/home/ana/robot_ws/install/setup.sh'
[2.590s] INFO:colcon.colcon_core.shell:Creating prefix script '/home/ana/robot_ws/install/local_setup.bash'
[2.591s] INFO:colcon.colcon_core.shell:Creating prefix chain script '/home/ana/robot_ws/install/setup.bash'
[2.593s] INFO:colcon.colcon_core.shell:Creating prefix script '/home/ana/robot_ws/install/local_setup.zsh'
[2.594s] INFO:colcon.colcon_core.shell:Creating prefix chain script '/home/ana/robot_ws/install/setup.zsh'
