[0.039s] Invoking command in '/home/ana/robot_ws/build/articubot_one': CMAKE_PREFIX_PATH=${CMAKE_PREFIX_PATH}:/opt/ros/humble /usr/bin/cmake /home/ana/robot_ws/src/articubot_one -DAMENT_CMAKE_SYMLINK_INSTALL=1 -DCMAKE_INSTALL_PREFIX=/home/ana/robot_ws/install/articubot_one
[0.427s] -- The C compiler identification is GNU 11.4.0
[0.427s] -- The CXX compiler identification is GNU 11.4.0
[0.428s] -- Detecting C compiler ABI info
[0.429s] -- Detecting C compiler ABI info - done
[0.429s] -- Check for working C compiler: /usr/bin/cc - skipped
[0.429s] -- Detecting C compile features
[0.429s] -- Detecting C compile features - done
[0.429s] -- Detecting CXX compiler ABI info
[0.545s] -- Detecting CXX compiler ABI info - done
[0.562s] -- Check for working CXX compiler: /usr/bin/c++ - skipped
[0.562s] -- Detecting CXX compile features
[0.563s] -- Detecting CXX compile features - done
[0.568s] -- Found ament_cmake: 1.3.11 (/opt/ros/humble/share/ament_cmake/cmake)
[0.881s] -- Found Python3: /usr/bin/python3 (found version "3.10.12") found components: Interpreter 
[0.999s] -- Override CMake install command with custom implementation using symlinks instead of copying resources
[1.058s] -- Found ament_lint_auto: 0.12.11 (/opt/ros/humble/share/ament_lint_auto/cmake)
[1.222s] -- Added test 'copyright' to check source files copyright and LICENSE
[1.228s] -- Added test 'flake8' to check Python code syntax and style conventions
[1.229s] -- Added test 'lint_cmake' to check CMake code style
[1.230s] -- Added test 'pep257' to check Python code against some of the docstring style conventions in PEP 257
[1.233s] -- Added test 'xmllint' to check XML markup files
[1.235s] -- Configuring done
[1.239s] -- Generating done
[1.242s] -- Build files have been written to: /home/ana/robot_ws/build/articubot_one
[1.252s] Invoked command in '/home/ana/robot_ws/build/articubot_one' returned '0': CMAKE_PREFIX_PATH=${CMAKE_PREFIX_PATH}:/opt/ros/humble /usr/bin/cmake /home/ana/robot_ws/src/articubot_one -DAMENT_CMAKE_SYMLINK_INSTALL=1 -DCMAKE_INSTALL_PREFIX=/home/ana/robot_ws/install/articubot_one
[1.255s] Invoking command in '/home/ana/robot_ws/build/articubot_one': CMAKE_PREFIX_PATH=${CMAKE_PREFIX_PATH}:/opt/ros/humble /usr/bin/cmake --build /home/ana/robot_ws/build/articubot_one -- -j20 -l20
[1.325s] Invoked command in '/home/ana/robot_ws/build/articubot_one' returned '0': CMAKE_PREFIX_PATH=${CMAKE_PREFIX_PATH}:/opt/ros/humble /usr/bin/cmake --build /home/ana/robot_ws/build/articubot_one -- -j20 -l20
[1.346s] Invoking command in '/home/ana/robot_ws/build/articubot_one': CMAKE_PREFIX_PATH=${CMAKE_PREFIX_PATH}:/opt/ros/humble /usr/bin/cmake --install /home/ana/robot_ws/build/articubot_one
[1.361s] -- Install configuration: ""
[1.362s] -- Execute custom install script
[1.363s] -- Symlinking: /home/ana/robot_ws/install/articubot_one/share/articubot_one/config/ball_tracker_params_robot.yaml
[1.379s] -- Symlinking: /home/ana/robot_ws/install/articubot_one/share/articubot_one/config/ball_tracker_params_sim.yaml
[1.395s] -- Symlinking: /home/ana/robot_ws/install/articubot_one/share/articubot_one/config/drive_bot.rviz
[1.410s] -- Symlinking: /home/ana/robot_ws/install/articubot_one/share/articubot_one/config/empty.yaml
[1.424s] -- Symlinking: /home/ana/robot_ws/install/articubot_one/share/articubot_one/config/gaz_ros2_ctl_use_sim.yaml
[1.437s] -- Symlinking: /home/ana/robot_ws/install/articubot_one/share/articubot_one/config/gazebo_params.yaml
[1.457s] -- Symlinking: /home/ana/robot_ws/install/articubot_one/share/articubot_one/config/joystick.yaml
[1.474s] -- Symlinking: /home/ana/robot_ws/install/articubot_one/share/articubot_one/config/main.rviz
[1.488s] -- Symlinking: /home/ana/robot_ws/install/articubot_one/share/articubot_one/config/map.rviz
[1.502s] -- Symlinking: /home/ana/robot_ws/install/articubot_one/share/articubot_one/config/mapper_params_online_async.yaml
[1.515s] -- Symlinking: /home/ana/robot_ws/install/articubot_one/share/articubot_one/config/my_controllers.yaml
[1.533s] -- Symlinking: /home/ana/robot_ws/install/articubot_one/share/articubot_one/config/nav2_params.yaml
[1.552s] -- Symlinking: /home/ana/robot_ws/install/articubot_one/share/articubot_one/config/twist_mux.yaml
[1.567s] -- Symlinking: /home/ana/robot_ws/install/articubot_one/share/articubot_one/config/view_bot.rviz
[1.582s] -- Symlinking: /home/ana/robot_ws/install/articubot_one/share/articubot_one/description/camera.xacro
[1.599s] -- Symlinking: /home/ana/robot_ws/install/articubot_one/share/articubot_one/description/depth_camera.xacro
[1.616s] -- Symlinking: /home/ana/robot_ws/install/articubot_one/share/articubot_one/description/face.xacro
[1.631s] -- Symlinking: /home/ana/robot_ws/install/articubot_one/share/articubot_one/description/gazebo_control.xacro
[1.648s] -- Symlinking: /home/ana/robot_ws/install/articubot_one/share/articubot_one/description/inertial_macros.xacro
[1.663s] -- Symlinking: /home/ana/robot_ws/install/articubot_one/share/articubot_one/description/lidar.xacro
[1.681s] -- Symlinking: /home/ana/robot_ws/install/articubot_one/share/articubot_one/description/robot.urdf.xacro
[1.696s] -- Symlinking: /home/ana/robot_ws/install/articubot_one/share/articubot_one/description/robot_core.xacro
[1.713s] -- Symlinking: /home/ana/robot_ws/install/articubot_one/share/articubot_one/description/ros2_control.xacro
[1.727s] -- Symlinking: /home/ana/robot_ws/install/articubot_one/share/articubot_one/launch/ball_tracker.launch.py
[1.741s] -- Symlinking: /home/ana/robot_ws/install/articubot_one/share/articubot_one/launch/camera.launch.py
[1.756s] -- Symlinking: /home/ana/robot_ws/install/articubot_one/share/articubot_one/launch/joystick.launch.py
[1.772s] -- Symlinking: /home/ana/robot_ws/install/articubot_one/share/articubot_one/launch/launch_robot.launch.py
[1.791s] -- Symlinking: /home/ana/robot_ws/install/articubot_one/share/articubot_one/launch/launch_sim.launch.py
[1.804s] -- Symlinking: /home/ana/robot_ws/install/articubot_one/share/articubot_one/launch/localization_launch.py
[1.821s] -- Symlinking: /home/ana/robot_ws/install/articubot_one/share/articubot_one/launch/navigation_launch.py
[1.840s] -- Symlinking: /home/ana/robot_ws/install/articubot_one/share/articubot_one/launch/online_async_launch.py
[1.859s] -- Symlinking: /home/ana/robot_ws/install/articubot_one/share/articubot_one/launch/rplidar.launch.py
[1.875s] -- Symlinking: /home/ana/robot_ws/install/articubot_one/share/articubot_one/launch/rsp.launch.py
[1.893s] -- Symlinking: /home/ana/robot_ws/install/articubot_one/share/articubot_one/worlds/empty.world
[1.910s] -- Symlinking: /home/ana/robot_ws/install/articubot_one/share/articubot_one/worlds/obstacles.world
[1.929s] -- Symlinking: /home/ana/robot_ws/install/articubot_one/share/ament_index/resource_index/package_run_dependencies/articubot_one
[1.948s] -- Symlinking: /home/ana/robot_ws/install/articubot_one/share/ament_index/resource_index/parent_prefix_path/articubot_one
[1.965s] -- Symlinking: /home/ana/robot_ws/install/articubot_one/share/articubot_one/environment/ament_prefix_path.sh
[1.979s] -- Symlinking: /home/ana/robot_ws/install/articubot_one/share/articubot_one/environment/ament_prefix_path.dsv
[1.995s] -- Symlinking: /home/ana/robot_ws/install/articubot_one/share/articubot_one/environment/path.sh
[2.014s] -- Symlinking: /home/ana/robot_ws/install/articubot_one/share/articubot_one/environment/path.dsv
[2.031s] -- Symlinking: /home/ana/robot_ws/install/articubot_one/share/articubot_one/local_setup.bash
[2.049s] -- Symlinking: /home/ana/robot_ws/install/articubot_one/share/articubot_one/local_setup.sh
[2.067s] -- Symlinking: /home/ana/robot_ws/install/articubot_one/share/articubot_one/local_setup.zsh
[2.089s] -- Symlinking: /home/ana/robot_ws/install/articubot_one/share/articubot_one/local_setup.dsv
[2.107s] -- Symlinking: /home/ana/robot_ws/install/articubot_one/share/articubot_one/package.dsv
[2.124s] -- Symlinking: /home/ana/robot_ws/install/articubot_one/share/ament_index/resource_index/packages/articubot_one
[2.142s] -- Symlinking: /home/ana/robot_ws/install/articubot_one/share/articubot_one/cmake/articubot_oneConfig.cmake
[2.161s] -- Symlinking: /home/ana/robot_ws/install/articubot_one/share/articubot_one/cmake/articubot_oneConfig-version.cmake
[2.183s] -- Symlinking: /home/ana/robot_ws/install/articubot_one/share/articubot_one/package.xml
[2.206s] Invoked command in '/home/ana/robot_ws/build/articubot_one' returned '0': CMAKE_PREFIX_PATH=${CMAKE_PREFIX_PATH}:/opt/ros/humble /usr/bin/cmake --install /home/ana/robot_ws/build/articubot_one
