running develop
running egg_info
creating firebot_py.egg-info
writing firebot_py.egg-info/PKG-INFO
writing dependency_links to firebot_py.egg-info/dependency_links.txt
writing entry points to firebot_py.egg-info/entry_points.txt
writing requirements to firebot_py.egg-info/requires.txt
writing top-level names to firebot_py.egg-info/top_level.txt
writing manifest file 'firebot_py.egg-info/SOURCES.txt'
reading manifest file 'firebot_py.egg-info/SOURCES.txt'
writing manifest file 'firebot_py.egg-info/SOURCES.txt'
running build_ext
Creating /home/ana/robot_ws/install/firebot_py/lib/python3.10/site-packages/firebot-py.egg-link (link to .)

Installed /home/ana/robot_ws/build/firebot_py
running symlink_data
creating /home/ana/robot_ws/install/firebot_py/share/ament_index
creating /home/ana/robot_ws/install/firebot_py/share/ament_index/resource_index
creating /home/ana/robot_ws/install/firebot_py/share/ament_index/resource_index/packages
symbolically linking /home/ana/robot_ws/build/firebot_py/resource/firebot_py -> /home/ana/robot_ws/install/firebot_py/share/ament_index/resource_index/packages
symbolically linking /home/ana/robot_ws/build/firebot_py/package.xml -> /home/ana/robot_ws/install/firebot_py/share/firebot_py
