[0.751s] Invoking command in '/home/ana/robot_ws/build/firebot_py': PYTHONPATH=/home/ana/robot_ws/build/firebot_py/prefix_override:/usr/lib/python3/dist-packages/colcon_core/task/python/colcon_distutils_commands:/home/ana/robot_ws/install/firebot_py/lib/python3.10/site-packages:${PYTHONPATH} /usr/bin/python3 -W ignore:setup.py install is deprecated -W ignore:easy_install command is deprecated setup.py develop --editable --build-directory /home/ana/robot_ws/build/firebot_py/build --no-deps symlink_data
[1.018s] running develop
[1.178s] running egg_info
[1.178s] creating firebot_py.egg-info
[1.178s] writing firebot_py.egg-info/PKG-INFO
[1.178s] writing dependency_links to firebot_py.egg-info/dependency_links.txt
[1.179s] writing entry points to firebot_py.egg-info/entry_points.txt
[1.179s] writing requirements to firebot_py.egg-info/requires.txt
[1.179s] writing top-level names to firebot_py.egg-info/top_level.txt
[1.179s] writing manifest file 'firebot_py.egg-info/SOURCES.txt'
[1.180s] reading manifest file 'firebot_py.egg-info/SOURCES.txt'
[1.181s] writing manifest file 'firebot_py.egg-info/SOURCES.txt'
[1.182s] running build_ext
[1.182s] Creating /home/ana/robot_ws/install/firebot_py/lib/python3.10/site-packages/firebot-py.egg-link (link to .)
[1.183s] 
[1.183s] Installed /home/ana/robot_ws/build/firebot_py
[1.183s] running symlink_data
[1.184s] creating /home/ana/robot_ws/install/firebot_py/share/ament_index
[1.184s] creating /home/ana/robot_ws/install/firebot_py/share/ament_index/resource_index
[1.184s] creating /home/ana/robot_ws/install/firebot_py/share/ament_index/resource_index/packages
[1.184s] symbolically linking /home/ana/robot_ws/build/firebot_py/resource/firebot_py -> /home/ana/robot_ws/install/firebot_py/share/ament_index/resource_index/packages
[1.184s] symbolically linking /home/ana/robot_ws/build/firebot_py/package.xml -> /home/ana/robot_ws/install/firebot_py/share/firebot_py
[1.214s] Invoked command in '/home/ana/robot_ws/build/firebot_py' returned '0': PYTHONPATH=/home/ana/robot_ws/build/firebot_py/prefix_override:/usr/lib/python3/dist-packages/colcon_core/task/python/colcon_distutils_commands:/home/ana/robot_ws/install/firebot_py/lib/python3.10/site-packages:${PYTHONPATH} /usr/bin/python3 -W ignore:setup.py install is deprecated -W ignore:easy_install command is deprecated setup.py develop --editable --build-directory /home/ana/robot_ws/build/firebot_py/build --no-deps symlink_data
