[0.761s] Invoking command in '/home/ana/robot_ws/build/rplidar_ros': CMAKE_PREFIX_PATH=${CMAKE_PREFIX_PATH}:/home/ana/robot_ws/install/thermal_camera:/home/ana/robot_ws/install/py_pubsub:/home/ana/robot_ws/install/firebot_py:/opt/ros/humble /usr/bin/cmake --build /home/ana/robot_ws/build/rplidar_ros -- -j20 -l20
[1.150s] [  5%] Built target rplidar_client
[1.151s] [ 86%] Built target rplidar_composition
[1.151s] [100%] Built target rplidar_node
[1.178s] Invoked command in '/home/ana/robot_ws/build/rplidar_ros' returned '0': CMAKE_PREFIX_PATH=${CMAKE_PREFIX_PATH}:/home/ana/robot_ws/install/thermal_camera:/home/ana/robot_ws/install/py_pubsub:/home/ana/robot_ws/install/firebot_py:/opt/ros/humble /usr/bin/cmake --build /home/ana/robot_ws/build/rplidar_ros -- -j20 -l20
[1.181s] Invoking command in '/home/ana/robot_ws/build/rplidar_ros': CMAKE_PREFIX_PATH=${CMAKE_PREFIX_PATH}:/home/ana/robot_ws/install/thermal_camera:/home/ana/robot_ws/install/py_pubsub:/home/ana/robot_ws/install/firebot_py:/opt/ros/humble /usr/bin/cmake --install /home/ana/robot_ws/build/rplidar_ros
[1.228s] -- Install configuration: ""
[1.228s] -- Execute custom install script
[1.228s] -- Up-to-date symlink: /home/ana/robot_ws/install/rplidar_ros/share/rplidar_ros/launch/rplidar_a1_launch.py
[1.228s] -- Up-to-date symlink: /home/ana/robot_ws/install/rplidar_ros/share/rplidar_ros/launch/rplidar_a2m12_launch.py
[1.228s] -- Up-to-date symlink: /home/ana/robot_ws/install/rplidar_ros/share/rplidar_ros/launch/rplidar_a2m7_launch.py
[1.228s] -- Up-to-date symlink: /home/ana/robot_ws/install/rplidar_ros/share/rplidar_ros/launch/rplidar_a2m8_launch.py
[1.229s] -- Up-to-date symlink: /home/ana/robot_ws/install/rplidar_ros/share/rplidar_ros/launch/rplidar_a3_launch.py
[1.229s] -- Up-to-date symlink: /home/ana/robot_ws/install/rplidar_ros/share/rplidar_ros/launch/rplidar_c1_launch.py
[1.229s] -- Up-to-date symlink: /home/ana/robot_ws/install/rplidar_ros/share/rplidar_ros/launch/rplidar_s1_launch.py
[1.229s] -- Up-to-date symlink: /home/ana/robot_ws/install/rplidar_ros/share/rplidar_ros/launch/rplidar_s1_tcp_launch.py
[1.229s] -- Up-to-date symlink: /home/ana/robot_ws/install/rplidar_ros/share/rplidar_ros/launch/rplidar_s2_launch.py
[1.230s] -- Up-to-date symlink: /home/ana/robot_ws/install/rplidar_ros/share/rplidar_ros/launch/rplidar_s2e_launch.py
[1.230s] -- Up-to-date symlink: /home/ana/robot_ws/install/rplidar_ros/share/rplidar_ros/launch/rplidar_s3_launch.py
[1.230s] -- Up-to-date symlink: /home/ana/robot_ws/install/rplidar_ros/share/rplidar_ros/launch/rplidar_t1_launch.py
[1.230s] -- Up-to-date symlink: /home/ana/robot_ws/install/rplidar_ros/share/rplidar_ros/launch/view_rplidar_a1_launch.py
[1.230s] -- Up-to-date symlink: /home/ana/robot_ws/install/rplidar_ros/share/rplidar_ros/launch/view_rplidar_a2m12_launch.py
[1.231s] -- Up-to-date symlink: /home/ana/robot_ws/install/rplidar_ros/share/rplidar_ros/launch/view_rplidar_a2m7_launch.py
[1.231s] -- Up-to-date symlink: /home/ana/robot_ws/install/rplidar_ros/share/rplidar_ros/launch/view_rplidar_a2m8_launch.py
[1.231s] -- Up-to-date symlink: /home/ana/robot_ws/install/rplidar_ros/share/rplidar_ros/launch/view_rplidar_a3_launch.py
[1.231s] -- Up-to-date symlink: /home/ana/robot_ws/install/rplidar_ros/share/rplidar_ros/launch/view_rplidar_c1_launch.py
[1.232s] -- Up-to-date symlink: /home/ana/robot_ws/install/rplidar_ros/share/rplidar_ros/launch/view_rplidar_s1_launch.py
[1.232s] -- Up-to-date symlink: /home/ana/robot_ws/install/rplidar_ros/share/rplidar_ros/launch/view_rplidar_s1_tcp_launch.py
[1.232s] -- Up-to-date symlink: /home/ana/robot_ws/install/rplidar_ros/share/rplidar_ros/launch/view_rplidar_s2_launch.py
[1.232s] -- Up-to-date symlink: /home/ana/robot_ws/install/rplidar_ros/share/rplidar_ros/launch/view_rplidar_s2e_launch.py
[1.233s] -- Up-to-date symlink: /home/ana/robot_ws/install/rplidar_ros/share/rplidar_ros/launch/view_rplidar_s3_launch.py
[1.233s] -- Up-to-date symlink: /home/ana/robot_ws/install/rplidar_ros/share/rplidar_ros/launch/view_rplidar_t1_launch.py
[1.234s] -- Up-to-date symlink: /home/ana/robot_ws/install/rplidar_ros/share/rplidar_ros/rviz/rplidar_ros.rviz
[1.235s] -- Up-to-date symlink: /home/ana/robot_ws/install/rplidar_ros/lib/rplidar_ros/rplidar_node
[1.235s] -- Up-to-date symlink: /home/ana/robot_ws/install/rplidar_ros/lib/rplidar_ros/rplidar_composition
[1.235s] -- Up-to-date symlink: /home/ana/robot_ws/install/rplidar_ros/lib/rplidar_ros/rplidar_client
[1.235s] -- Up-to-date symlink: /home/ana/robot_ws/install/rplidar_ros/share/ament_index/resource_index/package_run_dependencies/rplidar_ros
[1.236s] -- Up-to-date symlink: /home/ana/robot_ws/install/rplidar_ros/share/ament_index/resource_index/parent_prefix_path/rplidar_ros
[1.236s] -- Up-to-date symlink: /home/ana/robot_ws/install/rplidar_ros/share/rplidar_ros/environment/ament_prefix_path.sh
[1.236s] -- Up-to-date symlink: /home/ana/robot_ws/install/rplidar_ros/share/rplidar_ros/environment/ament_prefix_path.dsv
[1.236s] -- Up-to-date symlink: /home/ana/robot_ws/install/rplidar_ros/share/rplidar_ros/environment/path.sh
[1.236s] -- Up-to-date symlink: /home/ana/robot_ws/install/rplidar_ros/share/rplidar_ros/environment/path.dsv
[1.237s] -- Up-to-date symlink: /home/ana/robot_ws/install/rplidar_ros/share/rplidar_ros/local_setup.bash
[1.237s] -- Up-to-date symlink: /home/ana/robot_ws/install/rplidar_ros/share/rplidar_ros/local_setup.sh
[1.237s] -- Up-to-date symlink: /home/ana/robot_ws/install/rplidar_ros/share/rplidar_ros/local_setup.zsh
[1.237s] -- Up-to-date symlink: /home/ana/robot_ws/install/rplidar_ros/share/rplidar_ros/local_setup.dsv
[1.238s] -- Symlinking: /home/ana/robot_ws/install/rplidar_ros/share/rplidar_ros/package.dsv
[1.239s] -- Up-to-date symlink: /home/ana/robot_ws/install/rplidar_ros/share/ament_index/resource_index/packages/rplidar_ros
[1.239s] -- Up-to-date symlink: /home/ana/robot_ws/install/rplidar_ros/share/rplidar_ros/cmake/ament_cmake_export_dependencies-extras.cmake
[1.240s] -- Up-to-date symlink: /home/ana/robot_ws/install/rplidar_ros/share/rplidar_ros/cmake/ament_cmake_export_include_directories-extras.cmake
[1.240s] -- Up-to-date symlink: /home/ana/robot_ws/install/rplidar_ros/share/rplidar_ros/cmake/rplidar_rosConfig.cmake
[1.240s] -- Up-to-date symlink: /home/ana/robot_ws/install/rplidar_ros/share/rplidar_ros/cmake/rplidar_rosConfig-version.cmake
[1.240s] -- Up-to-date symlink: /home/ana/robot_ws/install/rplidar_ros/share/rplidar_ros/package.xml
[1.360s] Invoked command in '/home/ana/robot_ws/build/rplidar_ros' returned '0': CMAKE_PREFIX_PATH=${CMAKE_PREFIX_PATH}:/home/ana/robot_ws/install/thermal_camera:/home/ana/robot_ws/install/py_pubsub:/home/ana/robot_ws/install/firebot_py:/opt/ros/humble /usr/bin/cmake --install /home/ana/robot_ws/build/rplidar_ros
