[1.862s] Invoking command in '/home/ana/robot_ws/build/firebot_py': PYTHONPATH=/home/ana/robot_ws/build/firebot_py/prefix_override:/usr/lib/python3/dist-packages/colcon_core/task/python/colcon_distutils_commands:/home/ana/robot_ws/install/firebot_py/lib/python3.10/site-packages:${PYTHONPATH} /usr/bin/python3 -W ignore:setup.py install is deprecated -W ignore:easy_install command is deprecated setup.py develop --editable --build-directory /home/ana/robot_ws/build/firebot_py/build --no-deps symlink_data
[2.262s] running develop
[2.533s] running egg_info
[2.533s] writing firebot_py.egg-info/PKG-INFO
[2.534s] writing dependency_links to firebot_py.egg-info/dependency_links.txt
[2.534s] writing entry points to firebot_py.egg-info/entry_points.txt
[2.534s] writing requirements to firebot_py.egg-info/requires.txt
[2.534s] writing top-level names to firebot_py.egg-info/top_level.txt
[2.537s] reading manifest file 'firebot_py.egg-info/SOURCES.txt'
[2.538s] writing manifest file 'firebot_py.egg-info/SOURCES.txt'
[2.541s] running build_ext
[2.541s] Creating /home/ana/robot_ws/install/firebot_py/lib/python3.10/site-packages/firebot-py.egg-link (link to .)
[2.542s] Installing cmd_vel_stamper script to /home/ana/robot_ws/install/firebot_py/lib/firebot_py
[2.543s] Installing lidar_node script to /home/ana/robot_ws/install/firebot_py/lib/firebot_py
[2.543s] Installing navigation_control script to /home/ana/robot_ws/install/firebot_py/lib/firebot_py
[2.543s] Installing random_nav_node script to /home/ana/robot_ws/install/firebot_py/lib/firebot_py
[2.544s] Installing slam_mapping script to /home/ana/robot_ws/install/firebot_py/lib/firebot_py
[2.544s] Installing square_nav_node script to /home/ana/robot_ws/install/firebot_py/lib/firebot_py
[2.544s] Installing thermal_camera script to /home/ana/robot_ws/install/firebot_py/lib/firebot_py
[2.544s] Installing twist_stamper script to /home/ana/robot_ws/install/firebot_py/lib/firebot_py
[2.545s] 
[2.545s] Installed /home/ana/robot_ws/build/firebot_py
[2.545s] running symlink_data
[2.595s] Invoked command in '/home/ana/robot_ws/build/firebot_py' returned '0': PYTHONPATH=/home/ana/robot_ws/build/firebot_py/prefix_override:/usr/lib/python3/dist-packages/colcon_core/task/python/colcon_distutils_commands:/home/ana/robot_ws/install/firebot_py/lib/python3.10/site-packages:${PYTHONPATH} /usr/bin/python3 -W ignore:setup.py install is deprecated -W ignore:easy_install command is deprecated setup.py develop --editable --build-directory /home/ana/robot_ws/build/firebot_py/build --no-deps symlink_data
