[0.400s] Invoking command in '/home/ana/robot_ws/build/serial': CMAKE_PREFIX_PATH=${CMAKE_PREFIX_PATH}:/opt/ros/humble /usr/bin/cmake /home/ana/robot_ws/src/serial -DAMENT_CMAKE_SYMLINK_INSTALL=1 -DCMAKE_INSTALL_PREFIX=/home/ana/robot_ws/install/serial
[0.498s] -- The C compiler identification is GNU 11.4.0
[0.607s] -- The CXX compiler identification is GNU 11.4.0
[0.624s] -- Detecting C compiler ABI info
[0.763s] -- Detecting C compiler ABI info - done
[0.779s] -- Check for working C compiler: /usr/bin/cc - skipped
[0.779s] -- Detecting C compile features
[0.780s] -- Detecting C compile features - done
[0.786s] -- Detecting CXX compiler ABI info
[0.929s] -- Detecting CXX compiler ABI info - done
[0.943s] -- Check for working CXX compiler: /usr/bin/c++ - skipped
[0.943s] -- Detecting CXX compile features
[0.944s] -- Detecting CXX compile features - done
[0.948s] -- Found ament_cmake: 1.3.11 (/opt/ros/humble/share/ament_cmake/cmake)
[1.256s] -- Found Python3: /usr/bin/python3 (found version "3.10.12") found components: Interpreter 
[1.388s] -- Override CMake install command with custom implementation using symlinks instead of copying resources
[1.446s] -- Found ament_cmake_gtest: 1.3.11 (/opt/ros/humble/share/ament_cmake_gtest/cmake)
[1.467s] -- Found Boost: /usr/lib/x86_64-linux-gnu/cmake/Boost-1.74.0/BoostConfig.cmake (found version "1.74.0")  
[1.474s] -- Found gtest sources under '/opt/ros/humble/src/gtest_vendor': C++ tests using 'Google Test' will be built
[1.478s] -- Looking for pthread.h
[1.630s] -- Looking for pthread.h - found
[1.631s] -- Performing Test CMAKE_HAVE_LIBC_PTHREAD
[1.772s] -- Performing Test CMAKE_HAVE_LIBC_PTHREAD - Success
[1.774s] -- Found Threads: TRUE  
[1.929s] -- Configuring done
[1.948s] -- Generating done
[1.953s] -- Build files have been written to: /home/ana/robot_ws/build/serial
[1.963s] Invoked command in '/home/ana/robot_ws/build/serial' returned '0': CMAKE_PREFIX_PATH=${CMAKE_PREFIX_PATH}:/opt/ros/humble /usr/bin/cmake /home/ana/robot_ws/src/serial -DAMENT_CMAKE_SYMLINK_INSTALL=1 -DCMAKE_INSTALL_PREFIX=/home/ana/robot_ws/install/serial
[1.966s] Invoking command in '/home/ana/robot_ws/build/serial': CMAKE_PREFIX_PATH=${CMAKE_PREFIX_PATH}:/opt/ros/humble /usr/bin/cmake --build /home/ana/robot_ws/build/serial -- -j20 -l20
[2.060s] [  7%] [32mBuilding CXX object CMakeFiles/serial.dir/src/serial.cc.o[0m
[2.061s] [ 14%] [32mBuilding CXX object CMakeFiles/serial.dir/src/impl/unix.cc.o[0m
[2.061s] [ 21%] [32mBuilding CXX object CMakeFiles/serial.dir/src/impl/list_ports/list_ports_linux.cc.o[0m
[2.061s] [ 28%] [32mBuilding CXX object gtest/CMakeFiles/gtest_main.dir/src/gtest_main.cc.o[0m
[2.065s] [ 35%] [32mBuilding CXX object gtest/CMakeFiles/gtest.dir/src/gtest-all.cc.o[0m
[3.792s] [ 42%] [32m[1mLinking CXX static library libserial.a[0m
[4.007s] [ 42%] Built target serial
[4.172s] [ 50%] [32mBuilding CXX object CMakeFiles/serial_example.dir/examples/serial_example.cc.o[0m
[5.804s] [ 57%] [32m[1mLinking CXX static library libgtest_main.a[0m
[5.873s] [ 64%] [32m[1mLinking CXX executable serial_example[0m
[5.975s] [ 64%] Built target gtest_main
[6.438s] [ 64%] Built target serial_example
[11.643s] [ 71%] [32m[1mLinking CXX static library libgtest.a[0m
[11.755s] [ 71%] Built target gtest
[11.797s] [ 78%] [32mBuilding CXX object tests/CMakeFiles/serial-test-timer.dir/unit/unix_timer_tests.cc.o[0m
[11.799s] [ 85%] [32mBuilding CXX object tests/CMakeFiles/serial-test.dir/unix_serial_tests.cc.o[0m
[13.577s] In file included from [01m[K/usr/include/boost/bind.hpp:30[m[K,
[13.578s]                  from [01m[K/home/ana/robot_ws/src/serial/tests/unix_serial_tests.cc:23[m[K:
[13.578s] [01m[K/usr/include/boost/bind.hpp:36:1:[m[K [01;36m[Knote: [m[K‘[01m[K#pragma message: The practice of declaring the Bind placeholders (_1, _2, ...) in the global namespace is deprecated. Please use <boost/bind/bind.hpp> + using namespace boost::placeholders, or define BOOST_BIND_GLOBAL_PLACEHOLDERS to retain the current behavior.[m[K’
[13.578s]    36 | [01;36m[KBOOST_PRAGMA_MESSAGE[m[K(
[13.578s]       | [01;36m[K^~~~~~~~~~~~~~~~~~~~[m[K
[13.583s] [ 92%] [32m[1mLinking CXX executable serial-test-timer[0m
[13.830s] [ 92%] Built target serial-test-timer
[13.986s] [100%] [32m[1mLinking CXX executable serial-test[0m
[14.226s] [100%] Built target serial-test
