[0.070s] Invoking command in '/home/ana/robot_ws/build/firebot_cpp': CMAKE_PREFIX_PATH=${CMAKE_PREFIX_PATH}:/home/ana/robot_ws/install/py_pubsub:/home/ana/robot_ws/install/firebot_py:/opt/ros/humble /usr/bin/cmake --build /home/ana/robot_ws/build/firebot_cpp -- -j20 -l20
[0.982s] Invoked command in '/home/ana/robot_ws/build/firebot_cpp' returned '0': CMAKE_PREFIX_PATH=${CMAKE_PREFIX_PATH}:/home/ana/robot_ws/install/py_pubsub:/home/ana/robot_ws/install/firebot_py:/opt/ros/humble /usr/bin/cmake --build /home/ana/robot_ws/build/firebot_cpp -- -j20 -l20
[1.002s] Invoking command in '/home/ana/robot_ws/build/firebot_cpp': CMAKE_PREFIX_PATH=${CMAKE_PREFIX_PATH}:/home/ana/robot_ws/install/py_pubsub:/home/ana/robot_ws/install/firebot_py:/opt/ros/humble /usr/bin/cmake --install /home/ana/robot_ws/build/firebot_cpp
[1.027s] -- Install configuration: ""
[1.031s] -- Execute custom install script
[1.031s] -- Up-to-date symlink: /home/ana/robot_ws/install/firebot_cpp/share/ament_index/resource_index/package_run_dependencies/firebot_cpp
[1.031s] -- Up-to-date symlink: /home/ana/robot_ws/install/firebot_cpp/share/ament_index/resource_index/parent_prefix_path/firebot_cpp
[1.031s] -- Up-to-date symlink: /home/ana/robot_ws/install/firebot_cpp/share/firebot_cpp/environment/ament_prefix_path.sh
[1.033s] -- Up-to-date symlink: /home/ana/robot_ws/install/firebot_cpp/share/firebot_cpp/environment/ament_prefix_path.dsv
[1.033s] -- Up-to-date symlink: /home/ana/robot_ws/install/firebot_cpp/share/firebot_cpp/environment/path.sh
[1.033s] -- Up-to-date symlink: /home/ana/robot_ws/install/firebot_cpp/share/firebot_cpp/environment/path.dsv
[1.033s] -- Up-to-date symlink: /home/ana/robot_ws/install/firebot_cpp/share/firebot_cpp/local_setup.bash
[1.035s] -- Up-to-date symlink: /home/ana/robot_ws/install/firebot_cpp/share/firebot_cpp/local_setup.sh
[1.037s] -- Up-to-date symlink: /home/ana/robot_ws/install/firebot_cpp/share/firebot_cpp/local_setup.zsh
[1.039s] -- Up-to-date symlink: /home/ana/robot_ws/install/firebot_cpp/share/firebot_cpp/local_setup.dsv
[1.039s] -- Symlinking: /home/ana/robot_ws/install/firebot_cpp/share/firebot_cpp/package.dsv
[1.058s] -- Up-to-date symlink: /home/ana/robot_ws/install/firebot_cpp/share/ament_index/resource_index/packages/firebot_cpp
[1.058s] -- Up-to-date symlink: /home/ana/robot_ws/install/firebot_cpp/share/firebot_cpp/cmake/firebot_cppConfig.cmake
[1.058s] -- Up-to-date symlink: /home/ana/robot_ws/install/firebot_cpp/share/firebot_cpp/cmake/firebot_cppConfig-version.cmake
[1.059s] -- Up-to-date symlink: /home/ana/robot_ws/install/firebot_cpp/share/firebot_cpp/package.xml
[1.067s] Invoked command in '/home/ana/robot_ws/build/firebot_cpp' returned '0': CMAKE_PREFIX_PATH=${CMAKE_PREFIX_PATH}:/home/ana/robot_ws/install/py_pubsub:/home/ana/robot_ws/install/firebot_py:/opt/ros/humble /usr/bin/cmake --install /home/ana/robot_ws/build/firebot_cpp
