[2.100s] Invoking command in '/home/ana/robot_ws/build/py_pubsub': PYTHONPATH=/home/ana/robot_ws/build/py_pubsub/prefix_override:/usr/lib/python3/dist-packages/colcon_core/task/python/colcon_distutils_commands:/home/ana/robot_ws/install/py_pubsub/lib/python3.10/site-packages:${PYTHONPATH} /usr/bin/python3 -W ignore:setup.py install is deprecated -W ignore:easy_install command is deprecated setup.py develop --editable --build-directory /home/ana/robot_ws/build/py_pubsub/build --no-deps symlink_data
[3.049s] running develop
[3.718s] running egg_info
[3.718s] creating py_pubsub.egg-info
[3.718s] writing py_pubsub.egg-info/PKG-INFO
[3.719s] writing dependency_links to py_pubsub.egg-info/dependency_links.txt
[3.719s] writing entry points to py_pubsub.egg-info/entry_points.txt
[3.719s] writing requirements to py_pubsub.egg-info/requires.txt
[3.720s] writing top-level names to py_pubsub.egg-info/top_level.txt
[3.721s] writing manifest file 'py_pubsub.egg-info/SOURCES.txt'
[3.722s] reading manifest file 'py_pubsub.egg-info/SOURCES.txt'
[3.723s] writing manifest file 'py_pubsub.egg-info/SOURCES.txt'
[3.732s] running build_ext
[3.734s] Creating /home/ana/robot_ws/install/py_pubsub/lib/python3.10/site-packages/py-pubsub.egg-link (link to .)
[3.734s] Installing listener script to /home/ana/robot_ws/install/py_pubsub/lib/py_pubsub
[3.736s] Installing talker script to /home/ana/robot_ws/install/py_pubsub/lib/py_pubsub
[3.736s] 
[3.736s] Installed /home/ana/robot_ws/build/py_pubsub
[3.736s] running symlink_data
[3.736s] creating /home/ana/robot_ws/install/py_pubsub/share/ament_index
[3.737s] creating /home/ana/robot_ws/install/py_pubsub/share/ament_index/resource_index
[3.737s] creating /home/ana/robot_ws/install/py_pubsub/share/ament_index/resource_index/packages
[3.737s] symbolically linking /home/ana/robot_ws/build/py_pubsub/resource/py_pubsub -> /home/ana/robot_ws/install/py_pubsub/share/ament_index/resource_index/packages
[3.738s] symbolically linking /home/ana/robot_ws/build/py_pubsub/package.xml -> /home/ana/robot_ws/install/py_pubsub/share/py_pubsub
[3.868s] Invoked command in '/home/ana/robot_ws/build/py_pubsub' returned '0': PYTHONPATH=/home/ana/robot_ws/build/py_pubsub/prefix_override:/usr/lib/python3/dist-packages/colcon_core/task/python/colcon_distutils_commands:/home/ana/robot_ws/install/py_pubsub/lib/python3.10/site-packages:${PYTHONPATH} /usr/bin/python3 -W ignore:setup.py install is deprecated -W ignore:easy_install command is deprecated setup.py develop --editable --build-directory /home/ana/robot_ws/build/py_pubsub/build --no-deps symlink_data
