[0.082s] Invoking command in '/home/ana/robot_ws/build/firebot_hardware_interface': CMAKE_PREFIX_PATH=${CMAKE_PREFIX_PATH}:/home/ana/robot_ws/install/py_pubsub:/home/ana/robot_ws/install/firebot_py:/opt/ros/humble /usr/bin/cmake /home/ana/robot_ws/src/firebot_hardware_interface -DAMENT_CMAKE_SYMLINK_INSTALL=1 -DCMAKE_INSTALL_PREFIX=/home/ana/robot_ws/install/firebot_hardware_interface
[1.366s] -- Found ament_cmake: 1.3.11 (/opt/ros/humble/share/ament_cmake/cmake)
[1.367s] -- Override CMake install command with custom implementation using symlinks instead of copying resources
[1.367s] -- Found rclcpp: 16.0.11 (/opt/ros/humble/share/rclcpp/cmake)
[1.367s] -- Found rosidl_generator_c: 3.1.6 (/opt/ros/humble/share/rosidl_generator_c/cmake)
[1.367s] -- Found rosidl_adapter: 3.1.6 (/opt/ros/humble/share/rosidl_adapter/cmake)
[1.367s] -- Found rosidl_generator_cpp: 3.1.6 (/opt/ros/humble/share/rosidl_generator_cpp/cmake)
[1.368s] -- Using all available rosidl_typesupport_c: rosidl_typesupport_fastrtps_c;rosidl_typesupport_introspection_c
[1.368s] -- Using all available rosidl_typesupport_cpp: rosidl_typesupport_fastrtps_cpp;rosidl_typesupport_introspection_cpp
[1.368s] -- Found rmw_implementation_cmake: 6.1.2 (/opt/ros/humble/share/rmw_implementation_cmake/cmake)
[1.368s] -- Found rmw_fastrtps_cpp: 6.2.7 (/opt/ros/humble/share/rmw_fastrtps_cpp/cmake)
[1.368s] -- Using RMW implementation 'rmw_fastrtps_cpp' as default
[1.369s] -- Found rclcpp_lifecycle: 16.0.11 (/opt/ros/humble/share/rclcpp_lifecycle/cmake)
[1.369s] -- Found hardware_interface: 2.48.0 (/opt/ros/humble/share/hardware_interface/cmake)
[1.369s] -- Found controller_interface: 2.48.0 (/opt/ros/humble/share/controller_interface/cmake)
[1.465s] -- Configuring done
[1.551s] -- Generating done
[1.569s] -- Build files have been written to: /home/ana/robot_ws/build/firebot_hardware_interface
[1.602s] Invoked command in '/home/ana/robot_ws/build/firebot_hardware_interface' returned '0': CMAKE_PREFIX_PATH=${CMAKE_PREFIX_PATH}:/home/ana/robot_ws/install/py_pubsub:/home/ana/robot_ws/install/firebot_py:/opt/ros/humble /usr/bin/cmake /home/ana/robot_ws/src/firebot_hardware_interface -DAMENT_CMAKE_SYMLINK_INSTALL=1 -DCMAKE_INSTALL_PREFIX=/home/ana/robot_ws/install/firebot_hardware_interface
[1.616s] Invoking command in '/home/ana/robot_ws/build/firebot_hardware_interface': CMAKE_PREFIX_PATH=${CMAKE_PREFIX_PATH}:/home/ana/robot_ws/install/py_pubsub:/home/ana/robot_ws/install/firebot_py:/opt/ros/humble /usr/bin/cmake --build /home/ana/robot_ws/build/firebot_hardware_interface -- -j20 -l20
[1.738s] [35m[1mConsolidate compiler generated dependencies of target firebot_hardware_interface[0m
[1.796s] [ 50%] [32m[1mLinking CXX shared library libfirebot_hardware_interface.so[0m
[2.394s] [100%] Built target firebot_hardware_interface
[2.489s] Invoked command in '/home/ana/robot_ws/build/firebot_hardware_interface' returned '0': CMAKE_PREFIX_PATH=${CMAKE_PREFIX_PATH}:/home/ana/robot_ws/install/py_pubsub:/home/ana/robot_ws/install/firebot_py:/opt/ros/humble /usr/bin/cmake --build /home/ana/robot_ws/build/firebot_hardware_interface -- -j20 -l20
[2.491s] Invoking command in '/home/ana/robot_ws/build/firebot_hardware_interface': CMAKE_PREFIX_PATH=${CMAKE_PREFIX_PATH}:/home/ana/robot_ws/install/py_pubsub:/home/ana/robot_ws/install/firebot_py:/opt/ros/humble /usr/bin/cmake --install /home/ana/robot_ws/build/firebot_hardware_interface
[2.512s] -- Install configuration: ""
[2.516s] -- Execute custom install script
[2.516s] -- Symlinking: /home/ana/robot_ws/install/firebot_hardware_interface/share/firebot_hardware_interface//firebot_hardware_interface.xml
[2.547s] -- Symlinking: /home/ana/robot_ws/install/firebot_hardware_interface/lib/libfirebot_hardware_interface.so
[2.573s] -- Symlinking: /home/ana/robot_ws/install/firebot_hardware_interface/share/firebot_hardware_interface/launch/test_hardware_interface.launch.py
[2.594s] -- Symlinking: /home/ana/robot_ws/install/firebot_hardware_interface/share/firebot_hardware_interface/config/controllers.yaml
[2.624s] -- Symlinking: /home/ana/robot_ws/install/firebot_hardware_interface/include/firebot_hardware_interface/firebot_hardware_interface.hpp
[2.657s] -- Up-to-date symlink: /home/ana/robot_ws/install/firebot_hardware_interface/share/firebot_hardware_interface/firebot_hardware_interface.xml
[2.658s] -- Symlinking: /home/ana/robot_ws/install/firebot_hardware_interface/share/ament_index/resource_index/package_run_dependencies/firebot_hardware_interface
[2.685s] -- Symlinking: /home/ana/robot_ws/install/firebot_hardware_interface/share/ament_index/resource_index/parent_prefix_path/firebot_hardware_interface
[2.714s] -- Symlinking: /home/ana/robot_ws/install/firebot_hardware_interface/share/firebot_hardware_interface/environment/ament_prefix_path.sh
[2.746s] -- Symlinking: /home/ana/robot_ws/install/firebot_hardware_interface/share/firebot_hardware_interface/environment/ament_prefix_path.dsv
[2.780s] -- Symlinking: /home/ana/robot_ws/install/firebot_hardware_interface/share/firebot_hardware_interface/environment/path.sh
[2.811s] -- Symlinking: /home/ana/robot_ws/install/firebot_hardware_interface/share/firebot_hardware_interface/environment/path.dsv
[2.833s] -- Symlinking: /home/ana/robot_ws/install/firebot_hardware_interface/share/firebot_hardware_interface/local_setup.bash
[2.864s] -- Symlinking: /home/ana/robot_ws/install/firebot_hardware_interface/share/firebot_hardware_interface/local_setup.sh
[2.893s] -- Symlinking: /home/ana/robot_ws/install/firebot_hardware_interface/share/firebot_hardware_interface/local_setup.zsh
[2.922s] -- Symlinking: /home/ana/robot_ws/install/firebot_hardware_interface/share/firebot_hardware_interface/local_setup.dsv
[2.946s] -- Symlinking: /home/ana/robot_ws/install/firebot_hardware_interface/share/firebot_hardware_interface/package.dsv
[2.979s] -- Symlinking: /home/ana/robot_ws/install/firebot_hardware_interface/share/ament_index/resource_index/packages/firebot_hardware_interface
[3.004s] -- Symlinking: /home/ana/robot_ws/install/firebot_hardware_interface/share/ament_index/resource_index/hardware_interface__pluginlib__plugin/firebot_hardware_interface
[3.024s] -- Symlinking: /home/ana/robot_ws/install/firebot_hardware_interface/share/firebot_hardware_interface/cmake/firebot_hardware_interfaceConfig.cmake
[3.046s] -- Symlinking: /home/ana/robot_ws/install/firebot_hardware_interface/share/firebot_hardware_interface/cmake/firebot_hardware_interfaceConfig-version.cmake
[3.069s] -- Symlinking: /home/ana/robot_ws/install/firebot_hardware_interface/share/firebot_hardware_interface/package.xml
[3.107s] Invoked command in '/home/ana/robot_ws/build/firebot_hardware_interface' returned '0': CMAKE_PREFIX_PATH=${CMAKE_PREFIX_PATH}:/home/ana/robot_ws/install/py_pubsub:/home/ana/robot_ws/install/firebot_py:/opt/ros/humble /usr/bin/cmake --install /home/ana/robot_ws/build/firebot_hardware_interface
