[0.911s] Invoking command in '/home/ana/robot_ws/build/ros2_control_demo_example_2': CMAKE_PREFIX_PATH=${CMAKE_PREFIX_PATH}:/opt/ros/humble:/home/ana/robot_ws/install/py_pubsub:/home/ana/robot_ws/install/firebot_py /usr/bin/cmake --build /home/ana/robot_ws/build/ros2_control_demo_example_2 -- -j20 -l20
[1.025s] [100%] Built target ros2_control_demo_example_2
[1.140s] Invoked command in '/home/ana/robot_ws/build/ros2_control_demo_example_2' returned '0': CMAKE_PREFIX_PATH=${CMAKE_PREFIX_PATH}:/opt/ros/humble:/home/ana/robot_ws/install/py_pubsub:/home/ana/robot_ws/install/firebot_py /usr/bin/cmake --build /home/ana/robot_ws/build/ros2_control_demo_example_2 -- -j20 -l20
[1.145s] Invoking command in '/home/ana/robot_ws/build/ros2_control_demo_example_2': CMAKE_PREFIX_PATH=${CMAKE_PREFIX_PATH}:/opt/ros/humble:/home/ana/robot_ws/install/py_pubsub:/home/ana/robot_ws/install/firebot_py /usr/bin/cmake --install /home/ana/robot_ws/build/ros2_control_demo_example_2
[1.165s] -- Install configuration: ""
[1.166s] -- Execute custom install script
[1.166s] -- Up-to-date symlink: /home/ana/robot_ws/install/ros2_control_demo_example_2/share/ros2_control_demo_example_2//ros2_control_demo_example_2.xml
[1.166s] -- Up-to-date symlink: /home/ana/robot_ws/install/ros2_control_demo_example_2/include/ros2_control_demo_example_2/ros2_control_demo_example_2/arduino_comms.hpp
[1.166s] -- Up-to-date symlink: /home/ana/robot_ws/install/ros2_control_demo_example_2/include/ros2_control_demo_example_2/ros2_control_demo_example_2/diffbot_system.hpp
[1.167s] -- Up-to-date symlink: /home/ana/robot_ws/install/ros2_control_demo_example_2/include/ros2_control_demo_example_2/ros2_control_demo_example_2/wheel.hpp
[1.167s] -- Up-to-date symlink: /home/ana/robot_ws/install/ros2_control_demo_example_2/share/ros2_control_demo_example_2/launch/view_robot.launch.py
[1.167s] -- Up-to-date symlink: /home/ana/robot_ws/install/ros2_control_demo_example_2/share/ros2_control_demo_example_2/ros2_control/diffbot.ros2_control.xacro
[1.167s] -- Up-to-date symlink: /home/ana/robot_ws/install/ros2_control_demo_example_2/share/ros2_control_demo_example_2/urdf/diffbot.urdf.xacro
[1.167s] -- Up-to-date symlink: /home/ana/robot_ws/install/ros2_control_demo_example_2/share/ros2_control_demo_example_2/launch/diffbot.launch.py
[1.168s] -- Up-to-date symlink: /home/ana/robot_ws/install/ros2_control_demo_example_2/share/ros2_control_demo_example_2/config/diffbot_controllers.yaml
[1.168s] -- Up-to-date symlink: /home/ana/robot_ws/install/ros2_control_demo_example_2/share/ros2_control_demo_example_2/environment/library_path.sh
[1.168s] -- Up-to-date symlink: /home/ana/robot_ws/install/ros2_control_demo_example_2/share/ros2_control_demo_example_2/environment/library_path.dsv
[1.169s] -- Up-to-date symlink: /home/ana/robot_ws/install/ros2_control_demo_example_2/share/ament_index/resource_index/package_run_dependencies/ros2_control_demo_example_2
[1.169s] -- Up-to-date symlink: /home/ana/robot_ws/install/ros2_control_demo_example_2/share/ament_index/resource_index/parent_prefix_path/ros2_control_demo_example_2
[1.169s] -- Up-to-date symlink: /home/ana/robot_ws/install/ros2_control_demo_example_2/share/ros2_control_demo_example_2/environment/ament_prefix_path.sh
[1.169s] -- Up-to-date symlink: /home/ana/robot_ws/install/ros2_control_demo_example_2/share/ros2_control_demo_example_2/environment/ament_prefix_path.dsv
[1.169s] -- Up-to-date symlink: /home/ana/robot_ws/install/ros2_control_demo_example_2/share/ros2_control_demo_example_2/environment/path.sh
[1.170s] -- Up-to-date symlink: /home/ana/robot_ws/install/ros2_control_demo_example_2/share/ros2_control_demo_example_2/environment/path.dsv
[1.170s] -- Up-to-date symlink: /home/ana/robot_ws/install/ros2_control_demo_example_2/share/ros2_control_demo_example_2/local_setup.bash
[1.170s] -- Up-to-date symlink: /home/ana/robot_ws/install/ros2_control_demo_example_2/share/ros2_control_demo_example_2/local_setup.sh
[1.171s] -- Up-to-date symlink: /home/ana/robot_ws/install/ros2_control_demo_example_2/share/ros2_control_demo_example_2/local_setup.zsh
[1.171s] -- Up-to-date symlink: /home/ana/robot_ws/install/ros2_control_demo_example_2/share/ros2_control_demo_example_2/local_setup.dsv
[1.172s] -- Symlinking: /home/ana/robot_ws/install/ros2_control_demo_example_2/share/ros2_control_demo_example_2/package.dsv
[1.190s] -- Up-to-date symlink: /home/ana/robot_ws/install/ros2_control_demo_example_2/share/ament_index/resource_index/packages/ros2_control_demo_example_2
[1.190s] -- Up-to-date symlink: /home/ana/robot_ws/install/ros2_control_demo_example_2/share/ament_index/resource_index/hardware_interface__pluginlib__plugin/ros2_control_demo_example_2
[1.190s] -- Up-to-date symlink: /home/ana/robot_ws/install/ros2_control_demo_example_2/share/ros2_control_demo_example_2/cmake/ament_cmake_export_targets-extras.cmake
[1.191s] -- Up-to-date symlink: /home/ana/robot_ws/install/ros2_control_demo_example_2/share/ros2_control_demo_example_2/cmake/ament_cmake_export_dependencies-extras.cmake
[1.192s] -- Up-to-date symlink: /home/ana/robot_ws/install/ros2_control_demo_example_2/share/ros2_control_demo_example_2/cmake/ros2_control_demo_example_2Config.cmake
[1.192s] -- Up-to-date symlink: /home/ana/robot_ws/install/ros2_control_demo_example_2/share/ros2_control_demo_example_2/cmake/ros2_control_demo_example_2Config-version.cmake
[1.192s] -- Up-to-date symlink: /home/ana/robot_ws/install/ros2_control_demo_example_2/share/ros2_control_demo_example_2/package.xml
[1.192s] -- Up-to-date: /home/ana/robot_ws/install/ros2_control_demo_example_2/lib/libros2_control_demo_example_2.so
[1.193s] -- Up-to-date: /home/ana/robot_ws/install/ros2_control_demo_example_2/share/ros2_control_demo_example_2/cmake/export_ros2_control_demo_example_2Export.cmake
[1.193s] -- Up-to-date: /home/ana/robot_ws/install/ros2_control_demo_example_2/share/ros2_control_demo_example_2/cmake/export_ros2_control_demo_example_2Export-noconfig.cmake
[1.198s] Invoked command in '/home/ana/robot_ws/build/ros2_control_demo_example_2' returned '0': CMAKE_PREFIX_PATH=${CMAKE_PREFIX_PATH}:/opt/ros/humble:/home/ana/robot_ws/install/py_pubsub:/home/ana/robot_ws/install/firebot_py /usr/bin/cmake --install /home/ana/robot_ws/build/ros2_control_demo_example_2
