[0.009s] Invoking command in '/home/ana/robot_ws/build/rplidar_ros': CMAKE_PREFIX_PATH=/opt/ros/humble /usr/bin/cmake /home/ana/robot_ws/src/rplidar_ros -DAMENT_CMAKE_SYMLINK_INSTALL=1 -DCMAKE_INSTALL_PREFIX=/home/ana/robot_ws/install/rplidar_ros
[0.024s] -- Found ament_cmake: 1.3.11 (/opt/ros/humble/share/ament_cmake/cmake)
[0.137s] -- Found Python3: /usr/bin/python3 (found version "3.10.12") found components: Interpreter 
[0.177s] -- Override CMake install command with custom implementation using symlinks instead of copying resources
[0.195s] -- Found rclcpp: 16.0.11 (/opt/ros/humble/share/rclcpp/cmake)
[0.238s] -- Found rosidl_generator_c: 3.1.6 (/opt/ros/humble/share/rosidl_generator_c/cmake)
[0.242s] -- Found rosidl_adapter: 3.1.6 (/opt/ros/humble/share/rosidl_adapter/cmake)
[0.250s] -- Found rosidl_generator_cpp: 3.1.6 (/opt/ros/humble/share/rosidl_generator_cpp/cmake)
[0.261s] -- Using all available rosidl_typesupport_c: rosidl_typesupport_fastrtps_c;rosidl_typesupport_introspection_c
[0.274s] -- Using all available rosidl_typesupport_cpp: rosidl_typesupport_fastrtps_cpp;rosidl_typesupport_introspection_cpp
[0.308s] -- Found rmw_implementation_cmake: 6.1.2 (/opt/ros/humble/share/rmw_implementation_cmake/cmake)
[0.311s] -- Found rmw_fastrtps_cpp: 6.2.7 (/opt/ros/humble/share/rmw_fastrtps_cpp/cmake)
[0.403s] -- Found OpenSSL: /usr/lib/x86_64-linux-gnu/libcrypto.so (found version "3.0.2")  
[0.425s] -- Found FastRTPS: /opt/ros/humble/include  
[0.456s] -- Using RMW implementation 'rmw_fastrtps_cpp' as default
[0.464s] -- Looking for pthread.h
[0.546s] -- Looking for pthread.h - found
[0.546s] -- Performing Test CMAKE_HAVE_LIBC_PTHREAD
[0.624s] -- Performing Test CMAKE_HAVE_LIBC_PTHREAD - Success
[0.625s] -- Found Threads: TRUE  
[0.676s] -- Found sensor_msgs: 4.2.4 (/opt/ros/humble/share/sensor_msgs/cmake)
[0.700s] -- Found std_srvs: 4.2.4 (/opt/ros/humble/share/std_srvs/cmake)
[0.762s] -- Configuring done
[0.776s] -- Generating done
[0.780s] -- Build files have been written to: /home/ana/robot_ws/build/rplidar_ros
