[0.762s] Invoking command in '/home/ana/robot_ws/build/ros2_control_demo_example_2': CMAKE_PREFIX_PATH=/opt/ros/humble /usr/bin/cmake --build /home/ana/robot_ws/build/ros2_control_demo_example_2 -- -j20 -l20
[0.800s] -- Found ament_cmake: 1.3.11 (/opt/ros/humble/share/ament_cmake/cmake)
[1.015s] -- Override CMake install command with custom implementation using symlinks instead of copying resources
[1.027s] -- Found hardware_interface: 2.48.0 (/opt/ros/humble/share/hardware_interface/cmake)
[1.071s] -- Found rosidl_generator_c: 3.1.6 (/opt/ros/humble/share/rosidl_generator_c/cmake)
[1.075s] -- Found rosidl_adapter: 3.1.6 (/opt/ros/humble/share/rosidl_adapter/cmake)
[1.084s] -- Found rosidl_generator_cpp: 3.1.6 (/opt/ros/humble/share/rosidl_generator_cpp/cmake)
[1.098s] -- Using all available rosidl_typesupport_c: rosidl_typesupport_fastrtps_c;rosidl_typesupport_introspection_c
[1.117s] -- Using all available rosidl_typesupport_cpp: rosidl_typesupport_fastrtps_cpp;rosidl_typesupport_introspection_cpp
[1.436s] -- Found rmw_implementation_cmake: 6.1.2 (/opt/ros/humble/share/rmw_implementation_cmake/cmake)
[1.438s] -- Found rmw_fastrtps_cpp: 6.2.7 (/opt/ros/humble/share/rmw_fastrtps_cpp/cmake)
[1.467s] -- Found TinyXML2 via Config file: TinyXML2_DIR-NOTFOUND
[1.483s] -- Found TinyXML2 via Config file: TinyXML2_DIR-NOTFOUND
[1.512s] -- Found TinyXML2 via Config file: TinyXML2_DIR-NOTFOUND
[1.531s] -- Found TinyXML2 via Config file: TinyXML2_DIR-NOTFOUND
[1.552s] -- Using RMW implementation 'rmw_fastrtps_cpp' as default
[1.651s] -- Found ament_cmake_pytest: 1.3.11 (/opt/ros/humble/share/ament_cmake_pytest/cmake)
[3.303s] -- Configuring done
[3.351s] -- Generating done
[3.358s] -- Build files have been written to: /home/ana/robot_ws/build/ros2_control_demo_example_2
[3.398s] [35m[1mConsolidate compiler generated dependencies of target ros2_control_demo_example_2[0m
[3.425s] [ 50%] [32mBuilding CXX object CMakeFiles/ros2_control_demo_example_2.dir/hardware/diffbot_system.cpp.o[0m
[8.141s] [100%] [32m[1mLinking CXX shared library libros2_control_demo_example_2.so[0m
[8.375s] [100%] Built target ros2_control_demo_example_2
[8.390s] Invoked command in '/home/ana/robot_ws/build/ros2_control_demo_example_2' returned '0': CMAKE_PREFIX_PATH=/opt/ros/humble /usr/bin/cmake --build /home/ana/robot_ws/build/ros2_control_demo_example_2 -- -j20 -l20
[8.392s] Invoking command in '/home/ana/robot_ws/build/ros2_control_demo_example_2': CMAKE_PREFIX_PATH=/opt/ros/humble /usr/bin/cmake --install /home/ana/robot_ws/build/ros2_control_demo_example_2
[8.401s] -- Install configuration: ""
[8.402s] -- Execute custom install script
[8.402s] -- Up-to-date symlink: /home/ana/robot_ws/install/ros2_control_demo_example_2/share/ros2_control_demo_example_2//ros2_control_demo_example_2.xml
[8.402s] -- Up-to-date symlink: /home/ana/robot_ws/install/ros2_control_demo_example_2/include/ros2_control_demo_example_2/ros2_control_demo_example_2/arduino_comms.hpp
[8.402s] -- Up-to-date symlink: /home/ana/robot_ws/install/ros2_control_demo_example_2/include/ros2_control_demo_example_2/ros2_control_demo_example_2/diffbot_system.hpp
[8.403s] -- Up-to-date symlink: /home/ana/robot_ws/install/ros2_control_demo_example_2/include/ros2_control_demo_example_2/ros2_control_demo_example_2/wheel.hpp
[8.403s] -- Up-to-date symlink: /home/ana/robot_ws/install/ros2_control_demo_example_2/share/ros2_control_demo_example_2/launch/view_robot.launch.py
[8.403s] -- Up-to-date symlink: /home/ana/robot_ws/install/ros2_control_demo_example_2/share/ros2_control_demo_example_2/ros2_control/diffbot.ros2_control.xacro
[8.403s] -- Up-to-date symlink: /home/ana/robot_ws/install/ros2_control_demo_example_2/share/ros2_control_demo_example_2/urdf/diffbot.urdf.xacro
[8.403s] -- Up-to-date symlink: /home/ana/robot_ws/install/ros2_control_demo_example_2/share/ros2_control_demo_example_2/launch/diffbot.launch.py
[8.404s] -- Up-to-date symlink: /home/ana/robot_ws/install/ros2_control_demo_example_2/share/ros2_control_demo_example_2/config/diffbot_controllers.yaml
[8.404s] -- Up-to-date symlink: /home/ana/robot_ws/install/ros2_control_demo_example_2/share/ros2_control_demo_example_2/environment/library_path.sh
[8.404s] -- Up-to-date symlink: /home/ana/robot_ws/install/ros2_control_demo_example_2/share/ros2_control_demo_example_2/environment/library_path.dsv
[8.404s] -- Up-to-date symlink: /home/ana/robot_ws/install/ros2_control_demo_example_2/share/ament_index/resource_index/package_run_dependencies/ros2_control_demo_example_2
[8.404s] -- Up-to-date symlink: /home/ana/robot_ws/install/ros2_control_demo_example_2/share/ament_index/resource_index/parent_prefix_path/ros2_control_demo_example_2
[8.405s] -- Up-to-date symlink: /home/ana/robot_ws/install/ros2_control_demo_example_2/share/ros2_control_demo_example_2/environment/ament_prefix_path.sh
[8.405s] -- Up-to-date symlink: /home/ana/robot_ws/install/ros2_control_demo_example_2/share/ros2_control_demo_example_2/environment/ament_prefix_path.dsv
[8.405s] -- Up-to-date symlink: /home/ana/robot_ws/install/ros2_control_demo_example_2/share/ros2_control_demo_example_2/environment/path.sh
[8.405s] -- Up-to-date symlink: /home/ana/robot_ws/install/ros2_control_demo_example_2/share/ros2_control_demo_example_2/environment/path.dsv
[8.405s] -- Up-to-date symlink: /home/ana/robot_ws/install/ros2_control_demo_example_2/share/ros2_control_demo_example_2/local_setup.bash
[8.405s] -- Up-to-date symlink: /home/ana/robot_ws/install/ros2_control_demo_example_2/share/ros2_control_demo_example_2/local_setup.sh
[8.406s] -- Up-to-date symlink: /home/ana/robot_ws/install/ros2_control_demo_example_2/share/ros2_control_demo_example_2/local_setup.zsh
[8.406s] -- Up-to-date symlink: /home/ana/robot_ws/install/ros2_control_demo_example_2/share/ros2_control_demo_example_2/local_setup.dsv
[8.406s] -- Symlinking: /home/ana/robot_ws/install/ros2_control_demo_example_2/share/ros2_control_demo_example_2/package.dsv
[8.419s] -- Up-to-date symlink: /home/ana/robot_ws/install/ros2_control_demo_example_2/share/ament_index/resource_index/packages/ros2_control_demo_example_2
[8.419s] -- Up-to-date symlink: /home/ana/robot_ws/install/ros2_control_demo_example_2/share/ament_index/resource_index/hardware_interface__pluginlib__plugin/ros2_control_demo_example_2
[8.419s] -- Up-to-date symlink: /home/ana/robot_ws/install/ros2_control_demo_example_2/share/ros2_control_demo_example_2/cmake/ament_cmake_export_targets-extras.cmake
[8.419s] -- Up-to-date symlink: /home/ana/robot_ws/install/ros2_control_demo_example_2/share/ros2_control_demo_example_2/cmake/ament_cmake_export_dependencies-extras.cmake
[8.419s] -- Up-to-date symlink: /home/ana/robot_ws/install/ros2_control_demo_example_2/share/ros2_control_demo_example_2/cmake/ros2_control_demo_example_2Config.cmake
[8.419s] -- Up-to-date symlink: /home/ana/robot_ws/install/ros2_control_demo_example_2/share/ros2_control_demo_example_2/cmake/ros2_control_demo_example_2Config-version.cmake
[8.420s] -- Up-to-date symlink: /home/ana/robot_ws/install/ros2_control_demo_example_2/share/ros2_control_demo_example_2/package.xml
[8.420s] -- Installing: /home/ana/robot_ws/install/ros2_control_demo_example_2/lib/libros2_control_demo_example_2.so
[8.421s] -- Set runtime path of "/home/ana/robot_ws/install/ros2_control_demo_example_2/lib/libros2_control_demo_example_2.so" to ""
[8.421s] -- Up-to-date: /home/ana/robot_ws/install/ros2_control_demo_example_2/share/ros2_control_demo_example_2/cmake/export_ros2_control_demo_example_2Export.cmake
[8.421s] -- Up-to-date: /home/ana/robot_ws/install/ros2_control_demo_example_2/share/ros2_control_demo_example_2/cmake/export_ros2_control_demo_example_2Export-noconfig.cmake
[8.423s] Invoked command in '/home/ana/robot_ws/build/ros2_control_demo_example_2' returned '0': CMAKE_PREFIX_PATH=/opt/ros/humble /usr/bin/cmake --install /home/ana/robot_ws/build/ros2_control_demo_example_2
